<?xml version="1.0" encoding="UTF-8"?>
<!-- Generated by org.testng.reporters.JUnitReportReporter -->
<testsuite hostname="Galal" failures="0" tests="6" name="tests.ui.ProductPageTest" time="267.488" errors="0" timestamp="2025-03-18T13:22:34 EET" skipped="0">
  <testcase classname="tests.ui.ProductPageTest" name="verifyCompareListFunctionality" time="78.666">
    <system-out>
      <![CDATA[ğŸŸ¢ Test Started: verifyCompareListFunctionality (ğŸ”¢ Test Case ID: TC-199)

ğŸŒ Test Environment:
ğŸ–¥ï¸ OS: Windows 11 10.0
â˜• Java Version: 23.0.1
ğŸŒ Browser: chrome 134.0.6998.89

âœ… Test PASSED: verifyCompareListFunctionality (Duration: 56855ms)
<br><img src='E:/Folder/Galal/Courses/Digital Egypt Pioneers Initiative (DEPI) - Software Testing/DEPI Software Tester Graduation Project/automation-framework/reports/screenshots\TC-199\TC-199_screenshot.png' height='300' width='400'/><br>]]>
    </system-out>
  </testcase> <!-- verifyCompareListFunctionality -->
  <testcase classname="tests.ui.ProductPageTest" name="verifyProductImageGallery" time="35.457">
    <system-out>
      <![CDATA[ğŸŸ¢ Test Started: verifyProductImageGallery (ğŸ”¢ Test Case ID: TC-179)

ğŸŒ Test Environment:
ğŸ–¥ï¸ OS: Windows 11 10.0
â˜• Java Version: 23.0.1
ğŸŒ Browser: chrome 134.0.6998.89

âœ… Test PASSED: verifyProductImageGallery (Duration: 13745ms)
<br><img src='E:/Folder/Galal/Courses/Digital Egypt Pioneers Initiative (DEPI) - Software Testing/DEPI Software Tester Graduation Project/automation-framework/reports/screenshots\TC-179\TC-179_screenshot.png' height='300' width='400'/><br>]]>
    </system-out>
  </testcase> <!-- verifyProductImageGallery -->
  <testcase classname="tests.ui.ProductPageTest" name="verifyProductReviewsAreDisplayed" time="36.198">
    <system-out>
      <![CDATA[ğŸŸ¢ Test Started: verifyProductReviewsAreDisplayed (ğŸ”¢ Test Case ID: TC-180)

ğŸŒ Test Environment:
ğŸ–¥ï¸ OS: Windows 11 10.0
â˜• Java Version: 23.0.1
ğŸŒ Browser: chrome 134.0.6998.89

âœ… Test PASSED: verifyProductReviewsAreDisplayed (Duration: 12629ms)
<br><img src='E:/Folder/Galal/Courses/Digital Egypt Pioneers Initiative (DEPI) - Software Testing/DEPI Software Tester Graduation Project/automation-framework/reports/screenshots\TC-180\TC-180_screenshot.png' height='300' width='400'/><br>]]>
    </system-out>
  </testcase> <!-- verifyProductReviewsAreDisplayed -->
  <testcase classname="tests.ui.ProductPageTest" name="verifyRelatedProductsAreDisplayed" time="37.655">
    <system-out>
      <![CDATA[ğŸŸ¢ Test Started: verifyRelatedProductsAreDisplayed (ğŸ”¢ Test Case ID: TC-063)

ğŸŒ Test Environment:
ğŸ–¥ï¸ OS: Windows 11 10.0
â˜• Java Version: 23.0.1
ğŸŒ Browser: chrome 134.0.6998.89

âœ… Test PASSED: verifyRelatedProductsAreDisplayed (Duration: 16537ms)
<br><img src='E:/Folder/Galal/Courses/Digital Egypt Pioneers Initiative (DEPI) - Software Testing/DEPI Software Tester Graduation Project/automation-framework/reports/screenshots\TC-063\TC-063_screenshot.png' height='300' width='400'/><br>]]>
    </system-out>
  </testcase> <!-- verifyRelatedProductsAreDisplayed -->
  <testcase classname="tests.ui.ProductPageTest" name="verifyProductVariationSelection" time="51.270">
    <system-out>
      <![CDATA[ğŸŸ¢ Test Started: verifyProductVariationSelection (ğŸ”¢ Test Case ID: TC-020)

ğŸŒ Test Environment:
ğŸ–¥ï¸ OS: Windows 11 10.0
â˜• Java Version: 23.0.1
ğŸŒ Browser: chrome 134.0.6998.89

âœ… Test PASSED: verifyProductVariationSelection (Duration: 28279ms)
<br><img src='E:/Folder/Galal/Courses/Digital Egypt Pioneers Initiative (DEPI) - Software Testing/DEPI Software Tester Graduation Project/automation-framework/reports/screenshots\TC-020\TC-020_screenshot.png' height='300' width='400'/><br>]]>
    </system-out>
  </testcase> <!-- verifyProductVariationSelection -->
  <testcase classname="tests.ui.ProductPageTest" name="verifyProductPageLoadsCorrectly" time="28.242">
    <system-out>
      <![CDATA[ğŸŸ¢ Test Started: verifyProductPageLoadsCorrectly (ğŸ”¢ Test Case ID: TC-003)

ğŸŒ Test Environment:
ğŸ–¥ï¸ OS: Windows 11 10.0
â˜• Java Version: 23.0.1
ğŸŒ Browser: chrome 134.0.6998.89

âœ… Test PASSED: verifyProductPageLoadsCorrectly (Duration: 5955ms)
<br><img src='E:/Folder/Galal/Courses/Digital Egypt Pioneers Initiative (DEPI) - Software Testing/DEPI Software Tester Graduation Project/automation-framework/reports/screenshots\TC-003\TC-003_screenshot.png' height='300' width='400'/><br>]]>
    </system-out>
  </testcase> <!-- verifyProductPageLoadsCorrectly -->
  <system-out>
    <![CDATA[ğŸš€ Starting Test Suite: EcomUIRegressionTest

ğŸŒ Test Environment:
ğŸ–¥ï¸ OS: Windows 11 10.0
â˜• Java Version: 23.0.1
ğŸŒ Browser: chrome 134.0.6998.89

ğŸŸ¢ Test Started: testAddMultipleProductsToCart (ğŸ”¢ Test Case ID: TC-018)

ğŸŒ Test Environment:
ğŸ–¥ï¸ OS: Windows 11 10.0
â˜• Java Version: 23.0.1
ğŸŒ Browser: chrome 134.0.6998.89

âœ… Test PASSED: testAddMultipleProductsToCart (Duration: 26325ms)
<br><img src='E:/Folder/Galal/Courses/Digital Egypt Pioneers Initiative (DEPI) - Software Testing/DEPI Software Tester Graduation Project/automation-framework/reports/screenshots\TC-018\TC-018_screenshot.png' height='300' width='400'/><br>
ğŸŸ¢ Test Started: testCartPersistence (ğŸ”¢ Test Case ID: TC-015)

ğŸŒ Test Environment:
ğŸ–¥ï¸ OS: Windows 11 10.0
â˜• Java Version: 23.0.1
ğŸŒ Browser: chrome 134.0.6998.89

âœ… Test PASSED: testCartPersistence (Duration: 5751ms)
<br><img src='E:/Folder/Galal/Courses/Digital Egypt Pioneers Initiative (DEPI) - Software Testing/DEPI Software Tester Graduation Project/automation-framework/reports/screenshots\TC-015\TC-015_screenshot.png' height='300' width='400'/><br>
ğŸŸ¢ Test Started: verifyRemoveMultipleProducts (ğŸ”¢ Test Case ID: TC-019)

ğŸŒ Test Environment:
ğŸ–¥ï¸ OS: Windows 11 10.0
â˜• Java Version: 23.0.1
ğŸŒ Browser: chrome 134.0.6998.89

âœ… Test PASSED: verifyRemoveMultipleProducts (Duration: 40813ms)
<br><img src='E:/Folder/Galal/Courses/Digital Egypt Pioneers Initiative (DEPI) - Software Testing/DEPI Software Tester Graduation Project/automation-framework/reports/screenshots\TC-019\TC-019_screenshot.png' height='300' width='400'/><br>
ğŸŸ¢ Test Started: testCheckoutProcessAsUser (ğŸ”¢ Test Case ID: TC-073)

ğŸŒ Test Environment:
ğŸ–¥ï¸ OS: Windows 11 10.0
â˜• Java Version: 23.0.1
ğŸŒ Browser: chrome 134.0.6998.89

âœ… Test PASSED: testCheckoutProcessAsUser (Duration: 33579ms)
<br><img src='E:/Folder/Galal/Courses/Digital Egypt Pioneers Initiative (DEPI) - Software Testing/DEPI Software Tester Graduation Project/automation-framework/reports/screenshots\TC-073\TC-073_screenshot.png' height='300' width='400'/><br>
ğŸŸ¢ Test Started: verifyCheckoutPageLoads (ğŸ”¢ Test Case ID: TC-004)

ğŸŒ Test Environment:
ğŸ–¥ï¸ OS: Windows 11 10.0
â˜• Java Version: 23.0.1
ğŸŒ Browser: chrome 134.0.6998.89

âœ… Test PASSED: verifyCheckoutPageLoads (Duration: 16607ms)
<br><img src='E:/Folder/Galal/Courses/Digital Egypt Pioneers Initiative (DEPI) - Software Testing/DEPI Software Tester Graduation Project/automation-framework/reports/screenshots\TC-004\TC-004_screenshot.png' height='300' width='400'/><br>
ğŸŸ¢ Test Started: verifyCheckoutProcessAsGuest (ğŸ”¢ Test Case ID: TC-005_TC-006_TC-072)

ğŸŒ Test Environment:
ğŸ–¥ï¸ OS: Windows 11 10.0
â˜• Java Version: 23.0.1
ğŸŒ Browser: chrome 134.0.6998.89

âœ… Test PASSED: verifyCheckoutProcessAsGuest (Duration: 37169ms)
<br><img src='E:/Folder/Galal/Courses/Digital Egypt Pioneers Initiative (DEPI) - Software Testing/DEPI Software Tester Graduation Project/automation-framework/reports/screenshots\TC-005_TC-006_TC-072\TC-005_TC-006_TC-072_screenshot.png' height='300' width='400'/><br>
ğŸŸ¢ Test Started: verifyDifferentPaymentOptionsAreAvailable (ğŸ”¢ Test Case ID: TC-189)

ğŸŒ Test Environment:
ğŸ–¥ï¸ OS: Windows 11 10.0
â˜• Java Version: 23.0.1
ğŸŒ Browser: chrome 134.0.6998.89

âœ… Test PASSED: verifyDifferentPaymentOptionsAreAvailable (Duration: 24557ms)
<br><img src='E:/Folder/Galal/Courses/Digital Egypt Pioneers Initiative (DEPI) - Software Testing/DEPI Software Tester Graduation Project/automation-framework/reports/screenshots\TC-189\TC-189_screenshot.png' height='300' width='400'/><br>
ğŸŸ¢ Test Started: verifyInvalidAddressPreventsCheckout (ğŸ”¢ Test Case ID: TC-080)

ğŸŒ Test Environment:
ğŸ–¥ï¸ OS: Windows 11 10.0
â˜• Java Version: 23.0.1
ğŸŒ Browser: chrome 134.0.6998.89

âœ… Test PASSED: verifyInvalidAddressPreventsCheckout (Duration: 29168ms)
<br><img src='E:/Folder/Galal/Courses/Digital Egypt Pioneers Initiative (DEPI) - Software Testing/DEPI Software Tester Graduation Project/automation-framework/reports/screenshots\TC-080\TC-080_screenshot.png' height='300' width='400'/><br>
ğŸŸ¢ Test Started: verifyOrderIsGenerated (ğŸ”¢ Test Case ID: TC-081)

ğŸŒ Test Environment:
ğŸ–¥ï¸ OS: Windows 11 10.0
â˜• Java Version: 23.0.1
ğŸŒ Browser: chrome 134.0.6998.89

âœ… Test PASSED: verifyOrderIsGenerated (Duration: 28851ms)
<br><img src='E:/Folder/Galal/Courses/Digital Egypt Pioneers Initiative (DEPI) - Software Testing/DEPI Software Tester Graduation Project/automation-framework/reports/screenshots\TC-081\TC-081_screenshot.png' height='300' width='400'/><br>
ğŸŸ¢ Test Started: verifyOrderSummaryDisplaysCorrectInfo (ğŸ”¢ Test Case ID: TC-187)

ğŸŒ Test Environment:
ğŸ–¥ï¸ OS: Windows 11 10.0
â˜• Java Version: 23.0.1
ğŸŒ Browser: chrome 134.0.6998.89

âœ… Test PASSED: verifyOrderSummaryDisplaysCorrectInfo (Duration: 31815ms)
<br><img src='E:/Folder/Galal/Courses/Digital Egypt Pioneers Initiative (DEPI) - Software Testing/DEPI Software Tester Graduation Project/automation-framework/reports/screenshots\TC-187\TC-187_screenshot.png' height='300' width='400'/><br>
ğŸŸ¢ Test Started: verifyHeaderLinks (ğŸ”¢ Test Case ID: TC-342)

ğŸŒ Test Environment:
ğŸ–¥ï¸ OS: Windows 11 10.0
â˜• Java Version: 23.0.1
ğŸŒ Browser: chrome 134.0.6998.89

âœ… Test PASSED: verifyHeaderLinks (Duration: 21077ms)
<br><img src='E:/Folder/Galal/Courses/Digital Egypt Pioneers Initiative (DEPI) - Software Testing/DEPI Software Tester Graduation Project/automation-framework/reports/screenshots\TC-342\TC-342_screenshot.png' height='300' width='400'/><br>
ğŸŸ¢ Test Started: verifyHomePageLoads (ğŸ”¢ Test Case ID: TC-001)

ğŸŒ Test Environment:
ğŸ–¥ï¸ OS: Windows 11 10.0
â˜• Java Version: 23.0.1
ğŸŒ Browser: chrome 134.0.6998.89

âœ… Test PASSED: verifyHomePageLoads (Duration: 839ms)
<br><img src='E:/Folder/Galal/Courses/Digital Egypt Pioneers Initiative (DEPI) - Software Testing/DEPI Software Tester Graduation Project/automation-framework/reports/screenshots\TC-001\TC-001_screenshot.png' height='300' width='400'/><br>
ğŸŸ¢ Test Started: verifyAvailablePaymentMethods (ğŸ”¢ Test Case ID: TC-083_TC-084)

ğŸŒ Test Environment:
ğŸ–¥ï¸ OS: Windows 11 10.0
â˜• Java Version: 23.0.1
ğŸŒ Browser: chrome 134.0.6998.89

âŒ Test FAILED: verifyAvailablePaymentMethods - Neither PayPal nor Cash On Delivery (COD) payment methods are available! Available methods: 
<br><img src='E:/Folder/Galal/Courses/Digital Egypt Pioneers Initiative (DEPI) - Software Testing/DEPI Software Tester Graduation Project/automation-framework/reports/screenshots\TC-083_TC-084\TC-083_TC-084_screenshot.png' height='300' width='400'/><br>
ğŸŸ¢ Test Started: verifyDuplicatePaymentPrevention (ğŸ”¢ Test Case ID: TC-088)

ğŸŒ Test Environment:
ğŸ–¥ï¸ OS: Windows 11 10.0
â˜• Java Version: 23.0.1
ğŸŒ Browser: chrome 134.0.6998.89

âŒ Test FAILED: verifyDuplicatePaymentPrevention - Duplicate payment request should have been blocked!
<br><img src='E:/Folder/Galal/Courses/Digital Egypt Pioneers Initiative (DEPI) - Software Testing/DEPI Software Tester Graduation Project/automation-framework/reports/screenshots\TC-088\TC-088_screenshot.png' height='300' width='400'/><br>
ğŸŸ¢ Test Started: verifyExpiredPaymentMethod (ğŸ”¢ Test Case ID: TC-012)

ğŸŒ Test Environment:
ğŸ–¥ï¸ OS: Windows 11 10.0
â˜• Java Version: 23.0.1
ğŸŒ Browser: chrome 134.0.6998.89

âœ… Test PASSED: verifyExpiredPaymentMethod (Duration: 27167ms)
<br><img src='E:/Folder/Galal/Courses/Digital Egypt Pioneers Initiative (DEPI) - Software Testing/DEPI Software Tester Graduation Project/automation-framework/reports/screenshots\TC-012\TC-012_screenshot.png' height='300' width='400'/><br>
ğŸŸ¢ Test Started: verifyPaymentFailsWithInsufficientFunds (ğŸ”¢ Test Case ID: TC-095)

ğŸŒ Test Environment:
ğŸ–¥ï¸ OS: Windows 11 10.0
â˜• Java Version: 23.0.1
ğŸŒ Browser: chrome 134.0.6998.89

âŒ Test FAILED: verifyPaymentFailsWithInsufficientFunds - Transaction should have been declined due to insufficient funds, but it was processed successfully.
<br><img src='E:/Folder/Galal/Courses/Digital Egypt Pioneers Initiative (DEPI) - Software Testing/DEPI Software Tester Graduation Project/automation-framework/reports/screenshots\TC-095\TC-095_screenshot.png' height='300' width='400'/><br>
ğŸŸ¢ Test Started: verifyPaymentViaCreditCard (ğŸ”¢ Test Case ID: TC-082)

ğŸŒ Test Environment:
ğŸ–¥ï¸ OS: Windows 11 10.0
â˜• Java Version: 23.0.1
ğŸŒ Browser: chrome 134.0.6998.89

âœ… Test PASSED: verifyPaymentViaCreditCard (Duration: 32959ms)
<br><img src='E:/Folder/Galal/Courses/Digital Egypt Pioneers Initiative (DEPI) - Software Testing/DEPI Software Tester Graduation Project/automation-framework/reports/screenshots\TC-082\TC-082_screenshot.png' height='300' width='400'/><br>
ğŸŸ¢ Test Started: verifyCompareListFunctionality (ğŸ”¢ Test Case ID: TC-199)

ğŸŒ Test Environment:
ğŸ–¥ï¸ OS: Windows 11 10.0
â˜• Java Version: 23.0.1
ğŸŒ Browser: chrome 134.0.6998.89

âœ… Test PASSED: verifyCompareListFunctionality (Duration: 56855ms)
<br><img src='E:/Folder/Galal/Courses/Digital Egypt Pioneers Initiative (DEPI) - Software Testing/DEPI Software Tester Graduation Project/automation-framework/reports/screenshots\TC-199\TC-199_screenshot.png' height='300' width='400'/><br>
ğŸŸ¢ Test Started: verifyProductImageGallery (ğŸ”¢ Test Case ID: TC-179)

ğŸŒ Test Environment:
ğŸ–¥ï¸ OS: Windows 11 10.0
â˜• Java Version: 23.0.1
ğŸŒ Browser: chrome 134.0.6998.89

âœ… Test PASSED: verifyProductImageGallery (Duration: 13745ms)
<br><img src='E:/Folder/Galal/Courses/Digital Egypt Pioneers Initiative (DEPI) - Software Testing/DEPI Software Tester Graduation Project/automation-framework/reports/screenshots\TC-179\TC-179_screenshot.png' height='300' width='400'/><br>
ğŸŸ¢ Test Started: verifyProductPageLoadsCorrectly (ğŸ”¢ Test Case ID: TC-003)

ğŸŒ Test Environment:
ğŸ–¥ï¸ OS: Windows 11 10.0
â˜• Java Version: 23.0.1
ğŸŒ Browser: chrome 134.0.6998.89

âœ… Test PASSED: verifyProductPageLoadsCorrectly (Duration: 5955ms)
<br><img src='E:/Folder/Galal/Courses/Digital Egypt Pioneers Initiative (DEPI) - Software Testing/DEPI Software Tester Graduation Project/automation-framework/reports/screenshots\TC-003\TC-003_screenshot.png' height='300' width='400'/><br>
ğŸŸ¢ Test Started: verifyProductReviewsAreDisplayed (ğŸ”¢ Test Case ID: TC-180)

ğŸŒ Test Environment:
ğŸ–¥ï¸ OS: Windows 11 10.0
â˜• Java Version: 23.0.1
ğŸŒ Browser: chrome 134.0.6998.89

âœ… Test PASSED: verifyProductReviewsAreDisplayed (Duration: 12629ms)
<br><img src='E:/Folder/Galal/Courses/Digital Egypt Pioneers Initiative (DEPI) - Software Testing/DEPI Software Tester Graduation Project/automation-framework/reports/screenshots\TC-180\TC-180_screenshot.png' height='300' width='400'/><br>
ğŸŸ¢ Test Started: verifyProductVariationSelection (ğŸ”¢ Test Case ID: TC-020)

ğŸŒ Test Environment:
ğŸ–¥ï¸ OS: Windows 11 10.0
â˜• Java Version: 23.0.1
ğŸŒ Browser: chrome 134.0.6998.89

âœ… Test PASSED: verifyProductVariationSelection (Duration: 28279ms)
<br><img src='E:/Folder/Galal/Courses/Digital Egypt Pioneers Initiative (DEPI) - Software Testing/DEPI Software Tester Graduation Project/automation-framework/reports/screenshots\TC-020\TC-020_screenshot.png' height='300' width='400'/><br>
ğŸŸ¢ Test Started: verifyRelatedProductsAreDisplayed (ğŸ”¢ Test Case ID: TC-063)

ğŸŒ Test Environment:
ğŸ–¥ï¸ OS: Windows 11 10.0
â˜• Java Version: 23.0.1
ğŸŒ Browser: chrome 134.0.6998.89

âœ… Test PASSED: verifyRelatedProductsAreDisplayed (Duration: 16537ms)
<br><img src='E:/Folder/Galal/Courses/Digital Egypt Pioneers Initiative (DEPI) - Software Testing/DEPI Software Tester Graduation Project/automation-framework/reports/screenshots\TC-063\TC-063_screenshot.png' height='300' width='400'/><br>
ğŸŸ¢ Test Started: verifyAutoSuggestionsInSearchBar (ğŸ”¢ Test Case ID: TC-051)

ğŸŒ Test Environment:
ğŸ–¥ï¸ OS: Windows 11 10.0
â˜• Java Version: 23.0.1
ğŸŒ Browser: chrome 134.0.6998.89

âœ… Test PASSED: verifyAutoSuggestionsInSearchBar (Duration: 4823ms)
<br><img src='E:/Folder/Galal/Courses/Digital Egypt Pioneers Initiative (DEPI) - Software Testing/DEPI Software Tester Graduation Project/automation-framework/reports/screenshots\TC-051\TC-051_screenshot.png' height='300' width='400'/><br>
ğŸŸ¢ Test Started: verifyClearingFilters (ğŸ”¢ Test Case ID: TC-050)

ğŸŒ Test Environment:
ğŸ–¥ï¸ OS: Windows 11 10.0
â˜• Java Version: 23.0.1
ğŸŒ Browser: chrome 134.0.6998.89

âœ… Test PASSED: verifyClearingFilters (Duration: 17793ms)
<br><img src='E:/Folder/Galal/Courses/Digital Egypt Pioneers Initiative (DEPI) - Software Testing/DEPI Software Tester Graduation Project/automation-framework/reports/screenshots\TC-050\TC-050_screenshot.png' height='300' width='400'/><br>
ğŸŸ¢ Test Started: verifyFilteringByManufacturer (ğŸ”¢ Test Case ID: TC-044)

ğŸŒ Test Environment:
ğŸ–¥ï¸ OS: Windows 11 10.0
â˜• Java Version: 23.0.1
ğŸŒ Browser: chrome 134.0.6998.89

âœ… Test PASSED: verifyFilteringByManufacturer (Duration: 15310ms)
<br><img src='E:/Folder/Galal/Courses/Digital Egypt Pioneers Initiative (DEPI) - Software Testing/DEPI Software Tester Graduation Project/automation-framework/reports/screenshots\TC-044\TC-044_screenshot.png' height='300' width='400'/><br>
ğŸŸ¢ Test Started: verifyInvalidSearchTerm (ğŸ”¢ Test Case ID: TC-048)

ğŸŒ Test Environment:
ğŸ–¥ï¸ OS: Windows 11 10.0
â˜• Java Version: 23.0.1
ğŸŒ Browser: chrome 134.0.6998.89

âœ… Test PASSED: verifyInvalidSearchTerm (Duration: 7268ms)
<br><img src='E:/Folder/Galal/Courses/Digital Egypt Pioneers Initiative (DEPI) - Software Testing/DEPI Software Tester Graduation Project/automation-framework/reports/screenshots\TC-048\TC-048_screenshot.png' height='300' width='400'/><br>
ğŸŸ¢ Test Started: verifyPaginationInSearchResults (ğŸ”¢ Test Case ID: TC-042)

ğŸŒ Test Environment:
ğŸ–¥ï¸ OS: Windows 11 10.0
â˜• Java Version: 23.0.1
ğŸŒ Browser: chrome 134.0.6998.89

âœ… Test PASSED: verifyPaginationInSearchResults (Duration: 9763ms)
<br><img src='E:/Folder/Galal/Courses/Digital Egypt Pioneers Initiative (DEPI) - Software Testing/DEPI Software Tester Graduation Project/automation-framework/reports/screenshots\TC-042\TC-042_screenshot.png' height='300' width='400'/><br>
ğŸŸ¢ Test Started: verifySearchByCategory (ğŸ”¢ Test Case ID: TC-038)

ğŸŒ Test Environment:
ğŸ–¥ï¸ OS: Windows 11 10.0
â˜• Java Version: 23.0.1
ğŸŒ Browser: chrome 134.0.6998.89

âœ… Test PASSED: verifySearchByCategory (Duration: 6384ms)
<br><img src='E:/Folder/Galal/Courses/Digital Egypt Pioneers Initiative (DEPI) - Software Testing/DEPI Software Tester Graduation Project/automation-framework/reports/screenshots\TC-038\TC-038_screenshot.png' height='300' width='400'/><br>
ğŸŸ¢ Test Started: verifySearchFunctionality (ğŸ”¢ Test Case ID: TC-002)

ğŸŒ Test Environment:
ğŸ–¥ï¸ OS: Windows 11 10.0
â˜• Java Version: 23.0.1
ğŸŒ Browser: chrome 134.0.6998.89

âœ… Test PASSED: verifySearchFunctionality (Duration: 5194ms)
<br><img src='E:/Folder/Galal/Courses/Digital Egypt Pioneers Initiative (DEPI) - Software Testing/DEPI Software Tester Graduation Project/automation-framework/reports/screenshots\TC-002\TC-002_screenshot.png' height='300' width='400'/><br>
ğŸŸ¢ Test Started: verifySortingOptions (ğŸ”¢ Test Case ID: TC-043)

ğŸŒ Test Environment:
ğŸ–¥ï¸ OS: Windows 11 10.0
â˜• Java Version: 23.0.1
ğŸŒ Browser: chrome 134.0.6998.89

âœ… Test PASSED: verifySortingOptions (Duration: 15706ms)
<br><img src='E:/Folder/Galal/Courses/Digital Egypt Pioneers Initiative (DEPI) - Software Testing/DEPI Software Tester Graduation Project/automation-framework/reports/screenshots\TC-043\TC-043_screenshot.png' height='300' width='400'/><br>]]>
  </system-out>
</testsuite> <!-- tests.ui.ProductPageTest -->
