<?xml version="1.0" encoding="UTF-8"?>
<!-- Generated by org.testng.reporters.JUnitXMLReporter -->
<testsuite ignored="0" hostname="Galal" failures="0" tests="8" name="Surefire test" time="290.695" errors="0" timestamp="2025-03-25T00:24:45 EET">
  <testcase classname="tests.ui.SearchTest" name="verifyAutoSuggestionsInSearchBar" time="4.1"/>
  <testcase classname="tests.ui.SearchTest" name="verifyClearingFilters" time="21.26"/>
  <testcase classname="tests.ui.SearchTest" name="verifyFilteringByManufacturer" time="14.338"/>
  <testcase classname="tests.ui.SearchTest" name="verifyInvalidSearchTerm" time="7.836"/>
  <testcase classname="tests.ui.SearchTest" name="verifyPaginationInSearchResults" time="10.294"/>
  <testcase classname="tests.ui.SearchTest" name="verifySearchByCategory" time="13.311"/>
  <testcase classname="tests.ui.SearchTest" name="verifySearchFunctionality" time="6.896"/>
  <testcase classname="tests.ui.SearchTest" name="verifySortingOptions" time="16.909"/>
</testsuite> <!-- Surefire test -->
