<?xml version="1.0" encoding="UTF-8"?>
<testng-results ignored="0" total="5" passed="5" failed="0" skipped="0">
  <reporter-output>
    <line>
      <![CDATA[🚀 Starting Test Suite: Surefire test]]>
    </line>
    <line>
      <![CDATA[
🌍 Test Environment:
🖥️ OS: Windows 11 10.0
☕ Java Version: 23.0.1
🌐 Browser: chrome 134.0.6998.89
]]>
    </line>
    <line>
      <![CDATA[🟢 Test Started: validateHomepageRedirection (🔢 Test Case ID: TC-262)]]>
    </line>
    <line>
      <![CDATA[
🌍 Test Environment:
🖥️ OS: Windows 11 10.0
☕ Java Version: 23.0.1
🌐 Browser: chrome 134.0.6998.118
]]>
    </line>
    <line>
      <![CDATA[✅ Test PASSED: validateHomepageRedirection (Duration: 4619ms)]]>
    </line>
    <line>
      <![CDATA[<br><img src='E:/Folder/Galal/Courses/Digital Egypt Pioneers Initiative (DEPI) - Software Testing/DEPI Software Tester Graduation Project/automation-framework/reports/screenshots\TC-262\TC-262_screenshot.png' height='300' width='400'/><br>]]>
    </line>
    <line>
      <![CDATA[🟢 Test Started: verifyBreadcrumbNavigation (🔢 Test Case ID: TC-261)]]>
    </line>
    <line>
      <![CDATA[
🌍 Test Environment:
🖥️ OS: Windows 11 10.0
☕ Java Version: 23.0.1
🌐 Browser: chrome 134.0.6998.118
]]>
    </line>
    <line>
      <![CDATA[✅ Test PASSED: verifyBreadcrumbNavigation (Duration: 11126ms)]]>
    </line>
    <line>
      <![CDATA[<br><img src='E:/Folder/Galal/Courses/Digital Egypt Pioneers Initiative (DEPI) - Software Testing/DEPI Software Tester Graduation Project/automation-framework/reports/screenshots\TC-261\TC-261_screenshot.png' height='300' width='400'/><br>]]>
    </line>
    <line>
      <![CDATA[🟢 Test Started: verifyCategoryNavigation (🔢 Test Case ID: TC-046)]]>
    </line>
    <line>
      <![CDATA[
🌍 Test Environment:
🖥️ OS: Windows 11 10.0
☕ Java Version: 23.0.1
🌐 Browser: chrome 134.0.6998.118
]]>
    </line>
    <line>
      <![CDATA[✅ Test PASSED: verifyCategoryNavigation (Duration: 13983ms)]]>
    </line>
    <line>
      <![CDATA[<br><img src='E:/Folder/Galal/Courses/Digital Egypt Pioneers Initiative (DEPI) - Software Testing/DEPI Software Tester Graduation Project/automation-framework/reports/screenshots\TC-046\TC-046_screenshot.png' height='300' width='400'/><br>]]>
    </line>
    <line>
      <![CDATA[🟢 Test Started: verifyHeaderLinks (🔢 Test Case ID: TC-342)]]>
    </line>
    <line>
      <![CDATA[
🌍 Test Environment:
🖥️ OS: Windows 11 10.0
☕ Java Version: 23.0.1
🌐 Browser: chrome 134.0.6998.118
]]>
    </line>
    <line>
      <![CDATA[✅ Test PASSED: verifyHeaderLinks (Duration: 20723ms)]]>
    </line>
    <line>
      <![CDATA[<br><img src='E:/Folder/Galal/Courses/Digital Egypt Pioneers Initiative (DEPI) - Software Testing/DEPI Software Tester Graduation Project/automation-framework/reports/screenshots\TC-342\TC-342_screenshot.png' height='300' width='400'/><br>]]>
    </line>
    <line>
      <![CDATA[🟢 Test Started: verifyHomePageLoads (🔢 Test Case ID: TC-001)]]>
    </line>
    <line>
      <![CDATA[
🌍 Test Environment:
🖥️ OS: Windows 11 10.0
☕ Java Version: 23.0.1
🌐 Browser: chrome 134.0.6998.118
]]>
    </line>
    <line>
      <![CDATA[✅ Test PASSED: verifyHomePageLoads (Duration: 839ms)]]>
    </line>
    <line>
      <![CDATA[<br><img src='E:/Folder/Galal/Courses/Digital Egypt Pioneers Initiative (DEPI) - Software Testing/DEPI Software Tester Graduation Project/automation-framework/reports/screenshots\TC-001\TC-001_screenshot.png' height='300' width='400'/><br>]]>
    </line>
  </reporter-output>
  <suite started-at="2025-03-23T05:19:08 EET" name="Surefire suite" finished-at="2025-03-23T05:22:02 EET" duration-ms="174196">
    <groups>
      <group name="functional">
        <method signature="HomePageTest.validateHomepageRedirection()[pri:0, instance:tests.ui.HomePageTest@650eab8]" name="validateHomepageRedirection" class="tests.ui.HomePageTest"/>
        <method signature="HomePageTest.verifyBreadcrumbNavigation()[pri:0, instance:tests.ui.HomePageTest@650eab8]" name="verifyBreadcrumbNavigation" class="tests.ui.HomePageTest"/>
        <method signature="HomePageTest.verifyCategoryNavigation()[pri:0, instance:tests.ui.HomePageTest@650eab8]" name="verifyCategoryNavigation" class="tests.ui.HomePageTest"/>
      </group> <!-- functional -->
      <group name="ui">
        <method signature="HomePageTest.verifyHeaderLinks()[pri:0, instance:tests.ui.HomePageTest@650eab8]" name="verifyHeaderLinks" class="tests.ui.HomePageTest"/>
      </group> <!-- ui -->
      <group name="smoke">
        <method signature="HomePageTest.verifyHomePageLoads()[pri:0, instance:tests.ui.HomePageTest@650eab8]" name="verifyHomePageLoads" class="tests.ui.HomePageTest"/>
      </group> <!-- smoke -->
    </groups>
    <test started-at="2025-03-23T05:19:08 EET" name="Surefire test" finished-at="2025-03-23T05:22:02 EET" duration-ms="174196">
      <class name="tests.ui.HomePageTest">
        <test-method is-config="true" signature="setUp(org.testng.ITestResult,org.testng.ITestContext)[pri:0, instance:tests.ui.HomePageTest@650eab8]" started-at="2025-03-23T05:19:08 EET" name="setUp" finished-at="2025-03-23T05:19:33 EET" duration-ms="24543" status="PASS">
          <params>
            <param index="0">
              <value>
                <![CDATA[[TestResult name={null} status=CREATED method=HomePageTest.validateHomepageRedirection()[pri:0, instance:tests.ui.HomePageTest@650eab8] output={null}]]]>
              </value>
            </param>
            <param index="1">
              <value>
                <![CDATA[org.testng.TestRunner@16681017]]>
              </value>
            </param>
          </params>
          <reporter-output>
          </reporter-output>
        </test-method> <!-- setUp -->
        <test-method signature="validateHomepageRedirection()[pri:0, instance:tests.ui.HomePageTest@650eab8]" started-at="2025-03-23T05:19:33 EET" name="validateHomepageRedirection" description="TC-262" finished-at="2025-03-23T05:19:38 EET" duration-ms="4585" status="PASS">
          <reporter-output>
            <line>
              <![CDATA[🟢 Test Started: validateHomepageRedirection (🔢 Test Case ID: TC-262)]]>
            </line>
            <line>
              <![CDATA[
🌍 Test Environment:
🖥️ OS: Windows 11 10.0
☕ Java Version: 23.0.1
🌐 Browser: chrome 134.0.6998.118
]]>
            </line>
            <line>
              <![CDATA[✅ Test PASSED: validateHomepageRedirection (Duration: 4619ms)]]>
            </line>
            <line>
              <![CDATA[<br><img src='E:/Folder/Galal/Courses/Digital Egypt Pioneers Initiative (DEPI) - Software Testing/DEPI Software Tester Graduation Project/automation-framework/reports/screenshots\TC-262\TC-262_screenshot.png' height='300' width='400'/><br>]]>
            </line>
          </reporter-output>
        </test-method> <!-- validateHomepageRedirection -->
        <test-method is-config="true" signature="tearDown(org.testng.ITestResult)[pri:0, instance:tests.ui.HomePageTest@650eab8]" started-at="2025-03-23T05:19:38 EET" name="tearDown" finished-at="2025-03-23T05:19:38 EET" duration-ms="222" status="PASS">
          <params>
            <param index="0">
              <value>
                <![CDATA[[TestResult name=validateHomepageRedirection status=SUCCESS method=HomePageTest.validateHomepageRedirection()[pri:0, instance:tests.ui.HomePageTest@650eab8] output=🟢 Test Started: validateHomepageRedirection (🔢 Test Case ID: TC-262)]]]>
              </value>
            </param>
          </params>
          <reporter-output>
          </reporter-output>
        </test-method> <!-- tearDown -->
        <test-method is-config="true" signature="setUp(org.testng.ITestResult,org.testng.ITestContext)[pri:0, instance:tests.ui.HomePageTest@650eab8]" started-at="2025-03-23T05:19:38 EET" name="setUp" finished-at="2025-03-23T05:20:02 EET" duration-ms="24138" status="PASS">
          <params>
            <param index="0">
              <value>
                <![CDATA[[TestResult name={null} status=CREATED method=HomePageTest.verifyBreadcrumbNavigation()[pri:0, instance:tests.ui.HomePageTest@650eab8] output={null}]]]>
              </value>
            </param>
            <param index="1">
              <value>
                <![CDATA[org.testng.TestRunner@16681017]]>
              </value>
            </param>
          </params>
          <reporter-output>
          </reporter-output>
        </test-method> <!-- setUp -->
        <test-method signature="verifyBreadcrumbNavigation()[pri:0, instance:tests.ui.HomePageTest@650eab8]" started-at="2025-03-23T05:20:02 EET" name="verifyBreadcrumbNavigation" description="TC-261" finished-at="2025-03-23T05:20:13 EET" duration-ms="11127" status="PASS">
          <reporter-output>
            <line>
              <![CDATA[🟢 Test Started: verifyBreadcrumbNavigation (🔢 Test Case ID: TC-261)]]>
            </line>
            <line>
              <![CDATA[
🌍 Test Environment:
🖥️ OS: Windows 11 10.0
☕ Java Version: 23.0.1
🌐 Browser: chrome 134.0.6998.118
]]>
            </line>
            <line>
              <![CDATA[✅ Test PASSED: verifyBreadcrumbNavigation (Duration: 11126ms)]]>
            </line>
            <line>
              <![CDATA[<br><img src='E:/Folder/Galal/Courses/Digital Egypt Pioneers Initiative (DEPI) - Software Testing/DEPI Software Tester Graduation Project/automation-framework/reports/screenshots\TC-261\TC-261_screenshot.png' height='300' width='400'/><br>]]>
            </line>
          </reporter-output>
        </test-method> <!-- verifyBreadcrumbNavigation -->
        <test-method is-config="true" signature="tearDown(org.testng.ITestResult)[pri:0, instance:tests.ui.HomePageTest@650eab8]" started-at="2025-03-23T05:20:14 EET" name="tearDown" finished-at="2025-03-23T05:20:14 EET" duration-ms="387" status="PASS">
          <params>
            <param index="0">
              <value>
                <![CDATA[[TestResult name=verifyBreadcrumbNavigation status=SUCCESS method=HomePageTest.verifyBreadcrumbNavigation()[pri:0, instance:tests.ui.HomePageTest@650eab8] output=🟢 Test Started: verifyBreadcrumbNavigation (🔢 Test Case ID: TC-261)]]]>
              </value>
            </param>
          </params>
          <reporter-output>
          </reporter-output>
        </test-method> <!-- tearDown -->
        <test-method is-config="true" signature="setUp(org.testng.ITestResult,org.testng.ITestContext)[pri:0, instance:tests.ui.HomePageTest@650eab8]" started-at="2025-03-23T05:20:14 EET" name="setUp" finished-at="2025-03-23T05:20:38 EET" duration-ms="23716" status="PASS">
          <params>
            <param index="0">
              <value>
                <![CDATA[[TestResult name={null} status=CREATED method=HomePageTest.verifyCategoryNavigation()[pri:0, instance:tests.ui.HomePageTest@650eab8] output={null}]]]>
              </value>
            </param>
            <param index="1">
              <value>
                <![CDATA[org.testng.TestRunner@16681017]]>
              </value>
            </param>
          </params>
          <reporter-output>
          </reporter-output>
        </test-method> <!-- setUp -->
        <test-method signature="verifyCategoryNavigation()[pri:0, instance:tests.ui.HomePageTest@650eab8]" started-at="2025-03-23T05:20:38 EET" name="verifyCategoryNavigation" description="TC-046" finished-at="2025-03-23T05:20:52 EET" duration-ms="13983" status="PASS">
          <reporter-output>
            <line>
              <![CDATA[🟢 Test Started: verifyCategoryNavigation (🔢 Test Case ID: TC-046)]]>
            </line>
            <line>
              <![CDATA[
🌍 Test Environment:
🖥️ OS: Windows 11 10.0
☕ Java Version: 23.0.1
🌐 Browser: chrome 134.0.6998.118
]]>
            </line>
            <line>
              <![CDATA[✅ Test PASSED: verifyCategoryNavigation (Duration: 13983ms)]]>
            </line>
            <line>
              <![CDATA[<br><img src='E:/Folder/Galal/Courses/Digital Egypt Pioneers Initiative (DEPI) - Software Testing/DEPI Software Tester Graduation Project/automation-framework/reports/screenshots\TC-046\TC-046_screenshot.png' height='300' width='400'/><br>]]>
            </line>
          </reporter-output>
        </test-method> <!-- verifyCategoryNavigation -->
        <test-method is-config="true" signature="tearDown(org.testng.ITestResult)[pri:0, instance:tests.ui.HomePageTest@650eab8]" started-at="2025-03-23T05:20:52 EET" name="tearDown" finished-at="2025-03-23T05:20:53 EET" duration-ms="693" status="PASS">
          <params>
            <param index="0">
              <value>
                <![CDATA[[TestResult name=verifyCategoryNavigation status=SUCCESS method=HomePageTest.verifyCategoryNavigation()[pri:0, instance:tests.ui.HomePageTest@650eab8] output=🟢 Test Started: verifyCategoryNavigation (🔢 Test Case ID: TC-046)]]]>
              </value>
            </param>
          </params>
          <reporter-output>
          </reporter-output>
        </test-method> <!-- tearDown -->
        <test-method is-config="true" signature="setUp(org.testng.ITestResult,org.testng.ITestContext)[pri:0, instance:tests.ui.HomePageTest@650eab8]" started-at="2025-03-23T05:20:53 EET" name="setUp" finished-at="2025-03-23T05:21:16 EET" duration-ms="23656" status="PASS">
          <params>
            <param index="0">
              <value>
                <![CDATA[[TestResult name={null} status=CREATED method=HomePageTest.verifyHeaderLinks()[pri:0, instance:tests.ui.HomePageTest@650eab8] output={null}]]]>
              </value>
            </param>
            <param index="1">
              <value>
                <![CDATA[org.testng.TestRunner@16681017]]>
              </value>
            </param>
          </params>
          <reporter-output>
          </reporter-output>
        </test-method> <!-- setUp -->
        <test-method signature="verifyHeaderLinks()[pri:0, instance:tests.ui.HomePageTest@650eab8]" started-at="2025-03-23T05:21:16 EET" name="verifyHeaderLinks" description="TC-342" finished-at="2025-03-23T05:21:37 EET" duration-ms="20723" status="PASS">
          <reporter-output>
            <line>
              <![CDATA[🟢 Test Started: verifyHeaderLinks (🔢 Test Case ID: TC-342)]]>
            </line>
            <line>
              <![CDATA[
🌍 Test Environment:
🖥️ OS: Windows 11 10.0
☕ Java Version: 23.0.1
🌐 Browser: chrome 134.0.6998.118
]]>
            </line>
            <line>
              <![CDATA[✅ Test PASSED: verifyHeaderLinks (Duration: 20723ms)]]>
            </line>
            <line>
              <![CDATA[<br><img src='E:/Folder/Galal/Courses/Digital Egypt Pioneers Initiative (DEPI) - Software Testing/DEPI Software Tester Graduation Project/automation-framework/reports/screenshots\TC-342\TC-342_screenshot.png' height='300' width='400'/><br>]]>
            </line>
          </reporter-output>
        </test-method> <!-- verifyHeaderLinks -->
        <test-method is-config="true" signature="tearDown(org.testng.ITestResult)[pri:0, instance:tests.ui.HomePageTest@650eab8]" started-at="2025-03-23T05:21:37 EET" name="tearDown" finished-at="2025-03-23T05:21:37 EET" duration-ms="316" status="PASS">
          <params>
            <param index="0">
              <value>
                <![CDATA[[TestResult name=verifyHeaderLinks status=SUCCESS method=HomePageTest.verifyHeaderLinks()[pri:0, instance:tests.ui.HomePageTest@650eab8] output=🟢 Test Started: verifyHeaderLinks (🔢 Test Case ID: TC-342)]]]>
              </value>
            </param>
          </params>
          <reporter-output>
          </reporter-output>
        </test-method> <!-- tearDown -->
        <test-method is-config="true" signature="setUp(org.testng.ITestResult,org.testng.ITestContext)[pri:0, instance:tests.ui.HomePageTest@650eab8]" started-at="2025-03-23T05:21:37 EET" name="setUp" finished-at="2025-03-23T05:22:01 EET" duration-ms="23723" status="PASS">
          <params>
            <param index="0">
              <value>
                <![CDATA[[TestResult name={null} status=CREATED method=HomePageTest.verifyHomePageLoads()[pri:0, instance:tests.ui.HomePageTest@650eab8] output={null}]]]>
              </value>
            </param>
            <param index="1">
              <value>
                <![CDATA[org.testng.TestRunner@16681017]]>
              </value>
            </param>
          </params>
          <reporter-output>
          </reporter-output>
        </test-method> <!-- setUp -->
        <test-method signature="verifyHomePageLoads()[pri:0, instance:tests.ui.HomePageTest@650eab8]" started-at="2025-03-23T05:22:01 EET" name="verifyHomePageLoads" description="TC-001" finished-at="2025-03-23T05:22:02 EET" duration-ms="838" status="PASS">
          <reporter-output>
            <line>
              <![CDATA[🟢 Test Started: verifyHomePageLoads (🔢 Test Case ID: TC-001)]]>
            </line>
            <line>
              <![CDATA[
🌍 Test Environment:
🖥️ OS: Windows 11 10.0
☕ Java Version: 23.0.1
🌐 Browser: chrome 134.0.6998.118
]]>
            </line>
            <line>
              <![CDATA[✅ Test PASSED: verifyHomePageLoads (Duration: 839ms)]]>
            </line>
            <line>
              <![CDATA[<br><img src='E:/Folder/Galal/Courses/Digital Egypt Pioneers Initiative (DEPI) - Software Testing/DEPI Software Tester Graduation Project/automation-framework/reports/screenshots\TC-001\TC-001_screenshot.png' height='300' width='400'/><br>]]>
            </line>
          </reporter-output>
        </test-method> <!-- verifyHomePageLoads -->
        <test-method is-config="true" signature="tearDown(org.testng.ITestResult)[pri:0, instance:tests.ui.HomePageTest@650eab8]" started-at="2025-03-23T05:22:02 EET" name="tearDown" finished-at="2025-03-23T05:22:02 EET" duration-ms="176" status="PASS">
          <params>
            <param index="0">
              <value>
                <![CDATA[[TestResult name=verifyHomePageLoads status=SUCCESS method=HomePageTest.verifyHomePageLoads()[pri:0, instance:tests.ui.HomePageTest@650eab8] output=🟢 Test Started: verifyHomePageLoads (🔢 Test Case ID: TC-001)]]]>
              </value>
            </param>
          </params>
          <reporter-output>
          </reporter-output>
        </test-method> <!-- tearDown -->
      </class> <!-- tests.ui.HomePageTest -->
    </test> <!-- Surefire test -->
  </suite> <!-- Surefire suite -->
</testng-results>
