2025-03-24 21:44:39 [main] INFO  TC-282_verifySocialMediaSharingTest - 
===================================================================================== NEW TEST RUN =====================================================================================
2025-03-24 21:44:39 [main] INFO  TC-282_verifySocialMediaSharingTest - Logger initialized
2025-03-24 21:44:39 [main] INFO  TC-282_verifySocialMediaSharingTest - Starting test setup for: verifySocialMediaSharingTest (üî¢ Test Case ID: TC-282)
2025-03-24 21:45:00 [main] INFO  TC-282_verifySocialMediaSharingTest - Navigated to the site: https://demo.nopcommerce.com
2025-03-24 21:45:00 [main] INFO  TC-282_verifySocialMediaSharingTest - Injected cookie: _ga
2025-03-24 21:45:00 [main] INFO  TC-282_verifySocialMediaSharingTest - Injected cookie: cf_clearance
2025-03-24 21:45:00 [main] INFO  TC-282_verifySocialMediaSharingTest - Injected cookie: .Nop.Antiforgery
2025-03-24 21:45:00 [main] INFO  TC-282_verifySocialMediaSharingTest - Injected cookie: .Nop.Customer
2025-03-24 21:45:00 [main] INFO  TC-282_verifySocialMediaSharingTest - Injected cookie: .Nop.Culture
2025-03-24 21:45:00 [main] INFO  TC-282_verifySocialMediaSharingTest - Injected cookie: _ga_SCT41TW89V
2025-03-24 21:45:01 [main] INFO  TC-282_verifySocialMediaSharingTest - Page refreshed with bypassed cookies.
2025-03-24 21:45:01 [main] INFO  utils.MainFunctionalities - Navigating to product page: https://demo.nopcommerce.com/fahrenheit-451-by-ray-bradbury
2025-03-24 21:45:05 [main] INFO  utils.MainFunctionalities - Detected social media platforms: [facebook, twitter, print, whatsapp, pinterest, instapaper]
2025-03-24 21:45:05 [main] INFO  utils.MainFunctionalities - Clicked share button for: facebook
2025-03-24 21:45:08 [main] INFO  utils.MainFunctionalities - Successfully navigated to facebook share page: https://www.facebook.com/sharer.php?t=Fahrenheit%20451%20by%20Ray%20Bradbury&u=https%3A%2F%2Fdemo.nopcommerce.com%2Ffahrenheit-451-by-ray-bradbury
2025-03-24 21:45:11 [main] INFO  utils.MainFunctionalities - Clicked share button for: twitter
2025-03-24 21:45:18 [main] INFO  utils.MainFunctionalities - Successfully navigated to twitter share page: https://x.com/intent/tweet?text=Fahrenheit%20451%20by%20Ray%20Bradbury&url=https%3A%2F%2Fdemo.nopcommerce.com%2Ffahrenheit-451-by-ray-bradbury
2025-03-24 21:45:31 [main] INFO  utils.MainFunctionalities - Clicked share button for: print
2025-03-24 21:45:34 [main] WARN  utils.MainFunctionalities - Share window did not open for print, but continuing.
2025-03-24 21:45:34 [main] INFO  utils.MainFunctionalities - Clicked share button for: whatsapp
2025-03-24 21:45:40 [main] INFO  utils.MainFunctionalities - Successfully navigated to whatsapp share page: https://web.whatsapp.com/
2025-03-24 21:45:42 [main] INFO  utils.MainFunctionalities - Clicked share button for: pinterest
2025-03-24 21:45:44 [main] INFO  utils.MainFunctionalities - Successfully navigated to pinterest share page: https://www.pinterest.com/pin/create/button/?description=Fahrenheit%20451%20by%20Ray%20Bradbury&media=https%3A%2F%2Fdemo.nopcommerce.com%2Fimages%2Fthumbs%2F0000070_fahrenheit-451-by-ray-bradbury_550.jpeg&url=https%3A%2F%2Fdemo.nopcommerce.com%2Ffahrenheit-451-by-ray-bradbury
2025-03-24 21:45:48 [main] INFO  utils.MainFunctionalities - Clicked share button for: instapaper
2025-03-24 21:45:52 [main] INFO  utils.MainFunctionalities - Successfully navigated to instapaper share page: https://www.instapaper.com/user/login?next=%2Fedit%3Furl%3Dhttps%253A%252F%252Fdemo.nopcommerce.com%252Ffahrenheit-451-by-ray-bradbury%26title%3DFahrenheit%2520451%2520by%2520Ray%2520Bradbury%26description%3DFahrenheit%2520451%2520is%2520a%2520dystopian%2520novel%2520by%2520Ray%2520Bradbury%2520published%2520in%25201953.%2520It%2520is%2520regarded%2520as%2520one%2520of%2520his%2520best%2520works.
2025-03-24 21:45:55 [main] INFO  utils.MainFunctionalities - Social media sharing test completed successfully.
2025-03-24 21:45:55 [main] INFO  TC-282_verifySocialMediaSharingTest - Closing the browser for test: verifySocialMediaSharingTest
2025-03-24 21:45:56 [main] INFO  TC-282_verifySocialMediaSharingTest - Browser closed.
2025-03-24 21:54:41 [main] INFO  TC-282_verifySocialMediaSharingTest - 
===================================================================================== NEW TEST RUN =====================================================================================
2025-03-24 21:54:41 [main] INFO  TC-282_verifySocialMediaSharingTest - Logger initialized
2025-03-24 21:54:41 [main] INFO  TC-282_verifySocialMediaSharingTest - Starting test setup for: verifySocialMediaSharingTest (üî¢ Test Case ID: TC-282)
2025-03-24 21:55:04 [main] INFO  TC-282_verifySocialMediaSharingTest - Navigated to the site: https://demo.nopcommerce.com
2025-03-24 21:55:04 [main] INFO  TC-282_verifySocialMediaSharingTest - Injected cookie: cf_clearance
2025-03-24 21:55:04 [main] INFO  TC-282_verifySocialMediaSharingTest - Injected cookie: _ga
2025-03-24 21:55:04 [main] INFO  TC-282_verifySocialMediaSharingTest - Injected cookie: .Nop.Antiforgery
2025-03-24 21:55:04 [main] INFO  TC-282_verifySocialMediaSharingTest - Injected cookie: .Nop.Customer
2025-03-24 21:55:04 [main] INFO  TC-282_verifySocialMediaSharingTest - Injected cookie: .Nop.Culture
2025-03-24 21:55:04 [main] INFO  TC-282_verifySocialMediaSharingTest - Injected cookie: _ga_SCT41TW89V
2025-03-24 21:55:05 [main] INFO  TC-282_verifySocialMediaSharingTest - Page refreshed with bypassed cookies.
2025-03-24 21:55:05 [main] INFO  TC-282_verifySocialMediaSharingTest - üü¢ Starting test: verifySocialMediaSharingTest (üî¢ Test Case ID: TC-282)
2025-03-24 21:55:05 [main] INFO  utils.MainFunctionalities - Navigating to product page: https://demo.nopcommerce.com/fahrenheit-451-by-ray-bradbury
2025-03-24 21:55:11 [main] INFO  utils.MainFunctionalities - Detected social media platforms: [facebook, twitter, messenger, whatsapp, odnoklassniki, line]
2025-03-24 21:55:11 [main] INFO  utils.MainFunctionalities - Clicked share button for: facebook
2025-03-24 21:55:17 [main] INFO  utils.MainFunctionalities - Successfully navigated to facebook share page: https://www.facebook.com/sharer.php?t=Fahrenheit%20451%20by%20Ray%20Bradbury&u=https%3A%2F%2Fdemo.nopcommerce.com%2Ffahrenheit-451-by-ray-bradbury
2025-03-24 21:55:19 [main] INFO  utils.MainFunctionalities - Clicked share button for: twitter
2025-03-24 21:55:39 [main] INFO  utils.MainFunctionalities - Successfully navigated to twitter share page: https://x.com/intent/tweet?text=Fahrenheit%20451%20by%20Ray%20Bradbury&url=https%3A%2F%2Fdemo.nopcommerce.com%2Ffahrenheit-451-by-ray-bradbury
2025-03-24 21:55:39 [main] WARN  utils.MainFunctionalities - Failed to verify sharing for no such window: target window already closed
from unknown error: web view not found
  (Session info: chrome=134.0.6998.118)
Build info: version: '4.29.0', revision: '5fc1ec94cb'
System info: os.name: 'Windows 11', os.arch: 'amd64', os.version: '10.0', java.version: '23.0.1'
Driver info: org.openqa.selenium.chrome.ChromeDriver
Command: [f164efa0ac3777c8f4e24eef64d7f953, close {}]
Capabilities {acceptInsecureCerts: false, browserName: chrome, browserVersion: 134.0.6998.118, chrome: {chromedriverVersion: 134.0.6998.165 (fd886e2cb29..., userDataDir: C:\Users\MOHAME~1\AppData\L...}, fedcm:accounts: true, goog:chromeOptions: {debuggerAddress: localhost:60597}, networkConnectionEnabled: false, pageLoadStrategy: normal, platformName: windows, proxy: Proxy(), se:cdp: ws://localhost:60597/devtoo..., se:cdpVersion: 134.0.6998.118, setWindowRect: true, strictFileInteractability: false, timeouts: {implicit: 0, pageLoad: 300000, script: 30000}, unhandledPromptBehavior: dismiss and notify, webauthn:extension:credBlob: true, webauthn:extension:largeBlob: true, webauthn:extension:minPinLength: true, webauthn:extension:prf: true, webauthn:virtualAuthenticators: true}
Session ID: f164efa0ac3777c8f4e24eef64d7f953, but continuing.
2025-03-24 21:55:39 [main] WARN  utils.MainFunctionalities - Failed to verify sharing for no such window: target window already closed
from unknown error: web view not found
  (Session info: chrome=134.0.6998.118)
Build info: version: '4.29.0', revision: '5fc1ec94cb'
System info: os.name: 'Windows 11', os.arch: 'amd64', os.version: '10.0', java.version: '23.0.1'
Driver info: org.openqa.selenium.chrome.ChromeDriver
Command: [f164efa0ac3777c8f4e24eef64d7f953, getElementAttribute {name=data-network, id=f.13D55E8675A862A8B0C0B65B6F8EFF06.d.0C47F982C4E9BBBA96059889F419D81C.e.80}]
Capabilities {acceptInsecureCerts: false, browserName: chrome, browserVersion: 134.0.6998.118, chrome: {chromedriverVersion: 134.0.6998.165 (fd886e2cb29..., userDataDir: C:\Users\MOHAME~1\AppData\L...}, fedcm:accounts: true, goog:chromeOptions: {debuggerAddress: localhost:60597}, networkConnectionEnabled: false, pageLoadStrategy: normal, platformName: windows, proxy: Proxy(), se:cdp: ws://localhost:60597/devtoo..., se:cdpVersion: 134.0.6998.118, setWindowRect: true, strictFileInteractability: false, timeouts: {implicit: 0, pageLoad: 300000, script: 30000}, unhandledPromptBehavior: dismiss and notify, webauthn:extension:credBlob: true, webauthn:extension:largeBlob: true, webauthn:extension:minPinLength: true, webauthn:extension:prf: true, webauthn:virtualAuthenticators: true}
Element: [[ChromeDriver: chrome on windows (f164efa0ac3777c8f4e24eef64d7f953)] -> css selector: .st-btn[data-network]]
Session ID: f164efa0ac3777c8f4e24eef64d7f953, but continuing.
2025-03-24 21:55:39 [main] WARN  utils.MainFunctionalities - Failed to verify sharing for no such window: target window already closed
from unknown error: web view not found
  (Session info: chrome=134.0.6998.118)
Build info: version: '4.29.0', revision: '5fc1ec94cb'
System info: os.name: 'Windows 11', os.arch: 'amd64', os.version: '10.0', java.version: '23.0.1'
Driver info: org.openqa.selenium.chrome.ChromeDriver
Command: [f164efa0ac3777c8f4e24eef64d7f953, getElementAttribute {name=data-network, id=f.13D55E8675A862A8B0C0B65B6F8EFF06.d.0C47F982C4E9BBBA96059889F419D81C.e.81}]
Capabilities {acceptInsecureCerts: false, browserName: chrome, browserVersion: 134.0.6998.118, chrome: {chromedriverVersion: 134.0.6998.165 (fd886e2cb29..., userDataDir: C:\Users\MOHAME~1\AppData\L...}, fedcm:accounts: true, goog:chromeOptions: {debuggerAddress: localhost:60597}, networkConnectionEnabled: false, pageLoadStrategy: normal, platformName: windows, proxy: Proxy(), se:cdp: ws://localhost:60597/devtoo..., se:cdpVersion: 134.0.6998.118, setWindowRect: true, strictFileInteractability: false, timeouts: {implicit: 0, pageLoad: 300000, script: 30000}, unhandledPromptBehavior: dismiss and notify, webauthn:extension:credBlob: true, webauthn:extension:largeBlob: true, webauthn:extension:minPinLength: true, webauthn:extension:prf: true, webauthn:virtualAuthenticators: true}
Element: [[ChromeDriver: chrome on windows (f164efa0ac3777c8f4e24eef64d7f953)] -> css selector: .st-btn[data-network]]
Session ID: f164efa0ac3777c8f4e24eef64d7f953, but continuing.
2025-03-24 21:55:39 [main] WARN  utils.MainFunctionalities - Failed to verify sharing for no such window: target window already closed
from unknown error: web view not found
  (Session info: chrome=134.0.6998.118)
Build info: version: '4.29.0', revision: '5fc1ec94cb'
System info: os.name: 'Windows 11', os.arch: 'amd64', os.version: '10.0', java.version: '23.0.1'
Driver info: org.openqa.selenium.chrome.ChromeDriver
Command: [f164efa0ac3777c8f4e24eef64d7f953, getElementAttribute {name=data-network, id=f.13D55E8675A862A8B0C0B65B6F8EFF06.d.0C47F982C4E9BBBA96059889F419D81C.e.82}]
Capabilities {acceptInsecureCerts: false, browserName: chrome, browserVersion: 134.0.6998.118, chrome: {chromedriverVersion: 134.0.6998.165 (fd886e2cb29..., userDataDir: C:\Users\MOHAME~1\AppData\L...}, fedcm:accounts: true, goog:chromeOptions: {debuggerAddress: localhost:60597}, networkConnectionEnabled: false, pageLoadStrategy: normal, platformName: windows, proxy: Proxy(), se:cdp: ws://localhost:60597/devtoo..., se:cdpVersion: 134.0.6998.118, setWindowRect: true, strictFileInteractability: false, timeouts: {implicit: 0, pageLoad: 300000, script: 30000}, unhandledPromptBehavior: dismiss and notify, webauthn:extension:credBlob: true, webauthn:extension:largeBlob: true, webauthn:extension:minPinLength: true, webauthn:extension:prf: true, webauthn:virtualAuthenticators: true}
Element: [[ChromeDriver: chrome on windows (f164efa0ac3777c8f4e24eef64d7f953)] -> css selector: .st-btn[data-network]]
Session ID: f164efa0ac3777c8f4e24eef64d7f953, but continuing.
2025-03-24 21:55:39 [main] WARN  utils.MainFunctionalities - Failed to verify sharing for no such window: target window already closed
from unknown error: web view not found
  (Session info: chrome=134.0.6998.118)
Build info: version: '4.29.0', revision: '5fc1ec94cb'
System info: os.name: 'Windows 11', os.arch: 'amd64', os.version: '10.0', java.version: '23.0.1'
Driver info: org.openqa.selenium.chrome.ChromeDriver
Command: [f164efa0ac3777c8f4e24eef64d7f953, getElementAttribute {name=data-network, id=f.13D55E8675A862A8B0C0B65B6F8EFF06.d.0C47F982C4E9BBBA96059889F419D81C.e.83}]
Capabilities {acceptInsecureCerts: false, browserName: chrome, browserVersion: 134.0.6998.118, chrome: {chromedriverVersion: 134.0.6998.165 (fd886e2cb29..., userDataDir: C:\Users\MOHAME~1\AppData\L...}, fedcm:accounts: true, goog:chromeOptions: {debuggerAddress: localhost:60597}, networkConnectionEnabled: false, pageLoadStrategy: normal, platformName: windows, proxy: Proxy(), se:cdp: ws://localhost:60597/devtoo..., se:cdpVersion: 134.0.6998.118, setWindowRect: true, strictFileInteractability: false, timeouts: {implicit: 0, pageLoad: 300000, script: 30000}, unhandledPromptBehavior: dismiss and notify, webauthn:extension:credBlob: true, webauthn:extension:largeBlob: true, webauthn:extension:minPinLength: true, webauthn:extension:prf: true, webauthn:virtualAuthenticators: true}
Element: [[ChromeDriver: chrome on windows (f164efa0ac3777c8f4e24eef64d7f953)] -> css selector: .st-btn[data-network]]
Session ID: f164efa0ac3777c8f4e24eef64d7f953, but continuing.
2025-03-24 21:55:39 [main] INFO  utils.MainFunctionalities - Social media sharing test completed successfully.
2025-03-24 21:55:39 [main] INFO  listeners.TestListener - ‚úÖ Test PASSED: verifySocialMediaSharingTest (Duration: 33750ms)
2025-03-24 21:55:39 [main] ERROR listeners.TestListener - ‚ùå Test FAILED: verifySocialMediaSharingTest
org.openqa.selenium.NoSuchWindowException: no such window: target window already closed
from unknown error: web view not found
  (Session info: chrome=134.0.6998.118)
Build info: version: '4.29.0', revision: '5fc1ec94cb'
System info: os.name: 'Windows 11', os.arch: 'amd64', os.version: '10.0', java.version: '23.0.1'
Driver info: org.openqa.selenium.chrome.ChromeDriver
Command: [f164efa0ac3777c8f4e24eef64d7f953, screenshot {}]
Capabilities {acceptInsecureCerts: false, browserName: chrome, browserVersion: 134.0.6998.118, chrome: {chromedriverVersion: 134.0.6998.165 (fd886e2cb29..., userDataDir: C:\Users\MOHAME~1\AppData\L...}, fedcm:accounts: true, goog:chromeOptions: {debuggerAddress: localhost:60597}, networkConnectionEnabled: false, pageLoadStrategy: normal, platformName: windows, proxy: Proxy(), se:cdp: ws://localhost:60597/devtoo..., se:cdpVersion: 134.0.6998.118, setWindowRect: true, strictFileInteractability: false, timeouts: {implicit: 0, pageLoad: 300000, script: 30000}, unhandledPromptBehavior: dismiss and notify, webauthn:extension:credBlob: true, webauthn:extension:largeBlob: true, webauthn:extension:minPinLength: true, webauthn:extension:prf: true, webauthn:virtualAuthenticators: true}
Session ID: f164efa0ac3777c8f4e24eef64d7f953
	at jdk.internal.reflect.DirectConstructorHandleAccessor.newInstance(DirectConstructorHandleAccessor.java:62) ~[?:?]
	at java.lang.reflect.Constructor.newInstanceWithCaller(Constructor.java:501) ~[?:?]
	at java.lang.reflect.Constructor.newInstance(Constructor.java:485) ~[?:?]
	at org.openqa.selenium.remote.ErrorCodec.decode(ErrorCodec.java:167) ~[selenium-remote-driver-4.29.0.jar:?]
	at org.openqa.selenium.remote.codec.w3c.W3CHttpResponseCodec.decode(W3CHttpResponseCodec.java:138) ~[selenium-remote-driver-4.29.0.jar:?]
	at org.openqa.selenium.remote.codec.w3c.W3CHttpResponseCodec.decode(W3CHttpResponseCodec.java:50) ~[selenium-remote-driver-4.29.0.jar:?]
	at org.openqa.selenium.remote.HttpCommandExecutor.execute(HttpCommandExecutor.java:215) ~[selenium-remote-driver-4.29.0.jar:?]
	at org.openqa.selenium.remote.service.DriverCommandExecutor.invokeExecute(DriverCommandExecutor.java:216) ~[selenium-remote-driver-4.29.0.jar:?]
	at org.openqa.selenium.remote.service.DriverCommandExecutor.execute(DriverCommandExecutor.java:174) ~[selenium-remote-driver-4.29.0.jar:?]
	at org.openqa.selenium.remote.RemoteWebDriver.execute(RemoteWebDriver.java:545) ~[selenium-remote-driver-4.29.0.jar:?]
	at org.openqa.selenium.remote.RemoteWebDriver.execute(RemoteWebDriver.java:618) ~[selenium-remote-driver-4.29.0.jar:?]
	at org.openqa.selenium.remote.RemoteWebDriver.execute(RemoteWebDriver.java:622) ~[selenium-remote-driver-4.29.0.jar:?]
	at org.openqa.selenium.remote.RemoteWebDriver.getScreenshotAs(RemoteWebDriver.java:334) ~[selenium-remote-driver-4.29.0.jar:?]
	at listeners.TestListener.captureScreenshot(TestListener.java:271) ~[test-classes/:?]
	at listeners.TestListener.onTestSuccess(TestListener.java:107) ~[test-classes/:?]
	at org.testng.internal.TestListenerHelper.runTestListeners(TestListenerHelper.java:119) ~[testng-7.11.0.jar:7.11.0]
	at org.testng.internal.invokers.TestInvoker.runTestResultListener(TestInvoker.java:285) ~[testng-7.11.0.jar:7.11.0]
	at org.testng.internal.invokers.TestInvoker.invokeMethod(TestInvoker.java:777) ~[testng-7.11.0.jar:7.11.0]
	at org.testng.internal.invokers.TestInvoker.invokeTestMethod(TestInvoker.java:230) ~[testng-7.11.0.jar:7.11.0]
	at org.testng.internal.invokers.MethodRunner.runInSequence(MethodRunner.java:63) ~[testng-7.11.0.jar:7.11.0]
	at org.testng.internal.invokers.TestInvoker$MethodInvocationAgent.invoke(TestInvoker.java:995) ~[testng-7.11.0.jar:7.11.0]
	at org.testng.internal.invokers.TestInvoker.invokeTestMethods(TestInvoker.java:203) ~[testng-7.11.0.jar:7.11.0]
	at org.testng.internal.invokers.TestMethodWorker.invokeTestMethods(TestMethodWorker.java:154) ~[testng-7.11.0.jar:7.11.0]
	at org.testng.internal.invokers.TestMethodWorker.run(TestMethodWorker.java:134) ~[testng-7.11.0.jar:7.11.0]
	at java.util.ArrayList.forEach(ArrayList.java:1597) [?:?]
	at org.testng.TestRunner.privateRun(TestRunner.java:741) [testng-7.11.0.jar:7.11.0]
	at org.testng.TestRunner.run(TestRunner.java:616) [testng-7.11.0.jar:7.11.0]
	at org.testng.SuiteRunner.runTest(SuiteRunner.java:421) [testng-7.11.0.jar:7.11.0]
	at org.testng.SuiteRunner.runSequentially(SuiteRunner.java:413) [testng-7.11.0.jar:7.11.0]
	at org.testng.SuiteRunner.privateRun(SuiteRunner.java:373) [testng-7.11.0.jar:7.11.0]
	at org.testng.SuiteRunner.run(SuiteRunner.java:312) [testng-7.11.0.jar:7.11.0]
	at org.testng.SuiteRunnerWorker.runSuite(SuiteRunnerWorker.java:52) [testng-7.11.0.jar:7.11.0]
	at org.testng.SuiteRunnerWorker.run(SuiteRunnerWorker.java:95) [testng-7.11.0.jar:7.11.0]
	at org.testng.TestNG.runSuitesSequentially(TestNG.java:1274) [testng-7.11.0.jar:7.11.0]
	at org.testng.TestNG.runSuitesLocally(TestNG.java:1208) [testng-7.11.0.jar:7.11.0]
	at org.testng.TestNG.runSuites(TestNG.java:1112) [testng-7.11.0.jar:7.11.0]
	at org.testng.TestNG.run(TestNG.java:1079) [testng-7.11.0.jar:7.11.0]
	at org.apache.maven.surefire.testng.TestNGExecutor.run(TestNGExecutor.java:155) [surefire-testng-3.5.2.jar:3.5.2]
	at org.apache.maven.surefire.testng.TestNGDirectoryTestSuite.executeSingleClass(TestNGDirectoryTestSuite.java:102) [surefire-testng-3.5.2.jar:3.5.2]
	at org.apache.maven.surefire.testng.TestNGDirectoryTestSuite.execute(TestNGDirectoryTestSuite.java:91) [surefire-testng-3.5.2.jar:3.5.2]
	at org.apache.maven.surefire.testng.TestNGProvider.invoke(TestNGProvider.java:137) [surefire-testng-3.5.2.jar:3.5.2]
	at org.apache.maven.surefire.booter.ForkedBooter.runSuitesInProcess(ForkedBooter.java:385) [surefire-booter-3.5.2.jar:3.5.2]
	at org.apache.maven.surefire.booter.ForkedBooter.execute(ForkedBooter.java:162) [surefire-booter-3.5.2.jar:3.5.2]
	at org.apache.maven.surefire.booter.ForkedBooter.run(ForkedBooter.java:507) [surefire-booter-3.5.2.jar:3.5.2]
	at org.apache.maven.surefire.booter.ForkedBooter.main(ForkedBooter.java:495) [surefire-booter-3.5.2.jar:3.5.2]
2025-03-24 21:55:39 [main] INFO  listeners.TestListener - üèÅ Finished Test Suite: Surefire test
2025-03-24 22:00:24 [main] INFO  TC-282_verifySocialMediaSharingTest - 
===================================================================================== NEW TEST RUN =====================================================================================
2025-03-24 22:00:24 [main] INFO  TC-282_verifySocialMediaSharingTest - Logger initialized
2025-03-24 22:00:24 [main] INFO  TC-282_verifySocialMediaSharingTest - Starting test setup for: verifySocialMediaSharingTest (üî¢ Test Case ID: TC-282)
2025-03-24 22:00:47 [main] INFO  TC-282_verifySocialMediaSharingTest - Navigated to the site: https://demo.nopcommerce.com
2025-03-24 22:00:47 [main] INFO  TC-282_verifySocialMediaSharingTest - Injected cookie: cf_clearance
2025-03-24 22:00:47 [main] INFO  TC-282_verifySocialMediaSharingTest - Injected cookie: _ga
2025-03-24 22:00:47 [main] INFO  TC-282_verifySocialMediaSharingTest - Injected cookie: .Nop.Antiforgery
2025-03-24 22:00:47 [main] INFO  TC-282_verifySocialMediaSharingTest - Injected cookie: .Nop.Customer
2025-03-24 22:00:47 [main] INFO  TC-282_verifySocialMediaSharingTest - Injected cookie: .Nop.Culture
2025-03-24 22:00:47 [main] INFO  TC-282_verifySocialMediaSharingTest - Injected cookie: _ga_SCT41TW89V
2025-03-24 22:00:48 [main] INFO  TC-282_verifySocialMediaSharingTest - Page refreshed with bypassed cookies.
2025-03-24 22:00:48 [main] INFO  TC-282_verifySocialMediaSharingTest - üü¢ Starting test: verifySocialMediaSharingTest (üî¢ Test Case ID: TC-282)
2025-03-24 22:00:48 [main] INFO  utils.MainFunctionalities - Navigating to product page: https://demo.nopcommerce.com/fahrenheit-451-by-ray-bradbury
2025-03-24 22:00:55 [main] INFO  utils.MainFunctionalities - Detected social media platforms: [facebook, twitter, whatsapp, linkedin, instapaper, refind]
2025-03-24 22:00:55 [main] INFO  utils.MainFunctionalities - Clicked share button for: facebook
2025-03-24 22:01:03 [main] INFO  utils.MainFunctionalities - Successfully navigated to facebook share page: https://www.facebook.com/sharer.php?t=Fahrenheit%20451%20by%20Ray%20Bradbury&u=https%3A%2F%2Fdemo.nopcommerce.com%2Ffahrenheit-451-by-ray-bradbury
2025-03-24 22:01:06 [main] INFO  utils.MainFunctionalities - Clicked share button for: twitter
2025-03-24 22:01:26 [main] INFO  utils.MainFunctionalities - Successfully navigated to twitter share page: https://x.com/intent/tweet?text=Fahrenheit%20451%20by%20Ray%20Bradbury&url=https%3A%2F%2Fdemo.nopcommerce.com%2Ffahrenheit-451-by-ray-bradbury
2025-03-24 22:01:27 [main] INFO  utils.MainFunctionalities - Clicked share button for: whatsapp
2025-03-24 22:01:37 [main] INFO  utils.MainFunctionalities - Successfully navigated to whatsapp share page: https://web.whatsapp.com/send?text=https%3A%2F%2Fdemo.nopcommerce.com%2Ffahrenheit-451-by-ray-bradbury
2025-03-24 22:01:40 [main] INFO  utils.MainFunctionalities - Clicked share button for: linkedin
2025-03-24 22:01:46 [main] INFO  utils.MainFunctionalities - Successfully navigated to linkedin share page: https://www.linkedin.com/uas/login?session_redirect=https%3A%2F%2Fwww.linkedin.com%2FshareArticle%3Ftitle%3DFahrenheit%2520451%2520by%2520Ray%2520Bradbury%26url%3Dhttps%253A%252F%252Fdemo.nopcommerce.com%252Ffahrenheit-451-by-ray-bradbury
2025-03-24 22:01:49 [main] INFO  utils.MainFunctionalities - Clicked share button for: instapaper
2025-03-24 22:01:56 [main] INFO  utils.MainFunctionalities - Successfully navigated to instapaper share page: https://www.instapaper.com/user/login?next=%2Fedit%3Furl%3Dhttps%253A%252F%252Fdemo.nopcommerce.com%252Ffahrenheit-451-by-ray-bradbury%26title%3DFahrenheit%2520451%2520by%2520Ray%2520Bradbury%26description%3DFahrenheit%2520451%2520is%2520a%2520dystopian%2520novel%2520by%2520Ray%2520Bradbury%2520published%2520in%25201953.%2520It%2520is%2520regarded%2520as%2520one%2520of%2520his%2520best%2520works.
2025-03-24 22:01:59 [main] INFO  utils.MainFunctionalities - Clicked share button for: refind
2025-03-24 22:02:09 [main] INFO  utils.MainFunctionalities - Successfully navigated to refind share page: https://refind.com/?url=https%3A%2F%2Fdemo.nopcommerce.com%2Ffahrenheit-451-by-ray-bradbury
2025-03-24 22:02:12 [main] INFO  utils.MainFunctionalities - Social media sharing test completed successfully.
2025-03-24 22:02:12 [main] INFO  listeners.TestListener - ‚úÖ Test PASSED: verifySocialMediaSharingTest (Duration: 84506ms)
2025-03-24 22:02:12 [main] INFO  TC-282_verifySocialMediaSharingTest - Closing the browser for test: verifySocialMediaSharingTest
2025-03-24 22:02:13 [main] INFO  TC-282_verifySocialMediaSharingTest - Browser closed.
2025-03-24 22:02:13 [main] INFO  listeners.TestListener - üèÅ Finished Test Suite: Surefire test
