<html>
<head>
<title>TestNG:  Surefire test</title>
<link href="../testng.css" rel="stylesheet" type="text/css" />
<link href="../my-testng.css" rel="stylesheet" type="text/css" />

<style type="text/css">
.log { display: none;} 
.stack-trace { display: none;} 
</style>
<script type="text/javascript">
<!--
function flip(e) {
  current = e.style.display;
  if (current == 'block') {
    e.style.display = 'none';
    return 0;
  }
  else {
    e.style.display = 'block';
    return 1;
  }
}

function toggleBox(szDivId, elem, msg1, msg2)
{
  var res = -1;  if (document.getElementById) {
    res = flip(document.getElementById(szDivId));
  }
  else if (document.all) {
    // this is the way old msie versions work
    res = flip(document.all[szDivId]);
  }
  if(elem) {
    if(res == 0) elem.innerHTML = msg1; else elem.innerHTML = msg2;
  }

}

function toggleAllBoxes() {
  if (document.getElementsByTagName) {
    d = document.getElementsByTagName('div');
    for (i = 0; i < d.length; i++) {
      if (d[i].className == 'log') {
        flip(d[i]);
      }
    }
  }
}

// -->
</script>

</head>
<body>
<h2 align='center'>Surefire test</h2><table border='1' align="center">
<tr>
<td>Tests passed/Failed/Skipped:</td><td>9/0/1</td>
</tr><tr>
<td>Started on:</td><td>Sun Mar 23 01:18:08 EET 2025</td>
</tr>
<tr><td>Total time:</td><td>300 seconds (300218 ms)</td>
</tr><tr>
<td>Included groups:</td><td></td>
</tr><tr>
<td>Excluded groups:</td><td></td>
</tr>
</table><p/>
<small><i>(Hover the method name to see the test class name)</i></small><p/>
<table width='100%' border='1' class='invocation-passed'>
<tr><td colspan='4' align='center'><b>PASSED TESTS</b></td></tr>
<tr><td><b>Test method</b></td>
<td><b>Attribute(s)</b></td>
<td width="30%"><b>Exception</b></td>
<td width="10%"><b>Time (seconds)</b></td>
<td><b>Instance</b></td>
</tr>
<tr>
<td title='tests.ui.CartTest.testInvalidPromoCode()'><b>testInvalidPromoCode</b><br>Test class: tests.ui.CartTest<br>Test method: TC-076<br/>
<a href="#Output-242659479" onClick='toggleBox("Output-242659479", this, "Show output", "Hide output");'>Show output</a>

<a href="#Output-242659479" onClick="toggleAllBoxes();">Show all outputs</a>
<div class='log' id="Output-242659479">
ğŸŸ¢ Test Started: testInvalidPromoCode (ğŸ”¢ Test Case ID: TC-076)<br/>

ğŸŒ Test Environment:
ğŸ–¥ï¸ OS: Windows 11 10.0
â˜• Java Version: 23.0.1
ğŸŒ Browser: chrome 134.0.6998.118
<br/>
âœ… Test PASSED: testInvalidPromoCode (Duration: 7165ms)<br/>
<br><img src='E:/Folder/Galal/Courses/Digital Egypt Pioneers Initiative (DEPI) - Software Testing/DEPI Software Tester Graduation Project/automation-framework/reports/screenshots\TC-076\TC-076_screenshot.png' height='300' width='400'/><br><br/>
</div>
</td>
<td></td>
<td>7</td>
<td>tests.ui.CartTest@62435e70</td></tr>
<tr>
<td title='tests.ui.CartTest.verifyCartIconUpdatesCount()'><b>verifyCartIconUpdatesCount</b><br>Test class: tests.ui.CartTest<br>Test method: TC-182<br/>
<a href="#Output-2145416033" onClick='toggleBox("Output-2145416033", this, "Show output", "Hide output");'>Show output</a>

<a href="#Output-2145416033" onClick="toggleAllBoxes();">Show all outputs</a>
<div class='log' id="Output-2145416033">
ğŸŸ¢ Test Started: verifyCartIconUpdatesCount (ğŸ”¢ Test Case ID: TC-182)<br/>

ğŸŒ Test Environment:
ğŸ–¥ï¸ OS: Windows 11 10.0
â˜• Java Version: 23.0.1
ğŸŒ Browser: chrome 134.0.6998.118
<br/>
âœ… Test PASSED: verifyCartIconUpdatesCount (Duration: 7293ms)<br/>
<br><img src='E:/Folder/Galal/Courses/Digital Egypt Pioneers Initiative (DEPI) - Software Testing/DEPI Software Tester Graduation Project/automation-framework/reports/screenshots\TC-182\TC-182_screenshot.png' height='300' width='400'/><br><br/>
</div>
</td>
<td></td>
<td>7</td>
<td>tests.ui.CartTest@62435e70</td></tr>
<tr>
<td title='tests.ui.CartTest.verifyCartPersistence()'><b>verifyCartPersistence</b><br>Test class: tests.ui.CartTest<br>Test method: TC-015<br/>
<a href="#Output-1748574267" onClick='toggleBox("Output-1748574267", this, "Show output", "Hide output");'>Show output</a>

<a href="#Output-1748574267" onClick="toggleAllBoxes();">Show all outputs</a>
<div class='log' id="Output-1748574267">
ğŸŸ¢ Test Started: verifyCartPersistence (ğŸ”¢ Test Case ID: TC-015)<br/>

ğŸŒ Test Environment:
ğŸ–¥ï¸ OS: Windows 11 10.0
â˜• Java Version: 23.0.1
ğŸŒ Browser: chrome 134.0.6998.118
<br/>
âœ… Test PASSED: verifyCartPersistence (Duration: 5505ms)<br/>
<br><img src='E:/Folder/Galal/Courses/Digital Egypt Pioneers Initiative (DEPI) - Software Testing/DEPI Software Tester Graduation Project/automation-framework/reports/screenshots\TC-015\TC-015_screenshot.png' height='300' width='400'/><br><br/>
</div>
</td>
<td></td>
<td>5</td>
<td>tests.ui.CartTest@62435e70</td></tr>
<tr>
<td title='tests.ui.CartTest.verifyRemoveMultipleProducts()'><b>verifyRemoveMultipleProducts</b><br>Test class: tests.ui.CartTest<br>Test method: TC-019<br/>
<a href="#Output-1553893991" onClick='toggleBox("Output-1553893991", this, "Show output", "Hide output");'>Show output</a>

<a href="#Output-1553893991" onClick="toggleAllBoxes();">Show all outputs</a>
<div class='log' id="Output-1553893991">
ğŸŸ¢ Test Started: verifyRemoveMultipleProducts (ğŸ”¢ Test Case ID: TC-019)<br/>

ğŸŒ Test Environment:
ğŸ–¥ï¸ OS: Windows 11 10.0
â˜• Java Version: 23.0.1
ğŸŒ Browser: chrome 134.0.6998.118
<br/>
âœ… Test PASSED: verifyRemoveMultipleProducts (Duration: 35454ms)<br/>
<br><img src='E:/Folder/Galal/Courses/Digital Egypt Pioneers Initiative (DEPI) - Software Testing/DEPI Software Tester Graduation Project/automation-framework/reports/screenshots\TC-019\TC-019_screenshot.png' height='300' width='400'/><br><br/>
</div>
</td>
<td></td>
<td>35</td>
<td>tests.ui.CartTest@62435e70</td></tr>
<tr>
<td title='tests.ui.CartTest.verifyCartSummaryDisplaysCorrectPricing()'><b>verifyCartSummaryDisplaysCorrectPricing</b><br>Test class: tests.ui.CartTest<br>Test method: TC-070<br/>
<a href="#Output-1178953630" onClick='toggleBox("Output-1178953630", this, "Show output", "Hide output");'>Show output</a>

<a href="#Output-1178953630" onClick="toggleAllBoxes();">Show all outputs</a>
<div class='log' id="Output-1178953630">
ğŸŸ¢ Test Started: verifyCartSummaryDisplaysCorrectPricing (ğŸ”¢ Test Case ID: TC-070)<br/>

ğŸŒ Test Environment:
ğŸ–¥ï¸ OS: Windows 11 10.0
â˜• Java Version: 23.0.1
ğŸŒ Browser: chrome 134.0.6998.118
<br/>
âœ… Test PASSED: verifyCartSummaryDisplaysCorrectPricing (Duration: 10578ms)<br/>
<br><img src='E:/Folder/Galal/Courses/Digital Egypt Pioneers Initiative (DEPI) - Software Testing/DEPI Software Tester Graduation Project/automation-framework/reports/screenshots\TC-070\TC-070_screenshot.png' height='300' width='400'/><br><br/>
</div>
</td>
<td></td>
<td>10</td>
<td>tests.ui.CartTest@62435e70</td></tr>
<tr>
<td title='tests.ui.CartTest.verifyAddMultipleProductsToCart()'><b>verifyAddMultipleProductsToCart</b><br>Test class: tests.ui.CartTest<br>Test method: TC-018<br/>
<a href="#Output-261925632" onClick='toggleBox("Output-261925632", this, "Show output", "Hide output");'>Show output</a>

<a href="#Output-261925632" onClick="toggleAllBoxes();">Show all outputs</a>
<div class='log' id="Output-261925632">
ğŸŸ¢ Test Started: verifyAddMultipleProductsToCart (ğŸ”¢ Test Case ID: TC-018)<br/>

ğŸŒ Test Environment:
ğŸ–¥ï¸ OS: Windows 11 10.0
â˜• Java Version: 23.0.1
ğŸŒ Browser: chrome 134.0.6998.118
<br/>
âœ… Test PASSED: verifyAddMultipleProductsToCart (Duration: 19355ms)<br/>
<br><img src='E:/Folder/Galal/Courses/Digital Egypt Pioneers Initiative (DEPI) - Software Testing/DEPI Software Tester Graduation Project/automation-framework/reports/screenshots\TC-018\TC-018_screenshot.png' height='300' width='400'/><br><br/>
</div>
</td>
<td></td>
<td>19</td>
<td>tests.ui.CartTest@62435e70</td></tr>
<tr>
<td title='tests.ui.CartTest.verifyUpdateProductQuantity()'><b>verifyUpdateProductQuantity</b><br>Test class: tests.ui.CartTest<br>Test method: TC-068<br/>
<a href="#Output-995991728" onClick='toggleBox("Output-995991728", this, "Show output", "Hide output");'>Show output</a>

<a href="#Output-995991728" onClick="toggleAllBoxes();">Show all outputs</a>
<div class='log' id="Output-995991728">
ğŸŸ¢ Test Started: verifyUpdateProductQuantity (ğŸ”¢ Test Case ID: TC-068)<br/>

ğŸŒ Test Environment:
ğŸ–¥ï¸ OS: Windows 11 10.0
â˜• Java Version: 23.0.1
ğŸŒ Browser: chrome 134.0.6998.118
<br/>
âœ… Test PASSED: verifyUpdateProductQuantity (Duration: 21537ms)<br/>
<br><img src='E:/Folder/Galal/Courses/Digital Egypt Pioneers Initiative (DEPI) - Software Testing/DEPI Software Tester Graduation Project/automation-framework/reports/screenshots\TC-068\TC-068_screenshot.png' height='300' width='400'/><br><br/>
</div>
</td>
<td></td>
<td>21</td>
<td>tests.ui.CartTest@62435e70</td></tr>
<tr>
<td title='tests.ui.CartTest.verifyAddToWishlist()'><b>verifyAddToWishlist</b><br>Test class: tests.ui.CartTest<br>Test method: TC-079<br/>
<a href="#Output-1252165500" onClick='toggleBox("Output-1252165500", this, "Show output", "Hide output");'>Show output</a>

<a href="#Output-1252165500" onClick="toggleAllBoxes();">Show all outputs</a>
<div class='log' id="Output-1252165500">
ğŸŸ¢ Test Started: verifyAddToWishlist (ğŸ”¢ Test Case ID: TC-079)<br/>

ğŸŒ Test Environment:
ğŸ–¥ï¸ OS: Windows 11 10.0
â˜• Java Version: 23.0.1
ğŸŒ Browser: chrome 134.0.6998.118
<br/>
âœ… Test PASSED: verifyAddToWishlist (Duration: 15958ms)<br/>
<br><img src='E:/Folder/Galal/Courses/Digital Egypt Pioneers Initiative (DEPI) - Software Testing/DEPI Software Tester Graduation Project/automation-framework/reports/screenshots\TC-079\TC-079_screenshot.png' height='300' width='400'/><br><br/>
</div>
</td>
<td></td>
<td>15</td>
<td>tests.ui.CartTest@62435e70</td></tr>
<tr>
<td title='tests.ui.CartTest.verifyEmptyCartMessage()'><b>verifyEmptyCartMessage</b><br>Test class: tests.ui.CartTest<br>Test method: TC-077<br/>
<a href="#Output-1732538491" onClick='toggleBox("Output-1732538491", this, "Show output", "Hide output");'>Show output</a>

<a href="#Output-1732538491" onClick="toggleAllBoxes();">Show all outputs</a>
<div class='log' id="Output-1732538491">
ğŸŸ¢ Test Started: verifyEmptyCartMessage (ğŸ”¢ Test Case ID: TC-077)<br/>

ğŸŒ Test Environment:
ğŸ–¥ï¸ OS: Windows 11 10.0
â˜• Java Version: 23.0.1
ğŸŒ Browser: chrome 134.0.6998.118
<br/>
âœ… Test PASSED: verifyEmptyCartMessage (Duration: 1913ms)<br/>
<br><img src='E:/Folder/Galal/Courses/Digital Egypt Pioneers Initiative (DEPI) - Software Testing/DEPI Software Tester Graduation Project/automation-framework/reports/screenshots\TC-077\TC-077_screenshot.png' height='300' width='400'/><br><br/>
</div>
</td>
<td></td>
<td>1</td>
<td>tests.ui.CartTest@62435e70</td></tr>
</table><p>
<table width='100%' border='1' class='invocation-skipped'>
<tr><td colspan='4' align='center'><b>SKIPPED TESTS</b></td></tr>
<tr><td><b>Test method</b></td>
<td><b>Attribute(s)</b></td>
<td width="30%"><b>Exception</b></td>
<td width="10%"><b>Time (seconds)</b></td>
<td><b>Instance</b></td>
</tr>
<tr>
<td title='tests.ui.CartTest.verifyValidPromoCodeBlocked()'><b>verifyValidPromoCodeBlocked</b><br>Test class: tests.ui.CartTest<br>Test method: TC-071<br/>
<a href="#Output-1594722615" onClick='toggleBox("Output-1594722615", this, "Show output", "Hide output");'>Show output</a>

<a href="#Output-1594722615" onClick="toggleAllBoxes();">Show all outputs</a>
<div class='log' id="Output-1594722615">
ğŸŸ¢ Test Started: verifyValidPromoCodeBlocked (ğŸ”¢ Test Case ID: TC-071)<br/>

ğŸŒ Test Environment:
ğŸ–¥ï¸ OS: Windows 11 10.0
â˜• Java Version: 23.0.1
ğŸŒ Browser: chrome 134.0.6998.118
<br/>
âš ï¸ Test SKIPPED: verifyValidPromoCodeBlocked<br/>
<br><img src='E:/Folder/Galal/Courses/Digital Egypt Pioneers Initiative (DEPI) - Software Testing/DEPI Software Tester Graduation Project/automation-framework/reports/screenshots\TC-071\TC-071_screenshot.png' height='300' width='400'/><br><br/>
</div>
</td>
<td><div><pre>org.testng.SkipException: Blocked: No active promo codes available for testing.
	at tests.ui.CartTest.verifyValidPromoCodeBlocked(CartTest.java:301)
	at java.base/java.util.ArrayList.forEach(ArrayList.java:1597)
... Removed 30 stack frames</pre></div><a href='#' onClick='toggleBox("stack-trace1594722615", this, "Click to show all stack frames", "Click to hide stack frames")'>Click to show all stack frames</a>
<div class='stack-trace' id='stack-trace1594722615'><pre>org.testng.SkipException: Blocked: No active promo codes available for testing.
	at tests.ui.CartTest.verifyValidPromoCodeBlocked(CartTest.java:301)
	at java.base/jdk.internal.reflect.DirectMethodHandleAccessor.invoke(DirectMethodHandleAccessor.java:103)
	at java.base/java.lang.reflect.Method.invoke(Method.java:580)
	at org.testng.internal.invokers.MethodInvocationHelper.invokeMethod(MethodInvocationHelper.java:141)
	at org.testng.internal.invokers.TestInvoker.invokeMethod(TestInvoker.java:687)
	at org.testng.internal.invokers.TestInvoker.invokeTestMethod(TestInvoker.java:230)
	at org.testng.internal.invokers.MethodRunner.runInSequence(MethodRunner.java:63)
	at org.testng.internal.invokers.TestInvoker$MethodInvocationAgent.invoke(TestInvoker.java:995)
	at org.testng.internal.invokers.TestInvoker.invokeTestMethods(TestInvoker.java:203)
	at org.testng.internal.invokers.TestMethodWorker.invokeTestMethods(TestMethodWorker.java:154)
	at org.testng.internal.invokers.TestMethodWorker.run(TestMethodWorker.java:134)
	at java.base/java.util.ArrayList.forEach(ArrayList.java:1597)
	at org.testng.TestRunner.privateRun(TestRunner.java:741)
	at org.testng.TestRunner.run(TestRunner.java:616)
	at org.testng.SuiteRunner.runTest(SuiteRunner.java:421)
	at org.testng.SuiteRunner.runSequentially(SuiteRunner.java:413)
	at org.testng.SuiteRunner.privateRun(SuiteRunner.java:373)
	at org.testng.SuiteRunner.run(SuiteRunner.java:312)
	at org.testng.SuiteRunnerWorker.runSuite(SuiteRunnerWorker.java:52)
	at org.testng.SuiteRunnerWorker.run(SuiteRunnerWorker.java:95)
	at org.testng.TestNG.runSuitesSequentially(TestNG.java:1274)
	at org.testng.TestNG.runSuitesLocally(TestNG.java:1208)
	at org.testng.TestNG.runSuites(TestNG.java:1112)
	at org.testng.TestNG.run(TestNG.java:1079)
	at org.apache.maven.surefire.testng.TestNGExecutor.run(TestNGExecutor.java:155)
	at org.apache.maven.surefire.testng.TestNGDirectoryTestSuite.executeSingleClass(TestNGDirectoryTestSuite.java:102)
	at org.apache.maven.surefire.testng.TestNGDirectoryTestSuite.execute(TestNGDirectoryTestSuite.java:91)
	at org.apache.maven.surefire.testng.TestNGProvider.invoke(TestNGProvider.java:137)
	at org.apache.maven.surefire.booter.ForkedBooter.runSuitesInProcess(ForkedBooter.java:385)
	at org.apache.maven.surefire.booter.ForkedBooter.execute(ForkedBooter.java:162)
	at org.apache.maven.surefire.booter.ForkedBooter.run(ForkedBooter.java:507)
	at org.apache.maven.surefire.booter.ForkedBooter.main(ForkedBooter.java:495)
</pre></div></td>
<td>0</td>
<td>tests.ui.CartTest@62435e70</td></tr>
</table><p>
</body>
</html>