<?xml version="1.0" encoding="UTF-8"?>
<!-- Generated by org.testng.reporters.JUnitXMLReporter -->
<testsuite ignored="0" hostname="Galal" failures="0" tests="10" name="Surefire test" time="300.218" errors="0" timestamp="2025-03-23T01:23:08 EET">
  <testcase classname="tests.ui.CartTest" name="testInvalidPromoCode" time="7.164"/>
  <testcase classname="tests.ui.CartTest" name="verifyAddMultipleProductsToCart" time="19.355"/>
  <testcase classname="tests.ui.CartTest" name="verifyAddToWishlist" time="15.957"/>
  <testcase classname="tests.ui.CartTest" name="verifyCartIconUpdatesCount" time="7.293"/>
  <testcase classname="tests.ui.CartTest" name="verifyCartPersistence" time="5.505"/>
  <testcase classname="tests.ui.CartTest" name="verifyCartSummaryDisplaysCorrectPricing" time="10.577"/>
  <testcase classname="tests.ui.CartTest" name="verifyEmptyCartMessage" time="1.913"/>
  <testcase classname="tests.ui.CartTest" name="verifyRemoveMultipleProducts" time="35.454"/>
  <testcase classname="tests.ui.CartTest" name="verifyUpdateProductQuantity" time="21.537"/>
  <testcase classname="tests.ui.CartTest" name="verifyValidPromoCodeBlocked" time="0.002">
    <skipped/>
  </testcase> <!-- verifyValidPromoCodeBlocked -->
</testsuite> <!-- Surefire test -->
