<?xml version="1.0" encoding="UTF-8"?>
<!-- Generated by org.testng.reporters.JUnitXMLReporter -->
<testsuite ignored="0" hostname="Galal" failures="0" tests="7" name="Surefire test" time="352.079" errors="0" timestamp="2025-03-24T22:02:13 EET">
  <testcase classname="tests.ui.ProductPageTest" name="verifyCompareListFunctionality" time="18.188"/>
  <testcase classname="tests.ui.ProductPageTest" name="verifyProductImageGallery" time="5.037"/>
  <testcase classname="tests.ui.ProductPageTest" name="verifyProductPageLoadsCorrectly" time="7.753"/>
  <testcase classname="tests.ui.ProductPageTest" name="verifyProductReviewsAreDisplayed" time="4.714"/>
  <testcase classname="tests.ui.ProductPageTest" name="verifyProductVariationSelection" time="43.462"/>
  <testcase classname="tests.ui.ProductPageTest" name="verifyRelatedProductsAreDisplayed" time="16.499"/>
  <testcase classname="tests.ui.ProductPageTest" name="verifySocialMediaSharingTest" time="84.506"/>
</testsuite> <!-- Surefire test -->
