<!DOCTYPE html PUBLIC "-//W3C//DTD XHTML 1.1//EN" "https://www.w3.org/TR/xhtml11/DTD/xhtml11.dtd">
<html xmlns="https://www.w3.org/1999/xhtml">
<head>
<meta http-equiv="content-type" content="text/html; charset=UTF-8"/>
<title>TestNG Report</title>
<style type="text/css">table {margin-bottom:10px;border-collapse:collapse;empty-cells:show}th,td {border:1px solid #009;padding:.25em .5em}th {vertical-align:bottom}td {vertical-align:top}table a {font-weight:bold}.stripe td {background-color: #E6EBF9}.num {text-align:right}.passedodd td {background-color: #3F3}.passedeven td {background-color: #0A0}.skippedodd td {background-color: #DDD}.skippedeven td {background-color: #CCC}.failedodd td,.attn {background-color: #F33}.failedeven td,.stripe .attn {background-color: #D00}.stacktrace {white-space:pre;font-family:monospace}.totop {font-size:85%;text-align:center;border-bottom:2px solid #000}.invisible {display:none}</style>
</head>
<body>
<table>
<tr><th>Test</th><th># Passed</th><th># Skipped</th><th># Retried</th><th># Failed</th><th>Time (ms)</th><th>Included Groups</th><th>Excluded Groups</th></tr>
<tr><th colspan="8">EcomFunctionalTestSuite</th></tr>
<tr><td><a href="#t0">EcomUIRegressionTest</a></td><td class="num">28</td><td class="num">0</td><td class="num">0</td><td class="num attn">3</td><td class="num">1,376,005</td><td></td><td></td></tr>
</table>
<table id='summary'><thead><tr><th>Class</th><th>Method</th><th>Start</th><th>Time (ms)</th></tr></thead><tbody><tr><th colspan="4">EcomFunctionalTestSuite</th></tr></tbody><tbody id="t0"><tr><th colspan="4">EcomUIRegressionTest &#8212; failed</th></tr><tr class="failedeven"><td rowspan="3">tests.ui.PaymentsTest</td><td><a href="#m0">verifyAvailablePaymentMethods</a></td><td rowspan="1">1742296167896</td><td rowspan="1">20951</td></tr><tr class="failedeven"><td><a href="#m1">verifyDuplicatePaymentPrevention</a></td><td rowspan="1">1742296211598</td><td rowspan="1">26993</td></tr><tr class="failedeven"><td><a href="#m2">verifyPaymentFailsWithInsufficientFunds</a></td><td rowspan="1">1742296311286</td><td rowspan="1">58794</td></tr><tr><th colspan="4">EcomUIRegressionTest &#8212; passed</th></tr><tr class="passedeven"><td rowspan="3">tests.ui.CartTest</td><td><a href="#m3">testAddMultipleProductsToCart</a></td><td rowspan="1">1742295600855</td><td rowspan="1">26325</td></tr><tr class="passedeven"><td><a href="#m4">testCartPersistence</a></td><td rowspan="1">1742295649410</td><td rowspan="1">5751</td></tr><tr class="passedeven"><td><a href="#m5">verifyRemoveMultipleProducts</a></td><td rowspan="1">1742295677425</td><td rowspan="1">40814</td></tr><tr class="passedodd"><td rowspan="7">tests.ui.CheckoutTest</td><td><a href="#m6">testCheckoutProcessAsUser</a></td><td rowspan="1">1742295740353</td><td rowspan="1">33579</td></tr><tr class="passedodd"><td><a href="#m7">verifyCheckoutPageLoads</a></td><td rowspan="1">1742295796095</td><td rowspan="1">16607</td></tr><tr class="passedodd"><td><a href="#m8">verifyCheckoutProcessAsGuest</a></td><td rowspan="1">1742295834619</td><td rowspan="1">37169</td></tr><tr class="passedodd"><td><a href="#m9">verifyDifferentPaymentOptionsAreAvailable</a></td><td rowspan="1">1742295894739</td><td rowspan="1">24557</td></tr><tr class="passedodd"><td><a href="#m10">verifyInvalidAddressPreventsCheckout</a></td><td rowspan="1">1742295941205</td><td rowspan="1">29168</td></tr><tr class="passedodd"><td><a href="#m11">verifyOrderIsGenerated</a></td><td rowspan="1">1742295992214</td><td rowspan="1">28851</td></tr><tr class="passedodd"><td><a href="#m12">verifyOrderSummaryDisplaysCorrectInfo</a></td><td rowspan="1">1742296042879</td><td rowspan="1">31815</td></tr><tr class="passedeven"><td rowspan="2">tests.ui.HomePageTest</td><td><a href="#m13">verifyHeaderLinks</a></td><td rowspan="1">1742296097338</td><td rowspan="1">21077</td></tr><tr class="passedeven"><td><a href="#m14">verifyHomePageLoads</a></td><td rowspan="1">1742296140659</td><td rowspan="1">839</td></tr><tr class="passedodd"><td rowspan="2">tests.ui.PaymentsTest</td><td><a href="#m15">verifyExpiredPaymentMethod</a></td><td rowspan="1">1742296261263</td><td rowspan="1">27167</td></tr><tr class="passedodd"><td><a href="#m16">verifyPaymentViaCreditCard</a></td><td rowspan="1">1742296392554</td><td rowspan="1">32959</td></tr><tr class="passedeven"><td rowspan="6">tests.ui.ProductPageTest</td><td><a href="#m17">verifyCompareListFunctionality</a></td><td rowspan="1">1742296449219</td><td rowspan="1">56855</td></tr><tr class="passedeven"><td><a href="#m18">verifyProductImageGallery</a></td><td rowspan="1">1742296527893</td><td rowspan="1">13745</td></tr><tr class="passedeven"><td><a href="#m19">verifyProductPageLoadsCorrectly</a></td><td rowspan="1">1742296564748</td><td rowspan="1">5954</td></tr><tr class="passedeven"><td><a href="#m20">verifyProductReviewsAreDisplayed</a></td><td rowspan="1">1742296593155</td><td rowspan="1">12629</td></tr><tr class="passedeven"><td><a href="#m21">verifyProductVariationSelection</a></td><td rowspan="1">1742296627046</td><td rowspan="1">28279</td></tr><tr class="passedeven"><td><a href="#m22">verifyRelatedProductsAreDisplayed</a></td><td rowspan="1">1742296677305</td><td rowspan="1">16537</td></tr><tr class="passedodd"><td rowspan="8">tests.ui.SearchTest</td><td><a href="#m23">verifyAutoSuggestionsInSearchBar</a></td><td rowspan="1">1742296715912</td><td rowspan="1">4823</td></tr><tr class="passedodd"><td><a href="#m24">verifyClearingFilters</a></td><td rowspan="1">1742296743011</td><td rowspan="1">17793</td></tr><tr class="passedodd"><td><a href="#m25">verifyFilteringByManufacturer</a></td><td rowspan="1">1742296783626</td><td rowspan="1">15310</td></tr><tr class="passedodd"><td><a href="#m26">verifyInvalidSearchTerm</a></td><td rowspan="1">1742296820760</td><td rowspan="1">7268</td></tr><tr class="passedodd"><td><a href="#m27">verifyPaginationInSearchResults</a></td><td rowspan="1">1742296850715</td><td rowspan="1">9763</td></tr><tr class="passedodd"><td><a href="#m28">verifySearchByCategory</a></td><td rowspan="1">1742296883004</td><td rowspan="1">6384</td></tr><tr class="passedodd"><td><a href="#m29">verifySearchFunctionality</a></td><td rowspan="1">1742296911409</td><td rowspan="1">5194</td></tr><tr class="passedodd"><td><a href="#m30">verifySortingOptions</a></td><td rowspan="1">1742296938323</td><td rowspan="1">15707</td></tr></tbody>
</table>
<h2>EcomUIRegressionTest</h2><h3 id="m0">tests.ui.PaymentsTest#verifyAvailablePaymentMethods</h3><table class="result"><tr><th>Messages</th></tr><tr><td><div class="messages">ğŸŸ¢ Test Started: verifyAvailablePaymentMethods (ğŸ”¢ Test Case ID: TC-083_TC-084)<br/>
ğŸŒ Test Environment:
ğŸ–¥ï¸ OS: Windows 11 10.0
â˜• Java Version: 23.0.1
ğŸŒ Browser: chrome 134.0.6998.89
<br/>âŒ Test FAILED: verifyAvailablePaymentMethods - Neither PayPal nor Cash On Delivery (COD) payment methods are available! Available methods: <br/><br><img src='E:/Folder/Galal/Courses/Digital Egypt Pioneers Initiative (DEPI) - Software Testing/DEPI Software Tester Graduation Project/automation-framework/reports/screenshots\TC-083_TC-084\TC-083_TC-084_screenshot.png' height='300' width='400'/><br></div></td></tr><tr><th>Exception</th></tr><tr><td><div class="stacktrace">java.lang.AssertionError: Neither PayPal nor Cash On Delivery (COD) payment methods are available! Available methods: 
	at tests.ui.PaymentsTest.verifyAvailablePaymentMethods(PaymentsTest.java:316)
	at java.base/java.util.ArrayList.forEach(ArrayList.java:1597)
... Removed 30 stack frames</div></td></tr></table><p class="totop"><a href="#summary">back to summary</a></p>
<h3 id="m1">tests.ui.PaymentsTest#verifyDuplicatePaymentPrevention</h3><table class="result"><tr><th>Messages</th></tr><tr><td><div class="messages">ğŸŸ¢ Test Started: verifyDuplicatePaymentPrevention (ğŸ”¢ Test Case ID: TC-088)<br/>
ğŸŒ Test Environment:
ğŸ–¥ï¸ OS: Windows 11 10.0
â˜• Java Version: 23.0.1
ğŸŒ Browser: chrome 134.0.6998.89
<br/>âŒ Test FAILED: verifyDuplicatePaymentPrevention - Duplicate payment request should have been blocked!<br/><br><img src='E:/Folder/Galal/Courses/Digital Egypt Pioneers Initiative (DEPI) - Software Testing/DEPI Software Tester Graduation Project/automation-framework/reports/screenshots\TC-088\TC-088_screenshot.png' height='300' width='400'/><br></div></td></tr><tr><th>Exception</th></tr><tr><td><div class="stacktrace">java.lang.AssertionError: Duplicate payment request should have been blocked!
	at tests.ui.PaymentsTest.verifyDuplicatePaymentPrevention(PaymentsTest.java:443)
	at java.base/java.util.ArrayList.forEach(ArrayList.java:1597)
... Removed 30 stack frames</div></td></tr></table><p class="totop"><a href="#summary">back to summary</a></p>
<h3 id="m2">tests.ui.PaymentsTest#verifyPaymentFailsWithInsufficientFunds</h3><table class="result"><tr><th>Messages</th></tr><tr><td><div class="messages">ğŸŸ¢ Test Started: verifyPaymentFailsWithInsufficientFunds (ğŸ”¢ Test Case ID: TC-095)<br/>
ğŸŒ Test Environment:
ğŸ–¥ï¸ OS: Windows 11 10.0
â˜• Java Version: 23.0.1
ğŸŒ Browser: chrome 134.0.6998.89
<br/>âŒ Test FAILED: verifyPaymentFailsWithInsufficientFunds - Transaction should have been declined due to insufficient funds, but it was processed successfully.<br/><br><img src='E:/Folder/Galal/Courses/Digital Egypt Pioneers Initiative (DEPI) - Software Testing/DEPI Software Tester Graduation Project/automation-framework/reports/screenshots\TC-095\TC-095_screenshot.png' height='300' width='400'/><br></div></td></tr><tr><th>Exception</th></tr><tr><td><div class="stacktrace">java.lang.AssertionError: Transaction should have been declined due to insufficient funds, but it was processed successfully.
	at tests.ui.PaymentsTest.verifyPaymentFailsWithInsufficientFunds(PaymentsTest.java:558)
	at java.base/java.util.ArrayList.forEach(ArrayList.java:1597)
... Removed 30 stack frames</div></td></tr></table><p class="totop"><a href="#summary">back to summary</a></p>
<h3 id="m3">tests.ui.CartTest#testAddMultipleProductsToCart</h3><table class="result"><tr><th>Messages</th></tr><tr><td><div class="messages">ğŸŸ¢ Test Started: testAddMultipleProductsToCart (ğŸ”¢ Test Case ID: TC-018)<br/>
ğŸŒ Test Environment:
ğŸ–¥ï¸ OS: Windows 11 10.0
â˜• Java Version: 23.0.1
ğŸŒ Browser: chrome 134.0.6998.89
<br/>âœ… Test PASSED: testAddMultipleProductsToCart (Duration: 26325ms)<br/><br><img src='E:/Folder/Galal/Courses/Digital Egypt Pioneers Initiative (DEPI) - Software Testing/DEPI Software Tester Graduation Project/automation-framework/reports/screenshots\TC-018\TC-018_screenshot.png' height='300' width='400'/><br></div></td></tr></table><p class="totop"><a href="#summary">back to summary</a></p>
<h3 id="m4">tests.ui.CartTest#testCartPersistence</h3><table class="result"><tr><th>Messages</th></tr><tr><td><div class="messages">ğŸŸ¢ Test Started: testCartPersistence (ğŸ”¢ Test Case ID: TC-015)<br/>
ğŸŒ Test Environment:
ğŸ–¥ï¸ OS: Windows 11 10.0
â˜• Java Version: 23.0.1
ğŸŒ Browser: chrome 134.0.6998.89
<br/>âœ… Test PASSED: testCartPersistence (Duration: 5751ms)<br/><br><img src='E:/Folder/Galal/Courses/Digital Egypt Pioneers Initiative (DEPI) - Software Testing/DEPI Software Tester Graduation Project/automation-framework/reports/screenshots\TC-015\TC-015_screenshot.png' height='300' width='400'/><br></div></td></tr></table><p class="totop"><a href="#summary">back to summary</a></p>
<h3 id="m5">tests.ui.CartTest#verifyRemoveMultipleProducts</h3><table class="result"><tr><th>Messages</th></tr><tr><td><div class="messages">ğŸŸ¢ Test Started: verifyRemoveMultipleProducts (ğŸ”¢ Test Case ID: TC-019)<br/>
ğŸŒ Test Environment:
ğŸ–¥ï¸ OS: Windows 11 10.0
â˜• Java Version: 23.0.1
ğŸŒ Browser: chrome 134.0.6998.89
<br/>âœ… Test PASSED: verifyRemoveMultipleProducts (Duration: 40813ms)<br/><br><img src='E:/Folder/Galal/Courses/Digital Egypt Pioneers Initiative (DEPI) - Software Testing/DEPI Software Tester Graduation Project/automation-framework/reports/screenshots\TC-019\TC-019_screenshot.png' height='300' width='400'/><br></div></td></tr></table><p class="totop"><a href="#summary">back to summary</a></p>
<h3 id="m6">tests.ui.CheckoutTest#testCheckoutProcessAsUser</h3><table class="result"><tr><th>Messages</th></tr><tr><td><div class="messages">ğŸŸ¢ Test Started: testCheckoutProcessAsUser (ğŸ”¢ Test Case ID: TC-073)<br/>
ğŸŒ Test Environment:
ğŸ–¥ï¸ OS: Windows 11 10.0
â˜• Java Version: 23.0.1
ğŸŒ Browser: chrome 134.0.6998.89
<br/>âœ… Test PASSED: testCheckoutProcessAsUser (Duration: 33579ms)<br/><br><img src='E:/Folder/Galal/Courses/Digital Egypt Pioneers Initiative (DEPI) - Software Testing/DEPI Software Tester Graduation Project/automation-framework/reports/screenshots\TC-073\TC-073_screenshot.png' height='300' width='400'/><br></div></td></tr></table><p class="totop"><a href="#summary">back to summary</a></p>
<h3 id="m7">tests.ui.CheckoutTest#verifyCheckoutPageLoads</h3><table class="result"><tr><th>Messages</th></tr><tr><td><div class="messages">ğŸŸ¢ Test Started: verifyCheckoutPageLoads (ğŸ”¢ Test Case ID: TC-004)<br/>
ğŸŒ Test Environment:
ğŸ–¥ï¸ OS: Windows 11 10.0
â˜• Java Version: 23.0.1
ğŸŒ Browser: chrome 134.0.6998.89
<br/>âœ… Test PASSED: verifyCheckoutPageLoads (Duration: 16607ms)<br/><br><img src='E:/Folder/Galal/Courses/Digital Egypt Pioneers Initiative (DEPI) - Software Testing/DEPI Software Tester Graduation Project/automation-framework/reports/screenshots\TC-004\TC-004_screenshot.png' height='300' width='400'/><br></div></td></tr></table><p class="totop"><a href="#summary">back to summary</a></p>
<h3 id="m8">tests.ui.CheckoutTest#verifyCheckoutProcessAsGuest</h3><table class="result"><tr><th>Messages</th></tr><tr><td><div class="messages">ğŸŸ¢ Test Started: verifyCheckoutProcessAsGuest (ğŸ”¢ Test Case ID: TC-005_TC-006_TC-072)<br/>
ğŸŒ Test Environment:
ğŸ–¥ï¸ OS: Windows 11 10.0
â˜• Java Version: 23.0.1
ğŸŒ Browser: chrome 134.0.6998.89
<br/>âœ… Test PASSED: verifyCheckoutProcessAsGuest (Duration: 37169ms)<br/><br><img src='E:/Folder/Galal/Courses/Digital Egypt Pioneers Initiative (DEPI) - Software Testing/DEPI Software Tester Graduation Project/automation-framework/reports/screenshots\TC-005_TC-006_TC-072\TC-005_TC-006_TC-072_screenshot.png' height='300' width='400'/><br></div></td></tr></table><p class="totop"><a href="#summary">back to summary</a></p>
<h3 id="m9">tests.ui.CheckoutTest#verifyDifferentPaymentOptionsAreAvailable</h3><table class="result"><tr><th>Messages</th></tr><tr><td><div class="messages">ğŸŸ¢ Test Started: verifyDifferentPaymentOptionsAreAvailable (ğŸ”¢ Test Case ID: TC-189)<br/>
ğŸŒ Test Environment:
ğŸ–¥ï¸ OS: Windows 11 10.0
â˜• Java Version: 23.0.1
ğŸŒ Browser: chrome 134.0.6998.89
<br/>âœ… Test PASSED: verifyDifferentPaymentOptionsAreAvailable (Duration: 24557ms)<br/><br><img src='E:/Folder/Galal/Courses/Digital Egypt Pioneers Initiative (DEPI) - Software Testing/DEPI Software Tester Graduation Project/automation-framework/reports/screenshots\TC-189\TC-189_screenshot.png' height='300' width='400'/><br></div></td></tr></table><p class="totop"><a href="#summary">back to summary</a></p>
<h3 id="m10">tests.ui.CheckoutTest#verifyInvalidAddressPreventsCheckout</h3><table class="result"><tr><th>Messages</th></tr><tr><td><div class="messages">ğŸŸ¢ Test Started: verifyInvalidAddressPreventsCheckout (ğŸ”¢ Test Case ID: TC-080)<br/>
ğŸŒ Test Environment:
ğŸ–¥ï¸ OS: Windows 11 10.0
â˜• Java Version: 23.0.1
ğŸŒ Browser: chrome 134.0.6998.89
<br/>âœ… Test PASSED: verifyInvalidAddressPreventsCheckout (Duration: 29168ms)<br/><br><img src='E:/Folder/Galal/Courses/Digital Egypt Pioneers Initiative (DEPI) - Software Testing/DEPI Software Tester Graduation Project/automation-framework/reports/screenshots\TC-080\TC-080_screenshot.png' height='300' width='400'/><br></div></td></tr></table><p class="totop"><a href="#summary">back to summary</a></p>
<h3 id="m11">tests.ui.CheckoutTest#verifyOrderIsGenerated</h3><table class="result"><tr><th>Messages</th></tr><tr><td><div class="messages">ğŸŸ¢ Test Started: verifyOrderIsGenerated (ğŸ”¢ Test Case ID: TC-081)<br/>
ğŸŒ Test Environment:
ğŸ–¥ï¸ OS: Windows 11 10.0
â˜• Java Version: 23.0.1
ğŸŒ Browser: chrome 134.0.6998.89
<br/>âœ… Test PASSED: verifyOrderIsGenerated (Duration: 28851ms)<br/><br><img src='E:/Folder/Galal/Courses/Digital Egypt Pioneers Initiative (DEPI) - Software Testing/DEPI Software Tester Graduation Project/automation-framework/reports/screenshots\TC-081\TC-081_screenshot.png' height='300' width='400'/><br></div></td></tr></table><p class="totop"><a href="#summary">back to summary</a></p>
<h3 id="m12">tests.ui.CheckoutTest#verifyOrderSummaryDisplaysCorrectInfo</h3><table class="result"><tr><th>Messages</th></tr><tr><td><div class="messages">ğŸŸ¢ Test Started: verifyOrderSummaryDisplaysCorrectInfo (ğŸ”¢ Test Case ID: TC-187)<br/>
ğŸŒ Test Environment:
ğŸ–¥ï¸ OS: Windows 11 10.0
â˜• Java Version: 23.0.1
ğŸŒ Browser: chrome 134.0.6998.89
<br/>âœ… Test PASSED: verifyOrderSummaryDisplaysCorrectInfo (Duration: 31815ms)<br/><br><img src='E:/Folder/Galal/Courses/Digital Egypt Pioneers Initiative (DEPI) - Software Testing/DEPI Software Tester Graduation Project/automation-framework/reports/screenshots\TC-187\TC-187_screenshot.png' height='300' width='400'/><br></div></td></tr></table><p class="totop"><a href="#summary">back to summary</a></p>
<h3 id="m13">tests.ui.HomePageTest#verifyHeaderLinks</h3><table class="result"><tr><th>Messages</th></tr><tr><td><div class="messages">ğŸŸ¢ Test Started: verifyHeaderLinks (ğŸ”¢ Test Case ID: TC-342)<br/>
ğŸŒ Test Environment:
ğŸ–¥ï¸ OS: Windows 11 10.0
â˜• Java Version: 23.0.1
ğŸŒ Browser: chrome 134.0.6998.89
<br/>âœ… Test PASSED: verifyHeaderLinks (Duration: 21077ms)<br/><br><img src='E:/Folder/Galal/Courses/Digital Egypt Pioneers Initiative (DEPI) - Software Testing/DEPI Software Tester Graduation Project/automation-framework/reports/screenshots\TC-342\TC-342_screenshot.png' height='300' width='400'/><br></div></td></tr></table><p class="totop"><a href="#summary">back to summary</a></p>
<h3 id="m14">tests.ui.HomePageTest#verifyHomePageLoads</h3><table class="result"><tr><th>Messages</th></tr><tr><td><div class="messages">ğŸŸ¢ Test Started: verifyHomePageLoads (ğŸ”¢ Test Case ID: TC-001)<br/>
ğŸŒ Test Environment:
ğŸ–¥ï¸ OS: Windows 11 10.0
â˜• Java Version: 23.0.1
ğŸŒ Browser: chrome 134.0.6998.89
<br/>âœ… Test PASSED: verifyHomePageLoads (Duration: 839ms)<br/><br><img src='E:/Folder/Galal/Courses/Digital Egypt Pioneers Initiative (DEPI) - Software Testing/DEPI Software Tester Graduation Project/automation-framework/reports/screenshots\TC-001\TC-001_screenshot.png' height='300' width='400'/><br></div></td></tr></table><p class="totop"><a href="#summary">back to summary</a></p>
<h3 id="m15">tests.ui.PaymentsTest#verifyExpiredPaymentMethod</h3><table class="result"><tr><th>Messages</th></tr><tr><td><div class="messages">ğŸŸ¢ Test Started: verifyExpiredPaymentMethod (ğŸ”¢ Test Case ID: TC-012)<br/>
ğŸŒ Test Environment:
ğŸ–¥ï¸ OS: Windows 11 10.0
â˜• Java Version: 23.0.1
ğŸŒ Browser: chrome 134.0.6998.89
<br/>âœ… Test PASSED: verifyExpiredPaymentMethod (Duration: 27167ms)<br/><br><img src='E:/Folder/Galal/Courses/Digital Egypt Pioneers Initiative (DEPI) - Software Testing/DEPI Software Tester Graduation Project/automation-framework/reports/screenshots\TC-012\TC-012_screenshot.png' height='300' width='400'/><br></div></td></tr></table><p class="totop"><a href="#summary">back to summary</a></p>
<h3 id="m16">tests.ui.PaymentsTest#verifyPaymentViaCreditCard</h3><table class="result"><tr><th>Messages</th></tr><tr><td><div class="messages">ğŸŸ¢ Test Started: verifyPaymentViaCreditCard (ğŸ”¢ Test Case ID: TC-082)<br/>
ğŸŒ Test Environment:
ğŸ–¥ï¸ OS: Windows 11 10.0
â˜• Java Version: 23.0.1
ğŸŒ Browser: chrome 134.0.6998.89
<br/>âœ… Test PASSED: verifyPaymentViaCreditCard (Duration: 32959ms)<br/><br><img src='E:/Folder/Galal/Courses/Digital Egypt Pioneers Initiative (DEPI) - Software Testing/DEPI Software Tester Graduation Project/automation-framework/reports/screenshots\TC-082\TC-082_screenshot.png' height='300' width='400'/><br></div></td></tr></table><p class="totop"><a href="#summary">back to summary</a></p>
<h3 id="m17">tests.ui.ProductPageTest#verifyCompareListFunctionality</h3><table class="result"><tr><th>Messages</th></tr><tr><td><div class="messages">ğŸŸ¢ Test Started: verifyCompareListFunctionality (ğŸ”¢ Test Case ID: TC-199)<br/>
ğŸŒ Test Environment:
ğŸ–¥ï¸ OS: Windows 11 10.0
â˜• Java Version: 23.0.1
ğŸŒ Browser: chrome 134.0.6998.89
<br/>âœ… Test PASSED: verifyCompareListFunctionality (Duration: 56855ms)<br/><br><img src='E:/Folder/Galal/Courses/Digital Egypt Pioneers Initiative (DEPI) - Software Testing/DEPI Software Tester Graduation Project/automation-framework/reports/screenshots\TC-199\TC-199_screenshot.png' height='300' width='400'/><br></div></td></tr></table><p class="totop"><a href="#summary">back to summary</a></p>
<h3 id="m18">tests.ui.ProductPageTest#verifyProductImageGallery</h3><table class="result"><tr><th>Messages</th></tr><tr><td><div class="messages">ğŸŸ¢ Test Started: verifyProductImageGallery (ğŸ”¢ Test Case ID: TC-179)<br/>
ğŸŒ Test Environment:
ğŸ–¥ï¸ OS: Windows 11 10.0
â˜• Java Version: 23.0.1
ğŸŒ Browser: chrome 134.0.6998.89
<br/>âœ… Test PASSED: verifyProductImageGallery (Duration: 13745ms)<br/><br><img src='E:/Folder/Galal/Courses/Digital Egypt Pioneers Initiative (DEPI) - Software Testing/DEPI Software Tester Graduation Project/automation-framework/reports/screenshots\TC-179\TC-179_screenshot.png' height='300' width='400'/><br></div></td></tr></table><p class="totop"><a href="#summary">back to summary</a></p>
<h3 id="m19">tests.ui.ProductPageTest#verifyProductPageLoadsCorrectly</h3><table class="result"><tr><th>Messages</th></tr><tr><td><div class="messages">ğŸŸ¢ Test Started: verifyProductPageLoadsCorrectly (ğŸ”¢ Test Case ID: TC-003)<br/>
ğŸŒ Test Environment:
ğŸ–¥ï¸ OS: Windows 11 10.0
â˜• Java Version: 23.0.1
ğŸŒ Browser: chrome 134.0.6998.89
<br/>âœ… Test PASSED: verifyProductPageLoadsCorrectly (Duration: 5955ms)<br/><br><img src='E:/Folder/Galal/Courses/Digital Egypt Pioneers Initiative (DEPI) - Software Testing/DEPI Software Tester Graduation Project/automation-framework/reports/screenshots\TC-003\TC-003_screenshot.png' height='300' width='400'/><br></div></td></tr></table><p class="totop"><a href="#summary">back to summary</a></p>
<h3 id="m20">tests.ui.ProductPageTest#verifyProductReviewsAreDisplayed</h3><table class="result"><tr><th>Messages</th></tr><tr><td><div class="messages">ğŸŸ¢ Test Started: verifyProductReviewsAreDisplayed (ğŸ”¢ Test Case ID: TC-180)<br/>
ğŸŒ Test Environment:
ğŸ–¥ï¸ OS: Windows 11 10.0
â˜• Java Version: 23.0.1
ğŸŒ Browser: chrome 134.0.6998.89
<br/>âœ… Test PASSED: verifyProductReviewsAreDisplayed (Duration: 12629ms)<br/><br><img src='E:/Folder/Galal/Courses/Digital Egypt Pioneers Initiative (DEPI) - Software Testing/DEPI Software Tester Graduation Project/automation-framework/reports/screenshots\TC-180\TC-180_screenshot.png' height='300' width='400'/><br></div></td></tr></table><p class="totop"><a href="#summary">back to summary</a></p>
<h3 id="m21">tests.ui.ProductPageTest#verifyProductVariationSelection</h3><table class="result"><tr><th>Messages</th></tr><tr><td><div class="messages">ğŸŸ¢ Test Started: verifyProductVariationSelection (ğŸ”¢ Test Case ID: TC-020)<br/>
ğŸŒ Test Environment:
ğŸ–¥ï¸ OS: Windows 11 10.0
â˜• Java Version: 23.0.1
ğŸŒ Browser: chrome 134.0.6998.89
<br/>âœ… Test PASSED: verifyProductVariationSelection (Duration: 28279ms)<br/><br><img src='E:/Folder/Galal/Courses/Digital Egypt Pioneers Initiative (DEPI) - Software Testing/DEPI Software Tester Graduation Project/automation-framework/reports/screenshots\TC-020\TC-020_screenshot.png' height='300' width='400'/><br></div></td></tr></table><p class="totop"><a href="#summary">back to summary</a></p>
<h3 id="m22">tests.ui.ProductPageTest#verifyRelatedProductsAreDisplayed</h3><table class="result"><tr><th>Messages</th></tr><tr><td><div class="messages">ğŸŸ¢ Test Started: verifyRelatedProductsAreDisplayed (ğŸ”¢ Test Case ID: TC-063)<br/>
ğŸŒ Test Environment:
ğŸ–¥ï¸ OS: Windows 11 10.0
â˜• Java Version: 23.0.1
ğŸŒ Browser: chrome 134.0.6998.89
<br/>âœ… Test PASSED: verifyRelatedProductsAreDisplayed (Duration: 16537ms)<br/><br><img src='E:/Folder/Galal/Courses/Digital Egypt Pioneers Initiative (DEPI) - Software Testing/DEPI Software Tester Graduation Project/automation-framework/reports/screenshots\TC-063\TC-063_screenshot.png' height='300' width='400'/><br></div></td></tr></table><p class="totop"><a href="#summary">back to summary</a></p>
<h3 id="m23">tests.ui.SearchTest#verifyAutoSuggestionsInSearchBar</h3><table class="result"><tr><th>Messages</th></tr><tr><td><div class="messages">ğŸŸ¢ Test Started: verifyAutoSuggestionsInSearchBar (ğŸ”¢ Test Case ID: TC-051)<br/>
ğŸŒ Test Environment:
ğŸ–¥ï¸ OS: Windows 11 10.0
â˜• Java Version: 23.0.1
ğŸŒ Browser: chrome 134.0.6998.89
<br/>âœ… Test PASSED: verifyAutoSuggestionsInSearchBar (Duration: 4823ms)<br/><br><img src='E:/Folder/Galal/Courses/Digital Egypt Pioneers Initiative (DEPI) - Software Testing/DEPI Software Tester Graduation Project/automation-framework/reports/screenshots\TC-051\TC-051_screenshot.png' height='300' width='400'/><br></div></td></tr></table><p class="totop"><a href="#summary">back to summary</a></p>
<h3 id="m24">tests.ui.SearchTest#verifyClearingFilters</h3><table class="result"><tr><th>Messages</th></tr><tr><td><div class="messages">ğŸŸ¢ Test Started: verifyClearingFilters (ğŸ”¢ Test Case ID: TC-050)<br/>
ğŸŒ Test Environment:
ğŸ–¥ï¸ OS: Windows 11 10.0
â˜• Java Version: 23.0.1
ğŸŒ Browser: chrome 134.0.6998.89
<br/>âœ… Test PASSED: verifyClearingFilters (Duration: 17793ms)<br/><br><img src='E:/Folder/Galal/Courses/Digital Egypt Pioneers Initiative (DEPI) - Software Testing/DEPI Software Tester Graduation Project/automation-framework/reports/screenshots\TC-050\TC-050_screenshot.png' height='300' width='400'/><br></div></td></tr></table><p class="totop"><a href="#summary">back to summary</a></p>
<h3 id="m25">tests.ui.SearchTest#verifyFilteringByManufacturer</h3><table class="result"><tr><th>Messages</th></tr><tr><td><div class="messages">ğŸŸ¢ Test Started: verifyFilteringByManufacturer (ğŸ”¢ Test Case ID: TC-044)<br/>
ğŸŒ Test Environment:
ğŸ–¥ï¸ OS: Windows 11 10.0
â˜• Java Version: 23.0.1
ğŸŒ Browser: chrome 134.0.6998.89
<br/>âœ… Test PASSED: verifyFilteringByManufacturer (Duration: 15310ms)<br/><br><img src='E:/Folder/Galal/Courses/Digital Egypt Pioneers Initiative (DEPI) - Software Testing/DEPI Software Tester Graduation Project/automation-framework/reports/screenshots\TC-044\TC-044_screenshot.png' height='300' width='400'/><br></div></td></tr></table><p class="totop"><a href="#summary">back to summary</a></p>
<h3 id="m26">tests.ui.SearchTest#verifyInvalidSearchTerm</h3><table class="result"><tr><th>Messages</th></tr><tr><td><div class="messages">ğŸŸ¢ Test Started: verifyInvalidSearchTerm (ğŸ”¢ Test Case ID: TC-048)<br/>
ğŸŒ Test Environment:
ğŸ–¥ï¸ OS: Windows 11 10.0
â˜• Java Version: 23.0.1
ğŸŒ Browser: chrome 134.0.6998.89
<br/>âœ… Test PASSED: verifyInvalidSearchTerm (Duration: 7268ms)<br/><br><img src='E:/Folder/Galal/Courses/Digital Egypt Pioneers Initiative (DEPI) - Software Testing/DEPI Software Tester Graduation Project/automation-framework/reports/screenshots\TC-048\TC-048_screenshot.png' height='300' width='400'/><br></div></td></tr></table><p class="totop"><a href="#summary">back to summary</a></p>
<h3 id="m27">tests.ui.SearchTest#verifyPaginationInSearchResults</h3><table class="result"><tr><th>Messages</th></tr><tr><td><div class="messages">ğŸŸ¢ Test Started: verifyPaginationInSearchResults (ğŸ”¢ Test Case ID: TC-042)<br/>
ğŸŒ Test Environment:
ğŸ–¥ï¸ OS: Windows 11 10.0
â˜• Java Version: 23.0.1
ğŸŒ Browser: chrome 134.0.6998.89
<br/>âœ… Test PASSED: verifyPaginationInSearchResults (Duration: 9763ms)<br/><br><img src='E:/Folder/Galal/Courses/Digital Egypt Pioneers Initiative (DEPI) - Software Testing/DEPI Software Tester Graduation Project/automation-framework/reports/screenshots\TC-042\TC-042_screenshot.png' height='300' width='400'/><br></div></td></tr></table><p class="totop"><a href="#summary">back to summary</a></p>
<h3 id="m28">tests.ui.SearchTest#verifySearchByCategory</h3><table class="result"><tr><th>Messages</th></tr><tr><td><div class="messages">ğŸŸ¢ Test Started: verifySearchByCategory (ğŸ”¢ Test Case ID: TC-038)<br/>
ğŸŒ Test Environment:
ğŸ–¥ï¸ OS: Windows 11 10.0
â˜• Java Version: 23.0.1
ğŸŒ Browser: chrome 134.0.6998.89
<br/>âœ… Test PASSED: verifySearchByCategory (Duration: 6384ms)<br/><br><img src='E:/Folder/Galal/Courses/Digital Egypt Pioneers Initiative (DEPI) - Software Testing/DEPI Software Tester Graduation Project/automation-framework/reports/screenshots\TC-038\TC-038_screenshot.png' height='300' width='400'/><br></div></td></tr></table><p class="totop"><a href="#summary">back to summary</a></p>
<h3 id="m29">tests.ui.SearchTest#verifySearchFunctionality</h3><table class="result"><tr><th>Messages</th></tr><tr><td><div class="messages">ğŸŸ¢ Test Started: verifySearchFunctionality (ğŸ”¢ Test Case ID: TC-002)<br/>
ğŸŒ Test Environment:
ğŸ–¥ï¸ OS: Windows 11 10.0
â˜• Java Version: 23.0.1
ğŸŒ Browser: chrome 134.0.6998.89
<br/>âœ… Test PASSED: verifySearchFunctionality (Duration: 5194ms)<br/><br><img src='E:/Folder/Galal/Courses/Digital Egypt Pioneers Initiative (DEPI) - Software Testing/DEPI Software Tester Graduation Project/automation-framework/reports/screenshots\TC-002\TC-002_screenshot.png' height='300' width='400'/><br></div></td></tr></table><p class="totop"><a href="#summary">back to summary</a></p>
<h3 id="m30">tests.ui.SearchTest#verifySortingOptions</h3><table class="result"><tr><th>Messages</th></tr><tr><td><div class="messages">ğŸŸ¢ Test Started: verifySortingOptions (ğŸ”¢ Test Case ID: TC-043)<br/>
ğŸŒ Test Environment:
ğŸ–¥ï¸ OS: Windows 11 10.0
â˜• Java Version: 23.0.1
ğŸŒ Browser: chrome 134.0.6998.89
<br/>âœ… Test PASSED: verifySortingOptions (Duration: 15706ms)<br/><br><img src='E:/Folder/Galal/Courses/Digital Egypt Pioneers Initiative (DEPI) - Software Testing/DEPI Software Tester Graduation Project/automation-framework/reports/screenshots\TC-043\TC-043_screenshot.png' height='300' width='400'/><br></div></td></tr></table><p class="totop"><a href="#summary">back to summary</a></p>
</body>
</html>
