<!DOCTYPE html>

<html>
  <head>
  <meta charset='utf-8'>
  <title>TestNG reports</title>

    <link type="text/css" href="testng-reports1.css" rel="stylesheet" id="ultra" />
    <link type="text/css" href="testng-reports.css" rel="stylesheet" id="retro" disabled="false"/>
    <script type="text/javascript" src="jquery-3.6.0.min.js"></script>
    <script type="text/javascript" src="testng-reports.js"></script>
    <script type="text/javascript" src="https://www.google.com/jsapi"></script>
    <script type='text/javascript'>
      google.load('visualization', '1', {packages:['table']});
      google.setOnLoadCallback(drawTable);
      var suiteTableInitFunctions = new Array();
      var suiteTableData = new Array();
    </script>
    <!--
      <script type="text/javascript" src="jquery-ui/js/jquery-ui-1.8.16.custom.min.js"></script>
     -->
  </head>

  <body>    <div class="top-banner-root">
      <span class="top-banner-title-font">Test results</span>
      <button id="button" class="button">Switch Retro Theme</button> <!-- button -->
      <br/>
      <span class="top-banner-font-1">1 suite, 3 failed tests</span>
    </div> <!-- top-banner-root -->
    <div class="navigator-root">
      <div class="navigator-suite-header">
        <span>All suites</span>
        <a href="#" title="Collapse/expand all the suites" class="collapse-all-link">
          <img src="collapseall.gif" class="collapse-all-icon">
          </img> <!-- collapse-all-icon -->
        </a> <!-- collapse-all-link -->
      </div> <!-- navigator-suite-header -->
      <div class="suite">
        <div class="rounded-window">
          <div class="suite-header light-rounded-window-top">
            <a href="#" panel-name="suite-EcomFunctionalTestSuite" class="navigator-link">
              <span class="suite-name border-failed">EcomFunctionalTestSuite</span>
            </a> <!-- navigator-link -->
          </div> <!-- suite-header light-rounded-window-top -->
          <div class="navigator-suite-content">
            <div class="suite-section-title">
              <span>Info</span>
            </div> <!-- suite-section-title -->
            <div class="suite-section-content">
              <ul>
                <li>
                  <a href="#" panel-name="test-xml-EcomFunctionalTestSuite" class="navigator-link ">
                    <span>E:\Folder\Galal\Courses\Digital Egypt Pioneers Initiative (DEPI) - Software Testing\DEPI Software Tester Graduation Project\automation-framework\src\test\resources\testng.xml</span>
                  </a> <!-- navigator-link  -->
                </li>
                <li>
                  <a href="#" panel-name="testlist-EcomFunctionalTestSuite" class="navigator-link ">
                    <span class="test-stats">1 test</span>
                  </a> <!-- navigator-link  -->
                </li>
                <li>
                  <a href="#" panel-name="group-EcomFunctionalTestSuite" class="navigator-link ">
                    <span>4 groups</span>
                  </a> <!-- navigator-link  -->
                </li>
                <li>
                  <a href="#" panel-name="times-EcomFunctionalTestSuite" class="navigator-link ">
                    <span>Times</span>
                  </a> <!-- navigator-link  -->
                </li>
                <li>
                  <a href="#" panel-name="reporter-EcomFunctionalTestSuite" class="navigator-link ">
                    <span>Reporter output</span>
                  </a> <!-- navigator-link  -->
                </li>
                <li>
                  <a href="#" panel-name="ignored-methods-EcomFunctionalTestSuite" class="navigator-link ">
                    <span>Ignored methods</span>
                  </a> <!-- navigator-link  -->
                </li>
                <li>
                  <a href="#" panel-name="chronological-EcomFunctionalTestSuite" class="navigator-link ">
                    <span>Chronological view</span>
                  </a> <!-- navigator-link  -->
                </li>
              </ul>
            </div> <!-- suite-section-content -->
            <div class="result-section">
              <div class="suite-section-title">
                <span>Results</span>
              </div> <!-- suite-section-title -->
              <div class="suite-section-content">
                <ul>
                  <li>
                    <span class="method-stats">31 methods, 3 failed,   28 passed</span>
                  </li>
                  <li>
                    <span class="method-list-title failed">Failed methods</span>
                    <span class="show-or-hide-methods failed">
                      <a href="#" panel-name="suite-EcomFunctionalTestSuite" class="hide-methods failed suite-EcomFunctionalTestSuite"> (hide)</a> <!-- hide-methods failed suite-EcomFunctionalTestSuite -->
                      <a href="#" panel-name="suite-EcomFunctionalTestSuite" class="show-methods failed suite-EcomFunctionalTestSuite"> (show)</a> <!-- show-methods failed suite-EcomFunctionalTestSuite -->
                    </span>
                    <div class="method-list-content failed suite-EcomFunctionalTestSuite">
                      <span>
                        <img src="failed.png" width="3%"/>
                        <a href="#" panel-name="suite-EcomFunctionalTestSuite" title="tests.ui.PaymentsTest" class="method navigator-link" hash-for-method="verifyAvailablePaymentMethods">verifyAvailablePaymentMethods</a> <!-- method navigator-link -->
                      </span>
                      <br/>
                      <span>
                        <img src="failed.png" width="3%"/>
                        <a href="#" panel-name="suite-EcomFunctionalTestSuite" title="tests.ui.PaymentsTest" class="method navigator-link" hash-for-method="verifyDuplicatePaymentPrevention">verifyDuplicatePaymentPrevention</a> <!-- method navigator-link -->
                      </span>
                      <br/>
                      <span>
                        <img src="failed.png" width="3%"/>
                        <a href="#" panel-name="suite-EcomFunctionalTestSuite" title="tests.ui.PaymentsTest" class="method navigator-link" hash-for-method="verifyPaymentFailsWithInsufficientFunds">verifyPaymentFailsWithInsufficientFunds</a> <!-- method navigator-link -->
                      </span>
                      <br/>
                    </div> <!-- method-list-content failed suite-EcomFunctionalTestSuite -->
                  </li>
                  <li>
                    <span class="method-list-title passed">Passed methods</span>
                    <span class="show-or-hide-methods passed">
                      <a href="#" panel-name="suite-EcomFunctionalTestSuite" class="hide-methods passed suite-EcomFunctionalTestSuite"> (hide)</a> <!-- hide-methods passed suite-EcomFunctionalTestSuite -->
                      <a href="#" panel-name="suite-EcomFunctionalTestSuite" class="show-methods passed suite-EcomFunctionalTestSuite"> (show)</a> <!-- show-methods passed suite-EcomFunctionalTestSuite -->
                    </span>
                    <div class="method-list-content passed suite-EcomFunctionalTestSuite">
                      <span>
                        <img src="passed.png" width="3%"/>
                        <a href="#" panel-name="suite-EcomFunctionalTestSuite" title="tests.ui.CartTest" class="method navigator-link" hash-for-method="testAddMultipleProductsToCart">testAddMultipleProductsToCart</a> <!-- method navigator-link -->
                      </span>
                      <br/>
                      <span>
                        <img src="passed.png" width="3%"/>
                        <a href="#" panel-name="suite-EcomFunctionalTestSuite" title="tests.ui.CartTest" class="method navigator-link" hash-for-method="testCartPersistence">testCartPersistence</a> <!-- method navigator-link -->
                      </span>
                      <br/>
                      <span>
                        <img src="passed.png" width="3%"/>
                        <a href="#" panel-name="suite-EcomFunctionalTestSuite" title="tests.ui.CheckoutTest" class="method navigator-link" hash-for-method="testCheckoutProcessAsUser">testCheckoutProcessAsUser</a> <!-- method navigator-link -->
                      </span>
                      <br/>
                      <span>
                        <img src="passed.png" width="3%"/>
                        <a href="#" panel-name="suite-EcomFunctionalTestSuite" title="tests.ui.SearchTest" class="method navigator-link" hash-for-method="verifyAutoSuggestionsInSearchBar">verifyAutoSuggestionsInSearchBar</a> <!-- method navigator-link -->
                      </span>
                      <br/>
                      <span>
                        <img src="passed.png" width="3%"/>
                        <a href="#" panel-name="suite-EcomFunctionalTestSuite" title="tests.ui.CheckoutTest" class="method navigator-link" hash-for-method="verifyCheckoutPageLoads">verifyCheckoutPageLoads</a> <!-- method navigator-link -->
                      </span>
                      <br/>
                      <span>
                        <img src="passed.png" width="3%"/>
                        <a href="#" panel-name="suite-EcomFunctionalTestSuite" title="tests.ui.CheckoutTest" class="method navigator-link" hash-for-method="verifyCheckoutProcessAsGuest">verifyCheckoutProcessAsGuest</a> <!-- method navigator-link -->
                      </span>
                      <br/>
                      <span>
                        <img src="passed.png" width="3%"/>
                        <a href="#" panel-name="suite-EcomFunctionalTestSuite" title="tests.ui.SearchTest" class="method navigator-link" hash-for-method="verifyClearingFilters">verifyClearingFilters</a> <!-- method navigator-link -->
                      </span>
                      <br/>
                      <span>
                        <img src="passed.png" width="3%"/>
                        <a href="#" panel-name="suite-EcomFunctionalTestSuite" title="tests.ui.ProductPageTest" class="method navigator-link" hash-for-method="verifyCompareListFunctionality">verifyCompareListFunctionality</a> <!-- method navigator-link -->
                      </span>
                      <br/>
                      <span>
                        <img src="passed.png" width="3%"/>
                        <a href="#" panel-name="suite-EcomFunctionalTestSuite" title="tests.ui.CheckoutTest" class="method navigator-link" hash-for-method="verifyDifferentPaymentOptionsAreAvailable">verifyDifferentPaymentOptionsAreAvailable</a> <!-- method navigator-link -->
                      </span>
                      <br/>
                      <span>
                        <img src="passed.png" width="3%"/>
                        <a href="#" panel-name="suite-EcomFunctionalTestSuite" title="tests.ui.PaymentsTest" class="method navigator-link" hash-for-method="verifyExpiredPaymentMethod">verifyExpiredPaymentMethod</a> <!-- method navigator-link -->
                      </span>
                      <br/>
                      <span>
                        <img src="passed.png" width="3%"/>
                        <a href="#" panel-name="suite-EcomFunctionalTestSuite" title="tests.ui.SearchTest" class="method navigator-link" hash-for-method="verifyFilteringByManufacturer">verifyFilteringByManufacturer</a> <!-- method navigator-link -->
                      </span>
                      <br/>
                      <span>
                        <img src="passed.png" width="3%"/>
                        <a href="#" panel-name="suite-EcomFunctionalTestSuite" title="tests.ui.HomePageTest" class="method navigator-link" hash-for-method="verifyHeaderLinks">verifyHeaderLinks</a> <!-- method navigator-link -->
                      </span>
                      <br/>
                      <span>
                        <img src="passed.png" width="3%"/>
                        <a href="#" panel-name="suite-EcomFunctionalTestSuite" title="tests.ui.HomePageTest" class="method navigator-link" hash-for-method="verifyHomePageLoads">verifyHomePageLoads</a> <!-- method navigator-link -->
                      </span>
                      <br/>
                      <span>
                        <img src="passed.png" width="3%"/>
                        <a href="#" panel-name="suite-EcomFunctionalTestSuite" title="tests.ui.CheckoutTest" class="method navigator-link" hash-for-method="verifyInvalidAddressPreventsCheckout">verifyInvalidAddressPreventsCheckout</a> <!-- method navigator-link -->
                      </span>
                      <br/>
                      <span>
                        <img src="passed.png" width="3%"/>
                        <a href="#" panel-name="suite-EcomFunctionalTestSuite" title="tests.ui.SearchTest" class="method navigator-link" hash-for-method="verifyInvalidSearchTerm">verifyInvalidSearchTerm</a> <!-- method navigator-link -->
                      </span>
                      <br/>
                      <span>
                        <img src="passed.png" width="3%"/>
                        <a href="#" panel-name="suite-EcomFunctionalTestSuite" title="tests.ui.CheckoutTest" class="method navigator-link" hash-for-method="verifyOrderIsGenerated">verifyOrderIsGenerated</a> <!-- method navigator-link -->
                      </span>
                      <br/>
                      <span>
                        <img src="passed.png" width="3%"/>
                        <a href="#" panel-name="suite-EcomFunctionalTestSuite" title="tests.ui.CheckoutTest" class="method navigator-link" hash-for-method="verifyOrderSummaryDisplaysCorrectInfo">verifyOrderSummaryDisplaysCorrectInfo</a> <!-- method navigator-link -->
                      </span>
                      <br/>
                      <span>
                        <img src="passed.png" width="3%"/>
                        <a href="#" panel-name="suite-EcomFunctionalTestSuite" title="tests.ui.SearchTest" class="method navigator-link" hash-for-method="verifyPaginationInSearchResults">verifyPaginationInSearchResults</a> <!-- method navigator-link -->
                      </span>
                      <br/>
                      <span>
                        <img src="passed.png" width="3%"/>
                        <a href="#" panel-name="suite-EcomFunctionalTestSuite" title="tests.ui.PaymentsTest" class="method navigator-link" hash-for-method="verifyPaymentViaCreditCard">verifyPaymentViaCreditCard</a> <!-- method navigator-link -->
                      </span>
                      <br/>
                      <span>
                        <img src="passed.png" width="3%"/>
                        <a href="#" panel-name="suite-EcomFunctionalTestSuite" title="tests.ui.ProductPageTest" class="method navigator-link" hash-for-method="verifyProductImageGallery">verifyProductImageGallery</a> <!-- method navigator-link -->
                      </span>
                      <br/>
                      <span>
                        <img src="passed.png" width="3%"/>
                        <a href="#" panel-name="suite-EcomFunctionalTestSuite" title="tests.ui.ProductPageTest" class="method navigator-link" hash-for-method="verifyProductPageLoadsCorrectly">verifyProductPageLoadsCorrectly</a> <!-- method navigator-link -->
                      </span>
                      <br/>
                      <span>
                        <img src="passed.png" width="3%"/>
                        <a href="#" panel-name="suite-EcomFunctionalTestSuite" title="tests.ui.ProductPageTest" class="method navigator-link" hash-for-method="verifyProductReviewsAreDisplayed">verifyProductReviewsAreDisplayed</a> <!-- method navigator-link -->
                      </span>
                      <br/>
                      <span>
                        <img src="passed.png" width="3%"/>
                        <a href="#" panel-name="suite-EcomFunctionalTestSuite" title="tests.ui.ProductPageTest" class="method navigator-link" hash-for-method="verifyProductVariationSelection">verifyProductVariationSelection</a> <!-- method navigator-link -->
                      </span>
                      <br/>
                      <span>
                        <img src="passed.png" width="3%"/>
                        <a href="#" panel-name="suite-EcomFunctionalTestSuite" title="tests.ui.ProductPageTest" class="method navigator-link" hash-for-method="verifyRelatedProductsAreDisplayed">verifyRelatedProductsAreDisplayed</a> <!-- method navigator-link -->
                      </span>
                      <br/>
                      <span>
                        <img src="passed.png" width="3%"/>
                        <a href="#" panel-name="suite-EcomFunctionalTestSuite" title="tests.ui.CartTest" class="method navigator-link" hash-for-method="verifyRemoveMultipleProducts">verifyRemoveMultipleProducts</a> <!-- method navigator-link -->
                      </span>
                      <br/>
                      <span>
                        <img src="passed.png" width="3%"/>
                        <a href="#" panel-name="suite-EcomFunctionalTestSuite" title="tests.ui.SearchTest" class="method navigator-link" hash-for-method="verifySearchByCategory">verifySearchByCategory</a> <!-- method navigator-link -->
                      </span>
                      <br/>
                      <span>
                        <img src="passed.png" width="3%"/>
                        <a href="#" panel-name="suite-EcomFunctionalTestSuite" title="tests.ui.SearchTest" class="method navigator-link" hash-for-method="verifySearchFunctionality">verifySearchFunctionality</a> <!-- method navigator-link -->
                      </span>
                      <br/>
                      <span>
                        <img src="passed.png" width="3%"/>
                        <a href="#" panel-name="suite-EcomFunctionalTestSuite" title="tests.ui.SearchTest" class="method navigator-link" hash-for-method="verifySortingOptions">verifySortingOptions</a> <!-- method navigator-link -->
                      </span>
                      <br/>
                    </div> <!-- method-list-content passed suite-EcomFunctionalTestSuite -->
                  </li>
                </ul>
              </div> <!-- suite-section-content -->
            </div> <!-- result-section -->
          </div> <!-- navigator-suite-content -->
        </div> <!-- rounded-window -->
      </div> <!-- suite -->
    </div> <!-- navigator-root -->
    <div class="wrapper">
      <div class="main-panel-root">
        <div panel-name="suite-EcomFunctionalTestSuite" class="panel EcomFunctionalTestSuite">
          <div class="suite-EcomFunctionalTestSuite-class-failed">
            <div class="main-panel-header rounded-window-top">
              <img src="failed.png"/>
              <span class="class-name">tests.ui.PaymentsTest</span>
            </div> <!-- main-panel-header rounded-window-top -->
            <div class="main-panel-content rounded-window-bottom">
              <div class="method">
                <div class="method-content">
                  <a name="verifyAvailablePaymentMethods">
                  </a> <!-- verifyAvailablePaymentMethods -->
                  <span class="method-name">verifyAvailablePaymentMethods</span>
                  <div class="stack-trace">java.lang.AssertionError: Neither PayPal nor Cash On Delivery (COD) payment methods are available! Available methods: 
	at tests.ui.PaymentsTest.verifyAvailablePaymentMethods(PaymentsTest.java:316)
	at java.base/java.util.ArrayList.forEach(ArrayList.java:1597)
... Removed 30 stack frames
</div> <!-- stack-trace -->
                  <em>
(TC-083_TC-084)                  </em>
                </div> <!-- method-content -->
              </div> <!-- method -->
              <div class="method">
                <div class="method-content">
                  <a name="verifyDuplicatePaymentPrevention">
                  </a> <!-- verifyDuplicatePaymentPrevention -->
                  <span class="method-name">verifyDuplicatePaymentPrevention</span>
                  <div class="stack-trace">java.lang.AssertionError: Duplicate payment request should have been blocked!
	at tests.ui.PaymentsTest.verifyDuplicatePaymentPrevention(PaymentsTest.java:443)
	at java.base/java.util.ArrayList.forEach(ArrayList.java:1597)
... Removed 30 stack frames
</div> <!-- stack-trace -->
                  <em>
(TC-088)                  </em>
                </div> <!-- method-content -->
              </div> <!-- method -->
              <div class="method">
                <div class="method-content">
                  <a name="verifyPaymentFailsWithInsufficientFunds">
                  </a> <!-- verifyPaymentFailsWithInsufficientFunds -->
                  <span class="method-name">verifyPaymentFailsWithInsufficientFunds</span>
                  <div class="stack-trace">java.lang.AssertionError: Transaction should have been declined due to insufficient funds, but it was processed successfully.
	at tests.ui.PaymentsTest.verifyPaymentFailsWithInsufficientFunds(PaymentsTest.java:558)
	at java.base/java.util.ArrayList.forEach(ArrayList.java:1597)
... Removed 30 stack frames
</div> <!-- stack-trace -->
                  <em>
(TC-095)                  </em>
                </div> <!-- method-content -->
              </div> <!-- method -->
            </div> <!-- main-panel-content rounded-window-bottom -->
          </div> <!-- suite-EcomFunctionalTestSuite-class-failed -->
          <div class="suite-EcomFunctionalTestSuite-class-passed">
            <div class="main-panel-header rounded-window-top">
              <img src="passed.png"/>
              <span class="class-name">tests.ui.CheckoutTest</span>
            </div> <!-- main-panel-header rounded-window-top -->
            <div class="main-panel-content rounded-window-bottom">
              <div class="method">
                <div class="method-content">
                  <a name="testCheckoutProcessAsUser">
                  </a> <!-- testCheckoutProcessAsUser -->
                  <span class="method-name">testCheckoutProcessAsUser</span>
                  <em>
(TC-073)                  </em>
                </div> <!-- method-content -->
              </div> <!-- method -->
              <div class="method">
                <div class="method-content">
                  <a name="verifyCheckoutPageLoads">
                  </a> <!-- verifyCheckoutPageLoads -->
                  <span class="method-name">verifyCheckoutPageLoads</span>
                  <em>
(TC-004)                  </em>
                </div> <!-- method-content -->
              </div> <!-- method -->
              <div class="method">
                <div class="method-content">
                  <a name="verifyCheckoutProcessAsGuest">
                  </a> <!-- verifyCheckoutProcessAsGuest -->
                  <span class="method-name">verifyCheckoutProcessAsGuest</span>
                  <em>
(TC-005_TC-006_TC-072)                  </em>
                </div> <!-- method-content -->
              </div> <!-- method -->
              <div class="method">
                <div class="method-content">
                  <a name="verifyDifferentPaymentOptionsAreAvailable">
                  </a> <!-- verifyDifferentPaymentOptionsAreAvailable -->
                  <span class="method-name">verifyDifferentPaymentOptionsAreAvailable</span>
                  <em>
(TC-189)                  </em>
                </div> <!-- method-content -->
              </div> <!-- method -->
              <div class="method">
                <div class="method-content">
                  <a name="verifyInvalidAddressPreventsCheckout">
                  </a> <!-- verifyInvalidAddressPreventsCheckout -->
                  <span class="method-name">verifyInvalidAddressPreventsCheckout</span>
                  <em>
(TC-080)                  </em>
                </div> <!-- method-content -->
              </div> <!-- method -->
              <div class="method">
                <div class="method-content">
                  <a name="verifyOrderIsGenerated">
                  </a> <!-- verifyOrderIsGenerated -->
                  <span class="method-name">verifyOrderIsGenerated</span>
                  <em>
(TC-081)                  </em>
                </div> <!-- method-content -->
              </div> <!-- method -->
              <div class="method">
                <div class="method-content">
                  <a name="verifyOrderSummaryDisplaysCorrectInfo">
                  </a> <!-- verifyOrderSummaryDisplaysCorrectInfo -->
                  <span class="method-name">verifyOrderSummaryDisplaysCorrectInfo</span>
                  <em>
(TC-187)                  </em>
                </div> <!-- method-content -->
              </div> <!-- method -->
            </div> <!-- main-panel-content rounded-window-bottom -->
          </div> <!-- suite-EcomFunctionalTestSuite-class-passed -->
          <div class="suite-EcomFunctionalTestSuite-class-passed">
            <div class="main-panel-header rounded-window-top">
              <img src="passed.png"/>
              <span class="class-name">tests.ui.CartTest</span>
            </div> <!-- main-panel-header rounded-window-top -->
            <div class="main-panel-content rounded-window-bottom">
              <div class="method">
                <div class="method-content">
                  <a name="testAddMultipleProductsToCart">
                  </a> <!-- testAddMultipleProductsToCart -->
                  <span class="method-name">testAddMultipleProductsToCart</span>
                  <em>
(TC-018)                  </em>
                </div> <!-- method-content -->
              </div> <!-- method -->
              <div class="method">
                <div class="method-content">
                  <a name="testCartPersistence">
                  </a> <!-- testCartPersistence -->
                  <span class="method-name">testCartPersistence</span>
                  <em>
(TC-015)                  </em>
                </div> <!-- method-content -->
              </div> <!-- method -->
              <div class="method">
                <div class="method-content">
                  <a name="verifyRemoveMultipleProducts">
                  </a> <!-- verifyRemoveMultipleProducts -->
                  <span class="method-name">verifyRemoveMultipleProducts</span>
                  <em>
(TC-019)                  </em>
                </div> <!-- method-content -->
              </div> <!-- method -->
            </div> <!-- main-panel-content rounded-window-bottom -->
          </div> <!-- suite-EcomFunctionalTestSuite-class-passed -->
          <div class="suite-EcomFunctionalTestSuite-class-passed">
            <div class="main-panel-header rounded-window-top">
              <img src="passed.png"/>
              <span class="class-name">tests.ui.HomePageTest</span>
            </div> <!-- main-panel-header rounded-window-top -->
            <div class="main-panel-content rounded-window-bottom">
              <div class="method">
                <div class="method-content">
                  <a name="verifyHeaderLinks">
                  </a> <!-- verifyHeaderLinks -->
                  <span class="method-name">verifyHeaderLinks</span>
                  <em>
(TC-342)                  </em>
                </div> <!-- method-content -->
              </div> <!-- method -->
              <div class="method">
                <div class="method-content">
                  <a name="verifyHomePageLoads">
                  </a> <!-- verifyHomePageLoads -->
                  <span class="method-name">verifyHomePageLoads</span>
                  <em>
(TC-001)                  </em>
                </div> <!-- method-content -->
              </div> <!-- method -->
            </div> <!-- main-panel-content rounded-window-bottom -->
          </div> <!-- suite-EcomFunctionalTestSuite-class-passed -->
          <div class="suite-EcomFunctionalTestSuite-class-passed">
            <div class="main-panel-header rounded-window-top">
              <img src="passed.png"/>
              <span class="class-name">tests.ui.SearchTest</span>
            </div> <!-- main-panel-header rounded-window-top -->
            <div class="main-panel-content rounded-window-bottom">
              <div class="method">
                <div class="method-content">
                  <a name="verifyAutoSuggestionsInSearchBar">
                  </a> <!-- verifyAutoSuggestionsInSearchBar -->
                  <span class="method-name">verifyAutoSuggestionsInSearchBar</span>
                  <em>
(TC-051)                  </em>
                </div> <!-- method-content -->
              </div> <!-- method -->
              <div class="method">
                <div class="method-content">
                  <a name="verifyClearingFilters">
                  </a> <!-- verifyClearingFilters -->
                  <span class="method-name">verifyClearingFilters</span>
                  <em>
(TC-050)                  </em>
                </div> <!-- method-content -->
              </div> <!-- method -->
              <div class="method">
                <div class="method-content">
                  <a name="verifyFilteringByManufacturer">
                  </a> <!-- verifyFilteringByManufacturer -->
                  <span class="method-name">verifyFilteringByManufacturer</span>
                  <em>
(TC-044)                  </em>
                </div> <!-- method-content -->
              </div> <!-- method -->
              <div class="method">
                <div class="method-content">
                  <a name="verifyInvalidSearchTerm">
                  </a> <!-- verifyInvalidSearchTerm -->
                  <span class="method-name">verifyInvalidSearchTerm</span>
                  <em>
(TC-048)                  </em>
                </div> <!-- method-content -->
              </div> <!-- method -->
              <div class="method">
                <div class="method-content">
                  <a name="verifyPaginationInSearchResults">
                  </a> <!-- verifyPaginationInSearchResults -->
                  <span class="method-name">verifyPaginationInSearchResults</span>
                  <em>
(TC-042)                  </em>
                </div> <!-- method-content -->
              </div> <!-- method -->
              <div class="method">
                <div class="method-content">
                  <a name="verifySearchByCategory">
                  </a> <!-- verifySearchByCategory -->
                  <span class="method-name">verifySearchByCategory</span>
                  <em>
(TC-038)                  </em>
                </div> <!-- method-content -->
              </div> <!-- method -->
              <div class="method">
                <div class="method-content">
                  <a name="verifySearchFunctionality">
                  </a> <!-- verifySearchFunctionality -->
                  <span class="method-name">verifySearchFunctionality</span>
                  <em>
(TC-002)                  </em>
                </div> <!-- method-content -->
              </div> <!-- method -->
              <div class="method">
                <div class="method-content">
                  <a name="verifySortingOptions">
                  </a> <!-- verifySortingOptions -->
                  <span class="method-name">verifySortingOptions</span>
                  <em>
(TC-043)                  </em>
                </div> <!-- method-content -->
              </div> <!-- method -->
            </div> <!-- main-panel-content rounded-window-bottom -->
          </div> <!-- suite-EcomFunctionalTestSuite-class-passed -->
          <div class="suite-EcomFunctionalTestSuite-class-passed">
            <div class="main-panel-header rounded-window-top">
              <img src="passed.png"/>
              <span class="class-name">tests.ui.PaymentsTest</span>
            </div> <!-- main-panel-header rounded-window-top -->
            <div class="main-panel-content rounded-window-bottom">
              <div class="method">
                <div class="method-content">
                  <a name="verifyExpiredPaymentMethod">
                  </a> <!-- verifyExpiredPaymentMethod -->
                  <span class="method-name">verifyExpiredPaymentMethod</span>
                  <em>
(TC-012)                  </em>
                </div> <!-- method-content -->
              </div> <!-- method -->
              <div class="method">
                <div class="method-content">
                  <a name="verifyPaymentViaCreditCard">
                  </a> <!-- verifyPaymentViaCreditCard -->
                  <span class="method-name">verifyPaymentViaCreditCard</span>
                  <em>
(TC-082)                  </em>
                </div> <!-- method-content -->
              </div> <!-- method -->
            </div> <!-- main-panel-content rounded-window-bottom -->
          </div> <!-- suite-EcomFunctionalTestSuite-class-passed -->
          <div class="suite-EcomFunctionalTestSuite-class-passed">
            <div class="main-panel-header rounded-window-top">
              <img src="passed.png"/>
              <span class="class-name">tests.ui.ProductPageTest</span>
            </div> <!-- main-panel-header rounded-window-top -->
            <div class="main-panel-content rounded-window-bottom">
              <div class="method">
                <div class="method-content">
                  <a name="verifyCompareListFunctionality">
                  </a> <!-- verifyCompareListFunctionality -->
                  <span class="method-name">verifyCompareListFunctionality</span>
                  <em>
(TC-199)                  </em>
                </div> <!-- method-content -->
              </div> <!-- method -->
              <div class="method">
                <div class="method-content">
                  <a name="verifyProductImageGallery">
                  </a> <!-- verifyProductImageGallery -->
                  <span class="method-name">verifyProductImageGallery</span>
                  <em>
(TC-179)                  </em>
                </div> <!-- method-content -->
              </div> <!-- method -->
              <div class="method">
                <div class="method-content">
                  <a name="verifyProductPageLoadsCorrectly">
                  </a> <!-- verifyProductPageLoadsCorrectly -->
                  <span class="method-name">verifyProductPageLoadsCorrectly</span>
                  <em>
(TC-003)                  </em>
                </div> <!-- method-content -->
              </div> <!-- method -->
              <div class="method">
                <div class="method-content">
                  <a name="verifyProductReviewsAreDisplayed">
                  </a> <!-- verifyProductReviewsAreDisplayed -->
                  <span class="method-name">verifyProductReviewsAreDisplayed</span>
                  <em>
(TC-180)                  </em>
                </div> <!-- method-content -->
              </div> <!-- method -->
              <div class="method">
                <div class="method-content">
                  <a name="verifyProductVariationSelection">
                  </a> <!-- verifyProductVariationSelection -->
                  <span class="method-name">verifyProductVariationSelection</span>
                  <em>
(TC-020)                  </em>
                </div> <!-- method-content -->
              </div> <!-- method -->
              <div class="method">
                <div class="method-content">
                  <a name="verifyRelatedProductsAreDisplayed">
                  </a> <!-- verifyRelatedProductsAreDisplayed -->
                  <span class="method-name">verifyRelatedProductsAreDisplayed</span>
                  <em>
(TC-063)                  </em>
                </div> <!-- method-content -->
              </div> <!-- method -->
            </div> <!-- main-panel-content rounded-window-bottom -->
          </div> <!-- suite-EcomFunctionalTestSuite-class-passed -->
        </div> <!-- panel EcomFunctionalTestSuite -->
        <div panel-name="test-xml-EcomFunctionalTestSuite" class="panel">
          <div class="main-panel-header rounded-window-top">
            <span class="header-content">E:\Folder\Galal\Courses\Digital Egypt Pioneers Initiative (DEPI) - Software Testing\DEPI Software Tester Graduation Project\automation-framework\src\test\resources\testng.xml</span>
          </div> <!-- main-panel-header rounded-window-top -->
          <div class="main-panel-content rounded-window-bottom">
            <pre>
&lt;?xml version=&quot;1.0&quot; encoding=&quot;UTF-8&quot;?&gt;
&lt;!DOCTYPE suite SYSTEM &quot;https://testng.org/testng-1.0.dtd&quot;&gt;
&lt;suite name=&quot;EcomFunctionalTestSuite&quot; guice-stage=&quot;DEVELOPMENT&quot; verbose=&quot;0&quot;&gt;
  &lt;listeners&gt;
    &lt;listener class-name=&quot;listeners.TestListener&quot;/&gt;
  &lt;/listeners&gt;
  &lt;test thread-count=&quot;5&quot; name=&quot;EcomUIRegressionTest&quot; verbose=&quot;0&quot;&gt;
    &lt;classes&gt;
      &lt;class name=&quot;tests.ui.UITest&quot;/&gt;
      &lt;class name=&quot;tests.ui.CartTest&quot;/&gt;
      &lt;class name=&quot;tests.ui.CheckoutTest&quot;/&gt;
      &lt;class name=&quot;tests.ui.HomePageTest&quot;/&gt;
      &lt;class name=&quot;tests.ui.PaymentsTest&quot;/&gt;
      &lt;class name=&quot;tests.ui.ProductPageTest&quot;/&gt;
      &lt;class name=&quot;tests.ui.SearchTest&quot;/&gt;
    &lt;/classes&gt;
  &lt;/test&gt; &lt;!-- EcomUIRegressionTest --&gt;
&lt;/suite&gt; &lt;!-- EcomFunctionalTestSuite --&gt;
            </pre>
          </div> <!-- main-panel-content rounded-window-bottom -->
        </div> <!-- panel -->
        <div panel-name="testlist-EcomFunctionalTestSuite" class="panel">
          <div class="main-panel-header rounded-window-top">
            <span class="header-content">Tests for EcomFunctionalTestSuite</span>
          </div> <!-- main-panel-header rounded-window-top -->
          <div class="main-panel-content rounded-window-bottom">
            <ul>
              <li>
                <span class="test-name">EcomUIRegressionTest (7 classes)</span>
              </li>
            </ul>
          </div> <!-- main-panel-content rounded-window-bottom -->
        </div> <!-- panel -->
        <div panel-name="group-EcomFunctionalTestSuite" class="panel">
          <div class="main-panel-header rounded-window-top">
            <span class="header-content">Groups for EcomFunctionalTestSuite</span>
          </div> <!-- main-panel-header rounded-window-top -->
          <div class="main-panel-content rounded-window-bottom">
            <div class="test-group">
              <span class="test-group-name">functional</span>
              <br/>
              <div class="method-in-group">
                <span class="method-in-group-name">testCheckoutProcessAsUser</span>
                <br/>
              </div> <!-- method-in-group -->
              <div class="method-in-group">
                <span class="method-in-group-name">verifyAutoSuggestionsInSearchBar</span>
                <br/>
              </div> <!-- method-in-group -->
              <div class="method-in-group">
                <span class="method-in-group-name">verifyAvailablePaymentMethods</span>
                <br/>
              </div> <!-- method-in-group -->
              <div class="method-in-group">
                <span class="method-in-group-name">verifyClearingFilters</span>
                <br/>
              </div> <!-- method-in-group -->
              <div class="method-in-group">
                <span class="method-in-group-name">verifyFilteringByManufacturer</span>
                <br/>
              </div> <!-- method-in-group -->
              <div class="method-in-group">
                <span class="method-in-group-name">verifyInvalidAddressPreventsCheckout</span>
                <br/>
              </div> <!-- method-in-group -->
              <div class="method-in-group">
                <span class="method-in-group-name">verifyInvalidSearchTerm</span>
                <br/>
              </div> <!-- method-in-group -->
              <div class="method-in-group">
                <span class="method-in-group-name">verifyOrderIsGenerated</span>
                <br/>
              </div> <!-- method-in-group -->
              <div class="method-in-group">
                <span class="method-in-group-name">verifyPaginationInSearchResults</span>
                <br/>
              </div> <!-- method-in-group -->
              <div class="method-in-group">
                <span class="method-in-group-name">verifyPaymentFailsWithInsufficientFunds</span>
                <br/>
              </div> <!-- method-in-group -->
              <div class="method-in-group">
                <span class="method-in-group-name">verifyPaymentViaCreditCard</span>
                <br/>
              </div> <!-- method-in-group -->
              <div class="method-in-group">
                <span class="method-in-group-name">verifySearchByCategory</span>
                <br/>
              </div> <!-- method-in-group -->
              <div class="method-in-group">
                <span class="method-in-group-name">verifySortingOptions</span>
                <br/>
              </div> <!-- method-in-group -->
            </div> <!-- test-group -->
            <div class="test-group">
              <span class="test-group-name">security</span>
              <br/>
              <div class="method-in-group">
                <span class="method-in-group-name">verifyDuplicatePaymentPrevention</span>
                <br/>
              </div> <!-- method-in-group -->
            </div> <!-- test-group -->
            <div class="test-group">
              <span class="test-group-name">smoke</span>
              <br/>
              <div class="method-in-group">
                <span class="method-in-group-name">testAddMultipleProductsToCart</span>
                <br/>
              </div> <!-- method-in-group -->
              <div class="method-in-group">
                <span class="method-in-group-name">testCartPersistence</span>
                <br/>
              </div> <!-- method-in-group -->
              <div class="method-in-group">
                <span class="method-in-group-name">verifyCheckoutPageLoads</span>
                <br/>
              </div> <!-- method-in-group -->
              <div class="method-in-group">
                <span class="method-in-group-name">verifyCheckoutProcessAsGuest</span>
                <br/>
              </div> <!-- method-in-group -->
              <div class="method-in-group">
                <span class="method-in-group-name">verifyExpiredPaymentMethod</span>
                <br/>
              </div> <!-- method-in-group -->
              <div class="method-in-group">
                <span class="method-in-group-name">verifyHomePageLoads</span>
                <br/>
              </div> <!-- method-in-group -->
              <div class="method-in-group">
                <span class="method-in-group-name">verifyProductPageLoadsCorrectly</span>
                <br/>
              </div> <!-- method-in-group -->
              <div class="method-in-group">
                <span class="method-in-group-name">verifyProductVariationSelection</span>
                <br/>
              </div> <!-- method-in-group -->
              <div class="method-in-group">
                <span class="method-in-group-name">verifyRemoveMultipleProducts</span>
                <br/>
              </div> <!-- method-in-group -->
              <div class="method-in-group">
                <span class="method-in-group-name">verifySearchFunctionality</span>
                <br/>
              </div> <!-- method-in-group -->
            </div> <!-- test-group -->
            <div class="test-group">
              <span class="test-group-name">ui</span>
              <br/>
              <div class="method-in-group">
                <span class="method-in-group-name">verifyCompareListFunctionality</span>
                <br/>
              </div> <!-- method-in-group -->
              <div class="method-in-group">
                <span class="method-in-group-name">verifyDifferentPaymentOptionsAreAvailable</span>
                <br/>
              </div> <!-- method-in-group -->
              <div class="method-in-group">
                <span class="method-in-group-name">verifyHeaderLinks</span>
                <br/>
              </div> <!-- method-in-group -->
              <div class="method-in-group">
                <span class="method-in-group-name">verifyOrderSummaryDisplaysCorrectInfo</span>
                <br/>
              </div> <!-- method-in-group -->
              <div class="method-in-group">
                <span class="method-in-group-name">verifyProductImageGallery</span>
                <br/>
              </div> <!-- method-in-group -->
              <div class="method-in-group">
                <span class="method-in-group-name">verifyProductReviewsAreDisplayed</span>
                <br/>
              </div> <!-- method-in-group -->
              <div class="method-in-group">
                <span class="method-in-group-name">verifyRelatedProductsAreDisplayed</span>
                <br/>
              </div> <!-- method-in-group -->
            </div> <!-- test-group -->
          </div> <!-- main-panel-content rounded-window-bottom -->
        </div> <!-- panel -->
        <div panel-name="times-EcomFunctionalTestSuite" class="panel">
          <div class="main-panel-header rounded-window-top">
            <span class="header-content">Times for EcomFunctionalTestSuite</span>
          </div> <!-- main-panel-header rounded-window-top -->
          <div class="main-panel-content rounded-window-bottom">
            <div class="times-div">
              <script type="text/javascript">
suiteTableInitFunctions.push('tableData_EcomFunctionalTestSuite');
function tableData_EcomFunctionalTestSuite() {
var data = new google.visualization.DataTable();
data.addColumn('number', 'Number');
data.addColumn('string', 'Method');
data.addColumn('string', 'Class');
data.addColumn('number', 'Time (ms)');
data.addRows(31);
data.setCell(0, 0, 0)
data.setCell(0, 1, 'verifyPaymentFailsWithInsufficientFunds')
data.setCell(0, 2, 'tests.ui.PaymentsTest')
data.setCell(0, 3, 58794);
data.setCell(1, 0, 1)
data.setCell(1, 1, 'verifyCompareListFunctionality')
data.setCell(1, 2, 'tests.ui.ProductPageTest')
data.setCell(1, 3, 56855);
data.setCell(2, 0, 2)
data.setCell(2, 1, 'verifyRemoveMultipleProducts')
data.setCell(2, 2, 'tests.ui.CartTest')
data.setCell(2, 3, 40814);
data.setCell(3, 0, 3)
data.setCell(3, 1, 'verifyCheckoutProcessAsGuest')
data.setCell(3, 2, 'tests.ui.CheckoutTest')
data.setCell(3, 3, 37169);
data.setCell(4, 0, 4)
data.setCell(4, 1, 'testCheckoutProcessAsUser')
data.setCell(4, 2, 'tests.ui.CheckoutTest')
data.setCell(4, 3, 33579);
data.setCell(5, 0, 5)
data.setCell(5, 1, 'verifyPaymentViaCreditCard')
data.setCell(5, 2, 'tests.ui.PaymentsTest')
data.setCell(5, 3, 32959);
data.setCell(6, 0, 6)
data.setCell(6, 1, 'verifyOrderSummaryDisplaysCorrectInfo')
data.setCell(6, 2, 'tests.ui.CheckoutTest')
data.setCell(6, 3, 31815);
data.setCell(7, 0, 7)
data.setCell(7, 1, 'verifyInvalidAddressPreventsCheckout')
data.setCell(7, 2, 'tests.ui.CheckoutTest')
data.setCell(7, 3, 29168);
data.setCell(8, 0, 8)
data.setCell(8, 1, 'verifyOrderIsGenerated')
data.setCell(8, 2, 'tests.ui.CheckoutTest')
data.setCell(8, 3, 28851);
data.setCell(9, 0, 9)
data.setCell(9, 1, 'verifyProductVariationSelection')
data.setCell(9, 2, 'tests.ui.ProductPageTest')
data.setCell(9, 3, 28279);
data.setCell(10, 0, 10)
data.setCell(10, 1, 'verifyExpiredPaymentMethod')
data.setCell(10, 2, 'tests.ui.PaymentsTest')
data.setCell(10, 3, 27167);
data.setCell(11, 0, 11)
data.setCell(11, 1, 'verifyDuplicatePaymentPrevention')
data.setCell(11, 2, 'tests.ui.PaymentsTest')
data.setCell(11, 3, 26993);
data.setCell(12, 0, 12)
data.setCell(12, 1, 'testAddMultipleProductsToCart')
data.setCell(12, 2, 'tests.ui.CartTest')
data.setCell(12, 3, 26325);
data.setCell(13, 0, 13)
data.setCell(13, 1, 'verifyDifferentPaymentOptionsAreAvailable')
data.setCell(13, 2, 'tests.ui.CheckoutTest')
data.setCell(13, 3, 24557);
data.setCell(14, 0, 14)
data.setCell(14, 1, 'verifyHeaderLinks')
data.setCell(14, 2, 'tests.ui.HomePageTest')
data.setCell(14, 3, 21077);
data.setCell(15, 0, 15)
data.setCell(15, 1, 'verifyAvailablePaymentMethods')
data.setCell(15, 2, 'tests.ui.PaymentsTest')
data.setCell(15, 3, 20951);
data.setCell(16, 0, 16)
data.setCell(16, 1, 'verifyClearingFilters')
data.setCell(16, 2, 'tests.ui.SearchTest')
data.setCell(16, 3, 17793);
data.setCell(17, 0, 17)
data.setCell(17, 1, 'verifyCheckoutPageLoads')
data.setCell(17, 2, 'tests.ui.CheckoutTest')
data.setCell(17, 3, 16607);
data.setCell(18, 0, 18)
data.setCell(18, 1, 'verifyRelatedProductsAreDisplayed')
data.setCell(18, 2, 'tests.ui.ProductPageTest')
data.setCell(18, 3, 16537);
data.setCell(19, 0, 19)
data.setCell(19, 1, 'verifySortingOptions')
data.setCell(19, 2, 'tests.ui.SearchTest')
data.setCell(19, 3, 15707);
data.setCell(20, 0, 20)
data.setCell(20, 1, 'verifyFilteringByManufacturer')
data.setCell(20, 2, 'tests.ui.SearchTest')
data.setCell(20, 3, 15310);
data.setCell(21, 0, 21)
data.setCell(21, 1, 'verifyProductImageGallery')
data.setCell(21, 2, 'tests.ui.ProductPageTest')
data.setCell(21, 3, 13745);
data.setCell(22, 0, 22)
data.setCell(22, 1, 'verifyProductReviewsAreDisplayed')
data.setCell(22, 2, 'tests.ui.ProductPageTest')
data.setCell(22, 3, 12629);
data.setCell(23, 0, 23)
data.setCell(23, 1, 'verifyPaginationInSearchResults')
data.setCell(23, 2, 'tests.ui.SearchTest')
data.setCell(23, 3, 9763);
data.setCell(24, 0, 24)
data.setCell(24, 1, 'verifyInvalidSearchTerm')
data.setCell(24, 2, 'tests.ui.SearchTest')
data.setCell(24, 3, 7268);
data.setCell(25, 0, 25)
data.setCell(25, 1, 'verifySearchByCategory')
data.setCell(25, 2, 'tests.ui.SearchTest')
data.setCell(25, 3, 6384);
data.setCell(26, 0, 26)
data.setCell(26, 1, 'verifyProductPageLoadsCorrectly')
data.setCell(26, 2, 'tests.ui.ProductPageTest')
data.setCell(26, 3, 5954);
data.setCell(27, 0, 27)
data.setCell(27, 1, 'testCartPersistence')
data.setCell(27, 2, 'tests.ui.CartTest')
data.setCell(27, 3, 5751);
data.setCell(28, 0, 28)
data.setCell(28, 1, 'verifySearchFunctionality')
data.setCell(28, 2, 'tests.ui.SearchTest')
data.setCell(28, 3, 5194);
data.setCell(29, 0, 29)
data.setCell(29, 1, 'verifyAutoSuggestionsInSearchBar')
data.setCell(29, 2, 'tests.ui.SearchTest')
data.setCell(29, 3, 4823);
data.setCell(30, 0, 30)
data.setCell(30, 1, 'verifyHomePageLoads')
data.setCell(30, 2, 'tests.ui.HomePageTest')
data.setCell(30, 3, 839);
window.suiteTableData['EcomFunctionalTestSuite']= { tableData: data, tableDiv: 'times-div-EcomFunctionalTestSuite'}
return data;
}
              </script>
              <span class="suite-total-time">Total running time: 11 minutes</span>
              <div id="times-div-EcomFunctionalTestSuite">
              </div> <!-- times-div-EcomFunctionalTestSuite -->
            </div> <!-- times-div -->
          </div> <!-- main-panel-content rounded-window-bottom -->
        </div> <!-- panel -->
        <div panel-name="reporter-EcomFunctionalTestSuite" class="panel">
          <div class="main-panel-header rounded-window-top">
            <span class="header-content">Reporter output for EcomFunctionalTestSuite</span>
          </div> <!-- main-panel-header rounded-window-top -->
          <div class="main-panel-content rounded-window-bottom">
            <div class="reporter-method-div">
              <span class="reporter-method-name">testCartPersistence</span>
              <div class="reporter-method-output-div">
                <span class="reporter-method-output"> Test Started: testCartPersistence ( Test Case ID: TC-015)</span>
                <span class="reporter-method-output">
 Test Environment:
 OS: Windows 11 10.0
 Java Version: 23.0.1
 Browser: chrome 134.0.6998.89
</span>
                <span class="reporter-method-output"> Test PASSED: testCartPersistence (Duration: 5751ms)</span>
                <span class="reporter-method-output"><br><img src='E:/Folder/Galal/Courses/Digital Egypt Pioneers Initiative (DEPI) - Software Testing/DEPI Software Tester Graduation Project/automation-framework/reports/screenshots\TC-015\TC-015_screenshot.png' height='300' width='400'/><br></span>
              </div> <!-- reporter-method-output-div -->
            </div> <!-- reporter-method-div -->
            <div class="reporter-method-div">
              <span class="reporter-method-name">verifyCompareListFunctionality</span>
              <div class="reporter-method-output-div">
                <span class="reporter-method-output"> Test Started: verifyCompareListFunctionality ( Test Case ID: TC-199)</span>
                <span class="reporter-method-output">
 Test Environment:
 OS: Windows 11 10.0
 Java Version: 23.0.1
 Browser: chrome 134.0.6998.89
</span>
                <span class="reporter-method-output"> Test PASSED: verifyCompareListFunctionality (Duration: 56855ms)</span>
                <span class="reporter-method-output"><br><img src='E:/Folder/Galal/Courses/Digital Egypt Pioneers Initiative (DEPI) - Software Testing/DEPI Software Tester Graduation Project/automation-framework/reports/screenshots\TC-199\TC-199_screenshot.png' height='300' width='400'/><br></span>
              </div> <!-- reporter-method-output-div -->
            </div> <!-- reporter-method-div -->
            <div class="reporter-method-div">
              <span class="reporter-method-name">verifyHomePageLoads</span>
              <div class="reporter-method-output-div">
                <span class="reporter-method-output"> Test Started: verifyHomePageLoads ( Test Case ID: TC-001)</span>
                <span class="reporter-method-output">
 Test Environment:
 OS: Windows 11 10.0
 Java Version: 23.0.1
 Browser: chrome 134.0.6998.89
</span>
                <span class="reporter-method-output"> Test PASSED: verifyHomePageLoads (Duration: 839ms)</span>
                <span class="reporter-method-output"><br><img src='E:/Folder/Galal/Courses/Digital Egypt Pioneers Initiative (DEPI) - Software Testing/DEPI Software Tester Graduation Project/automation-framework/reports/screenshots\TC-001\TC-001_screenshot.png' height='300' width='400'/><br></span>
              </div> <!-- reporter-method-output-div -->
            </div> <!-- reporter-method-div -->
            <div class="reporter-method-div">
              <span class="reporter-method-name">verifyExpiredPaymentMethod</span>
              <div class="reporter-method-output-div">
                <span class="reporter-method-output"> Test Started: verifyExpiredPaymentMethod ( Test Case ID: TC-012)</span>
                <span class="reporter-method-output">
 Test Environment:
 OS: Windows 11 10.0
 Java Version: 23.0.1
 Browser: chrome 134.0.6998.89
</span>
                <span class="reporter-method-output"> Test PASSED: verifyExpiredPaymentMethod (Duration: 27167ms)</span>
                <span class="reporter-method-output"><br><img src='E:/Folder/Galal/Courses/Digital Egypt Pioneers Initiative (DEPI) - Software Testing/DEPI Software Tester Graduation Project/automation-framework/reports/screenshots\TC-012\TC-012_screenshot.png' height='300' width='400'/><br></span>
              </div> <!-- reporter-method-output-div -->
            </div> <!-- reporter-method-div -->
            <div class="reporter-method-div">
              <span class="reporter-method-name">verifyCheckoutPageLoads</span>
              <div class="reporter-method-output-div">
                <span class="reporter-method-output"> Test Started: verifyCheckoutPageLoads ( Test Case ID: TC-004)</span>
                <span class="reporter-method-output">
 Test Environment:
 OS: Windows 11 10.0
 Java Version: 23.0.1
 Browser: chrome 134.0.6998.89
</span>
                <span class="reporter-method-output"> Test PASSED: verifyCheckoutPageLoads (Duration: 16607ms)</span>
                <span class="reporter-method-output"><br><img src='E:/Folder/Galal/Courses/Digital Egypt Pioneers Initiative (DEPI) - Software Testing/DEPI Software Tester Graduation Project/automation-framework/reports/screenshots\TC-004\TC-004_screenshot.png' height='300' width='400'/><br></span>
              </div> <!-- reporter-method-output-div -->
            </div> <!-- reporter-method-div -->
            <div class="reporter-method-div">
              <span class="reporter-method-name">verifyDifferentPaymentOptionsAreAvailable</span>
              <div class="reporter-method-output-div">
                <span class="reporter-method-output"> Test Started: verifyDifferentPaymentOptionsAreAvailable ( Test Case ID: TC-189)</span>
                <span class="reporter-method-output">
 Test Environment:
 OS: Windows 11 10.0
 Java Version: 23.0.1
 Browser: chrome 134.0.6998.89
</span>
                <span class="reporter-method-output"> Test PASSED: verifyDifferentPaymentOptionsAreAvailable (Duration: 24557ms)</span>
                <span class="reporter-method-output"><br><img src='E:/Folder/Galal/Courses/Digital Egypt Pioneers Initiative (DEPI) - Software Testing/DEPI Software Tester Graduation Project/automation-framework/reports/screenshots\TC-189\TC-189_screenshot.png' height='300' width='400'/><br></span>
              </div> <!-- reporter-method-output-div -->
            </div> <!-- reporter-method-div -->
            <div class="reporter-method-div">
              <span class="reporter-method-name">verifyClearingFilters</span>
              <div class="reporter-method-output-div">
                <span class="reporter-method-output"> Test Started: verifyClearingFilters ( Test Case ID: TC-050)</span>
                <span class="reporter-method-output">
 Test Environment:
 OS: Windows 11 10.0
 Java Version: 23.0.1
 Browser: chrome 134.0.6998.89
</span>
                <span class="reporter-method-output"> Test PASSED: verifyClearingFilters (Duration: 17793ms)</span>
                <span class="reporter-method-output"><br><img src='E:/Folder/Galal/Courses/Digital Egypt Pioneers Initiative (DEPI) - Software Testing/DEPI Software Tester Graduation Project/automation-framework/reports/screenshots\TC-050\TC-050_screenshot.png' height='300' width='400'/><br></span>
              </div> <!-- reporter-method-output-div -->
            </div> <!-- reporter-method-div -->
            <div class="reporter-method-div">
              <span class="reporter-method-name">verifyProductImageGallery</span>
              <div class="reporter-method-output-div">
                <span class="reporter-method-output"> Test Started: verifyProductImageGallery ( Test Case ID: TC-179)</span>
                <span class="reporter-method-output">
 Test Environment:
 OS: Windows 11 10.0
 Java Version: 23.0.1
 Browser: chrome 134.0.6998.89
</span>
                <span class="reporter-method-output"> Test PASSED: verifyProductImageGallery (Duration: 13745ms)</span>
                <span class="reporter-method-output"><br><img src='E:/Folder/Galal/Courses/Digital Egypt Pioneers Initiative (DEPI) - Software Testing/DEPI Software Tester Graduation Project/automation-framework/reports/screenshots\TC-179\TC-179_screenshot.png' height='300' width='400'/><br></span>
              </div> <!-- reporter-method-output-div -->
            </div> <!-- reporter-method-div -->
            <div class="reporter-method-div">
              <span class="reporter-method-name">verifyPaymentViaCreditCard</span>
              <div class="reporter-method-output-div">
                <span class="reporter-method-output"> Test Started: verifyPaymentViaCreditCard ( Test Case ID: TC-082)</span>
                <span class="reporter-method-output">
 Test Environment:
 OS: Windows 11 10.0
 Java Version: 23.0.1
 Browser: chrome 134.0.6998.89
</span>
                <span class="reporter-method-output"> Test PASSED: verifyPaymentViaCreditCard (Duration: 32959ms)</span>
                <span class="reporter-method-output"><br><img src='E:/Folder/Galal/Courses/Digital Egypt Pioneers Initiative (DEPI) - Software Testing/DEPI Software Tester Graduation Project/automation-framework/reports/screenshots\TC-082\TC-082_screenshot.png' height='300' width='400'/><br></span>
              </div> <!-- reporter-method-output-div -->
            </div> <!-- reporter-method-div -->
            <div class="reporter-method-div">
              <span class="reporter-method-name">verifyRelatedProductsAreDisplayed</span>
              <div class="reporter-method-output-div">
                <span class="reporter-method-output"> Test Started: verifyRelatedProductsAreDisplayed ( Test Case ID: TC-063)</span>
                <span class="reporter-method-output">
 Test Environment:
 OS: Windows 11 10.0
 Java Version: 23.0.1
 Browser: chrome 134.0.6998.89
</span>
                <span class="reporter-method-output"> Test PASSED: verifyRelatedProductsAreDisplayed (Duration: 16537ms)</span>
                <span class="reporter-method-output"><br><img src='E:/Folder/Galal/Courses/Digital Egypt Pioneers Initiative (DEPI) - Software Testing/DEPI Software Tester Graduation Project/automation-framework/reports/screenshots\TC-063\TC-063_screenshot.png' height='300' width='400'/><br></span>
              </div> <!-- reporter-method-output-div -->
            </div> <!-- reporter-method-div -->
            <div class="reporter-method-div">
              <span class="reporter-method-name">verifyProductVariationSelection</span>
              <div class="reporter-method-output-div">
                <span class="reporter-method-output"> Test Started: verifyProductVariationSelection ( Test Case ID: TC-020)</span>
                <span class="reporter-method-output">
 Test Environment:
 OS: Windows 11 10.0
 Java Version: 23.0.1
 Browser: chrome 134.0.6998.89
</span>
                <span class="reporter-method-output"> Test PASSED: verifyProductVariationSelection (Duration: 28279ms)</span>
                <span class="reporter-method-output"><br><img src='E:/Folder/Galal/Courses/Digital Egypt Pioneers Initiative (DEPI) - Software Testing/DEPI Software Tester Graduation Project/automation-framework/reports/screenshots\TC-020\TC-020_screenshot.png' height='300' width='400'/><br></span>
              </div> <!-- reporter-method-output-div -->
            </div> <!-- reporter-method-div -->
            <div class="reporter-method-div">
              <span class="reporter-method-name">verifyPaginationInSearchResults</span>
              <div class="reporter-method-output-div">
                <span class="reporter-method-output"> Test Started: verifyPaginationInSearchResults ( Test Case ID: TC-042)</span>
                <span class="reporter-method-output">
 Test Environment:
 OS: Windows 11 10.0
 Java Version: 23.0.1
 Browser: chrome 134.0.6998.89
</span>
                <span class="reporter-method-output"> Test PASSED: verifyPaginationInSearchResults (Duration: 9763ms)</span>
                <span class="reporter-method-output"><br><img src='E:/Folder/Galal/Courses/Digital Egypt Pioneers Initiative (DEPI) - Software Testing/DEPI Software Tester Graduation Project/automation-framework/reports/screenshots\TC-042\TC-042_screenshot.png' height='300' width='400'/><br></span>
              </div> <!-- reporter-method-output-div -->
            </div> <!-- reporter-method-div -->
            <div class="reporter-method-div">
              <span class="reporter-method-name">verifyRemoveMultipleProducts</span>
              <div class="reporter-method-output-div">
                <span class="reporter-method-output"> Test Started: verifyRemoveMultipleProducts ( Test Case ID: TC-019)</span>
                <span class="reporter-method-output">
 Test Environment:
 OS: Windows 11 10.0
 Java Version: 23.0.1
 Browser: chrome 134.0.6998.89
</span>
                <span class="reporter-method-output"> Test PASSED: verifyRemoveMultipleProducts (Duration: 40813ms)</span>
                <span class="reporter-method-output"><br><img src='E:/Folder/Galal/Courses/Digital Egypt Pioneers Initiative (DEPI) - Software Testing/DEPI Software Tester Graduation Project/automation-framework/reports/screenshots\TC-019\TC-019_screenshot.png' height='300' width='400'/><br></span>
              </div> <!-- reporter-method-output-div -->
            </div> <!-- reporter-method-div -->
            <div class="reporter-method-div">
              <span class="reporter-method-name">verifyOrderIsGenerated</span>
              <div class="reporter-method-output-div">
                <span class="reporter-method-output"> Test Started: verifyOrderIsGenerated ( Test Case ID: TC-081)</span>
                <span class="reporter-method-output">
 Test Environment:
 OS: Windows 11 10.0
 Java Version: 23.0.1
 Browser: chrome 134.0.6998.89
</span>
                <span class="reporter-method-output"> Test PASSED: verifyOrderIsGenerated (Duration: 28851ms)</span>
                <span class="reporter-method-output"><br><img src='E:/Folder/Galal/Courses/Digital Egypt Pioneers Initiative (DEPI) - Software Testing/DEPI Software Tester Graduation Project/automation-framework/reports/screenshots\TC-081\TC-081_screenshot.png' height='300' width='400'/><br></span>
              </div> <!-- reporter-method-output-div -->
            </div> <!-- reporter-method-div -->
            <div class="reporter-method-div">
              <span class="reporter-method-name">verifyOrderSummaryDisplaysCorrectInfo</span>
              <div class="reporter-method-output-div">
                <span class="reporter-method-output"> Test Started: verifyOrderSummaryDisplaysCorrectInfo ( Test Case ID: TC-187)</span>
                <span class="reporter-method-output">
 Test Environment:
 OS: Windows 11 10.0
 Java Version: 23.0.1
 Browser: chrome 134.0.6998.89
</span>
                <span class="reporter-method-output"> Test PASSED: verifyOrderSummaryDisplaysCorrectInfo (Duration: 31815ms)</span>
                <span class="reporter-method-output"><br><img src='E:/Folder/Galal/Courses/Digital Egypt Pioneers Initiative (DEPI) - Software Testing/DEPI Software Tester Graduation Project/automation-framework/reports/screenshots\TC-187\TC-187_screenshot.png' height='300' width='400'/><br></span>
              </div> <!-- reporter-method-output-div -->
            </div> <!-- reporter-method-div -->
            <div class="reporter-method-div">
              <span class="reporter-method-name">testCheckoutProcessAsUser</span>
              <div class="reporter-method-output-div">
                <span class="reporter-method-output"> Test Started: testCheckoutProcessAsUser ( Test Case ID: TC-073)</span>
                <span class="reporter-method-output">
 Test Environment:
 OS: Windows 11 10.0
 Java Version: 23.0.1
 Browser: chrome 134.0.6998.89
</span>
                <span class="reporter-method-output"> Test PASSED: testCheckoutProcessAsUser (Duration: 33579ms)</span>
                <span class="reporter-method-output"><br><img src='E:/Folder/Galal/Courses/Digital Egypt Pioneers Initiative (DEPI) - Software Testing/DEPI Software Tester Graduation Project/automation-framework/reports/screenshots\TC-073\TC-073_screenshot.png' height='300' width='400'/><br></span>
              </div> <!-- reporter-method-output-div -->
            </div> <!-- reporter-method-div -->
            <div class="reporter-method-div">
              <span class="reporter-method-name">verifyInvalidAddressPreventsCheckout</span>
              <div class="reporter-method-output-div">
                <span class="reporter-method-output"> Test Started: verifyInvalidAddressPreventsCheckout ( Test Case ID: TC-080)</span>
                <span class="reporter-method-output">
 Test Environment:
 OS: Windows 11 10.0
 Java Version: 23.0.1
 Browser: chrome 134.0.6998.89
</span>
                <span class="reporter-method-output"> Test PASSED: verifyInvalidAddressPreventsCheckout (Duration: 29168ms)</span>
                <span class="reporter-method-output"><br><img src='E:/Folder/Galal/Courses/Digital Egypt Pioneers Initiative (DEPI) - Software Testing/DEPI Software Tester Graduation Project/automation-framework/reports/screenshots\TC-080\TC-080_screenshot.png' height='300' width='400'/><br></span>
              </div> <!-- reporter-method-output-div -->
            </div> <!-- reporter-method-div -->
            <div class="reporter-method-div">
              <span class="reporter-method-name">verifyProductReviewsAreDisplayed</span>
              <div class="reporter-method-output-div">
                <span class="reporter-method-output"> Test Started: verifyProductReviewsAreDisplayed ( Test Case ID: TC-180)</span>
                <span class="reporter-method-output">
 Test Environment:
 OS: Windows 11 10.0
 Java Version: 23.0.1
 Browser: chrome 134.0.6998.89
</span>
                <span class="reporter-method-output"> Test PASSED: verifyProductReviewsAreDisplayed (Duration: 12629ms)</span>
                <span class="reporter-method-output"><br><img src='E:/Folder/Galal/Courses/Digital Egypt Pioneers Initiative (DEPI) - Software Testing/DEPI Software Tester Graduation Project/automation-framework/reports/screenshots\TC-180\TC-180_screenshot.png' height='300' width='400'/><br></span>
              </div> <!-- reporter-method-output-div -->
            </div> <!-- reporter-method-div -->
            <div class="reporter-method-div">
              <span class="reporter-method-name">verifySortingOptions</span>
              <div class="reporter-method-output-div">
                <span class="reporter-method-output"> Test Started: verifySortingOptions ( Test Case ID: TC-043)</span>
                <span class="reporter-method-output">
 Test Environment:
 OS: Windows 11 10.0
 Java Version: 23.0.1
 Browser: chrome 134.0.6998.89
</span>
                <span class="reporter-method-output"> Test PASSED: verifySortingOptions (Duration: 15706ms)</span>
                <span class="reporter-method-output"><br><img src='E:/Folder/Galal/Courses/Digital Egypt Pioneers Initiative (DEPI) - Software Testing/DEPI Software Tester Graduation Project/automation-framework/reports/screenshots\TC-043\TC-043_screenshot.png' height='300' width='400'/><br></span>
              </div> <!-- reporter-method-output-div -->
            </div> <!-- reporter-method-div -->
            <div class="reporter-method-div">
              <span class="reporter-method-name">verifySearchByCategory</span>
              <div class="reporter-method-output-div">
                <span class="reporter-method-output"> Test Started: verifySearchByCategory ( Test Case ID: TC-038)</span>
                <span class="reporter-method-output">
 Test Environment:
 OS: Windows 11 10.0
 Java Version: 23.0.1
 Browser: chrome 134.0.6998.89
</span>
                <span class="reporter-method-output"> Test PASSED: verifySearchByCategory (Duration: 6384ms)</span>
                <span class="reporter-method-output"><br><img src='E:/Folder/Galal/Courses/Digital Egypt Pioneers Initiative (DEPI) - Software Testing/DEPI Software Tester Graduation Project/automation-framework/reports/screenshots\TC-038\TC-038_screenshot.png' height='300' width='400'/><br></span>
              </div> <!-- reporter-method-output-div -->
            </div> <!-- reporter-method-div -->
            <div class="reporter-method-div">
              <span class="reporter-method-name">verifyHeaderLinks</span>
              <div class="reporter-method-output-div">
                <span class="reporter-method-output"> Test Started: verifyHeaderLinks ( Test Case ID: TC-342)</span>
                <span class="reporter-method-output">
 Test Environment:
 OS: Windows 11 10.0
 Java Version: 23.0.1
 Browser: chrome 134.0.6998.89
</span>
                <span class="reporter-method-output"> Test PASSED: verifyHeaderLinks (Duration: 21077ms)</span>
                <span class="reporter-method-output"><br><img src='E:/Folder/Galal/Courses/Digital Egypt Pioneers Initiative (DEPI) - Software Testing/DEPI Software Tester Graduation Project/automation-framework/reports/screenshots\TC-342\TC-342_screenshot.png' height='300' width='400'/><br></span>
              </div> <!-- reporter-method-output-div -->
            </div> <!-- reporter-method-div -->
            <div class="reporter-method-div">
              <span class="reporter-method-name">verifyFilteringByManufacturer</span>
              <div class="reporter-method-output-div">
                <span class="reporter-method-output"> Test Started: verifyFilteringByManufacturer ( Test Case ID: TC-044)</span>
                <span class="reporter-method-output">
 Test Environment:
 OS: Windows 11 10.0
 Java Version: 23.0.1
 Browser: chrome 134.0.6998.89
</span>
                <span class="reporter-method-output"> Test PASSED: verifyFilteringByManufacturer (Duration: 15310ms)</span>
                <span class="reporter-method-output"><br><img src='E:/Folder/Galal/Courses/Digital Egypt Pioneers Initiative (DEPI) - Software Testing/DEPI Software Tester Graduation Project/automation-framework/reports/screenshots\TC-044\TC-044_screenshot.png' height='300' width='400'/><br></span>
              </div> <!-- reporter-method-output-div -->
            </div> <!-- reporter-method-div -->
            <div class="reporter-method-div">
              <span class="reporter-method-name">verifySearchFunctionality</span>
              <div class="reporter-method-output-div">
                <span class="reporter-method-output"> Test Started: verifySearchFunctionality ( Test Case ID: TC-002)</span>
                <span class="reporter-method-output">
 Test Environment:
 OS: Windows 11 10.0
 Java Version: 23.0.1
 Browser: chrome 134.0.6998.89
</span>
                <span class="reporter-method-output"> Test PASSED: verifySearchFunctionality (Duration: 5194ms)</span>
                <span class="reporter-method-output"><br><img src='E:/Folder/Galal/Courses/Digital Egypt Pioneers Initiative (DEPI) - Software Testing/DEPI Software Tester Graduation Project/automation-framework/reports/screenshots\TC-002\TC-002_screenshot.png' height='300' width='400'/><br></span>
              </div> <!-- reporter-method-output-div -->
            </div> <!-- reporter-method-div -->
            <div class="reporter-method-div">
              <span class="reporter-method-name">verifyAutoSuggestionsInSearchBar</span>
              <div class="reporter-method-output-div">
                <span class="reporter-method-output"> Test Started: verifyAutoSuggestionsInSearchBar ( Test Case ID: TC-051)</span>
                <span class="reporter-method-output">
 Test Environment:
 OS: Windows 11 10.0
 Java Version: 23.0.1
 Browser: chrome 134.0.6998.89
</span>
                <span class="reporter-method-output"> Test PASSED: verifyAutoSuggestionsInSearchBar (Duration: 4823ms)</span>
                <span class="reporter-method-output"><br><img src='E:/Folder/Galal/Courses/Digital Egypt Pioneers Initiative (DEPI) - Software Testing/DEPI Software Tester Graduation Project/automation-framework/reports/screenshots\TC-051\TC-051_screenshot.png' height='300' width='400'/><br></span>
              </div> <!-- reporter-method-output-div -->
            </div> <!-- reporter-method-div -->
            <div class="reporter-method-div">
              <span class="reporter-method-name">testAddMultipleProductsToCart</span>
              <div class="reporter-method-output-div">
                <span class="reporter-method-output"> Test Started: testAddMultipleProductsToCart ( Test Case ID: TC-018)</span>
                <span class="reporter-method-output">
 Test Environment:
 OS: Windows 11 10.0
 Java Version: 23.0.1
 Browser: chrome 134.0.6998.89
</span>
                <span class="reporter-method-output"> Test PASSED: testAddMultipleProductsToCart (Duration: 26325ms)</span>
                <span class="reporter-method-output"><br><img src='E:/Folder/Galal/Courses/Digital Egypt Pioneers Initiative (DEPI) - Software Testing/DEPI Software Tester Graduation Project/automation-framework/reports/screenshots\TC-018\TC-018_screenshot.png' height='300' width='400'/><br></span>
              </div> <!-- reporter-method-output-div -->
            </div> <!-- reporter-method-div -->
            <div class="reporter-method-div">
              <span class="reporter-method-name">verifyInvalidSearchTerm</span>
              <div class="reporter-method-output-div">
                <span class="reporter-method-output"> Test Started: verifyInvalidSearchTerm ( Test Case ID: TC-048)</span>
                <span class="reporter-method-output">
 Test Environment:
 OS: Windows 11 10.0
 Java Version: 23.0.1
 Browser: chrome 134.0.6998.89
</span>
                <span class="reporter-method-output"> Test PASSED: verifyInvalidSearchTerm (Duration: 7268ms)</span>
                <span class="reporter-method-output"><br><img src='E:/Folder/Galal/Courses/Digital Egypt Pioneers Initiative (DEPI) - Software Testing/DEPI Software Tester Graduation Project/automation-framework/reports/screenshots\TC-048\TC-048_screenshot.png' height='300' width='400'/><br></span>
              </div> <!-- reporter-method-output-div -->
            </div> <!-- reporter-method-div -->
            <div class="reporter-method-div">
              <span class="reporter-method-name">verifyCheckoutProcessAsGuest</span>
              <div class="reporter-method-output-div">
                <span class="reporter-method-output"> Test Started: verifyCheckoutProcessAsGuest ( Test Case ID: TC-005_TC-006_TC-072)</span>
                <span class="reporter-method-output">
 Test Environment:
 OS: Windows 11 10.0
 Java Version: 23.0.1
 Browser: chrome 134.0.6998.89
</span>
                <span class="reporter-method-output"> Test PASSED: verifyCheckoutProcessAsGuest (Duration: 37169ms)</span>
                <span class="reporter-method-output"><br><img src='E:/Folder/Galal/Courses/Digital Egypt Pioneers Initiative (DEPI) - Software Testing/DEPI Software Tester Graduation Project/automation-framework/reports/screenshots\TC-005_TC-006_TC-072\TC-005_TC-006_TC-072_screenshot.png' height='300' width='400'/><br></span>
              </div> <!-- reporter-method-output-div -->
            </div> <!-- reporter-method-div -->
            <div class="reporter-method-div">
              <span class="reporter-method-name">verifyProductPageLoadsCorrectly</span>
              <div class="reporter-method-output-div">
                <span class="reporter-method-output"> Test Started: verifyProductPageLoadsCorrectly ( Test Case ID: TC-003)</span>
                <span class="reporter-method-output">
 Test Environment:
 OS: Windows 11 10.0
 Java Version: 23.0.1
 Browser: chrome 134.0.6998.89
</span>
                <span class="reporter-method-output"> Test PASSED: verifyProductPageLoadsCorrectly (Duration: 5955ms)</span>
                <span class="reporter-method-output"><br><img src='E:/Folder/Galal/Courses/Digital Egypt Pioneers Initiative (DEPI) - Software Testing/DEPI Software Tester Graduation Project/automation-framework/reports/screenshots\TC-003\TC-003_screenshot.png' height='300' width='400'/><br></span>
              </div> <!-- reporter-method-output-div -->
            </div> <!-- reporter-method-div -->
            <div class="reporter-method-div">
              <span class="reporter-method-name">verifyDuplicatePaymentPrevention</span>
              <div class="reporter-method-output-div">
                <span class="reporter-method-output"> Test Started: verifyDuplicatePaymentPrevention ( Test Case ID: TC-088)</span>
                <span class="reporter-method-output">
 Test Environment:
 OS: Windows 11 10.0
 Java Version: 23.0.1
 Browser: chrome 134.0.6998.89
</span>
                <span class="reporter-method-output"> Test FAILED: verifyDuplicatePaymentPrevention - Duplicate payment request should have been blocked!</span>
                <span class="reporter-method-output"><br><img src='E:/Folder/Galal/Courses/Digital Egypt Pioneers Initiative (DEPI) - Software Testing/DEPI Software Tester Graduation Project/automation-framework/reports/screenshots\TC-088\TC-088_screenshot.png' height='300' width='400'/><br></span>
              </div> <!-- reporter-method-output-div -->
            </div> <!-- reporter-method-div -->
            <div class="reporter-method-div">
              <span class="reporter-method-name">verifyPaymentFailsWithInsufficientFunds</span>
              <div class="reporter-method-output-div">
                <span class="reporter-method-output"> Test Started: verifyPaymentFailsWithInsufficientFunds ( Test Case ID: TC-095)</span>
                <span class="reporter-method-output">
 Test Environment:
 OS: Windows 11 10.0
 Java Version: 23.0.1
 Browser: chrome 134.0.6998.89
</span>
                <span class="reporter-method-output"> Test FAILED: verifyPaymentFailsWithInsufficientFunds - Transaction should have been declined due to insufficient funds, but it was processed successfully.</span>
                <span class="reporter-method-output"><br><img src='E:/Folder/Galal/Courses/Digital Egypt Pioneers Initiative (DEPI) - Software Testing/DEPI Software Tester Graduation Project/automation-framework/reports/screenshots\TC-095\TC-095_screenshot.png' height='300' width='400'/><br></span>
              </div> <!-- reporter-method-output-div -->
            </div> <!-- reporter-method-div -->
            <div class="reporter-method-div">
              <span class="reporter-method-name">verifyAvailablePaymentMethods</span>
              <div class="reporter-method-output-div">
                <span class="reporter-method-output"> Test Started: verifyAvailablePaymentMethods ( Test Case ID: TC-083_TC-084)</span>
                <span class="reporter-method-output">
 Test Environment:
 OS: Windows 11 10.0
 Java Version: 23.0.1
 Browser: chrome 134.0.6998.89
</span>
                <span class="reporter-method-output"> Test FAILED: verifyAvailablePaymentMethods - Neither PayPal nor Cash On Delivery (COD) payment methods are available! Available methods: </span>
                <span class="reporter-method-output"><br><img src='E:/Folder/Galal/Courses/Digital Egypt Pioneers Initiative (DEPI) - Software Testing/DEPI Software Tester Graduation Project/automation-framework/reports/screenshots\TC-083_TC-084\TC-083_TC-084_screenshot.png' height='300' width='400'/><br></span>
              </div> <!-- reporter-method-output-div -->
            </div> <!-- reporter-method-div -->
          </div> <!-- main-panel-content rounded-window-bottom -->
        </div> <!-- panel -->
        <div panel-name="ignored-methods-EcomFunctionalTestSuite" class="panel">
          <div class="main-panel-header rounded-window-top">
            <span class="header-content">0 ignored methods</span>
          </div> <!-- main-panel-header rounded-window-top -->
          <div class="main-panel-content rounded-window-bottom">
          </div> <!-- main-panel-content rounded-window-bottom -->
        </div> <!-- panel -->
        <div panel-name="chronological-EcomFunctionalTestSuite" class="panel">
          <div class="main-panel-header rounded-window-top">
            <span class="header-content">Methods in chronological order</span>
          </div> <!-- main-panel-header rounded-window-top -->
          <div class="main-panel-content rounded-window-bottom">
            <div class="chronological-class">
              <div class="chronological-class-name">tests.ui.CartTest</div> <!-- chronological-class-name -->
              <div class="configuration-method before">
                <span class="method-name">setUp([TestResult name={null} status=CREATED method=CartTest.testAddMultipleProductsToCart()[pri:0, instan...)</span>
                <span class="method-start">0 ms</span>
              </div> <!-- configuration-method before -->
              <div class="test-method">
                <span class="method-name">testAddMultipleProductsToCart</span>
                <span class="method-start">21969 ms</span>
              </div> <!-- test-method -->
              <div class="configuration-method after">
                <span class="method-name">tearDown([TestResult name=testAddMultipleProductsToCart status=SUCCESS method=CartTest.testAddMultipleProduct...)</span>
                <span class="method-start">48436 ms</span>
              </div> <!-- configuration-method after -->
              <div class="configuration-method before">
                <span class="method-name">setUp([TestResult name={null} status=CREATED method=CartTest.testCartPersistence()[pri:0, instance:tests.u...)</span>
                <span class="method-start">48755 ms</span>
              </div> <!-- configuration-method before -->
              <div class="test-method">
                <span class="method-name">testCartPersistence</span>
                <span class="method-start">70524 ms</span>
              </div> <!-- test-method -->
              <div class="configuration-method after">
                <span class="method-name">tearDown([TestResult name=testCartPersistence status=SUCCESS method=CartTest.testCartPersistence()[pri:0, ins...)</span>
                <span class="method-start">76419 ms</span>
              </div> <!-- configuration-method after -->
              <div class="configuration-method before">
                <span class="method-name">setUp([TestResult name={null} status=CREATED method=CartTest.verifyRemoveMultipleProducts()[pri:0, instanc...)</span>
                <span class="method-start">76605 ms</span>
              </div> <!-- configuration-method before -->
              <div class="test-method">
                <span class="method-name">verifyRemoveMultipleProducts</span>
                <span class="method-start">98539 ms</span>
              </div> <!-- test-method -->
              <div class="configuration-method after">
                <span class="method-name">tearDown([TestResult name=verifyRemoveMultipleProducts status=SUCCESS method=CartTest.verifyRemoveMultiplePro...)</span>
                <span class="method-start">139485 ms</span>
              </div> <!-- configuration-method after -->
            </div> <!-- chronological-class -->
            <div class="chronological-class">
              <div class="chronological-class-name">tests.ui.CheckoutTest</div> <!-- chronological-class-name -->
              <div class="configuration-method before">
                <span class="method-name">setUp([TestResult name={null} status=CREATED method=CheckoutTest.testCheckoutProcessAsUser()[pri:0, instan...)</span>
                <span class="method-start">139645 ms</span>
              </div> <!-- configuration-method before -->
              <div class="test-method">
                <span class="method-name">testCheckoutProcessAsUser</span>
                <span class="method-start">161467 ms</span>
              </div> <!-- test-method -->
              <div class="configuration-method after">
                <span class="method-name">tearDown([TestResult name=testCheckoutProcessAsUser status=SUCCESS method=CheckoutTest.testCheckoutProcessAsU...)</span>
                <span class="method-start">195183 ms</span>
              </div> <!-- configuration-method after -->
              <div class="configuration-method before">
                <span class="method-name">setUp([TestResult name={null} status=CREATED method=CheckoutTest.verifyCheckoutPageLoads()[pri:0, instance...)</span>
                <span class="method-start">195339 ms</span>
              </div> <!-- configuration-method before -->
              <div class="test-method">
                <span class="method-name">verifyCheckoutPageLoads</span>
                <span class="method-start">217209 ms</span>
              </div> <!-- test-method -->
              <div class="configuration-method after">
                <span class="method-name">tearDown([TestResult name=verifyCheckoutPageLoads status=SUCCESS method=CheckoutTest.verifyCheckoutPageLoads(...)</span>
                <span class="method-start">233938 ms</span>
              </div> <!-- configuration-method after -->
              <div class="configuration-method before">
                <span class="method-name">setUp([TestResult name={null} status=CREATED method=CheckoutTest.verifyCheckoutProcessAsGuest()[pri:0, ins...)</span>
                <span class="method-start">234172 ms</span>
              </div> <!-- configuration-method before -->
              <div class="test-method">
                <span class="method-name">verifyCheckoutProcessAsGuest</span>
                <span class="method-start">255733 ms</span>
              </div> <!-- test-method -->
              <div class="configuration-method after">
                <span class="method-name">tearDown([TestResult name=verifyCheckoutProcessAsGuest status=SUCCESS method=CheckoutTest.verifyCheckoutProce...)</span>
                <span class="method-start">293045 ms</span>
              </div> <!-- configuration-method after -->
              <div class="configuration-method before">
                <span class="method-name">setUp([TestResult name={null} status=CREATED method=CheckoutTest.verifyDifferentPaymentOptionsAreAvailable...)</span>
                <span class="method-start">293280 ms</span>
              </div> <!-- configuration-method before -->
              <div class="test-method">
                <span class="method-name">verifyDifferentPaymentOptionsAreAvailable</span>
                <span class="method-start">315853 ms</span>
              </div> <!-- test-method -->
              <div class="configuration-method after">
                <span class="method-name">tearDown([TestResult name=verifyDifferentPaymentOptionsAreAvailable status=SUCCESS method=CheckoutTest.verify...)</span>
                <span class="method-start">340545 ms</span>
              </div> <!-- configuration-method after -->
              <div class="configuration-method before">
                <span class="method-name">setUp([TestResult name={null} status=CREATED method=CheckoutTest.verifyInvalidAddressPreventsCheckout()[pr...)</span>
                <span class="method-start">340738 ms</span>
              </div> <!-- configuration-method before -->
              <div class="test-method">
                <span class="method-name">verifyInvalidAddressPreventsCheckout</span>
                <span class="method-start">362319 ms</span>
              </div> <!-- test-method -->
              <div class="configuration-method after">
                <span class="method-name">tearDown([TestResult name=verifyInvalidAddressPreventsCheckout status=SUCCESS method=CheckoutTest.verifyInval...)</span>
                <span class="method-start">391623 ms</span>
              </div> <!-- configuration-method after -->
              <div class="configuration-method before">
                <span class="method-name">setUp([TestResult name={null} status=CREATED method=CheckoutTest.verifyOrderIsGenerated()[pri:0, instance:...)</span>
                <span class="method-start">391841 ms</span>
              </div> <!-- configuration-method before -->
              <div class="test-method">
                <span class="method-name">verifyOrderIsGenerated</span>
                <span class="method-start">413328 ms</span>
              </div> <!-- test-method -->
              <div class="configuration-method after">
                <span class="method-name">tearDown([TestResult name=verifyOrderIsGenerated status=SUCCESS method=CheckoutTest.verifyOrderIsGenerated()[...)</span>
                <span class="method-start">442315 ms</span>
              </div> <!-- configuration-method after -->
              <div class="configuration-method before">
                <span class="method-name">setUp([TestResult name={null} status=CREATED method=CheckoutTest.verifyOrderSummaryDisplaysCorrectInfo()[p...)</span>
                <span class="method-start">442491 ms</span>
              </div> <!-- configuration-method before -->
              <div class="test-method">
                <span class="method-name">verifyOrderSummaryDisplaysCorrectInfo</span>
                <span class="method-start">463993 ms</span>
              </div> <!-- test-method -->
              <div class="configuration-method after">
                <span class="method-name">tearDown([TestResult name=verifyOrderSummaryDisplaysCorrectInfo status=SUCCESS method=CheckoutTest.verifyOrde...)</span>
                <span class="method-start">495936 ms</span>
              </div> <!-- configuration-method after -->
            </div> <!-- chronological-class -->
            <div class="chronological-class">
              <div class="chronological-class-name">tests.ui.HomePageTest</div> <!-- chronological-class-name -->
              <div class="configuration-method before">
                <span class="method-name">setUp([TestResult name={null} status=CREATED method=HomePageTest.verifyHeaderLinks()[pri:0, instance:tests...)</span>
                <span class="method-start">496095 ms</span>
              </div> <!-- configuration-method before -->
              <div class="test-method">
                <span class="method-name">verifyHeaderLinks</span>
                <span class="method-start">518452 ms</span>
              </div> <!-- test-method -->
              <div class="configuration-method after">
                <span class="method-name">tearDown([TestResult name=verifyHeaderLinks status=SUCCESS method=HomePageTest.verifyHeaderLinks()[pri:0, ins...)</span>
                <span class="method-start">539662 ms</span>
              </div> <!-- configuration-method after -->
              <div class="configuration-method before">
                <span class="method-name">setUp([TestResult name={null} status=CREATED method=HomePageTest.verifyHomePageLoads()[pri:0, instance:tes...)</span>
                <span class="method-start">539813 ms</span>
              </div> <!-- configuration-method before -->
              <div class="test-method">
                <span class="method-name">verifyHomePageLoads</span>
                <span class="method-start">561773 ms</span>
              </div> <!-- test-method -->
              <div class="configuration-method after">
                <span class="method-name">tearDown([TestResult name=verifyHomePageLoads status=SUCCESS method=HomePageTest.verifyHomePageLoads()[pri:0,...)</span>
                <span class="method-start">562875 ms</span>
              </div> <!-- configuration-method after -->
            </div> <!-- chronological-class -->
            <div class="chronological-class">
              <div class="chronological-class-name">tests.ui.PaymentsTest</div> <!-- chronological-class-name -->
              <div class="configuration-method before">
                <span class="method-name">setUp([TestResult name={null} status=CREATED method=PaymentsTest.verifyAvailablePaymentMethods()[pri:0, in...)</span>
                <span class="method-start">563024 ms</span>
              </div> <!-- configuration-method before -->
              <div class="test-method">
                <img src="failed.png">
                </img>
                <span class="method-name">verifyAvailablePaymentMethods</span>
                <span class="method-start">589010 ms</span>
              </div> <!-- test-method -->
              <div class="configuration-method after">
                <span class="method-name">tearDown([TestResult name=verifyAvailablePaymentMethods status=FAILURE method=PaymentsTest.verifyAvailablePay...)</span>
                <span class="method-start">610108 ms</span>
              </div> <!-- configuration-method after -->
              <div class="configuration-method before">
                <span class="method-name">setUp([TestResult name={null} status=CREATED method=PaymentsTest.verifyDuplicatePaymentPrevention()[pri:0,...)</span>
                <span class="method-start">610283 ms</span>
              </div> <!-- configuration-method before -->
              <div class="test-method">
                <img src="failed.png">
                </img>
                <span class="method-name">verifyDuplicatePaymentPrevention</span>
                <span class="method-start">632712 ms</span>
              </div> <!-- test-method -->
              <div class="configuration-method after">
                <span class="method-name">tearDown([TestResult name=verifyDuplicatePaymentPrevention status=FAILURE method=PaymentsTest.verifyDuplicate...)</span>
                <span class="method-start">659861 ms</span>
              </div> <!-- configuration-method after -->
              <div class="configuration-method before">
                <span class="method-name">setUp([TestResult name={null} status=CREATED method=PaymentsTest.verifyExpiredPaymentMethod()[pri:0, insta...)</span>
                <span class="method-start">660031 ms</span>
              </div> <!-- configuration-method before -->
              <div class="test-method">
                <span class="method-name">verifyExpiredPaymentMethod</span>
                <span class="method-start">682377 ms</span>
              </div> <!-- test-method -->
              <div class="configuration-method after">
                <span class="method-name">tearDown([TestResult name=verifyExpiredPaymentMethod status=SUCCESS method=PaymentsTest.verifyExpiredPaymentM...)</span>
                <span class="method-start">709670 ms</span>
              </div> <!-- configuration-method after -->
              <div class="configuration-method before">
                <span class="method-name">setUp([TestResult name={null} status=CREATED method=PaymentsTest.verifyPaymentFailsWithInsufficientFunds()...)</span>
                <span class="method-start">710012 ms</span>
              </div> <!-- configuration-method before -->
              <div class="test-method">
                <img src="failed.png">
                </img>
                <span class="method-name">verifyPaymentFailsWithInsufficientFunds</span>
                <span class="method-start">732400 ms</span>
              </div> <!-- test-method -->
              <div class="configuration-method after">
                <span class="method-name">tearDown([TestResult name=verifyPaymentFailsWithInsufficientFunds status=FAILURE method=PaymentsTest.verifyPa...)</span>
                <span class="method-start">791327 ms</span>
              </div> <!-- configuration-method after -->
              <div class="configuration-method before">
                <span class="method-name">setUp([TestResult name={null} status=CREATED method=PaymentsTest.verifyPaymentViaCreditCard()[pri:0, insta...)</span>
                <span class="method-start">791546 ms</span>
              </div> <!-- configuration-method before -->
              <div class="test-method">
                <span class="method-name">verifyPaymentViaCreditCard</span>
                <span class="method-start">813668 ms</span>
              </div> <!-- test-method -->
              <div class="configuration-method after">
                <span class="method-name">tearDown([TestResult name=verifyPaymentViaCreditCard status=SUCCESS method=PaymentsTest.verifyPaymentViaCredi...)</span>
                <span class="method-start">846758 ms</span>
              </div> <!-- configuration-method after -->
            </div> <!-- chronological-class -->
            <div class="chronological-class">
              <div class="chronological-class-name">tests.ui.ProductPageTest</div> <!-- chronological-class-name -->
              <div class="configuration-method before">
                <span class="method-name">setUp([TestResult name={null} status=CREATED method=ProductPageTest.verifyCompareListFunctionality()[pri:0...)</span>
                <span class="method-start">846945 ms</span>
              </div> <!-- configuration-method before -->
              <div class="test-method">
                <span class="method-name">verifyCompareListFunctionality</span>
                <span class="method-start">870333 ms</span>
              </div> <!-- test-method -->
              <div class="configuration-method after">
                <span class="method-name">tearDown([TestResult name=verifyCompareListFunctionality status=SUCCESS method=ProductPageTest.verifyCompareL...)</span>
                <span class="method-start">927320 ms</span>
              </div> <!-- configuration-method after -->
              <div class="configuration-method before">
                <span class="method-name">setUp([TestResult name={null} status=CREATED method=ProductPageTest.verifyProductImageGallery()[pri:0, ins...)</span>
                <span class="method-start">927502 ms</span>
              </div> <!-- configuration-method before -->
              <div class="test-method">
                <span class="method-name">verifyProductImageGallery</span>
                <span class="method-start">949007 ms</span>
              </div> <!-- test-method -->
              <div class="configuration-method after">
                <span class="method-name">tearDown([TestResult name=verifyProductImageGallery status=SUCCESS method=ProductPageTest.verifyProductImageG...)</span>
                <span class="method-start">962909 ms</span>
              </div> <!-- configuration-method after -->
              <div class="configuration-method before">
                <span class="method-name">setUp([TestResult name={null} status=CREATED method=ProductPageTest.verifyProductPageLoadsCorrectly()[pri:...)</span>
                <span class="method-start">963086 ms</span>
              </div> <!-- configuration-method before -->
              <div class="test-method">
                <span class="method-name">verifyProductPageLoadsCorrectly</span>
                <span class="method-start">985862 ms</span>
              </div> <!-- test-method -->
              <div class="configuration-method after">
                <span class="method-name">tearDown([TestResult name=verifyProductPageLoadsCorrectly status=SUCCESS method=ProductPageTest.verifyProduct...)</span>
                <span class="method-start">991965 ms</span>
              </div> <!-- configuration-method after -->
              <div class="configuration-method before">
                <span class="method-name">setUp([TestResult name={null} status=CREATED method=ProductPageTest.verifyProductReviewsAreDisplayed()[pri...)</span>
                <span class="method-start">992189 ms</span>
              </div> <!-- configuration-method before -->
              <div class="test-method">
                <span class="method-name">verifyProductReviewsAreDisplayed</span>
                <span class="method-start">1014269 ms</span>
              </div> <!-- test-method -->
              <div class="configuration-method after">
                <span class="method-name">tearDown([TestResult name=verifyProductReviewsAreDisplayed status=SUCCESS method=ProductPageTest.verifyProduc...)</span>
                <span class="method-start">1027057 ms</span>
              </div> <!-- configuration-method after -->
              <div class="configuration-method before">
                <span class="method-name">setUp([TestResult name={null} status=CREATED method=ProductPageTest.verifyProductVariationSelection()[pri:...)</span>
                <span class="method-start">1027265 ms</span>
              </div> <!-- configuration-method before -->
              <div class="test-method">
                <span class="method-name">verifyProductVariationSelection</span>
                <span class="method-start">1048160 ms</span>
              </div> <!-- test-method -->
              <div class="configuration-method after">
                <span class="method-name">tearDown([TestResult name=verifyProductVariationSelection status=SUCCESS method=ProductPageTest.verifyProduct...)</span>
                <span class="method-start">1076577 ms</span>
              </div> <!-- configuration-method after -->
              <div class="configuration-method before">
                <span class="method-name">setUp([TestResult name={null} status=CREATED method=ProductPageTest.verifyRelatedProductsAreDisplayed()[pr...)</span>
                <span class="method-start">1076785 ms</span>
              </div> <!-- configuration-method before -->
              <div class="test-method">
                <span class="method-name">verifyRelatedProductsAreDisplayed</span>
                <span class="method-start">1098419 ms</span>
              </div> <!-- test-method -->
              <div class="configuration-method after">
                <span class="method-name">tearDown([TestResult name=verifyRelatedProductsAreDisplayed status=SUCCESS method=ProductPageTest.verifyRelat...)</span>
                <span class="method-start">1115113 ms</span>
              </div> <!-- configuration-method after -->
            </div> <!-- chronological-class -->
            <div class="chronological-class">
              <div class="chronological-class-name">tests.ui.SearchTest</div> <!-- chronological-class-name -->
              <div class="configuration-method before">
                <span class="method-name">setUp([TestResult name={null} status=CREATED method=SearchTest.verifyAutoSuggestionsInSearchBar()[pri:0, i...)</span>
                <span class="method-start">1115329 ms</span>
              </div> <!-- configuration-method before -->
              <div class="test-method">
                <span class="method-name">verifyAutoSuggestionsInSearchBar</span>
                <span class="method-start">1137026 ms</span>
              </div> <!-- test-method -->
              <div class="configuration-method after">
                <span class="method-name">tearDown([TestResult name=verifyAutoSuggestionsInSearchBar status=SUCCESS method=SearchTest.verifyAutoSuggest...)</span>
                <span class="method-start">1142115 ms</span>
              </div> <!-- configuration-method after -->
              <div class="configuration-method before">
                <span class="method-name">setUp([TestResult name={null} status=CREATED method=SearchTest.verifyClearingFilters()[pri:0, instance:tes...)</span>
                <span class="method-start">1142293 ms</span>
              </div> <!-- configuration-method before -->
              <div class="test-method">
                <span class="method-name">verifyClearingFilters</span>
                <span class="method-start">1164125 ms</span>
              </div> <!-- test-method -->
              <div class="configuration-method after">
                <span class="method-name">tearDown([TestResult name=verifyClearingFilters status=SUCCESS method=SearchTest.verifyClearingFilters()[pri:...)</span>
                <span class="method-start">1182128 ms</span>
              </div> <!-- configuration-method after -->
              <div class="configuration-method before">
                <span class="method-name">setUp([TestResult name={null} status=CREATED method=SearchTest.verifyFilteringByManufacturer()[pri:0, inst...)</span>
                <span class="method-start">1182298 ms</span>
              </div> <!-- configuration-method before -->
              <div class="test-method">
                <span class="method-name">verifyFilteringByManufacturer</span>
                <span class="method-start">1204740 ms</span>
              </div> <!-- test-method -->
              <div class="configuration-method after">
                <span class="method-name">tearDown([TestResult name=verifyFilteringByManufacturer status=SUCCESS method=SearchTest.verifyFilteringByMan...)</span>
                <span class="method-start">1220208 ms</span>
              </div> <!-- configuration-method after -->
              <div class="configuration-method before">
                <span class="method-name">setUp([TestResult name={null} status=CREATED method=SearchTest.verifyInvalidSearchTerm()[pri:0, instance:t...)</span>
                <span class="method-start">1220452 ms</span>
              </div> <!-- configuration-method before -->
              <div class="test-method">
                <span class="method-name">verifyInvalidSearchTerm</span>
                <span class="method-start">1241874 ms</span>
              </div> <!-- test-method -->
              <div class="configuration-method after">
                <span class="method-name">tearDown([TestResult name=verifyInvalidSearchTerm status=SUCCESS method=SearchTest.verifyInvalidSearchTerm()[...)</span>
                <span class="method-start">1249283 ms</span>
              </div> <!-- configuration-method after -->
              <div class="configuration-method before">
                <span class="method-name">setUp([TestResult name={null} status=CREATED method=SearchTest.verifyPaginationInSearchResults()[pri:0, in...)</span>
                <span class="method-start">1249445 ms</span>
              </div> <!-- configuration-method before -->
              <div class="test-method">
                <span class="method-name">verifyPaginationInSearchResults</span>
                <span class="method-start">1271829 ms</span>
              </div> <!-- test-method -->
              <div class="configuration-method after">
                <span class="method-name">tearDown([TestResult name=verifyPaginationInSearchResults status=SUCCESS method=SearchTest.verifyPaginationIn...)</span>
                <span class="method-start">1281731 ms</span>
              </div> <!-- configuration-method after -->
              <div class="configuration-method before">
                <span class="method-name">setUp([TestResult name={null} status=CREATED method=SearchTest.verifySearchByCategory()[pri:0, instance:te...)</span>
                <span class="method-start">1281946 ms</span>
              </div> <!-- configuration-method before -->
              <div class="test-method">
                <span class="method-name">verifySearchByCategory</span>
                <span class="method-start">1304118 ms</span>
              </div> <!-- test-method -->
              <div class="configuration-method after">
                <span class="method-name">tearDown([TestResult name=verifySearchByCategory status=SUCCESS method=SearchTest.verifySearchByCategory()[pr...)</span>
                <span class="method-start">1310657 ms</span>
              </div> <!-- configuration-method after -->
              <div class="configuration-method before">
                <span class="method-name">setUp([TestResult name={null} status=CREATED method=SearchTest.verifySearchFunctionality()[pri:0, instance...)</span>
                <span class="method-start">1310828 ms</span>
              </div> <!-- configuration-method before -->
              <div class="test-method">
                <span class="method-name">verifySearchFunctionality</span>
                <span class="method-start">1332523 ms</span>
              </div> <!-- test-method -->
              <div class="configuration-method after">
                <span class="method-name">tearDown([TestResult name=verifySearchFunctionality status=SUCCESS method=SearchTest.verifySearchFunctionalit...)</span>
                <span class="method-start">1337870 ms</span>
              </div> <!-- configuration-method after -->
              <div class="configuration-method before">
                <span class="method-name">setUp([TestResult name={null} status=CREATED method=SearchTest.verifySortingOptions()[pri:0, instance:test...)</span>
                <span class="method-start">1338050 ms</span>
              </div> <!-- configuration-method before -->
              <div class="test-method">
                <span class="method-name">verifySortingOptions</span>
                <span class="method-start">1359437 ms</span>
              </div> <!-- test-method -->
              <div class="configuration-method after">
                <span class="method-name">tearDown([TestResult name=verifySortingOptions status=SUCCESS method=SearchTest.verifySortingOptions()[pri:0,...)</span>
                <span class="method-start">1375282 ms</span>
              </div> <!-- configuration-method after -->
          </div> <!-- main-panel-content rounded-window-bottom -->
        </div> <!-- panel -->
      </div> <!-- main-panel-root -->
    </div> <!-- wrapper -->
  </body>
<script type="text/javascript" src="testng-reports2.js"></script>
</html>
