<?xml version="1.0" encoding="UTF-8"?>
<testsuite xmlns:xsi="http://www.w3.org/2001/XMLSchema-instance" xsi:noNamespaceSchemaLocation="https://maven.apache.org/surefire/maven-surefire-plugin/xsd/surefire-test-report.xsd" version="3.0.2" name="TestSuite" time="1376.727" tests="31" errors="0" skipped="0" failures="3">
  <properties>
[...]
</properties>
  <testcase name="testAddMultipleProductsToCart" classname="tests.ui.CartTest" time="26.317">
    <system-out><![CDATA[Test Suite Started: EcomUIRegressionTest
2025-03-18 12:59:38,859 [main] INFO  TestListener - 🚀 Starting Test Suite: EcomUIRegressionTest

🌍 Test Environment:
🖥️ OS: Windows 11 10.0
☕ Java Version: 23.0.1
🌐 Browser: chrome 134.0.6998.89

🟢 Test Started: testAddMultipleProductsToCart (🔢 Test Case ID: TC-018)

🌍 Test Environment:
🖥️ OS: Windows 11 10.0
☕ Java Version: 23.0.1
🌐 Browser: chrome 134.0.6998.89

]]></system-out>
    <system-err><![CDATA[SLF4J: No SLF4J providers were found.
SLF4J: Defaulting to no-operation (NOP) logger implementation
SLF4J: See https://www.slf4j.org/codes.html#noProviders for further details.
SLF4J: Class path contains SLF4J bindings targeting slf4j-api versions 1.7.x or earlier.
SLF4J: Ignoring binding found at [jar:file:/C:/Users/Mohamed-Galal/.m2/repository/org/apache/logging/log4j/log4j-slf4j-impl/2.8.2/log4j-slf4j-impl-2.8.2.jar!/org/slf4j/impl/StaticLoggerBinder.class]
SLF4J: Ignoring binding found at [jar:file:/C:/Users/Mohamed-Galal/.m2/repository/org/slf4j/slf4j-nop/1.7.10/slf4j-nop-1.7.10.jar!/org/slf4j/impl/StaticLoggerBinder.class]
SLF4J: See https://www.slf4j.org/codes.html#ignoredBindings for an explanation.
Mar 18, 2025 12:59:56 PM org.openqa.selenium.devtools.CdpVersionFinder findNearestMatch
WARNING: Unable to find an exact match for CDP version 134, returning the closest version; found: 133; Please update to a Selenium version that supports CDP version 134
]]></system-err>
  </testcase>
  <testcase name="testCartPersistence" classname="tests.ui.CartTest" time="5.751">
    <system-out><![CDATA[📂 Test folder created: E:\Folder\Galal\Courses\Digital Egypt Pioneers Initiative (DEPI) - Software Testing\DEPI Software Tester Graduation Project\automation-framework\reports\screenshots\TC-018
📸 Screenshot saved at: E:\Folder\Galal\Courses\Digital Egypt Pioneers Initiative (DEPI) - Software Testing\DEPI Software Tester Graduation Project\automation-framework\reports\screenshots\TC-018\TC-018_screenshot.png
🟢 Test Started: testCartPersistence (🔢 Test Case ID: TC-015)

🌍 Test Environment:
🖥️ OS: Windows 11 10.0
☕ Java Version: 23.0.1
🌐 Browser: chrome 134.0.6998.89

]]></system-out>
    <system-err><![CDATA[Mar 18, 2025 1:00:45 PM org.openqa.selenium.devtools.CdpVersionFinder findNearestMatch
WARNING: Unable to find an exact match for CDP version 134, returning the closest version; found: 133; Please update to a Selenium version that supports CDP version 134
]]></system-err>
  </testcase>
  <testcase name="verifyRemoveMultipleProducts" classname="tests.ui.CartTest" time="40.812">
    <system-out><![CDATA[📂 Test folder created: E:\Folder\Galal\Courses\Digital Egypt Pioneers Initiative (DEPI) - Software Testing\DEPI Software Tester Graduation Project\automation-framework\reports\screenshots\TC-015
📸 Screenshot saved at: E:\Folder\Galal\Courses\Digital Egypt Pioneers Initiative (DEPI) - Software Testing\DEPI Software Tester Graduation Project\automation-framework\reports\screenshots\TC-015\TC-015_screenshot.png
🟢 Test Started: verifyRemoveMultipleProducts (🔢 Test Case ID: TC-019)

🌍 Test Environment:
🖥️ OS: Windows 11 10.0
☕ Java Version: 23.0.1
🌐 Browser: chrome 134.0.6998.89

Clicked 'Remove' button for product ID: 3
Clicked 'Remove' button for product ID: 4
Clicked 'Remove' button for product ID: 43
Clicked 'Remove' button for product ID: 41
All products successfully removed. Cart is empty.
]]></system-out>
    <system-err><![CDATA[Mar 18, 2025 1:01:13 PM org.openqa.selenium.devtools.CdpVersionFinder findNearestMatch
WARNING: Unable to find an exact match for CDP version 134, returning the closest version; found: 133; Please update to a Selenium version that supports CDP version 134
]]></system-err>
  </testcase>
  <testcase name="testCheckoutProcessAsUser" classname="tests.ui.CheckoutTest" time="33.578">
    <system-out><![CDATA[📂 Test folder created: E:\Folder\Galal\Courses\Digital Egypt Pioneers Initiative (DEPI) - Software Testing\DEPI Software Tester Graduation Project\automation-framework\reports\screenshots\TC-019
📸 Screenshot saved at: E:\Folder\Galal\Courses\Digital Egypt Pioneers Initiative (DEPI) - Software Testing\DEPI Software Tester Graduation Project\automation-framework\reports\screenshots\TC-019\TC-019_screenshot.png
🟢 Test Started: testCheckoutProcessAsUser (🔢 Test Case ID: TC-073)

🌍 Test Environment:
🖥️ OS: Windows 11 10.0
☕ Java Version: 23.0.1
🌐 Browser: chrome 134.0.6998.89

]]></system-out>
    <system-err><![CDATA[Mar 18, 2025 1:02:16 PM org.openqa.selenium.devtools.CdpVersionFinder findNearestMatch
WARNING: Unable to find an exact match for CDP version 134, returning the closest version; found: 133; Please update to a Selenium version that supports CDP version 134
]]></system-err>
  </testcase>
  <testcase name="verifyCheckoutPageLoads" classname="tests.ui.CheckoutTest" time="16.606">
    <system-out><![CDATA[📂 Test folder created: E:\Folder\Galal\Courses\Digital Egypt Pioneers Initiative (DEPI) - Software Testing\DEPI Software Tester Graduation Project\automation-framework\reports\screenshots\TC-073
📸 Screenshot saved at: E:\Folder\Galal\Courses\Digital Egypt Pioneers Initiative (DEPI) - Software Testing\DEPI Software Tester Graduation Project\automation-framework\reports\screenshots\TC-073\TC-073_screenshot.png
🟢 Test Started: verifyCheckoutPageLoads (🔢 Test Case ID: TC-004)

🌍 Test Environment:
🖥️ OS: Windows 11 10.0
☕ Java Version: 23.0.1
🌐 Browser: chrome 134.0.6998.89

]]></system-out>
    <system-err><![CDATA[Mar 18, 2025 1:03:12 PM org.openqa.selenium.devtools.CdpVersionFinder findNearestMatch
WARNING: Unable to find an exact match for CDP version 134, returning the closest version; found: 133; Please update to a Selenium version that supports CDP version 134
]]></system-err>
  </testcase>
  <testcase name="verifyCheckoutProcessAsGuest" classname="tests.ui.CheckoutTest" time="37.168">
    <system-out><![CDATA[📂 Test folder created: E:\Folder\Galal\Courses\Digital Egypt Pioneers Initiative (DEPI) - Software Testing\DEPI Software Tester Graduation Project\automation-framework\reports\screenshots\TC-004
📸 Screenshot saved at: E:\Folder\Galal\Courses\Digital Egypt Pioneers Initiative (DEPI) - Software Testing\DEPI Software Tester Graduation Project\automation-framework\reports\screenshots\TC-004\TC-004_screenshot.png
🟢 Test Started: verifyCheckoutProcessAsGuest (🔢 Test Case ID: TC-005_TC-006_TC-072)

🌍 Test Environment:
🖥️ OS: Windows 11 10.0
☕ Java Version: 23.0.1
🌐 Browser: chrome 134.0.6998.89

]]></system-out>
    <system-err><![CDATA[Mar 18, 2025 1:03:50 PM org.openqa.selenium.devtools.CdpVersionFinder findNearestMatch
WARNING: Unable to find an exact match for CDP version 134, returning the closest version; found: 133; Please update to a Selenium version that supports CDP version 134
]]></system-err>
  </testcase>
  <testcase name="verifyDifferentPaymentOptionsAreAvailable" classname="tests.ui.CheckoutTest" time="24.555">
    <system-out><![CDATA[📂 Test folder created: E:\Folder\Galal\Courses\Digital Egypt Pioneers Initiative (DEPI) - Software Testing\DEPI Software Tester Graduation Project\automation-framework\reports\screenshots\TC-005_TC-006_TC-072
📸 Screenshot saved at: E:\Folder\Galal\Courses\Digital Egypt Pioneers Initiative (DEPI) - Software Testing\DEPI Software Tester Graduation Project\automation-framework\reports\screenshots\TC-005_TC-006_TC-072\TC-005_TC-006_TC-072_screenshot.png
🟢 Test Started: verifyDifferentPaymentOptionsAreAvailable (🔢 Test Case ID: TC-189)

🌍 Test Environment:
🖥️ OS: Windows 11 10.0
☕ Java Version: 23.0.1
🌐 Browser: chrome 134.0.6998.89

]]></system-out>
    <system-err><![CDATA[Mar 18, 2025 1:04:50 PM org.openqa.selenium.devtools.CdpVersionFinder findNearestMatch
WARNING: Unable to find an exact match for CDP version 134, returning the closest version; found: 133; Please update to a Selenium version that supports CDP version 134
]]></system-err>
  </testcase>
  <testcase name="verifyInvalidAddressPreventsCheckout" classname="tests.ui.CheckoutTest" time="29.166">
    <system-out><![CDATA[📂 Test folder created: E:\Folder\Galal\Courses\Digital Egypt Pioneers Initiative (DEPI) - Software Testing\DEPI Software Tester Graduation Project\automation-framework\reports\screenshots\TC-189
📸 Screenshot saved at: E:\Folder\Galal\Courses\Digital Egypt Pioneers Initiative (DEPI) - Software Testing\DEPI Software Tester Graduation Project\automation-framework\reports\screenshots\TC-189\TC-189_screenshot.png
🟢 Test Started: verifyInvalidAddressPreventsCheckout (🔢 Test Case ID: TC-080)

🌍 Test Environment:
🖥️ OS: Windows 11 10.0
☕ Java Version: 23.0.1
🌐 Browser: chrome 134.0.6998.89

]]></system-out>
    <system-err><![CDATA[Mar 18, 2025 1:05:37 PM org.openqa.selenium.devtools.CdpVersionFinder findNearestMatch
WARNING: Unable to find an exact match for CDP version 134, returning the closest version; found: 133; Please update to a Selenium version that supports CDP version 134
]]></system-err>
  </testcase>
  <testcase name="verifyOrderIsGenerated" classname="tests.ui.CheckoutTest" time="28.85">
    <system-out><![CDATA[📂 Test folder created: E:\Folder\Galal\Courses\Digital Egypt Pioneers Initiative (DEPI) - Software Testing\DEPI Software Tester Graduation Project\automation-framework\reports\screenshots\TC-080
📸 Screenshot saved at: E:\Folder\Galal\Courses\Digital Egypt Pioneers Initiative (DEPI) - Software Testing\DEPI Software Tester Graduation Project\automation-framework\reports\screenshots\TC-080\TC-080_screenshot.png
🟢 Test Started: verifyOrderIsGenerated (🔢 Test Case ID: TC-081)

🌍 Test Environment:
🖥️ OS: Windows 11 10.0
☕ Java Version: 23.0.1
🌐 Browser: chrome 134.0.6998.89

Order placed successfully. Order Number: 108
]]></system-out>
    <system-err><![CDATA[Mar 18, 2025 1:06:28 PM org.openqa.selenium.devtools.CdpVersionFinder findNearestMatch
WARNING: Unable to find an exact match for CDP version 134, returning the closest version; found: 133; Please update to a Selenium version that supports CDP version 134
]]></system-err>
  </testcase>
  <testcase name="verifyOrderSummaryDisplaysCorrectInfo" classname="tests.ui.CheckoutTest" time="31.814">
    <system-out><![CDATA[📂 Test folder created: E:\Folder\Galal\Courses\Digital Egypt Pioneers Initiative (DEPI) - Software Testing\DEPI Software Tester Graduation Project\automation-framework\reports\screenshots\TC-081
📸 Screenshot saved at: E:\Folder\Galal\Courses\Digital Egypt Pioneers Initiative (DEPI) - Software Testing\DEPI Software Tester Graduation Project\automation-framework\reports\screenshots\TC-081\TC-081_screenshot.png
🟢 Test Started: verifyOrderSummaryDisplaysCorrectInfo (🔢 Test Case ID: TC-187)

🌍 Test Environment:
🖥️ OS: Windows 11 10.0
☕ Java Version: 23.0.1
🌐 Browser: chrome 134.0.6998.89

]]></system-out>
    <system-err><![CDATA[Mar 18, 2025 1:07:18 PM org.openqa.selenium.devtools.CdpVersionFinder findNearestMatch
WARNING: Unable to find an exact match for CDP version 134, returning the closest version; found: 133; Please update to a Selenium version that supports CDP version 134
]]></system-err>
  </testcase>
  <testcase name="verifyHeaderLinks" classname="tests.ui.HomePageTest" time="21.075">
    <system-out><![CDATA[📂 Test folder created: E:\Folder\Galal\Courses\Digital Egypt Pioneers Initiative (DEPI) - Software Testing\DEPI Software Tester Graduation Project\automation-framework\reports\screenshots\TC-187
📸 Screenshot saved at: E:\Folder\Galal\Courses\Digital Egypt Pioneers Initiative (DEPI) - Software Testing\DEPI Software Tester Graduation Project\automation-framework\reports\screenshots\TC-187\TC-187_screenshot.png
🟢 Test Started: verifyHeaderLinks (🔢 Test Case ID: TC-342)

🌍 Test Environment:
🖥️ OS: Windows 11 10.0
☕ Java Version: 23.0.1
🌐 Browser: chrome 134.0.6998.89

]]></system-out>
    <system-err><![CDATA[Mar 18, 2025 1:08:13 PM org.openqa.selenium.devtools.CdpVersionFinder findNearestMatch
WARNING: Unable to find an exact match for CDP version 134, returning the closest version; found: 133; Please update to a Selenium version that supports CDP version 134
]]></system-err>
  </testcase>
  <testcase name="verifyHomePageLoads" classname="tests.ui.HomePageTest" time="0.838">
    <system-out><![CDATA[📂 Test folder created: E:\Folder\Galal\Courses\Digital Egypt Pioneers Initiative (DEPI) - Software Testing\DEPI Software Tester Graduation Project\automation-framework\reports\screenshots\TC-342
📸 Screenshot saved at: E:\Folder\Galal\Courses\Digital Egypt Pioneers Initiative (DEPI) - Software Testing\DEPI Software Tester Graduation Project\automation-framework\reports\screenshots\TC-342\TC-342_screenshot.png
🟢 Test Started: verifyHomePageLoads (🔢 Test Case ID: TC-001)

🌍 Test Environment:
🖥️ OS: Windows 11 10.0
☕ Java Version: 23.0.1
🌐 Browser: chrome 134.0.6998.89

]]></system-out>
    <system-err><![CDATA[Mar 18, 2025 1:08:56 PM org.openqa.selenium.devtools.CdpVersionFinder findNearestMatch
WARNING: Unable to find an exact match for CDP version 134, returning the closest version; found: 133; Please update to a Selenium version that supports CDP version 134
]]></system-err>
  </testcase>
  <testcase name="verifyAvailablePaymentMethods" classname="tests.ui.PaymentsTest" time="20.954">
    <failure message="Neither PayPal nor Cash On Delivery (COD) payment methods are available! Available methods: " type="java.lang.AssertionError"><![CDATA[java.lang.AssertionError: Neither PayPal nor Cash On Delivery (COD) payment methods are available! Available methods: 
	at org.testng.Assert.fail(Assert.java:111)
	at tests.ui.PaymentsTest.verifyAvailablePaymentMethods(PaymentsTest.java:316)
	at java.base/jdk.internal.reflect.DirectMethodHandleAccessor.invoke(DirectMethodHandleAccessor.java:103)
	at java.base/java.lang.reflect.Method.invoke(Method.java:580)
	at org.testng.internal.invokers.MethodInvocationHelper.invokeMethod(MethodInvocationHelper.java:141)
	at org.testng.internal.invokers.TestInvoker.invokeMethod(TestInvoker.java:687)
	at org.testng.internal.invokers.TestInvoker.invokeTestMethod(TestInvoker.java:230)
	at org.testng.internal.invokers.MethodRunner.runInSequence(MethodRunner.java:63)
	at org.testng.internal.invokers.TestInvoker$MethodInvocationAgent.invoke(TestInvoker.java:995)
	at org.testng.internal.invokers.TestInvoker.invokeTestMethods(TestInvoker.java:203)
	at org.testng.internal.invokers.TestMethodWorker.invokeTestMethods(TestMethodWorker.java:154)
	at org.testng.internal.invokers.TestMethodWorker.run(TestMethodWorker.java:134)
	at java.base/java.util.ArrayList.forEach(ArrayList.java:1597)
	at org.testng.TestRunner.privateRun(TestRunner.java:741)
	at org.testng.TestRunner.run(TestRunner.java:616)
	at org.testng.SuiteRunner.runTest(SuiteRunner.java:421)
	at org.testng.SuiteRunner.runSequentially(SuiteRunner.java:413)
	at org.testng.SuiteRunner.privateRun(SuiteRunner.java:373)
	at org.testng.SuiteRunner.run(SuiteRunner.java:312)
	at org.testng.SuiteRunnerWorker.runSuite(SuiteRunnerWorker.java:52)
	at org.testng.SuiteRunnerWorker.run(SuiteRunnerWorker.java:95)
	at org.testng.TestNG.runSuitesSequentially(TestNG.java:1274)
	at org.testng.TestNG.runSuitesLocally(TestNG.java:1208)
	at org.testng.TestNG.runSuites(TestNG.java:1112)
	at org.testng.TestNG.run(TestNG.java:1079)
	at org.apache.maven.surefire.testng.TestNGExecutor.run(TestNGExecutor.java:308)
	at org.apache.maven.surefire.testng.TestNGXmlTestSuite.execute(TestNGXmlTestSuite.java:71)
	at org.apache.maven.surefire.testng.TestNGProvider.invoke(TestNGProvider.java:113)
	at org.apache.maven.surefire.booter.ForkedBooter.runSuitesInProcess(ForkedBooter.java:385)
	at org.apache.maven.surefire.booter.ForkedBooter.execute(ForkedBooter.java:162)
	at org.apache.maven.surefire.booter.ForkedBooter.run(ForkedBooter.java:507)
	at org.apache.maven.surefire.booter.ForkedBooter.main(ForkedBooter.java:495)
]]></failure>
    <system-out><![CDATA[📂 Test folder created: E:\Folder\Galal\Courses\Digital Egypt Pioneers Initiative (DEPI) - Software Testing\DEPI Software Tester Graduation Project\automation-framework\reports\screenshots\TC-001
📸 Screenshot saved at: E:\Folder\Galal\Courses\Digital Egypt Pioneers Initiative (DEPI) - Software Testing\DEPI Software Tester Graduation Project\automation-framework\reports\screenshots\TC-001\TC-001_screenshot.png
🟢 Test Started: verifyAvailablePaymentMethods (🔢 Test Case ID: TC-083_TC-084)

🌍 Test Environment:
🖥️ OS: Windows 11 10.0
☕ Java Version: 23.0.1
🌐 Browser: chrome 134.0.6998.89

User logged in successfully.
Navigating to product page: https://demo.nopcommerce.com/adobe-photoshop
Clicked 'Add to Cart' button.
Cart page loaded successfully.
Accepted terms of service.
Shipping method selected.
Checking available payment methods...
]]></system-out>
    <system-err><![CDATA[Mar 18, 2025 1:09:23 PM org.openqa.selenium.devtools.CdpVersionFinder findNearestMatch
WARNING: Unable to find an exact match for CDP version 134, returning the closest version; found: 133; Please update to a Selenium version that supports CDP version 134
]]></system-err>
  </testcase>
  <testcase name="verifyDuplicatePaymentPrevention" classname="tests.ui.PaymentsTest" time="26.992">
    <failure message="Duplicate payment request should have been blocked!" type="java.lang.AssertionError"><![CDATA[java.lang.AssertionError: Duplicate payment request should have been blocked!
	at org.testng.Assert.fail(Assert.java:111)
	at tests.ui.PaymentsTest.verifyDuplicatePaymentPrevention(PaymentsTest.java:443)
	at java.base/jdk.internal.reflect.DirectMethodHandleAccessor.invoke(DirectMethodHandleAccessor.java:103)
	at java.base/java.lang.reflect.Method.invoke(Method.java:580)
	at org.testng.internal.invokers.MethodInvocationHelper.invokeMethod(MethodInvocationHelper.java:141)
	at org.testng.internal.invokers.TestInvoker.invokeMethod(TestInvoker.java:687)
	at org.testng.internal.invokers.TestInvoker.invokeTestMethod(TestInvoker.java:230)
	at org.testng.internal.invokers.MethodRunner.runInSequence(MethodRunner.java:63)
	at org.testng.internal.invokers.TestInvoker$MethodInvocationAgent.invoke(TestInvoker.java:995)
	at org.testng.internal.invokers.TestInvoker.invokeTestMethods(TestInvoker.java:203)
	at org.testng.internal.invokers.TestMethodWorker.invokeTestMethods(TestMethodWorker.java:154)
	at org.testng.internal.invokers.TestMethodWorker.run(TestMethodWorker.java:134)
	at java.base/java.util.ArrayList.forEach(ArrayList.java:1597)
	at org.testng.TestRunner.privateRun(TestRunner.java:741)
	at org.testng.TestRunner.run(TestRunner.java:616)
	at org.testng.SuiteRunner.runTest(SuiteRunner.java:421)
	at org.testng.SuiteRunner.runSequentially(SuiteRunner.java:413)
	at org.testng.SuiteRunner.privateRun(SuiteRunner.java:373)
	at org.testng.SuiteRunner.run(SuiteRunner.java:312)
	at org.testng.SuiteRunnerWorker.runSuite(SuiteRunnerWorker.java:52)
	at org.testng.SuiteRunnerWorker.run(SuiteRunnerWorker.java:95)
	at org.testng.TestNG.runSuitesSequentially(TestNG.java:1274)
	at org.testng.TestNG.runSuitesLocally(TestNG.java:1208)
	at org.testng.TestNG.runSuites(TestNG.java:1112)
	at org.testng.TestNG.run(TestNG.java:1079)
	at org.apache.maven.surefire.testng.TestNGExecutor.run(TestNGExecutor.java:308)
	at org.apache.maven.surefire.testng.TestNGXmlTestSuite.execute(TestNGXmlTestSuite.java:71)
	at org.apache.maven.surefire.testng.TestNGProvider.invoke(TestNGProvider.java:113)
	at org.apache.maven.surefire.booter.ForkedBooter.runSuitesInProcess(ForkedBooter.java:385)
	at org.apache.maven.surefire.booter.ForkedBooter.execute(ForkedBooter.java:162)
	at org.apache.maven.surefire.booter.ForkedBooter.run(ForkedBooter.java:507)
	at org.apache.maven.surefire.booter.ForkedBooter.main(ForkedBooter.java:495)
]]></failure>
    <system-out><![CDATA[📂 Test folder created: E:\Folder\Galal\Courses\Digital Egypt Pioneers Initiative (DEPI) - Software Testing\DEPI Software Tester Graduation Project\automation-framework\reports\screenshots\TC-083_TC-084
📸 Screenshot saved at: E:\Folder\Galal\Courses\Digital Egypt Pioneers Initiative (DEPI) - Software Testing\DEPI Software Tester Graduation Project\automation-framework\reports\screenshots\TC-083_TC-084\TC-083_TC-084_screenshot.png
🟢 Test Started: verifyDuplicatePaymentPrevention (🔢 Test Case ID: TC-088)

🌍 Test Environment:
🖥️ OS: Windows 11 10.0
☕ Java Version: 23.0.1
🌐 Browser: chrome 134.0.6998.89

User logged in successfully.
Navigating to product page: https://demo.nopcommerce.com/adobe-photoshop
Clicked 'Add to Cart' button.
Cart page loaded successfully.
Accepted terms of service.
Shipping method selected.
Payment method selected.
]]></system-out>
    <system-err><![CDATA[Mar 18, 2025 1:10:07 PM org.openqa.selenium.devtools.CdpVersionFinder findNearestMatch
WARNING: Unable to find an exact match for CDP version 134, returning the closest version; found: 133; Please update to a Selenium version that supports CDP version 134
]]></system-err>
  </testcase>
  <testcase name="verifyExpiredPaymentMethod" classname="tests.ui.PaymentsTest" time="27.166">
    <system-out><![CDATA[📂 Test folder created: E:\Folder\Galal\Courses\Digital Egypt Pioneers Initiative (DEPI) - Software Testing\DEPI Software Tester Graduation Project\automation-framework\reports\screenshots\TC-088
📸 Screenshot saved at: E:\Folder\Galal\Courses\Digital Egypt Pioneers Initiative (DEPI) - Software Testing\DEPI Software Tester Graduation Project\automation-framework\reports\screenshots\TC-088\TC-088_screenshot.png
🟢 Test Started: verifyExpiredPaymentMethod (🔢 Test Case ID: TC-012)

🌍 Test Environment:
🖥️ OS: Windows 11 10.0
☕ Java Version: 23.0.1
🌐 Browser: chrome 134.0.6998.89

User logged in successfully.
Navigating to product page: https://demo.nopcommerce.com/adobe-photoshop
Clicked 'Add to Cart' button.
Cart page loaded successfully.
Accepted terms of service.
Shipping method selected.
Payment method selected.
Payment details entered.
]]></system-out>
    <system-err><![CDATA[Mar 18, 2025 1:10:57 PM org.openqa.selenium.devtools.CdpVersionFinder findNearestMatch
WARNING: Unable to find an exact match for CDP version 134, returning the closest version; found: 133; Please update to a Selenium version that supports CDP version 134
]]></system-err>
  </testcase>
  <testcase name="verifyPaymentFailsWithInsufficientFunds" classname="tests.ui.PaymentsTest" time="58.794">
    <failure message="Transaction should have been declined due to insufficient funds, but it was processed successfully." type="java.lang.AssertionError"><![CDATA[java.lang.AssertionError: Transaction should have been declined due to insufficient funds, but it was processed successfully.
	at org.testng.Assert.fail(Assert.java:111)
	at tests.ui.PaymentsTest.verifyPaymentFailsWithInsufficientFunds(PaymentsTest.java:558)
	at java.base/jdk.internal.reflect.DirectMethodHandleAccessor.invoke(DirectMethodHandleAccessor.java:103)
	at java.base/java.lang.reflect.Method.invoke(Method.java:580)
	at org.testng.internal.invokers.MethodInvocationHelper.invokeMethod(MethodInvocationHelper.java:141)
	at org.testng.internal.invokers.TestInvoker.invokeMethod(TestInvoker.java:687)
	at org.testng.internal.invokers.TestInvoker.invokeTestMethod(TestInvoker.java:230)
	at org.testng.internal.invokers.MethodRunner.runInSequence(MethodRunner.java:63)
	at org.testng.internal.invokers.TestInvoker$MethodInvocationAgent.invoke(TestInvoker.java:995)
	at org.testng.internal.invokers.TestInvoker.invokeTestMethods(TestInvoker.java:203)
	at org.testng.internal.invokers.TestMethodWorker.invokeTestMethods(TestMethodWorker.java:154)
	at org.testng.internal.invokers.TestMethodWorker.run(TestMethodWorker.java:134)
	at java.base/java.util.ArrayList.forEach(ArrayList.java:1597)
	at org.testng.TestRunner.privateRun(TestRunner.java:741)
	at org.testng.TestRunner.run(TestRunner.java:616)
	at org.testng.SuiteRunner.runTest(SuiteRunner.java:421)
	at org.testng.SuiteRunner.runSequentially(SuiteRunner.java:413)
	at org.testng.SuiteRunner.privateRun(SuiteRunner.java:373)
	at org.testng.SuiteRunner.run(SuiteRunner.java:312)
	at org.testng.SuiteRunnerWorker.runSuite(SuiteRunnerWorker.java:52)
	at org.testng.SuiteRunnerWorker.run(SuiteRunnerWorker.java:95)
	at org.testng.TestNG.runSuitesSequentially(TestNG.java:1274)
	at org.testng.TestNG.runSuitesLocally(TestNG.java:1208)
	at org.testng.TestNG.runSuites(TestNG.java:1112)
	at org.testng.TestNG.run(TestNG.java:1079)
	at org.apache.maven.surefire.testng.TestNGExecutor.run(TestNGExecutor.java:308)
	at org.apache.maven.surefire.testng.TestNGXmlTestSuite.execute(TestNGXmlTestSuite.java:71)
	at org.apache.maven.surefire.testng.TestNGProvider.invoke(TestNGProvider.java:113)
	at org.apache.maven.surefire.booter.ForkedBooter.runSuitesInProcess(ForkedBooter.java:385)
	at org.apache.maven.surefire.booter.ForkedBooter.execute(ForkedBooter.java:162)
	at org.apache.maven.surefire.booter.ForkedBooter.run(ForkedBooter.java:507)
	at org.apache.maven.surefire.booter.ForkedBooter.main(ForkedBooter.java:495)
]]></failure>
    <system-out><![CDATA[📂 Test folder created: E:\Folder\Galal\Courses\Digital Egypt Pioneers Initiative (DEPI) - Software Testing\DEPI Software Tester Graduation Project\automation-framework\reports\screenshots\TC-012
📸 Screenshot saved at: E:\Folder\Galal\Courses\Digital Egypt Pioneers Initiative (DEPI) - Software Testing\DEPI Software Tester Graduation Project\automation-framework\reports\screenshots\TC-012\TC-012_screenshot.png
🟢 Test Started: verifyPaymentFailsWithInsufficientFunds (🔢 Test Case ID: TC-095)

🌍 Test Environment:
🖥️ OS: Windows 11 10.0
☕ Java Version: 23.0.1
🌐 Browser: chrome 134.0.6998.89

User logged in successfully.
Navigating to product page: https://demo.nopcommerce.com/adobe-photoshop
Clicked 'Add to Cart' button.
Cart page loaded successfully.
Accepted terms of service.
Shipping method selected.
Payment method selected.
]]></system-out>
    <system-err><![CDATA[Mar 18, 2025 1:11:47 PM org.openqa.selenium.devtools.CdpVersionFinder findNearestMatch
WARNING: Unable to find an exact match for CDP version 134, returning the closest version; found: 133; Please update to a Selenium version that supports CDP version 134
]]></system-err>
  </testcase>
  <testcase name="verifyPaymentViaCreditCard" classname="tests.ui.PaymentsTest" time="32.958">
    <system-out><![CDATA[📂 Test folder created: E:\Folder\Galal\Courses\Digital Egypt Pioneers Initiative (DEPI) - Software Testing\DEPI Software Tester Graduation Project\automation-framework\reports\screenshots\TC-095
📸 Screenshot saved at: E:\Folder\Galal\Courses\Digital Egypt Pioneers Initiative (DEPI) - Software Testing\DEPI Software Tester Graduation Project\automation-framework\reports\screenshots\TC-095\TC-095_screenshot.png
🟢 Test Started: verifyPaymentViaCreditCard (🔢 Test Case ID: TC-082)

🌍 Test Environment:
🖥️ OS: Windows 11 10.0
☕ Java Version: 23.0.1
🌐 Browser: chrome 134.0.6998.89

User logged in successfully.
Navigating to product page: https://demo.nopcommerce.com/adobe-photoshop
Clicked 'Add to Cart' button.
Cart page loaded successfully.
Accepted terms of service.
Shipping method selected.
Payment method selected.
]]></system-out>
    <system-err><![CDATA[Mar 18, 2025 1:13:08 PM org.openqa.selenium.devtools.CdpVersionFinder findNearestMatch
WARNING: Unable to find an exact match for CDP version 134, returning the closest version; found: 133; Please update to a Selenium version that supports CDP version 134
]]></system-err>
  </testcase>
  <testcase name="verifyCompareListFunctionality" classname="tests.ui.ProductPageTest" time="56.854">
    <system-out><![CDATA[📂 Test folder created: E:\Folder\Galal\Courses\Digital Egypt Pioneers Initiative (DEPI) - Software Testing\DEPI Software Tester Graduation Project\automation-framework\reports\screenshots\TC-082
📸 Screenshot saved at: E:\Folder\Galal\Courses\Digital Egypt Pioneers Initiative (DEPI) - Software Testing\DEPI Software Tester Graduation Project\automation-framework\reports\screenshots\TC-082\TC-082_screenshot.png
🟢 Test Started: verifyCompareListFunctionality (🔢 Test Case ID: TC-199)

🌍 Test Environment:
🖥️ OS: Windows 11 10.0
☕ Java Version: 23.0.1
🌐 Browser: chrome 134.0.6998.89

Extracted Products: [HTC One Mini Blue, Apple iPhone 16 128GB]
]]></system-out>
    <system-err><![CDATA[Mar 18, 2025 1:14:05 PM org.openqa.selenium.devtools.CdpVersionFinder findNearestMatch
WARNING: Unable to find an exact match for CDP version 134, returning the closest version; found: 133; Please update to a Selenium version that supports CDP version 134
]]></system-err>
  </testcase>
  <testcase name="verifyProductImageGallery" classname="tests.ui.ProductPageTest" time="13.743">
    <system-out><![CDATA[📂 Test folder created: E:\Folder\Galal\Courses\Digital Egypt Pioneers Initiative (DEPI) - Software Testing\DEPI Software Tester Graduation Project\automation-framework\reports\screenshots\TC-199
📸 Screenshot saved at: E:\Folder\Galal\Courses\Digital Egypt Pioneers Initiative (DEPI) - Software Testing\DEPI Software Tester Graduation Project\automation-framework\reports\screenshots\TC-199\TC-199_screenshot.png
🟢 Test Started: verifyProductImageGallery (🔢 Test Case ID: TC-179)

🌍 Test Environment:
🖥️ OS: Windows 11 10.0
☕ Java Version: 23.0.1
🌐 Browser: chrome 134.0.6998.89

Before click: https://demo.nopcommerce.com/images/thumbs/0000020_build-your-own-computer_550.jpeg
After click: https://demo.nopcommerce.com/images/thumbs/0000020_build-your-own-computer_550.jpeg
]]></system-out>
    <system-err><![CDATA[Mar 18, 2025 1:15:23 PM org.openqa.selenium.devtools.CdpVersionFinder findNearestMatch
WARNING: Unable to find an exact match for CDP version 134, returning the closest version; found: 133; Please update to a Selenium version that supports CDP version 134
]]></system-err>
  </testcase>
  <testcase name="verifyProductPageLoadsCorrectly" classname="tests.ui.ProductPageTest" time="5.954">
    <system-out><![CDATA[📂 Test folder created: E:\Folder\Galal\Courses\Digital Egypt Pioneers Initiative (DEPI) - Software Testing\DEPI Software Tester Graduation Project\automation-framework\reports\screenshots\TC-179
📸 Screenshot saved at: E:\Folder\Galal\Courses\Digital Egypt Pioneers Initiative (DEPI) - Software Testing\DEPI Software Tester Graduation Project\automation-framework\reports\screenshots\TC-179\TC-179_screenshot.png
🟢 Test Started: verifyProductPageLoadsCorrectly (🔢 Test Case ID: TC-003)

🌍 Test Environment:
🖥️ OS: Windows 11 10.0
☕ Java Version: 23.0.1
🌐 Browser: chrome 134.0.6998.89

]]></system-out>
    <system-err><![CDATA[Mar 18, 2025 1:15:59 PM org.openqa.selenium.devtools.CdpVersionFinder findNearestMatch
WARNING: Unable to find an exact match for CDP version 134, returning the closest version; found: 133; Please update to a Selenium version that supports CDP version 134
]]></system-err>
  </testcase>
  <testcase name="verifyProductReviewsAreDisplayed" classname="tests.ui.ProductPageTest" time="12.628">
    <system-out><![CDATA[📂 Test folder created: E:\Folder\Galal\Courses\Digital Egypt Pioneers Initiative (DEPI) - Software Testing\DEPI Software Tester Graduation Project\automation-framework\reports\screenshots\TC-003
📸 Screenshot saved at: E:\Folder\Galal\Courses\Digital Egypt Pioneers Initiative (DEPI) - Software Testing\DEPI Software Tester Graduation Project\automation-framework\reports\screenshots\TC-003\TC-003_screenshot.png
🟢 Test Started: verifyProductReviewsAreDisplayed (🔢 Test Case ID: TC-180)

🌍 Test Environment:
🖥️ OS: Windows 11 10.0
☕ Java Version: 23.0.1
🌐 Browser: chrome 134.0.6998.89

]]></system-out>
    <system-err><![CDATA[Mar 18, 2025 1:16:28 PM org.openqa.selenium.devtools.CdpVersionFinder findNearestMatch
WARNING: Unable to find an exact match for CDP version 134, returning the closest version; found: 133; Please update to a Selenium version that supports CDP version 134
]]></system-err>
  </testcase>
  <testcase name="verifyProductVariationSelection" classname="tests.ui.ProductPageTest" time="28.279">
    <system-out><![CDATA[📂 Test folder created: E:\Folder\Galal\Courses\Digital Egypt Pioneers Initiative (DEPI) - Software Testing\DEPI Software Tester Graduation Project\automation-framework\reports\screenshots\TC-180
📸 Screenshot saved at: E:\Folder\Galal\Courses\Digital Egypt Pioneers Initiative (DEPI) - Software Testing\DEPI Software Tester Graduation Project\automation-framework\reports\screenshots\TC-180\TC-180_screenshot.png
🟢 Test Started: verifyProductVariationSelection (🔢 Test Case ID: TC-020)

🌍 Test Environment:
🖥️ OS: Windows 11 10.0
☕ Java Version: 23.0.1
🌐 Browser: chrome 134.0.6998.89

]]></system-out>
    <system-err><![CDATA[Mar 18, 2025 1:17:03 PM org.openqa.selenium.devtools.CdpVersionFinder findNearestMatch
WARNING: Unable to find an exact match for CDP version 134, returning the closest version; found: 133; Please update to a Selenium version that supports CDP version 134
]]></system-err>
  </testcase>
  <testcase name="verifyRelatedProductsAreDisplayed" classname="tests.ui.ProductPageTest" time="16.536">
    <system-out><![CDATA[📂 Test folder created: E:\Folder\Galal\Courses\Digital Egypt Pioneers Initiative (DEPI) - Software Testing\DEPI Software Tester Graduation Project\automation-framework\reports\screenshots\TC-020
📸 Screenshot saved at: E:\Folder\Galal\Courses\Digital Egypt Pioneers Initiative (DEPI) - Software Testing\DEPI Software Tester Graduation Project\automation-framework\reports\screenshots\TC-020\TC-020_screenshot.png
🟢 Test Started: verifyRelatedProductsAreDisplayed (🔢 Test Case ID: TC-063)

🌍 Test Environment:
🖥️ OS: Windows 11 10.0
☕ Java Version: 23.0.1
🌐 Browser: chrome 134.0.6998.89

]]></system-out>
    <system-err><![CDATA[Mar 18, 2025 1:17:53 PM org.openqa.selenium.devtools.CdpVersionFinder findNearestMatch
WARNING: Unable to find an exact match for CDP version 134, returning the closest version; found: 133; Please update to a Selenium version that supports CDP version 134
]]></system-err>
  </testcase>
  <testcase name="verifyAutoSuggestionsInSearchBar" classname="tests.ui.SearchTest" time="4.822">
    <system-out><![CDATA[📂 Test folder created: E:\Folder\Galal\Courses\Digital Egypt Pioneers Initiative (DEPI) - Software Testing\DEPI Software Tester Graduation Project\automation-framework\reports\screenshots\TC-063
📸 Screenshot saved at: E:\Folder\Galal\Courses\Digital Egypt Pioneers Initiative (DEPI) - Software Testing\DEPI Software Tester Graduation Project\automation-framework\reports\screenshots\TC-063\TC-063_screenshot.png
🟢 Test Started: verifyAutoSuggestionsInSearchBar (🔢 Test Case ID: TC-051)

🌍 Test Environment:
🖥️ OS: Windows 11 10.0
☕ Java Version: 23.0.1
🌐 Browser: chrome 134.0.6998.89

]]></system-out>
    <system-err><![CDATA[Mar 18, 2025 1:18:31 PM org.openqa.selenium.devtools.CdpVersionFinder findNearestMatch
WARNING: Unable to find an exact match for CDP version 134, returning the closest version; found: 133; Please update to a Selenium version that supports CDP version 134
]]></system-err>
  </testcase>
  <testcase name="verifyClearingFilters" classname="tests.ui.SearchTest" time="17.793">
    <system-out><![CDATA[📂 Test folder created: E:\Folder\Galal\Courses\Digital Egypt Pioneers Initiative (DEPI) - Software Testing\DEPI Software Tester Graduation Project\automation-framework\reports\screenshots\TC-051
📸 Screenshot saved at: E:\Folder\Galal\Courses\Digital Egypt Pioneers Initiative (DEPI) - Software Testing\DEPI Software Tester Graduation Project\automation-framework\reports\screenshots\TC-051\TC-051_screenshot.png
🟢 Test Started: verifyClearingFilters (🔢 Test Case ID: TC-050)

🌍 Test Environment:
🖥️ OS: Windows 11 10.0
☕ Java Version: 23.0.1
🌐 Browser: chrome 134.0.6998.89

]]></system-out>
    <system-err><![CDATA[Mar 18, 2025 1:18:58 PM org.openqa.selenium.devtools.CdpVersionFinder findNearestMatch
WARNING: Unable to find an exact match for CDP version 134, returning the closest version; found: 133; Please update to a Selenium version that supports CDP version 134
]]></system-err>
  </testcase>
  <testcase name="verifyFilteringByManufacturer" classname="tests.ui.SearchTest" time="15.308">
    <system-out><![CDATA[📂 Test folder created: E:\Folder\Galal\Courses\Digital Egypt Pioneers Initiative (DEPI) - Software Testing\DEPI Software Tester Graduation Project\automation-framework\reports\screenshots\TC-050
📸 Screenshot saved at: E:\Folder\Galal\Courses\Digital Egypt Pioneers Initiative (DEPI) - Software Testing\DEPI Software Tester Graduation Project\automation-framework\reports\screenshots\TC-050\TC-050_screenshot.png
🟢 Test Started: verifyFilteringByManufacturer (🔢 Test Case ID: TC-044)

🌍 Test Environment:
🖥️ OS: Windows 11 10.0
☕ Java Version: 23.0.1
🌐 Browser: chrome 134.0.6998.89

]]></system-out>
    <system-err><![CDATA[Mar 18, 2025 1:19:38 PM org.openqa.selenium.devtools.CdpVersionFinder findNearestMatch
WARNING: Unable to find an exact match for CDP version 134, returning the closest version; found: 133; Please update to a Selenium version that supports CDP version 134
]]></system-err>
  </testcase>
  <testcase name="verifyInvalidSearchTerm" classname="tests.ui.SearchTest" time="7.267">
    <system-out><![CDATA[📂 Test folder created: E:\Folder\Galal\Courses\Digital Egypt Pioneers Initiative (DEPI) - Software Testing\DEPI Software Tester Graduation Project\automation-framework\reports\screenshots\TC-044
📸 Screenshot saved at: E:\Folder\Galal\Courses\Digital Egypt Pioneers Initiative (DEPI) - Software Testing\DEPI Software Tester Graduation Project\automation-framework\reports\screenshots\TC-044\TC-044_screenshot.png
🟢 Test Started: verifyInvalidSearchTerm (🔢 Test Case ID: TC-048)

🌍 Test Environment:
🖥️ OS: Windows 11 10.0
☕ Java Version: 23.0.1
🌐 Browser: chrome 134.0.6998.89

]]></system-out>
    <system-err><![CDATA[Mar 18, 2025 1:20:16 PM org.openqa.selenium.devtools.CdpVersionFinder findNearestMatch
WARNING: Unable to find an exact match for CDP version 134, returning the closest version; found: 133; Please update to a Selenium version that supports CDP version 134
]]></system-err>
  </testcase>
  <testcase name="verifyPaginationInSearchResults" classname="tests.ui.SearchTest" time="9.763">
    <system-out><![CDATA[📂 Test folder created: E:\Folder\Galal\Courses\Digital Egypt Pioneers Initiative (DEPI) - Software Testing\DEPI Software Tester Graduation Project\automation-framework\reports\screenshots\TC-048
📸 Screenshot saved at: E:\Folder\Galal\Courses\Digital Egypt Pioneers Initiative (DEPI) - Software Testing\DEPI Software Tester Graduation Project\automation-framework\reports\screenshots\TC-048\TC-048_screenshot.png
🟢 Test Started: verifyPaginationInSearchResults (🔢 Test Case ID: TC-042)

🌍 Test Environment:
🖥️ OS: Windows 11 10.0
☕ Java Version: 23.0.1
🌐 Browser: chrome 134.0.6998.89

]]></system-out>
    <system-err><![CDATA[Mar 18, 2025 1:20:46 PM org.openqa.selenium.devtools.CdpVersionFinder findNearestMatch
WARNING: Unable to find an exact match for CDP version 134, returning the closest version; found: 133; Please update to a Selenium version that supports CDP version 134
]]></system-err>
  </testcase>
  <testcase name="verifySearchByCategory" classname="tests.ui.SearchTest" time="6.383">
    <system-out><![CDATA[📂 Test folder created: E:\Folder\Galal\Courses\Digital Egypt Pioneers Initiative (DEPI) - Software Testing\DEPI Software Tester Graduation Project\automation-framework\reports\screenshots\TC-042
📸 Screenshot saved at: E:\Folder\Galal\Courses\Digital Egypt Pioneers Initiative (DEPI) - Software Testing\DEPI Software Tester Graduation Project\automation-framework\reports\screenshots\TC-042\TC-042_screenshot.png
🟢 Test Started: verifySearchByCategory (🔢 Test Case ID: TC-038)

🌍 Test Environment:
🖥️ OS: Windows 11 10.0
☕ Java Version: 23.0.1
🌐 Browser: chrome 134.0.6998.89

]]></system-out>
    <system-err><![CDATA[Mar 18, 2025 1:21:18 PM org.openqa.selenium.devtools.CdpVersionFinder findNearestMatch
WARNING: Unable to find an exact match for CDP version 134, returning the closest version; found: 133; Please update to a Selenium version that supports CDP version 134
]]></system-err>
  </testcase>
  <testcase name="verifySearchFunctionality" classname="tests.ui.SearchTest" time="5.193">
    <system-out><![CDATA[📂 Test folder created: E:\Folder\Galal\Courses\Digital Egypt Pioneers Initiative (DEPI) - Software Testing\DEPI Software Tester Graduation Project\automation-framework\reports\screenshots\TC-038
📸 Screenshot saved at: E:\Folder\Galal\Courses\Digital Egypt Pioneers Initiative (DEPI) - Software Testing\DEPI Software Tester Graduation Project\automation-framework\reports\screenshots\TC-038\TC-038_screenshot.png
🟢 Test Started: verifySearchFunctionality (🔢 Test Case ID: TC-002)

🌍 Test Environment:
🖥️ OS: Windows 11 10.0
☕ Java Version: 23.0.1
🌐 Browser: chrome 134.0.6998.89

]]></system-out>
    <system-err><![CDATA[Mar 18, 2025 1:21:47 PM org.openqa.selenium.devtools.CdpVersionFinder findNearestMatch
WARNING: Unable to find an exact match for CDP version 134, returning the closest version; found: 133; Please update to a Selenium version that supports CDP version 134
]]></system-err>
  </testcase>
  <testcase name="verifySortingOptions" classname="tests.ui.SearchTest" time="15.704">
    <system-out><![CDATA[📂 Test folder created: E:\Folder\Galal\Courses\Digital Egypt Pioneers Initiative (DEPI) - Software Testing\DEPI Software Tester Graduation Project\automation-framework\reports\screenshots\TC-002
📸 Screenshot saved at: E:\Folder\Galal\Courses\Digital Egypt Pioneers Initiative (DEPI) - Software Testing\DEPI Software Tester Graduation Project\automation-framework\reports\screenshots\TC-002\TC-002_screenshot.png
🟢 Test Started: verifySortingOptions (🔢 Test Case ID: TC-043)

🌍 Test Environment:
🖥️ OS: Windows 11 10.0
☕ Java Version: 23.0.1
🌐 Browser: chrome 134.0.6998.89

]]></system-out>
    <system-err><![CDATA[Mar 18, 2025 1:22:14 PM org.openqa.selenium.devtools.CdpVersionFinder findNearestMatch
WARNING: Unable to find an exact match for CDP version 134, returning the closest version; found: 133; Please update to a Selenium version that supports CDP version 134
]]></system-err>
  </testcase>
</testsuite>