<?xml version="1.0" encoding="UTF-8"?>
<testng-results ignored="0" total="31" passed="28" failed="3" skipped="0">
  <reporter-output>
    <line>
      <![CDATA[ðŸš€ Starting Test Suite: EcomUIRegressionTest]]>
    </line>
    <line>
      <![CDATA[
ðŸŒ Test Environment:
ðŸ–¥ï¸ OS: Windows 11 10.0
â˜• Java Version: 23.0.1
ðŸŒ Browser: chrome 134.0.6998.89
]]>
    </line>
    <line>
      <![CDATA[ðŸŸ¢ Test Started: testAddMultipleProductsToCart (ðŸ”¢ Test Case ID: TC-018)]]>
    </line>
    <line>
      <![CDATA[
ðŸŒ Test Environment:
ðŸ–¥ï¸ OS: Windows 11 10.0
â˜• Java Version: 23.0.1
ðŸŒ Browser: chrome 134.0.6998.89
]]>
    </line>
    <line>
      <![CDATA[âœ… Test PASSED: testAddMultipleProductsToCart (Duration: 26325ms)]]>
    </line>
    <line>
      <![CDATA[<br><img src='E:/Folder/Galal/Courses/Digital Egypt Pioneers Initiative (DEPI) - Software Testing/DEPI Software Tester Graduation Project/automation-framework/reports/screenshots\TC-018\TC-018_screenshot.png' height='300' width='400'/><br>]]>
    </line>
    <line>
      <![CDATA[ðŸŸ¢ Test Started: testCartPersistence (ðŸ”¢ Test Case ID: TC-015)]]>
    </line>
    <line>
      <![CDATA[
ðŸŒ Test Environment:
ðŸ–¥ï¸ OS: Windows 11 10.0
â˜• Java Version: 23.0.1
ðŸŒ Browser: chrome 134.0.6998.89
]]>
    </line>
    <line>
      <![CDATA[âœ… Test PASSED: testCartPersistence (Duration: 5751ms)]]>
    </line>
    <line>
      <![CDATA[<br><img src='E:/Folder/Galal/Courses/Digital Egypt Pioneers Initiative (DEPI) - Software Testing/DEPI Software Tester Graduation Project/automation-framework/reports/screenshots\TC-015\TC-015_screenshot.png' height='300' width='400'/><br>]]>
    </line>
    <line>
      <![CDATA[ðŸŸ¢ Test Started: verifyRemoveMultipleProducts (ðŸ”¢ Test Case ID: TC-019)]]>
    </line>
    <line>
      <![CDATA[
ðŸŒ Test Environment:
ðŸ–¥ï¸ OS: Windows 11 10.0
â˜• Java Version: 23.0.1
ðŸŒ Browser: chrome 134.0.6998.89
]]>
    </line>
    <line>
      <![CDATA[âœ… Test PASSED: verifyRemoveMultipleProducts (Duration: 40813ms)]]>
    </line>
    <line>
      <![CDATA[<br><img src='E:/Folder/Galal/Courses/Digital Egypt Pioneers Initiative (DEPI) - Software Testing/DEPI Software Tester Graduation Project/automation-framework/reports/screenshots\TC-019\TC-019_screenshot.png' height='300' width='400'/><br>]]>
    </line>
    <line>
      <![CDATA[ðŸŸ¢ Test Started: testCheckoutProcessAsUser (ðŸ”¢ Test Case ID: TC-073)]]>
    </line>
    <line>
      <![CDATA[
ðŸŒ Test Environment:
ðŸ–¥ï¸ OS: Windows 11 10.0
â˜• Java Version: 23.0.1
ðŸŒ Browser: chrome 134.0.6998.89
]]>
    </line>
    <line>
      <![CDATA[âœ… Test PASSED: testCheckoutProcessAsUser (Duration: 33579ms)]]>
    </line>
    <line>
      <![CDATA[<br><img src='E:/Folder/Galal/Courses/Digital Egypt Pioneers Initiative (DEPI) - Software Testing/DEPI Software Tester Graduation Project/automation-framework/reports/screenshots\TC-073\TC-073_screenshot.png' height='300' width='400'/><br>]]>
    </line>
    <line>
      <![CDATA[ðŸŸ¢ Test Started: verifyCheckoutPageLoads (ðŸ”¢ Test Case ID: TC-004)]]>
    </line>
    <line>
      <![CDATA[
ðŸŒ Test Environment:
ðŸ–¥ï¸ OS: Windows 11 10.0
â˜• Java Version: 23.0.1
ðŸŒ Browser: chrome 134.0.6998.89
]]>
    </line>
    <line>
      <![CDATA[âœ… Test PASSED: verifyCheckoutPageLoads (Duration: 16607ms)]]>
    </line>
    <line>
      <![CDATA[<br><img src='E:/Folder/Galal/Courses/Digital Egypt Pioneers Initiative (DEPI) - Software Testing/DEPI Software Tester Graduation Project/automation-framework/reports/screenshots\TC-004\TC-004_screenshot.png' height='300' width='400'/><br>]]>
    </line>
    <line>
      <![CDATA[ðŸŸ¢ Test Started: verifyCheckoutProcessAsGuest (ðŸ”¢ Test Case ID: TC-005_TC-006_TC-072)]]>
    </line>
    <line>
      <![CDATA[
ðŸŒ Test Environment:
ðŸ–¥ï¸ OS: Windows 11 10.0
â˜• Java Version: 23.0.1
ðŸŒ Browser: chrome 134.0.6998.89
]]>
    </line>
    <line>
      <![CDATA[âœ… Test PASSED: verifyCheckoutProcessAsGuest (Duration: 37169ms)]]>
    </line>
    <line>
      <![CDATA[<br><img src='E:/Folder/Galal/Courses/Digital Egypt Pioneers Initiative (DEPI) - Software Testing/DEPI Software Tester Graduation Project/automation-framework/reports/screenshots\TC-005_TC-006_TC-072\TC-005_TC-006_TC-072_screenshot.png' height='300' width='400'/><br>]]>
    </line>
    <line>
      <![CDATA[ðŸŸ¢ Test Started: verifyDifferentPaymentOptionsAreAvailable (ðŸ”¢ Test Case ID: TC-189)]]>
    </line>
    <line>
      <![CDATA[
ðŸŒ Test Environment:
ðŸ–¥ï¸ OS: Windows 11 10.0
â˜• Java Version: 23.0.1
ðŸŒ Browser: chrome 134.0.6998.89
]]>
    </line>
    <line>
      <![CDATA[âœ… Test PASSED: verifyDifferentPaymentOptionsAreAvailable (Duration: 24557ms)]]>
    </line>
    <line>
      <![CDATA[<br><img src='E:/Folder/Galal/Courses/Digital Egypt Pioneers Initiative (DEPI) - Software Testing/DEPI Software Tester Graduation Project/automation-framework/reports/screenshots\TC-189\TC-189_screenshot.png' height='300' width='400'/><br>]]>
    </line>
    <line>
      <![CDATA[ðŸŸ¢ Test Started: verifyInvalidAddressPreventsCheckout (ðŸ”¢ Test Case ID: TC-080)]]>
    </line>
    <line>
      <![CDATA[
ðŸŒ Test Environment:
ðŸ–¥ï¸ OS: Windows 11 10.0
â˜• Java Version: 23.0.1
ðŸŒ Browser: chrome 134.0.6998.89
]]>
    </line>
    <line>
      <![CDATA[âœ… Test PASSED: verifyInvalidAddressPreventsCheckout (Duration: 29168ms)]]>
    </line>
    <line>
      <![CDATA[<br><img src='E:/Folder/Galal/Courses/Digital Egypt Pioneers Initiative (DEPI) - Software Testing/DEPI Software Tester Graduation Project/automation-framework/reports/screenshots\TC-080\TC-080_screenshot.png' height='300' width='400'/><br>]]>
    </line>
    <line>
      <![CDATA[ðŸŸ¢ Test Started: verifyOrderIsGenerated (ðŸ”¢ Test Case ID: TC-081)]]>
    </line>
    <line>
      <![CDATA[
ðŸŒ Test Environment:
ðŸ–¥ï¸ OS: Windows 11 10.0
â˜• Java Version: 23.0.1
ðŸŒ Browser: chrome 134.0.6998.89
]]>
    </line>
    <line>
      <![CDATA[âœ… Test PASSED: verifyOrderIsGenerated (Duration: 28851ms)]]>
    </line>
    <line>
      <![CDATA[<br><img src='E:/Folder/Galal/Courses/Digital Egypt Pioneers Initiative (DEPI) - Software Testing/DEPI Software Tester Graduation Project/automation-framework/reports/screenshots\TC-081\TC-081_screenshot.png' height='300' width='400'/><br>]]>
    </line>
    <line>
      <![CDATA[ðŸŸ¢ Test Started: verifyOrderSummaryDisplaysCorrectInfo (ðŸ”¢ Test Case ID: TC-187)]]>
    </line>
    <line>
      <![CDATA[
ðŸŒ Test Environment:
ðŸ–¥ï¸ OS: Windows 11 10.0
â˜• Java Version: 23.0.1
ðŸŒ Browser: chrome 134.0.6998.89
]]>
    </line>
    <line>
      <![CDATA[âœ… Test PASSED: verifyOrderSummaryDisplaysCorrectInfo (Duration: 31815ms)]]>
    </line>
    <line>
      <![CDATA[<br><img src='E:/Folder/Galal/Courses/Digital Egypt Pioneers Initiative (DEPI) - Software Testing/DEPI Software Tester Graduation Project/automation-framework/reports/screenshots\TC-187\TC-187_screenshot.png' height='300' width='400'/><br>]]>
    </line>
    <line>
      <![CDATA[ðŸŸ¢ Test Started: verifyHeaderLinks (ðŸ”¢ Test Case ID: TC-342)]]>
    </line>
    <line>
      <![CDATA[
ðŸŒ Test Environment:
ðŸ–¥ï¸ OS: Windows 11 10.0
â˜• Java Version: 23.0.1
ðŸŒ Browser: chrome 134.0.6998.89
]]>
    </line>
    <line>
      <![CDATA[âœ… Test PASSED: verifyHeaderLinks (Duration: 21077ms)]]>
    </line>
    <line>
      <![CDATA[<br><img src='E:/Folder/Galal/Courses/Digital Egypt Pioneers Initiative (DEPI) - Software Testing/DEPI Software Tester Graduation Project/automation-framework/reports/screenshots\TC-342\TC-342_screenshot.png' height='300' width='400'/><br>]]>
    </line>
    <line>
      <![CDATA[ðŸŸ¢ Test Started: verifyHomePageLoads (ðŸ”¢ Test Case ID: TC-001)]]>
    </line>
    <line>
      <![CDATA[
ðŸŒ Test Environment:
ðŸ–¥ï¸ OS: Windows 11 10.0
â˜• Java Version: 23.0.1
ðŸŒ Browser: chrome 134.0.6998.89
]]>
    </line>
    <line>
      <![CDATA[âœ… Test PASSED: verifyHomePageLoads (Duration: 839ms)]]>
    </line>
    <line>
      <![CDATA[<br><img src='E:/Folder/Galal/Courses/Digital Egypt Pioneers Initiative (DEPI) - Software Testing/DEPI Software Tester Graduation Project/automation-framework/reports/screenshots\TC-001\TC-001_screenshot.png' height='300' width='400'/><br>]]>
    </line>
    <line>
      <![CDATA[ðŸŸ¢ Test Started: verifyAvailablePaymentMethods (ðŸ”¢ Test Case ID: TC-083_TC-084)]]>
    </line>
    <line>
      <![CDATA[
ðŸŒ Test Environment:
ðŸ–¥ï¸ OS: Windows 11 10.0
â˜• Java Version: 23.0.1
ðŸŒ Browser: chrome 134.0.6998.89
]]>
    </line>
    <line>
      <![CDATA[âŒ Test FAILED: verifyAvailablePaymentMethods - Neither PayPal nor Cash On Delivery (COD) payment methods are available! Available methods: ]]>
    </line>
    <line>
      <![CDATA[<br><img src='E:/Folder/Galal/Courses/Digital Egypt Pioneers Initiative (DEPI) - Software Testing/DEPI Software Tester Graduation Project/automation-framework/reports/screenshots\TC-083_TC-084\TC-083_TC-084_screenshot.png' height='300' width='400'/><br>]]>
    </line>
    <line>
      <![CDATA[ðŸŸ¢ Test Started: verifyDuplicatePaymentPrevention (ðŸ”¢ Test Case ID: TC-088)]]>
    </line>
    <line>
      <![CDATA[
ðŸŒ Test Environment:
ðŸ–¥ï¸ OS: Windows 11 10.0
â˜• Java Version: 23.0.1
ðŸŒ Browser: chrome 134.0.6998.89
]]>
    </line>
    <line>
      <![CDATA[âŒ Test FAILED: verifyDuplicatePaymentPrevention - Duplicate payment request should have been blocked!]]>
    </line>
    <line>
      <![CDATA[<br><img src='E:/Folder/Galal/Courses/Digital Egypt Pioneers Initiative (DEPI) - Software Testing/DEPI Software Tester Graduation Project/automation-framework/reports/screenshots\TC-088\TC-088_screenshot.png' height='300' width='400'/><br>]]>
    </line>
    <line>
      <![CDATA[ðŸŸ¢ Test Started: verifyExpiredPaymentMethod (ðŸ”¢ Test Case ID: TC-012)]]>
    </line>
    <line>
      <![CDATA[
ðŸŒ Test Environment:
ðŸ–¥ï¸ OS: Windows 11 10.0
â˜• Java Version: 23.0.1
ðŸŒ Browser: chrome 134.0.6998.89
]]>
    </line>
    <line>
      <![CDATA[âœ… Test PASSED: verifyExpiredPaymentMethod (Duration: 27167ms)]]>
    </line>
    <line>
      <![CDATA[<br><img src='E:/Folder/Galal/Courses/Digital Egypt Pioneers Initiative (DEPI) - Software Testing/DEPI Software Tester Graduation Project/automation-framework/reports/screenshots\TC-012\TC-012_screenshot.png' height='300' width='400'/><br>]]>
    </line>
    <line>
      <![CDATA[ðŸŸ¢ Test Started: verifyPaymentFailsWithInsufficientFunds (ðŸ”¢ Test Case ID: TC-095)]]>
    </line>
    <line>
      <![CDATA[
ðŸŒ Test Environment:
ðŸ–¥ï¸ OS: Windows 11 10.0
â˜• Java Version: 23.0.1
ðŸŒ Browser: chrome 134.0.6998.89
]]>
    </line>
    <line>
      <![CDATA[âŒ Test FAILED: verifyPaymentFailsWithInsufficientFunds - Transaction should have been declined due to insufficient funds, but it was processed successfully.]]>
    </line>
    <line>
      <![CDATA[<br><img src='E:/Folder/Galal/Courses/Digital Egypt Pioneers Initiative (DEPI) - Software Testing/DEPI Software Tester Graduation Project/automation-framework/reports/screenshots\TC-095\TC-095_screenshot.png' height='300' width='400'/><br>]]>
    </line>
    <line>
      <![CDATA[ðŸŸ¢ Test Started: verifyPaymentViaCreditCard (ðŸ”¢ Test Case ID: TC-082)]]>
    </line>
    <line>
      <![CDATA[
ðŸŒ Test Environment:
ðŸ–¥ï¸ OS: Windows 11 10.0
â˜• Java Version: 23.0.1
ðŸŒ Browser: chrome 134.0.6998.89
]]>
    </line>
    <line>
      <![CDATA[âœ… Test PASSED: verifyPaymentViaCreditCard (Duration: 32959ms)]]>
    </line>
    <line>
      <![CDATA[<br><img src='E:/Folder/Galal/Courses/Digital Egypt Pioneers Initiative (DEPI) - Software Testing/DEPI Software Tester Graduation Project/automation-framework/reports/screenshots\TC-082\TC-082_screenshot.png' height='300' width='400'/><br>]]>
    </line>
    <line>
      <![CDATA[ðŸŸ¢ Test Started: verifyCompareListFunctionality (ðŸ”¢ Test Case ID: TC-199)]]>
    </line>
    <line>
      <![CDATA[
ðŸŒ Test Environment:
ðŸ–¥ï¸ OS: Windows 11 10.0
â˜• Java Version: 23.0.1
ðŸŒ Browser: chrome 134.0.6998.89
]]>
    </line>
    <line>
      <![CDATA[âœ… Test PASSED: verifyCompareListFunctionality (Duration: 56855ms)]]>
    </line>
    <line>
      <![CDATA[<br><img src='E:/Folder/Galal/Courses/Digital Egypt Pioneers Initiative (DEPI) - Software Testing/DEPI Software Tester Graduation Project/automation-framework/reports/screenshots\TC-199\TC-199_screenshot.png' height='300' width='400'/><br>]]>
    </line>
    <line>
      <![CDATA[ðŸŸ¢ Test Started: verifyProductImageGallery (ðŸ”¢ Test Case ID: TC-179)]]>
    </line>
    <line>
      <![CDATA[
ðŸŒ Test Environment:
ðŸ–¥ï¸ OS: Windows 11 10.0
â˜• Java Version: 23.0.1
ðŸŒ Browser: chrome 134.0.6998.89
]]>
    </line>
    <line>
      <![CDATA[âœ… Test PASSED: verifyProductImageGallery (Duration: 13745ms)]]>
    </line>
    <line>
      <![CDATA[<br><img src='E:/Folder/Galal/Courses/Digital Egypt Pioneers Initiative (DEPI) - Software Testing/DEPI Software Tester Graduation Project/automation-framework/reports/screenshots\TC-179\TC-179_screenshot.png' height='300' width='400'/><br>]]>
    </line>
    <line>
      <![CDATA[ðŸŸ¢ Test Started: verifyProductPageLoadsCorrectly (ðŸ”¢ Test Case ID: TC-003)]]>
    </line>
    <line>
      <![CDATA[
ðŸŒ Test Environment:
ðŸ–¥ï¸ OS: Windows 11 10.0
â˜• Java Version: 23.0.1
ðŸŒ Browser: chrome 134.0.6998.89
]]>
    </line>
    <line>
      <![CDATA[âœ… Test PASSED: verifyProductPageLoadsCorrectly (Duration: 5955ms)]]>
    </line>
    <line>
      <![CDATA[<br><img src='E:/Folder/Galal/Courses/Digital Egypt Pioneers Initiative (DEPI) - Software Testing/DEPI Software Tester Graduation Project/automation-framework/reports/screenshots\TC-003\TC-003_screenshot.png' height='300' width='400'/><br>]]>
    </line>
    <line>
      <![CDATA[ðŸŸ¢ Test Started: verifyProductReviewsAreDisplayed (ðŸ”¢ Test Case ID: TC-180)]]>
    </line>
    <line>
      <![CDATA[
ðŸŒ Test Environment:
ðŸ–¥ï¸ OS: Windows 11 10.0
â˜• Java Version: 23.0.1
ðŸŒ Browser: chrome 134.0.6998.89
]]>
    </line>
    <line>
      <![CDATA[âœ… Test PASSED: verifyProductReviewsAreDisplayed (Duration: 12629ms)]]>
    </line>
    <line>
      <![CDATA[<br><img src='E:/Folder/Galal/Courses/Digital Egypt Pioneers Initiative (DEPI) - Software Testing/DEPI Software Tester Graduation Project/automation-framework/reports/screenshots\TC-180\TC-180_screenshot.png' height='300' width='400'/><br>]]>
    </line>
    <line>
      <![CDATA[ðŸŸ¢ Test Started: verifyProductVariationSelection (ðŸ”¢ Test Case ID: TC-020)]]>
    </line>
    <line>
      <![CDATA[
ðŸŒ Test Environment:
ðŸ–¥ï¸ OS: Windows 11 10.0
â˜• Java Version: 23.0.1
ðŸŒ Browser: chrome 134.0.6998.89
]]>
    </line>
    <line>
      <![CDATA[âœ… Test PASSED: verifyProductVariationSelection (Duration: 28279ms)]]>
    </line>
    <line>
      <![CDATA[<br><img src='E:/Folder/Galal/Courses/Digital Egypt Pioneers Initiative (DEPI) - Software Testing/DEPI Software Tester Graduation Project/automation-framework/reports/screenshots\TC-020\TC-020_screenshot.png' height='300' width='400'/><br>]]>
    </line>
    <line>
      <![CDATA[ðŸŸ¢ Test Started: verifyRelatedProductsAreDisplayed (ðŸ”¢ Test Case ID: TC-063)]]>
    </line>
    <line>
      <![CDATA[
ðŸŒ Test Environment:
ðŸ–¥ï¸ OS: Windows 11 10.0
â˜• Java Version: 23.0.1
ðŸŒ Browser: chrome 134.0.6998.89
]]>
    </line>
    <line>
      <![CDATA[âœ… Test PASSED: verifyRelatedProductsAreDisplayed (Duration: 16537ms)]]>
    </line>
    <line>
      <![CDATA[<br><img src='E:/Folder/Galal/Courses/Digital Egypt Pioneers Initiative (DEPI) - Software Testing/DEPI Software Tester Graduation Project/automation-framework/reports/screenshots\TC-063\TC-063_screenshot.png' height='300' width='400'/><br>]]>
    </line>
    <line>
      <![CDATA[ðŸŸ¢ Test Started: verifyAutoSuggestionsInSearchBar (ðŸ”¢ Test Case ID: TC-051)]]>
    </line>
    <line>
      <![CDATA[
ðŸŒ Test Environment:
ðŸ–¥ï¸ OS: Windows 11 10.0
â˜• Java Version: 23.0.1
ðŸŒ Browser: chrome 134.0.6998.89
]]>
    </line>
    <line>
      <![CDATA[âœ… Test PASSED: verifyAutoSuggestionsInSearchBar (Duration: 4823ms)]]>
    </line>
    <line>
      <![CDATA[<br><img src='E:/Folder/Galal/Courses/Digital Egypt Pioneers Initiative (DEPI) - Software Testing/DEPI Software Tester Graduation Project/automation-framework/reports/screenshots\TC-051\TC-051_screenshot.png' height='300' width='400'/><br>]]>
    </line>
    <line>
      <![CDATA[ðŸŸ¢ Test Started: verifyClearingFilters (ðŸ”¢ Test Case ID: TC-050)]]>
    </line>
    <line>
      <![CDATA[
ðŸŒ Test Environment:
ðŸ–¥ï¸ OS: Windows 11 10.0
â˜• Java Version: 23.0.1
ðŸŒ Browser: chrome 134.0.6998.89
]]>
    </line>
    <line>
      <![CDATA[âœ… Test PASSED: verifyClearingFilters (Duration: 17793ms)]]>
    </line>
    <line>
      <![CDATA[<br><img src='E:/Folder/Galal/Courses/Digital Egypt Pioneers Initiative (DEPI) - Software Testing/DEPI Software Tester Graduation Project/automation-framework/reports/screenshots\TC-050\TC-050_screenshot.png' height='300' width='400'/><br>]]>
    </line>
    <line>
      <![CDATA[ðŸŸ¢ Test Started: verifyFilteringByManufacturer (ðŸ”¢ Test Case ID: TC-044)]]>
    </line>
    <line>
      <![CDATA[
ðŸŒ Test Environment:
ðŸ–¥ï¸ OS: Windows 11 10.0
â˜• Java Version: 23.0.1
ðŸŒ Browser: chrome 134.0.6998.89
]]>
    </line>
    <line>
      <![CDATA[âœ… Test PASSED: verifyFilteringByManufacturer (Duration: 15310ms)]]>
    </line>
    <line>
      <![CDATA[<br><img src='E:/Folder/Galal/Courses/Digital Egypt Pioneers Initiative (DEPI) - Software Testing/DEPI Software Tester Graduation Project/automation-framework/reports/screenshots\TC-044\TC-044_screenshot.png' height='300' width='400'/><br>]]>
    </line>
    <line>
      <![CDATA[ðŸŸ¢ Test Started: verifyInvalidSearchTerm (ðŸ”¢ Test Case ID: TC-048)]]>
    </line>
    <line>
      <![CDATA[
ðŸŒ Test Environment:
ðŸ–¥ï¸ OS: Windows 11 10.0
â˜• Java Version: 23.0.1
ðŸŒ Browser: chrome 134.0.6998.89
]]>
    </line>
    <line>
      <![CDATA[âœ… Test PASSED: verifyInvalidSearchTerm (Duration: 7268ms)]]>
    </line>
    <line>
      <![CDATA[<br><img src='E:/Folder/Galal/Courses/Digital Egypt Pioneers Initiative (DEPI) - Software Testing/DEPI Software Tester Graduation Project/automation-framework/reports/screenshots\TC-048\TC-048_screenshot.png' height='300' width='400'/><br>]]>
    </line>
    <line>
      <![CDATA[ðŸŸ¢ Test Started: verifyPaginationInSearchResults (ðŸ”¢ Test Case ID: TC-042)]]>
    </line>
    <line>
      <![CDATA[
ðŸŒ Test Environment:
ðŸ–¥ï¸ OS: Windows 11 10.0
â˜• Java Version: 23.0.1
ðŸŒ Browser: chrome 134.0.6998.89
]]>
    </line>
    <line>
      <![CDATA[âœ… Test PASSED: verifyPaginationInSearchResults (Duration: 9763ms)]]>
    </line>
    <line>
      <![CDATA[<br><img src='E:/Folder/Galal/Courses/Digital Egypt Pioneers Initiative (DEPI) - Software Testing/DEPI Software Tester Graduation Project/automation-framework/reports/screenshots\TC-042\TC-042_screenshot.png' height='300' width='400'/><br>]]>
    </line>
    <line>
      <![CDATA[ðŸŸ¢ Test Started: verifySearchByCategory (ðŸ”¢ Test Case ID: TC-038)]]>
    </line>
    <line>
      <![CDATA[
ðŸŒ Test Environment:
ðŸ–¥ï¸ OS: Windows 11 10.0
â˜• Java Version: 23.0.1
ðŸŒ Browser: chrome 134.0.6998.89
]]>
    </line>
    <line>
      <![CDATA[âœ… Test PASSED: verifySearchByCategory (Duration: 6384ms)]]>
    </line>
    <line>
      <![CDATA[<br><img src='E:/Folder/Galal/Courses/Digital Egypt Pioneers Initiative (DEPI) - Software Testing/DEPI Software Tester Graduation Project/automation-framework/reports/screenshots\TC-038\TC-038_screenshot.png' height='300' width='400'/><br>]]>
    </line>
    <line>
      <![CDATA[ðŸŸ¢ Test Started: verifySearchFunctionality (ðŸ”¢ Test Case ID: TC-002)]]>
    </line>
    <line>
      <![CDATA[
ðŸŒ Test Environment:
ðŸ–¥ï¸ OS: Windows 11 10.0
â˜• Java Version: 23.0.1
ðŸŒ Browser: chrome 134.0.6998.89
]]>
    </line>
    <line>
      <![CDATA[âœ… Test PASSED: verifySearchFunctionality (Duration: 5194ms)]]>
    </line>
    <line>
      <![CDATA[<br><img src='E:/Folder/Galal/Courses/Digital Egypt Pioneers Initiative (DEPI) - Software Testing/DEPI Software Tester Graduation Project/automation-framework/reports/screenshots\TC-002\TC-002_screenshot.png' height='300' width='400'/><br>]]>
    </line>
    <line>
      <![CDATA[ðŸŸ¢ Test Started: verifySortingOptions (ðŸ”¢ Test Case ID: TC-043)]]>
    </line>
    <line>
      <![CDATA[
ðŸŒ Test Environment:
ðŸ–¥ï¸ OS: Windows 11 10.0
â˜• Java Version: 23.0.1
ðŸŒ Browser: chrome 134.0.6998.89
]]>
    </line>
    <line>
      <![CDATA[âœ… Test PASSED: verifySortingOptions (Duration: 15706ms)]]>
    </line>
    <line>
      <![CDATA[<br><img src='E:/Folder/Galal/Courses/Digital Egypt Pioneers Initiative (DEPI) - Software Testing/DEPI Software Tester Graduation Project/automation-framework/reports/screenshots\TC-043\TC-043_screenshot.png' height='300' width='400'/><br>]]>
    </line>
  </reporter-output>
  <suite started-at="2025-03-18T12:59:38 EET" name="EcomFunctionalTestSuite" finished-at="2025-03-18T13:22:34 EET" duration-ms="1376005">
    <groups>
      <group name="security">
        <method signature="PaymentsTest.verifyDuplicatePaymentPrevention()[pri:0, instance:tests.ui.PaymentsTest@6283d8b8]" name="verifyDuplicatePaymentPrevention" class="tests.ui.PaymentsTest"/>
      </group> <!-- security -->
      <group name="functional">
        <method signature="CheckoutTest.testCheckoutProcessAsUser()[pri:0, instance:tests.ui.CheckoutTest@47987356]" name="testCheckoutProcessAsUser" class="tests.ui.CheckoutTest"/>
        <method signature="CheckoutTest.verifyInvalidAddressPreventsCheckout()[pri:0, instance:tests.ui.CheckoutTest@47987356]" name="verifyInvalidAddressPreventsCheckout" class="tests.ui.CheckoutTest"/>
        <method signature="CheckoutTest.verifyOrderIsGenerated()[pri:0, instance:tests.ui.CheckoutTest@47987356]" name="verifyOrderIsGenerated" class="tests.ui.CheckoutTest"/>
        <method signature="PaymentsTest.verifyAvailablePaymentMethods()[pri:0, instance:tests.ui.PaymentsTest@6283d8b8]" name="verifyAvailablePaymentMethods" class="tests.ui.PaymentsTest"/>
        <method signature="PaymentsTest.verifyPaymentFailsWithInsufficientFunds()[pri:0, instance:tests.ui.PaymentsTest@6283d8b8]" name="verifyPaymentFailsWithInsufficientFunds" class="tests.ui.PaymentsTest"/>
        <method signature="PaymentsTest.verifyPaymentViaCreditCard()[pri:0, instance:tests.ui.PaymentsTest@6283d8b8]" name="verifyPaymentViaCreditCard" class="tests.ui.PaymentsTest"/>
        <method signature="SearchTest.verifyAutoSuggestionsInSearchBar()[pri:0, instance:tests.ui.SearchTest@3f6b0be5]" name="verifyAutoSuggestionsInSearchBar" class="tests.ui.SearchTest"/>
        <method signature="SearchTest.verifyClearingFilters()[pri:0, instance:tests.ui.SearchTest@3f6b0be5]" name="verifyClearingFilters" class="tests.ui.SearchTest"/>
        <method signature="SearchTest.verifyFilteringByManufacturer()[pri:0, instance:tests.ui.SearchTest@3f6b0be5]" name="verifyFilteringByManufacturer" class="tests.ui.SearchTest"/>
        <method signature="SearchTest.verifyInvalidSearchTerm()[pri:0, instance:tests.ui.SearchTest@3f6b0be5]" name="verifyInvalidSearchTerm" class="tests.ui.SearchTest"/>
        <method signature="SearchTest.verifyPaginationInSearchResults()[pri:0, instance:tests.ui.SearchTest@3f6b0be5]" name="verifyPaginationInSearchResults" class="tests.ui.SearchTest"/>
        <method signature="SearchTest.verifySearchByCategory()[pri:0, instance:tests.ui.SearchTest@3f6b0be5]" name="verifySearchByCategory" class="tests.ui.SearchTest"/>
        <method signature="SearchTest.verifySortingOptions()[pri:0, instance:tests.ui.SearchTest@3f6b0be5]" name="verifySortingOptions" class="tests.ui.SearchTest"/>
      </group> <!-- functional -->
      <group name="ui">
        <method signature="CheckoutTest.verifyDifferentPaymentOptionsAreAvailable()[pri:0, instance:tests.ui.CheckoutTest@47987356]" name="verifyDifferentPaymentOptionsAreAvailable" class="tests.ui.CheckoutTest"/>
        <method signature="CheckoutTest.verifyOrderSummaryDisplaysCorrectInfo()[pri:0, instance:tests.ui.CheckoutTest@47987356]" name="verifyOrderSummaryDisplaysCorrectInfo" class="tests.ui.CheckoutTest"/>
        <method signature="HomePageTest.verifyHeaderLinks()[pri:0, instance:tests.ui.HomePageTest@22ef9844]" name="verifyHeaderLinks" class="tests.ui.HomePageTest"/>
        <method signature="ProductPageTest.verifyCompareListFunctionality()[pri:0, instance:tests.ui.ProductPageTest@3b6ddd1d]" name="verifyCompareListFunctionality" class="tests.ui.ProductPageTest"/>
        <method signature="ProductPageTest.verifyProductImageGallery()[pri:0, instance:tests.ui.ProductPageTest@3b6ddd1d]" name="verifyProductImageGallery" class="tests.ui.ProductPageTest"/>
        <method signature="ProductPageTest.verifyProductReviewsAreDisplayed()[pri:0, instance:tests.ui.ProductPageTest@3b6ddd1d]" name="verifyProductReviewsAreDisplayed" class="tests.ui.ProductPageTest"/>
        <method signature="ProductPageTest.verifyRelatedProductsAreDisplayed()[pri:0, instance:tests.ui.ProductPageTest@3b6ddd1d]" name="verifyRelatedProductsAreDisplayed" class="tests.ui.ProductPageTest"/>
      </group> <!-- ui -->
      <group name="smoke">
        <method signature="CartTest.testAddMultipleProductsToCart()[pri:0, instance:tests.ui.CartTest@7205765b]" name="testAddMultipleProductsToCart" class="tests.ui.CartTest"/>
        <method signature="CartTest.testCartPersistence()[pri:0, instance:tests.ui.CartTest@7205765b]" name="testCartPersistence" class="tests.ui.CartTest"/>
        <method signature="CartTest.verifyRemoveMultipleProducts()[pri:0, instance:tests.ui.CartTest@7205765b]" name="verifyRemoveMultipleProducts" class="tests.ui.CartTest"/>
        <method signature="CheckoutTest.verifyCheckoutPageLoads()[pri:0, instance:tests.ui.CheckoutTest@47987356]" name="verifyCheckoutPageLoads" class="tests.ui.CheckoutTest"/>
        <method signature="CheckoutTest.verifyCheckoutProcessAsGuest()[pri:0, instance:tests.ui.CheckoutTest@47987356]" name="verifyCheckoutProcessAsGuest" class="tests.ui.CheckoutTest"/>
        <method signature="HomePageTest.verifyHomePageLoads()[pri:0, instance:tests.ui.HomePageTest@22ef9844]" name="verifyHomePageLoads" class="tests.ui.HomePageTest"/>
        <method signature="PaymentsTest.verifyExpiredPaymentMethod()[pri:0, instance:tests.ui.PaymentsTest@6283d8b8]" name="verifyExpiredPaymentMethod" class="tests.ui.PaymentsTest"/>
        <method signature="ProductPageTest.verifyProductPageLoadsCorrectly()[pri:0, instance:tests.ui.ProductPageTest@3b6ddd1d]" name="verifyProductPageLoadsCorrectly" class="tests.ui.ProductPageTest"/>
        <method signature="ProductPageTest.verifyProductVariationSelection()[pri:0, instance:tests.ui.ProductPageTest@3b6ddd1d]" name="verifyProductVariationSelection" class="tests.ui.ProductPageTest"/>
        <method signature="SearchTest.verifySearchFunctionality()[pri:0, instance:tests.ui.SearchTest@3f6b0be5]" name="verifySearchFunctionality" class="tests.ui.SearchTest"/>
      </group> <!-- smoke -->
    </groups>
    <test started-at="2025-03-18T12:59:38 EET" name="EcomUIRegressionTest" finished-at="2025-03-18T13:22:34 EET" duration-ms="1376005">
      <class name="tests.ui.SearchTest">
        <test-method is-config="true" signature="setUp(org.testng.ITestResult,org.testng.ITestContext)[pri:0, instance:tests.ui.SearchTest@3f6b0be5]" started-at="2025-03-18T13:18:14 EET" name="setUp" finished-at="2025-03-18T13:18:35 EET" duration-ms="21697" status="PASS">
          <params>
            <param index="0">
              <value>
                <![CDATA[[TestResult name={null} status=CREATED method=SearchTest.verifyAutoSuggestionsInSearchBar()[pri:0, instance:tests.ui.SearchTest@3f6b0be5] output={null}]]]>
              </value>
            </param>
            <param index="1">
              <value>
                <![CDATA[org.testng.TestRunner@79715834]]>
              </value>
            </param>
          </params>
          <reporter-output>
          </reporter-output>
        </test-method> <!-- setUp -->
        <test-method signature="verifyAutoSuggestionsInSearchBar()[pri:0, instance:tests.ui.SearchTest@3f6b0be5]" started-at="2025-03-18T13:18:35 EET" name="verifyAutoSuggestionsInSearchBar" description="TC-051" finished-at="2025-03-18T13:18:40 EET" duration-ms="4823" status="PASS">
          <reporter-output>
            <line>
              <![CDATA[ðŸŸ¢ Test Started: verifyAutoSuggestionsInSearchBar (ðŸ”¢ Test Case ID: TC-051)]]>
            </line>
            <line>
              <![CDATA[
ðŸŒ Test Environment:
ðŸ–¥ï¸ OS: Windows 11 10.0
â˜• Java Version: 23.0.1
ðŸŒ Browser: chrome 134.0.6998.89
]]>
            </line>
            <line>
              <![CDATA[âœ… Test PASSED: verifyAutoSuggestionsInSearchBar (Duration: 4823ms)]]>
            </line>
            <line>
              <![CDATA[<br><img src='E:/Folder/Galal/Courses/Digital Egypt Pioneers Initiative (DEPI) - Software Testing/DEPI Software Tester Graduation Project/automation-framework/reports/screenshots\TC-051\TC-051_screenshot.png' height='300' width='400'/><br>]]>
            </line>
          </reporter-output>
        </test-method> <!-- verifyAutoSuggestionsInSearchBar -->
        <test-method is-config="true" signature="tearDown(org.testng.ITestResult)[pri:0, instance:tests.ui.SearchTest@3f6b0be5]" started-at="2025-03-18T13:18:41 EET" name="tearDown" finished-at="2025-03-18T13:18:41 EET" duration-ms="178" status="PASS">
          <params>
            <param index="0">
              <value>
                <![CDATA[[TestResult name=verifyAutoSuggestionsInSearchBar status=SUCCESS method=SearchTest.verifyAutoSuggestionsInSearchBar()[pri:0, instance:tests.ui.SearchTest@3f6b0be5] output=ðŸŸ¢ Test Started: verifyAutoSuggestionsInSearchBar (ðŸ”¢ Test Case ID: TC-051)]]]>
              </value>
            </param>
          </params>
          <reporter-output>
          </reporter-output>
        </test-method> <!-- tearDown -->
        <test-method is-config="true" signature="setUp(org.testng.ITestResult,org.testng.ITestContext)[pri:0, instance:tests.ui.SearchTest@3f6b0be5]" started-at="2025-03-18T13:18:41 EET" name="setUp" finished-at="2025-03-18T13:19:03 EET" duration-ms="21832" status="PASS">
          <params>
            <param index="0">
              <value>
                <![CDATA[[TestResult name={null} status=CREATED method=SearchTest.verifyClearingFilters()[pri:0, instance:tests.ui.SearchTest@3f6b0be5] output={null}]]]>
              </value>
            </param>
            <param index="1">
              <value>
                <![CDATA[org.testng.TestRunner@79715834]]>
              </value>
            </param>
          </params>
          <reporter-output>
          </reporter-output>
        </test-method> <!-- setUp -->
        <test-method signature="verifyClearingFilters()[pri:0, instance:tests.ui.SearchTest@3f6b0be5]" started-at="2025-03-18T13:19:03 EET" name="verifyClearingFilters" description="TC-050" finished-at="2025-03-18T13:19:20 EET" duration-ms="17793" status="PASS">
          <reporter-output>
            <line>
              <![CDATA[ðŸŸ¢ Test Started: verifyClearingFilters (ðŸ”¢ Test Case ID: TC-050)]]>
            </line>
            <line>
              <![CDATA[
ðŸŒ Test Environment:
ðŸ–¥ï¸ OS: Windows 11 10.0
â˜• Java Version: 23.0.1
ðŸŒ Browser: chrome 134.0.6998.89
]]>
            </line>
            <line>
              <![CDATA[âœ… Test PASSED: verifyClearingFilters (Duration: 17793ms)]]>
            </line>
            <line>
              <![CDATA[<br><img src='E:/Folder/Galal/Courses/Digital Egypt Pioneers Initiative (DEPI) - Software Testing/DEPI Software Tester Graduation Project/automation-framework/reports/screenshots\TC-050\TC-050_screenshot.png' height='300' width='400'/><br>]]>
            </line>
          </reporter-output>
        </test-method> <!-- verifyClearingFilters -->
        <test-method is-config="true" signature="tearDown(org.testng.ITestResult)[pri:0, instance:tests.ui.SearchTest@3f6b0be5]" started-at="2025-03-18T13:19:21 EET" name="tearDown" finished-at="2025-03-18T13:19:21 EET" duration-ms="169" status="PASS">
          <params>
            <param index="0">
              <value>
                <![CDATA[[TestResult name=verifyClearingFilters status=SUCCESS method=SearchTest.verifyClearingFilters()[pri:0, instance:tests.ui.SearchTest@3f6b0be5] output=ðŸŸ¢ Test Started: verifyClearingFilters (ðŸ”¢ Test Case ID: TC-050)]]]>
              </value>
            </param>
          </params>
          <reporter-output>
          </reporter-output>
        </test-method> <!-- tearDown -->
        <test-method is-config="true" signature="setUp(org.testng.ITestResult,org.testng.ITestContext)[pri:0, instance:tests.ui.SearchTest@3f6b0be5]" started-at="2025-03-18T13:19:21 EET" name="setUp" finished-at="2025-03-18T13:19:43 EET" duration-ms="22442" status="PASS">
          <params>
            <param index="0">
              <value>
                <![CDATA[[TestResult name={null} status=CREATED method=SearchTest.verifyFilteringByManufacturer()[pri:0, instance:tests.ui.SearchTest@3f6b0be5] output={null}]]]>
              </value>
            </param>
            <param index="1">
              <value>
                <![CDATA[org.testng.TestRunner@79715834]]>
              </value>
            </param>
          </params>
          <reporter-output>
          </reporter-output>
        </test-method> <!-- setUp -->
        <test-method signature="verifyFilteringByManufacturer()[pri:0, instance:tests.ui.SearchTest@3f6b0be5]" started-at="2025-03-18T13:19:43 EET" name="verifyFilteringByManufacturer" description="TC-044" finished-at="2025-03-18T13:19:58 EET" duration-ms="15310" status="PASS">
          <reporter-output>
            <line>
              <![CDATA[ðŸŸ¢ Test Started: verifyFilteringByManufacturer (ðŸ”¢ Test Case ID: TC-044)]]>
            </line>
            <line>
              <![CDATA[
ðŸŒ Test Environment:
ðŸ–¥ï¸ OS: Windows 11 10.0
â˜• Java Version: 23.0.1
ðŸŒ Browser: chrome 134.0.6998.89
]]>
            </line>
            <line>
              <![CDATA[âœ… Test PASSED: verifyFilteringByManufacturer (Duration: 15310ms)]]>
            </line>
            <line>
              <![CDATA[<br><img src='E:/Folder/Galal/Courses/Digital Egypt Pioneers Initiative (DEPI) - Software Testing/DEPI Software Tester Graduation Project/automation-framework/reports/screenshots\TC-044\TC-044_screenshot.png' height='300' width='400'/><br>]]>
            </line>
          </reporter-output>
        </test-method> <!-- verifyFilteringByManufacturer -->
        <test-method is-config="true" signature="tearDown(org.testng.ITestResult)[pri:0, instance:tests.ui.SearchTest@3f6b0be5]" started-at="2025-03-18T13:19:59 EET" name="tearDown" finished-at="2025-03-18T13:19:59 EET" duration-ms="243" status="PASS">
          <params>
            <param index="0">
              <value>
                <![CDATA[[TestResult name=verifyFilteringByManufacturer status=SUCCESS method=SearchTest.verifyFilteringByManufacturer()[pri:0, instance:tests.ui.SearchTest@3f6b0be5] output=ðŸŸ¢ Test Started: verifyFilteringByManufacturer (ðŸ”¢ Test Case ID: TC-044)]]]>
              </value>
            </param>
          </params>
          <reporter-output>
          </reporter-output>
        </test-method> <!-- tearDown -->
        <test-method is-config="true" signature="setUp(org.testng.ITestResult,org.testng.ITestContext)[pri:0, instance:tests.ui.SearchTest@3f6b0be5]" started-at="2025-03-18T13:19:59 EET" name="setUp" finished-at="2025-03-18T13:20:20 EET" duration-ms="21422" status="PASS">
          <params>
            <param index="0">
              <value>
                <![CDATA[[TestResult name={null} status=CREATED method=SearchTest.verifyInvalidSearchTerm()[pri:0, instance:tests.ui.SearchTest@3f6b0be5] output={null}]]]>
              </value>
            </param>
            <param index="1">
              <value>
                <![CDATA[org.testng.TestRunner@79715834]]>
              </value>
            </param>
          </params>
          <reporter-output>
          </reporter-output>
        </test-method> <!-- setUp -->
        <test-method signature="verifyInvalidSearchTerm()[pri:0, instance:tests.ui.SearchTest@3f6b0be5]" started-at="2025-03-18T13:20:20 EET" name="verifyInvalidSearchTerm" description="TC-048" finished-at="2025-03-18T13:20:28 EET" duration-ms="7268" status="PASS">
          <reporter-output>
            <line>
              <![CDATA[ðŸŸ¢ Test Started: verifyInvalidSearchTerm (ðŸ”¢ Test Case ID: TC-048)]]>
            </line>
            <line>
              <![CDATA[
ðŸŒ Test Environment:
ðŸ–¥ï¸ OS: Windows 11 10.0
â˜• Java Version: 23.0.1
ðŸŒ Browser: chrome 134.0.6998.89
]]>
            </line>
            <line>
              <![CDATA[âœ… Test PASSED: verifyInvalidSearchTerm (Duration: 7268ms)]]>
            </line>
            <line>
              <![CDATA[<br><img src='E:/Folder/Galal/Courses/Digital Egypt Pioneers Initiative (DEPI) - Software Testing/DEPI Software Tester Graduation Project/automation-framework/reports/screenshots\TC-048\TC-048_screenshot.png' height='300' width='400'/><br>]]>
            </line>
          </reporter-output>
        </test-method> <!-- verifyInvalidSearchTerm -->
        <test-method is-config="true" signature="tearDown(org.testng.ITestResult)[pri:0, instance:tests.ui.SearchTest@3f6b0be5]" started-at="2025-03-18T13:20:28 EET" name="tearDown" finished-at="2025-03-18T13:20:28 EET" duration-ms="161" status="PASS">
          <params>
            <param index="0">
              <value>
                <![CDATA[[TestResult name=verifyInvalidSearchTerm status=SUCCESS method=SearchTest.verifyInvalidSearchTerm()[pri:0, instance:tests.ui.SearchTest@3f6b0be5] output=ðŸŸ¢ Test Started: verifyInvalidSearchTerm (ðŸ”¢ Test Case ID: TC-048)]]]>
              </value>
            </param>
          </params>
          <reporter-output>
          </reporter-output>
        </test-method> <!-- tearDown -->
        <test-method is-config="true" signature="setUp(org.testng.ITestResult,org.testng.ITestContext)[pri:0, instance:tests.ui.SearchTest@3f6b0be5]" started-at="2025-03-18T13:20:28 EET" name="setUp" finished-at="2025-03-18T13:20:50 EET" duration-ms="22384" status="PASS">
          <params>
            <param index="0">
              <value>
                <![CDATA[[TestResult name={null} status=CREATED method=SearchTest.verifyPaginationInSearchResults()[pri:0, instance:tests.ui.SearchTest@3f6b0be5] output={null}]]]>
              </value>
            </param>
            <param index="1">
              <value>
                <![CDATA[org.testng.TestRunner@79715834]]>
              </value>
            </param>
          </params>
          <reporter-output>
          </reporter-output>
        </test-method> <!-- setUp -->
        <test-method signature="verifyPaginationInSearchResults()[pri:0, instance:tests.ui.SearchTest@3f6b0be5]" started-at="2025-03-18T13:20:50 EET" name="verifyPaginationInSearchResults" description="TC-042" finished-at="2025-03-18T13:21:00 EET" duration-ms="9763" status="PASS">
          <reporter-output>
            <line>
              <![CDATA[ðŸŸ¢ Test Started: verifyPaginationInSearchResults (ðŸ”¢ Test Case ID: TC-042)]]>
            </line>
            <line>
              <![CDATA[
ðŸŒ Test Environment:
ðŸ–¥ï¸ OS: Windows 11 10.0
â˜• Java Version: 23.0.1
ðŸŒ Browser: chrome 134.0.6998.89
]]>
            </line>
            <line>
              <![CDATA[âœ… Test PASSED: verifyPaginationInSearchResults (Duration: 9763ms)]]>
            </line>
            <line>
              <![CDATA[<br><img src='E:/Folder/Galal/Courses/Digital Egypt Pioneers Initiative (DEPI) - Software Testing/DEPI Software Tester Graduation Project/automation-framework/reports/screenshots\TC-042\TC-042_screenshot.png' height='300' width='400'/><br>]]>
            </line>
          </reporter-output>
        </test-method> <!-- verifyPaginationInSearchResults -->
        <test-method is-config="true" signature="tearDown(org.testng.ITestResult)[pri:0, instance:tests.ui.SearchTest@3f6b0be5]" started-at="2025-03-18T13:21:00 EET" name="tearDown" finished-at="2025-03-18T13:21:00 EET" duration-ms="214" status="PASS">
          <params>
            <param index="0">
              <value>
                <![CDATA[[TestResult name=verifyPaginationInSearchResults status=SUCCESS method=SearchTest.verifyPaginationInSearchResults()[pri:0, instance:tests.ui.SearchTest@3f6b0be5] output=ðŸŸ¢ Test Started: verifyPaginationInSearchResults (ðŸ”¢ Test Case ID: TC-042)]]]>
              </value>
            </param>
          </params>
          <reporter-output>
          </reporter-output>
        </test-method> <!-- tearDown -->
        <test-method is-config="true" signature="setUp(org.testng.ITestResult,org.testng.ITestContext)[pri:0, instance:tests.ui.SearchTest@3f6b0be5]" started-at="2025-03-18T13:21:00 EET" name="setUp" finished-at="2025-03-18T13:21:23 EET" duration-ms="22172" status="PASS">
          <params>
            <param index="0">
              <value>
                <![CDATA[[TestResult name={null} status=CREATED method=SearchTest.verifySearchByCategory()[pri:0, instance:tests.ui.SearchTest@3f6b0be5] output={null}]]]>
              </value>
            </param>
            <param index="1">
              <value>
                <![CDATA[org.testng.TestRunner@79715834]]>
              </value>
            </param>
          </params>
          <reporter-output>
          </reporter-output>
        </test-method> <!-- setUp -->
        <test-method signature="verifySearchByCategory()[pri:0, instance:tests.ui.SearchTest@3f6b0be5]" started-at="2025-03-18T13:21:23 EET" name="verifySearchByCategory" description="TC-038" finished-at="2025-03-18T13:21:29 EET" duration-ms="6384" status="PASS">
          <reporter-output>
            <line>
              <![CDATA[ðŸŸ¢ Test Started: verifySearchByCategory (ðŸ”¢ Test Case ID: TC-038)]]>
            </line>
            <line>
              <![CDATA[
ðŸŒ Test Environment:
ðŸ–¥ï¸ OS: Windows 11 10.0
â˜• Java Version: 23.0.1
ðŸŒ Browser: chrome 134.0.6998.89
]]>
            </line>
            <line>
              <![CDATA[âœ… Test PASSED: verifySearchByCategory (Duration: 6384ms)]]>
            </line>
            <line>
              <![CDATA[<br><img src='E:/Folder/Galal/Courses/Digital Egypt Pioneers Initiative (DEPI) - Software Testing/DEPI Software Tester Graduation Project/automation-framework/reports/screenshots\TC-038\TC-038_screenshot.png' height='300' width='400'/><br>]]>
            </line>
          </reporter-output>
        </test-method> <!-- verifySearchByCategory -->
        <test-method is-config="true" signature="tearDown(org.testng.ITestResult)[pri:0, instance:tests.ui.SearchTest@3f6b0be5]" started-at="2025-03-18T13:21:29 EET" name="tearDown" finished-at="2025-03-18T13:21:29 EET" duration-ms="171" status="PASS">
          <params>
            <param index="0">
              <value>
                <![CDATA[[TestResult name=verifySearchByCategory status=SUCCESS method=SearchTest.verifySearchByCategory()[pri:0, instance:tests.ui.SearchTest@3f6b0be5] output=ðŸŸ¢ Test Started: verifySearchByCategory (ðŸ”¢ Test Case ID: TC-038)]]]>
              </value>
            </param>
          </params>
          <reporter-output>
          </reporter-output>
        </test-method> <!-- tearDown -->
        <test-method is-config="true" signature="setUp(org.testng.ITestResult,org.testng.ITestContext)[pri:0, instance:tests.ui.SearchTest@3f6b0be5]" started-at="2025-03-18T13:21:29 EET" name="setUp" finished-at="2025-03-18T13:21:51 EET" duration-ms="21695" status="PASS">
          <params>
            <param index="0">
              <value>
                <![CDATA[[TestResult name={null} status=CREATED method=SearchTest.verifySearchFunctionality()[pri:0, instance:tests.ui.SearchTest@3f6b0be5] output={null}]]]>
              </value>
            </param>
            <param index="1">
              <value>
                <![CDATA[org.testng.TestRunner@79715834]]>
              </value>
            </param>
          </params>
          <reporter-output>
          </reporter-output>
        </test-method> <!-- setUp -->
        <test-method signature="verifySearchFunctionality()[pri:0, instance:tests.ui.SearchTest@3f6b0be5]" started-at="2025-03-18T13:21:51 EET" name="verifySearchFunctionality" description="TC-002" finished-at="2025-03-18T13:21:56 EET" duration-ms="5194" status="PASS">
          <reporter-output>
            <line>
              <![CDATA[ðŸŸ¢ Test Started: verifySearchFunctionality (ðŸ”¢ Test Case ID: TC-002)]]>
            </line>
            <line>
              <![CDATA[
ðŸŒ Test Environment:
ðŸ–¥ï¸ OS: Windows 11 10.0
â˜• Java Version: 23.0.1
ðŸŒ Browser: chrome 134.0.6998.89
]]>
            </line>
            <line>
              <![CDATA[âœ… Test PASSED: verifySearchFunctionality (Duration: 5194ms)]]>
            </line>
            <line>
              <![CDATA[<br><img src='E:/Folder/Galal/Courses/Digital Egypt Pioneers Initiative (DEPI) - Software Testing/DEPI Software Tester Graduation Project/automation-framework/reports/screenshots\TC-002\TC-002_screenshot.png' height='300' width='400'/><br>]]>
            </line>
          </reporter-output>
        </test-method> <!-- verifySearchFunctionality -->
        <test-method is-config="true" signature="tearDown(org.testng.ITestResult)[pri:0, instance:tests.ui.SearchTest@3f6b0be5]" started-at="2025-03-18T13:21:56 EET" name="tearDown" finished-at="2025-03-18T13:21:56 EET" duration-ms="180" status="PASS">
          <params>
            <param index="0">
              <value>
                <![CDATA[[TestResult name=verifySearchFunctionality status=SUCCESS method=SearchTest.verifySearchFunctionality()[pri:0, instance:tests.ui.SearchTest@3f6b0be5] output=ðŸŸ¢ Test Started: verifySearchFunctionality (ðŸ”¢ Test Case ID: TC-002)]]]>
              </value>
            </param>
          </params>
          <reporter-output>
          </reporter-output>
        </test-method> <!-- tearDown -->
        <test-method is-config="true" signature="setUp(org.testng.ITestResult,org.testng.ITestContext)[pri:0, instance:tests.ui.SearchTest@3f6b0be5]" started-at="2025-03-18T13:21:56 EET" name="setUp" finished-at="2025-03-18T13:22:18 EET" duration-ms="21387" status="PASS">
          <params>
            <param index="0">
              <value>
                <![CDATA[[TestResult name={null} status=CREATED method=SearchTest.verifySortingOptions()[pri:0, instance:tests.ui.SearchTest@3f6b0be5] output={null}]]]>
              </value>
            </param>
            <param index="1">
              <value>
                <![CDATA[org.testng.TestRunner@79715834]]>
              </value>
            </param>
          </params>
          <reporter-output>
          </reporter-output>
        </test-method> <!-- setUp -->
        <test-method signature="verifySortingOptions()[pri:0, instance:tests.ui.SearchTest@3f6b0be5]" started-at="2025-03-18T13:22:18 EET" name="verifySortingOptions" description="TC-043" finished-at="2025-03-18T13:22:34 EET" duration-ms="15707" status="PASS">
          <reporter-output>
            <line>
              <![CDATA[ðŸŸ¢ Test Started: verifySortingOptions (ðŸ”¢ Test Case ID: TC-043)]]>
            </line>
            <line>
              <![CDATA[
ðŸŒ Test Environment:
ðŸ–¥ï¸ OS: Windows 11 10.0
â˜• Java Version: 23.0.1
ðŸŒ Browser: chrome 134.0.6998.89
]]>
            </line>
            <line>
              <![CDATA[âœ… Test PASSED: verifySortingOptions (Duration: 15706ms)]]>
            </line>
            <line>
              <![CDATA[<br><img src='E:/Folder/Galal/Courses/Digital Egypt Pioneers Initiative (DEPI) - Software Testing/DEPI Software Tester Graduation Project/automation-framework/reports/screenshots\TC-043\TC-043_screenshot.png' height='300' width='400'/><br>]]>
            </line>
          </reporter-output>
        </test-method> <!-- verifySortingOptions -->
        <test-method is-config="true" signature="tearDown(org.testng.ITestResult)[pri:0, instance:tests.ui.SearchTest@3f6b0be5]" started-at="2025-03-18T13:22:34 EET" name="tearDown" finished-at="2025-03-18T13:22:34 EET" duration-ms="180" status="PASS">
          <params>
            <param index="0">
              <value>
                <![CDATA[[TestResult name=verifySortingOptions status=SUCCESS method=SearchTest.verifySortingOptions()[pri:0, instance:tests.ui.SearchTest@3f6b0be5] output=ðŸŸ¢ Test Started: verifySortingOptions (ðŸ”¢ Test Case ID: TC-043)]]]>
              </value>
            </param>
          </params>
          <reporter-output>
          </reporter-output>
        </test-method> <!-- tearDown -->
      </class> <!-- tests.ui.SearchTest -->
      <class name="tests.ui.CheckoutTest">
        <test-method is-config="true" signature="setUp(org.testng.ITestResult,org.testng.ITestContext)[pri:0, instance:tests.ui.CheckoutTest@47987356]" started-at="2025-03-18T13:01:58 EET" name="setUp" finished-at="2025-03-18T13:02:20 EET" duration-ms="21822" status="PASS">
          <params>
            <param index="0">
              <value>
                <![CDATA[[TestResult name={null} status=CREATED method=CheckoutTest.testCheckoutProcessAsUser()[pri:0, instance:tests.ui.CheckoutTest@47987356] output={null}]]]>
              </value>
            </param>
            <param index="1">
              <value>
                <![CDATA[org.testng.TestRunner@79715834]]>
              </value>
            </param>
          </params>
          <reporter-output>
          </reporter-output>
        </test-method> <!-- setUp -->
        <test-method signature="testCheckoutProcessAsUser()[pri:0, instance:tests.ui.CheckoutTest@47987356]" started-at="2025-03-18T13:02:20 EET" name="testCheckoutProcessAsUser" description="TC-073" finished-at="2025-03-18T13:02:53 EET" duration-ms="33579" status="PASS">
          <reporter-output>
            <line>
              <![CDATA[ðŸŸ¢ Test Started: testCheckoutProcessAsUser (ðŸ”¢ Test Case ID: TC-073)]]>
            </line>
            <line>
              <![CDATA[
ðŸŒ Test Environment:
ðŸ–¥ï¸ OS: Windows 11 10.0
â˜• Java Version: 23.0.1
ðŸŒ Browser: chrome 134.0.6998.89
]]>
            </line>
            <line>
              <![CDATA[âœ… Test PASSED: testCheckoutProcessAsUser (Duration: 33579ms)]]>
            </line>
            <line>
              <![CDATA[<br><img src='E:/Folder/Galal/Courses/Digital Egypt Pioneers Initiative (DEPI) - Software Testing/DEPI Software Tester Graduation Project/automation-framework/reports/screenshots\TC-073\TC-073_screenshot.png' height='300' width='400'/><br>]]>
            </line>
          </reporter-output>
        </test-method> <!-- testCheckoutProcessAsUser -->
        <test-method is-config="true" signature="tearDown(org.testng.ITestResult)[pri:0, instance:tests.ui.CheckoutTest@47987356]" started-at="2025-03-18T13:02:54 EET" name="tearDown" finished-at="2025-03-18T13:02:54 EET" duration-ms="156" status="PASS">
          <params>
            <param index="0">
              <value>
                <![CDATA[[TestResult name=testCheckoutProcessAsUser status=SUCCESS method=CheckoutTest.testCheckoutProcessAsUser()[pri:0, instance:tests.ui.CheckoutTest@47987356] output=ðŸŸ¢ Test Started: testCheckoutProcessAsUser (ðŸ”¢ Test Case ID: TC-073)]]]>
              </value>
            </param>
          </params>
          <reporter-output>
          </reporter-output>
        </test-method> <!-- tearDown -->
        <test-method is-config="true" signature="setUp(org.testng.ITestResult,org.testng.ITestContext)[pri:0, instance:tests.ui.CheckoutTest@47987356]" started-at="2025-03-18T13:02:54 EET" name="setUp" finished-at="2025-03-18T13:03:16 EET" duration-ms="21870" status="PASS">
          <params>
            <param index="0">
              <value>
                <![CDATA[[TestResult name={null} status=CREATED method=CheckoutTest.verifyCheckoutPageLoads()[pri:0, instance:tests.ui.CheckoutTest@47987356] output={null}]]]>
              </value>
            </param>
            <param index="1">
              <value>
                <![CDATA[org.testng.TestRunner@79715834]]>
              </value>
            </param>
          </params>
          <reporter-output>
          </reporter-output>
        </test-method> <!-- setUp -->
        <test-method signature="verifyCheckoutPageLoads()[pri:0, instance:tests.ui.CheckoutTest@47987356]" started-at="2025-03-18T13:03:16 EET" name="verifyCheckoutPageLoads" description="TC-004" finished-at="2025-03-18T13:03:32 EET" duration-ms="16607" status="PASS">
          <reporter-output>
            <line>
              <![CDATA[ðŸŸ¢ Test Started: verifyCheckoutPageLoads (ðŸ”¢ Test Case ID: TC-004)]]>
            </line>
            <line>
              <![CDATA[
ðŸŒ Test Environment:
ðŸ–¥ï¸ OS: Windows 11 10.0
â˜• Java Version: 23.0.1
ðŸŒ Browser: chrome 134.0.6998.89
]]>
            </line>
            <line>
              <![CDATA[âœ… Test PASSED: verifyCheckoutPageLoads (Duration: 16607ms)]]>
            </line>
            <line>
              <![CDATA[<br><img src='E:/Folder/Galal/Courses/Digital Egypt Pioneers Initiative (DEPI) - Software Testing/DEPI Software Tester Graduation Project/automation-framework/reports/screenshots\TC-004\TC-004_screenshot.png' height='300' width='400'/><br>]]>
            </line>
          </reporter-output>
        </test-method> <!-- verifyCheckoutPageLoads -->
        <test-method is-config="true" signature="tearDown(org.testng.ITestResult)[pri:0, instance:tests.ui.CheckoutTest@47987356]" started-at="2025-03-18T13:03:32 EET" name="tearDown" finished-at="2025-03-18T13:03:33 EET" duration-ms="233" status="PASS">
          <params>
            <param index="0">
              <value>
                <![CDATA[[TestResult name=verifyCheckoutPageLoads status=SUCCESS method=CheckoutTest.verifyCheckoutPageLoads()[pri:0, instance:tests.ui.CheckoutTest@47987356] output=ðŸŸ¢ Test Started: verifyCheckoutPageLoads (ðŸ”¢ Test Case ID: TC-004)]]]>
              </value>
            </param>
          </params>
          <reporter-output>
          </reporter-output>
        </test-method> <!-- tearDown -->
        <test-method is-config="true" signature="setUp(org.testng.ITestResult,org.testng.ITestContext)[pri:0, instance:tests.ui.CheckoutTest@47987356]" started-at="2025-03-18T13:03:33 EET" name="setUp" finished-at="2025-03-18T13:03:54 EET" duration-ms="21560" status="PASS">
          <params>
            <param index="0">
              <value>
                <![CDATA[[TestResult name={null} status=CREATED method=CheckoutTest.verifyCheckoutProcessAsGuest()[pri:0, instance:tests.ui.CheckoutTest@47987356] output={null}]]]>
              </value>
            </param>
            <param index="1">
              <value>
                <![CDATA[org.testng.TestRunner@79715834]]>
              </value>
            </param>
          </params>
          <reporter-output>
          </reporter-output>
        </test-method> <!-- setUp -->
        <test-method signature="verifyCheckoutProcessAsGuest()[pri:0, instance:tests.ui.CheckoutTest@47987356]" started-at="2025-03-18T13:03:54 EET" name="verifyCheckoutProcessAsGuest" description="TC-005_TC-006_TC-072" finished-at="2025-03-18T13:04:31 EET" duration-ms="37169" status="PASS">
          <reporter-output>
            <line>
              <![CDATA[ðŸŸ¢ Test Started: verifyCheckoutProcessAsGuest (ðŸ”¢ Test Case ID: TC-005_TC-006_TC-072)]]>
            </line>
            <line>
              <![CDATA[
ðŸŒ Test Environment:
ðŸ–¥ï¸ OS: Windows 11 10.0
â˜• Java Version: 23.0.1
ðŸŒ Browser: chrome 134.0.6998.89
]]>
            </line>
            <line>
              <![CDATA[âœ… Test PASSED: verifyCheckoutProcessAsGuest (Duration: 37169ms)]]>
            </line>
            <line>
              <![CDATA[<br><img src='E:/Folder/Galal/Courses/Digital Egypt Pioneers Initiative (DEPI) - Software Testing/DEPI Software Tester Graduation Project/automation-framework/reports/screenshots\TC-005_TC-006_TC-072\TC-005_TC-006_TC-072_screenshot.png' height='300' width='400'/><br>]]>
            </line>
          </reporter-output>
        </test-method> <!-- verifyCheckoutProcessAsGuest -->
        <test-method is-config="true" signature="tearDown(org.testng.ITestResult)[pri:0, instance:tests.ui.CheckoutTest@47987356]" started-at="2025-03-18T13:04:31 EET" name="tearDown" finished-at="2025-03-18T13:04:32 EET" duration-ms="235" status="PASS">
          <params>
            <param index="0">
              <value>
                <![CDATA[[TestResult name=verifyCheckoutProcessAsGuest status=SUCCESS method=CheckoutTest.verifyCheckoutProcessAsGuest()[pri:0, instance:tests.ui.CheckoutTest@47987356] output=ðŸŸ¢ Test Started: verifyCheckoutProcessAsGuest (ðŸ”¢ Test Case ID: TC-005_TC-006_TC-072)]]]>
              </value>
            </param>
          </params>
          <reporter-output>
          </reporter-output>
        </test-method> <!-- tearDown -->
        <test-method is-config="true" signature="setUp(org.testng.ITestResult,org.testng.ITestContext)[pri:0, instance:tests.ui.CheckoutTest@47987356]" started-at="2025-03-18T13:04:32 EET" name="setUp" finished-at="2025-03-18T13:04:54 EET" duration-ms="22573" status="PASS">
          <params>
            <param index="0">
              <value>
                <![CDATA[[TestResult name={null} status=CREATED method=CheckoutTest.verifyDifferentPaymentOptionsAreAvailable()[pri:0, instance:tests.ui.CheckoutTest@47987356] output={null}]]]>
              </value>
            </param>
            <param index="1">
              <value>
                <![CDATA[org.testng.TestRunner@79715834]]>
              </value>
            </param>
          </params>
          <reporter-output>
          </reporter-output>
        </test-method> <!-- setUp -->
        <test-method signature="verifyDifferentPaymentOptionsAreAvailable()[pri:0, instance:tests.ui.CheckoutTest@47987356]" started-at="2025-03-18T13:04:54 EET" name="verifyDifferentPaymentOptionsAreAvailable" description="TC-189" finished-at="2025-03-18T13:05:19 EET" duration-ms="24557" status="PASS">
          <reporter-output>
            <line>
              <![CDATA[ðŸŸ¢ Test Started: verifyDifferentPaymentOptionsAreAvailable (ðŸ”¢ Test Case ID: TC-189)]]>
            </line>
            <line>
              <![CDATA[
ðŸŒ Test Environment:
ðŸ–¥ï¸ OS: Windows 11 10.0
â˜• Java Version: 23.0.1
ðŸŒ Browser: chrome 134.0.6998.89
]]>
            </line>
            <line>
              <![CDATA[âœ… Test PASSED: verifyDifferentPaymentOptionsAreAvailable (Duration: 24557ms)]]>
            </line>
            <line>
              <![CDATA[<br><img src='E:/Folder/Galal/Courses/Digital Egypt Pioneers Initiative (DEPI) - Software Testing/DEPI Software Tester Graduation Project/automation-framework/reports/screenshots\TC-189\TC-189_screenshot.png' height='300' width='400'/><br>]]>
            </line>
          </reporter-output>
        </test-method> <!-- verifyDifferentPaymentOptionsAreAvailable -->
        <test-method is-config="true" signature="tearDown(org.testng.ITestResult)[pri:0, instance:tests.ui.CheckoutTest@47987356]" started-at="2025-03-18T13:05:19 EET" name="tearDown" finished-at="2025-03-18T13:05:19 EET" duration-ms="192" status="PASS">
          <params>
            <param index="0">
              <value>
                <![CDATA[[TestResult name=verifyDifferentPaymentOptionsAreAvailable status=SUCCESS method=CheckoutTest.verifyDifferentPaymentOptionsAreAvailable()[pri:0, instance:tests.ui.CheckoutTest@47987356] output=ðŸŸ¢ Test Started: verifyDifferentPaymentOptionsAreAvailable (ðŸ”¢ Test Case ID: TC-189)]]]>
              </value>
            </param>
          </params>
          <reporter-output>
          </reporter-output>
        </test-method> <!-- tearDown -->
        <test-method is-config="true" signature="setUp(org.testng.ITestResult,org.testng.ITestContext)[pri:0, instance:tests.ui.CheckoutTest@47987356]" started-at="2025-03-18T13:05:19 EET" name="setUp" finished-at="2025-03-18T13:05:41 EET" duration-ms="21581" status="PASS">
          <params>
            <param index="0">
              <value>
                <![CDATA[[TestResult name={null} status=CREATED method=CheckoutTest.verifyInvalidAddressPreventsCheckout()[pri:0, instance:tests.ui.CheckoutTest@47987356] output={null}]]]>
              </value>
            </param>
            <param index="1">
              <value>
                <![CDATA[org.testng.TestRunner@79715834]]>
              </value>
            </param>
          </params>
          <reporter-output>
          </reporter-output>
        </test-method> <!-- setUp -->
        <test-method signature="verifyInvalidAddressPreventsCheckout()[pri:0, instance:tests.ui.CheckoutTest@47987356]" started-at="2025-03-18T13:05:41 EET" name="verifyInvalidAddressPreventsCheckout" description="TC-080" finished-at="2025-03-18T13:06:10 EET" duration-ms="29168" status="PASS">
          <reporter-output>
            <line>
              <![CDATA[ðŸŸ¢ Test Started: verifyInvalidAddressPreventsCheckout (ðŸ”¢ Test Case ID: TC-080)]]>
            </line>
            <line>
              <![CDATA[
ðŸŒ Test Environment:
ðŸ–¥ï¸ OS: Windows 11 10.0
â˜• Java Version: 23.0.1
ðŸŒ Browser: chrome 134.0.6998.89
]]>
            </line>
            <line>
              <![CDATA[âœ… Test PASSED: verifyInvalidAddressPreventsCheckout (Duration: 29168ms)]]>
            </line>
            <line>
              <![CDATA[<br><img src='E:/Folder/Galal/Courses/Digital Egypt Pioneers Initiative (DEPI) - Software Testing/DEPI Software Tester Graduation Project/automation-framework/reports/screenshots\TC-080\TC-080_screenshot.png' height='300' width='400'/><br>]]>
            </line>
          </reporter-output>
        </test-method> <!-- verifyInvalidAddressPreventsCheckout -->
        <test-method is-config="true" signature="tearDown(org.testng.ITestResult)[pri:0, instance:tests.ui.CheckoutTest@47987356]" started-at="2025-03-18T13:06:10 EET" name="tearDown" finished-at="2025-03-18T13:06:10 EET" duration-ms="217" status="PASS">
          <params>
            <param index="0">
              <value>
                <![CDATA[[TestResult name=verifyInvalidAddressPreventsCheckout status=SUCCESS method=CheckoutTest.verifyInvalidAddressPreventsCheckout()[pri:0, instance:tests.ui.CheckoutTest@47987356] output=ðŸŸ¢ Test Started: verifyInvalidAddressPreventsCheckout (ðŸ”¢ Test Case ID: TC-080)]]]>
              </value>
            </param>
          </params>
          <reporter-output>
          </reporter-output>
        </test-method> <!-- tearDown -->
        <test-method is-config="true" signature="setUp(org.testng.ITestResult,org.testng.ITestContext)[pri:0, instance:tests.ui.CheckoutTest@47987356]" started-at="2025-03-18T13:06:10 EET" name="setUp" finished-at="2025-03-18T13:06:32 EET" duration-ms="21487" status="PASS">
          <params>
            <param index="0">
              <value>
                <![CDATA[[TestResult name={null} status=CREATED method=CheckoutTest.verifyOrderIsGenerated()[pri:0, instance:tests.ui.CheckoutTest@47987356] output={null}]]]>
              </value>
            </param>
            <param index="1">
              <value>
                <![CDATA[org.testng.TestRunner@79715834]]>
              </value>
            </param>
          </params>
          <reporter-output>
          </reporter-output>
        </test-method> <!-- setUp -->
        <test-method signature="verifyOrderIsGenerated()[pri:0, instance:tests.ui.CheckoutTest@47987356]" started-at="2025-03-18T13:06:32 EET" name="verifyOrderIsGenerated" description="TC-081" finished-at="2025-03-18T13:07:01 EET" duration-ms="28851" status="PASS">
          <reporter-output>
            <line>
              <![CDATA[ðŸŸ¢ Test Started: verifyOrderIsGenerated (ðŸ”¢ Test Case ID: TC-081)]]>
            </line>
            <line>
              <![CDATA[
ðŸŒ Test Environment:
ðŸ–¥ï¸ OS: Windows 11 10.0
â˜• Java Version: 23.0.1
ðŸŒ Browser: chrome 134.0.6998.89
]]>
            </line>
            <line>
              <![CDATA[âœ… Test PASSED: verifyOrderIsGenerated (Duration: 28851ms)]]>
            </line>
            <line>
              <![CDATA[<br><img src='E:/Folder/Galal/Courses/Digital Egypt Pioneers Initiative (DEPI) - Software Testing/DEPI Software Tester Graduation Project/automation-framework/reports/screenshots\TC-081\TC-081_screenshot.png' height='300' width='400'/><br>]]>
            </line>
          </reporter-output>
        </test-method> <!-- verifyOrderIsGenerated -->
        <test-method is-config="true" signature="tearDown(org.testng.ITestResult)[pri:0, instance:tests.ui.CheckoutTest@47987356]" started-at="2025-03-18T13:07:01 EET" name="tearDown" finished-at="2025-03-18T13:07:01 EET" duration-ms="176" status="PASS">
          <params>
            <param index="0">
              <value>
                <![CDATA[[TestResult name=verifyOrderIsGenerated status=SUCCESS method=CheckoutTest.verifyOrderIsGenerated()[pri:0, instance:tests.ui.CheckoutTest@47987356] output=ðŸŸ¢ Test Started: verifyOrderIsGenerated (ðŸ”¢ Test Case ID: TC-081)]]]>
              </value>
            </param>
          </params>
          <reporter-output>
          </reporter-output>
        </test-method> <!-- tearDown -->
        <test-method is-config="true" signature="setUp(org.testng.ITestResult,org.testng.ITestContext)[pri:0, instance:tests.ui.CheckoutTest@47987356]" started-at="2025-03-18T13:07:01 EET" name="setUp" finished-at="2025-03-18T13:07:22 EET" duration-ms="21502" status="PASS">
          <params>
            <param index="0">
              <value>
                <![CDATA[[TestResult name={null} status=CREATED method=CheckoutTest.verifyOrderSummaryDisplaysCorrectInfo()[pri:0, instance:tests.ui.CheckoutTest@47987356] output={null}]]]>
              </value>
            </param>
            <param index="1">
              <value>
                <![CDATA[org.testng.TestRunner@79715834]]>
              </value>
            </param>
          </params>
          <reporter-output>
          </reporter-output>
        </test-method> <!-- setUp -->
        <test-method signature="verifyOrderSummaryDisplaysCorrectInfo()[pri:0, instance:tests.ui.CheckoutTest@47987356]" started-at="2025-03-18T13:07:22 EET" name="verifyOrderSummaryDisplaysCorrectInfo" description="TC-187" finished-at="2025-03-18T13:07:54 EET" duration-ms="31815" status="PASS">
          <reporter-output>
            <line>
              <![CDATA[ðŸŸ¢ Test Started: verifyOrderSummaryDisplaysCorrectInfo (ðŸ”¢ Test Case ID: TC-187)]]>
            </line>
            <line>
              <![CDATA[
ðŸŒ Test Environment:
ðŸ–¥ï¸ OS: Windows 11 10.0
â˜• Java Version: 23.0.1
ðŸŒ Browser: chrome 134.0.6998.89
]]>
            </line>
            <line>
              <![CDATA[âœ… Test PASSED: verifyOrderSummaryDisplaysCorrectInfo (Duration: 31815ms)]]>
            </line>
            <line>
              <![CDATA[<br><img src='E:/Folder/Galal/Courses/Digital Egypt Pioneers Initiative (DEPI) - Software Testing/DEPI Software Tester Graduation Project/automation-framework/reports/screenshots\TC-187\TC-187_screenshot.png' height='300' width='400'/><br>]]>
            </line>
          </reporter-output>
        </test-method> <!-- verifyOrderSummaryDisplaysCorrectInfo -->
        <test-method is-config="true" signature="tearDown(org.testng.ITestResult)[pri:0, instance:tests.ui.CheckoutTest@47987356]" started-at="2025-03-18T13:07:54 EET" name="tearDown" finished-at="2025-03-18T13:07:54 EET" duration-ms="159" status="PASS">
          <params>
            <param index="0">
              <value>
                <![CDATA[[TestResult name=verifyOrderSummaryDisplaysCorrectInfo status=SUCCESS method=CheckoutTest.verifyOrderSummaryDisplaysCorrectInfo()[pri:0, instance:tests.ui.CheckoutTest@47987356] output=ðŸŸ¢ Test Started: verifyOrderSummaryDisplaysCorrectInfo (ðŸ”¢ Test Case ID: TC-187)]]]>
              </value>
            </param>
          </params>
          <reporter-output>
          </reporter-output>
        </test-method> <!-- tearDown -->
      </class> <!-- tests.ui.CheckoutTest -->
      <class name="tests.ui.CartTest">
        <test-method is-config="true" signature="setUp(org.testng.ITestResult,org.testng.ITestContext)[pri:0, instance:tests.ui.CartTest@7205765b]" started-at="2025-03-18T12:59:38 EET" name="setUp" finished-at="2025-03-18T13:00:00 EET" duration-ms="21969" status="PASS">
          <params>
            <param index="0">
              <value>
                <![CDATA[[TestResult name={null} status=CREATED method=CartTest.testAddMultipleProductsToCart()[pri:0, instance:tests.ui.CartTest@7205765b] output={null}]]]>
              </value>
            </param>
            <param index="1">
              <value>
                <![CDATA[org.testng.TestRunner@79715834]]>
              </value>
            </param>
          </params>
          <reporter-output>
          </reporter-output>
        </test-method> <!-- setUp -->
        <test-method signature="testAddMultipleProductsToCart()[pri:0, instance:tests.ui.CartTest@7205765b]" started-at="2025-03-18T13:00:00 EET" name="testAddMultipleProductsToCart" description="TC-018" finished-at="2025-03-18T13:00:27 EET" duration-ms="26325" status="PASS">
          <reporter-output>
            <line>
              <![CDATA[ðŸŸ¢ Test Started: testAddMultipleProductsToCart (ðŸ”¢ Test Case ID: TC-018)]]>
            </line>
            <line>
              <![CDATA[
ðŸŒ Test Environment:
ðŸ–¥ï¸ OS: Windows 11 10.0
â˜• Java Version: 23.0.1
ðŸŒ Browser: chrome 134.0.6998.89
]]>
            </line>
            <line>
              <![CDATA[âœ… Test PASSED: testAddMultipleProductsToCart (Duration: 26325ms)]]>
            </line>
            <line>
              <![CDATA[<br><img src='E:/Folder/Galal/Courses/Digital Egypt Pioneers Initiative (DEPI) - Software Testing/DEPI Software Tester Graduation Project/automation-framework/reports/screenshots\TC-018\TC-018_screenshot.png' height='300' width='400'/><br>]]>
            </line>
          </reporter-output>
        </test-method> <!-- testAddMultipleProductsToCart -->
        <test-method is-config="true" signature="tearDown(org.testng.ITestResult)[pri:0, instance:tests.ui.CartTest@7205765b]" started-at="2025-03-18T13:00:27 EET" name="tearDown" finished-at="2025-03-18T13:00:27 EET" duration-ms="318" status="PASS">
          <params>
            <param index="0">
              <value>
                <![CDATA[[TestResult name=testAddMultipleProductsToCart status=SUCCESS method=CartTest.testAddMultipleProductsToCart()[pri:0, instance:tests.ui.CartTest@7205765b] output=ðŸŸ¢ Test Started: testAddMultipleProductsToCart (ðŸ”¢ Test Case ID: TC-018)]]]>
              </value>
            </param>
          </params>
          <reporter-output>
          </reporter-output>
        </test-method> <!-- tearDown -->
        <test-method is-config="true" signature="setUp(org.testng.ITestResult,org.testng.ITestContext)[pri:0, instance:tests.ui.CartTest@7205765b]" started-at="2025-03-18T13:00:27 EET" name="setUp" finished-at="2025-03-18T13:00:49 EET" duration-ms="21769" status="PASS">
          <params>
            <param index="0">
              <value>
                <![CDATA[[TestResult name={null} status=CREATED method=CartTest.testCartPersistence()[pri:0, instance:tests.ui.CartTest@7205765b] output={null}]]]>
              </value>
            </param>
            <param index="1">
              <value>
                <![CDATA[org.testng.TestRunner@79715834]]>
              </value>
            </param>
          </params>
          <reporter-output>
          </reporter-output>
        </test-method> <!-- setUp -->
        <test-method signature="testCartPersistence()[pri:0, instance:tests.ui.CartTest@7205765b]" started-at="2025-03-18T13:00:49 EET" name="testCartPersistence" description="TC-015" finished-at="2025-03-18T13:00:55 EET" duration-ms="5751" status="PASS">
          <reporter-output>
            <line>
              <![CDATA[ðŸŸ¢ Test Started: testCartPersistence (ðŸ”¢ Test Case ID: TC-015)]]>
            </line>
            <line>
              <![CDATA[
ðŸŒ Test Environment:
ðŸ–¥ï¸ OS: Windows 11 10.0
â˜• Java Version: 23.0.1
ðŸŒ Browser: chrome 134.0.6998.89
]]>
            </line>
            <line>
              <![CDATA[âœ… Test PASSED: testCartPersistence (Duration: 5751ms)]]>
            </line>
            <line>
              <![CDATA[<br><img src='E:/Folder/Galal/Courses/Digital Egypt Pioneers Initiative (DEPI) - Software Testing/DEPI Software Tester Graduation Project/automation-framework/reports/screenshots\TC-015\TC-015_screenshot.png' height='300' width='400'/><br>]]>
            </line>
          </reporter-output>
        </test-method> <!-- testCartPersistence -->
        <test-method is-config="true" signature="tearDown(org.testng.ITestResult)[pri:0, instance:tests.ui.CartTest@7205765b]" started-at="2025-03-18T13:00:55 EET" name="tearDown" finished-at="2025-03-18T13:00:55 EET" duration-ms="186" status="PASS">
          <params>
            <param index="0">
              <value>
                <![CDATA[[TestResult name=testCartPersistence status=SUCCESS method=CartTest.testCartPersistence()[pri:0, instance:tests.ui.CartTest@7205765b] output=ðŸŸ¢ Test Started: testCartPersistence (ðŸ”¢ Test Case ID: TC-015)]]]>
              </value>
            </param>
          </params>
          <reporter-output>
          </reporter-output>
        </test-method> <!-- tearDown -->
        <test-method is-config="true" signature="setUp(org.testng.ITestResult,org.testng.ITestContext)[pri:0, instance:tests.ui.CartTest@7205765b]" started-at="2025-03-18T13:00:55 EET" name="setUp" finished-at="2025-03-18T13:01:17 EET" duration-ms="21934" status="PASS">
          <params>
            <param index="0">
              <value>
                <![CDATA[[TestResult name={null} status=CREATED method=CartTest.verifyRemoveMultipleProducts()[pri:0, instance:tests.ui.CartTest@7205765b] output={null}]]]>
              </value>
            </param>
            <param index="1">
              <value>
                <![CDATA[org.testng.TestRunner@79715834]]>
              </value>
            </param>
          </params>
          <reporter-output>
          </reporter-output>
        </test-method> <!-- setUp -->
        <test-method signature="verifyRemoveMultipleProducts()[pri:0, instance:tests.ui.CartTest@7205765b]" started-at="2025-03-18T13:01:17 EET" name="verifyRemoveMultipleProducts" description="TC-019" finished-at="2025-03-18T13:01:58 EET" duration-ms="40814" status="PASS">
          <reporter-output>
            <line>
              <![CDATA[ðŸŸ¢ Test Started: verifyRemoveMultipleProducts (ðŸ”¢ Test Case ID: TC-019)]]>
            </line>
            <line>
              <![CDATA[
ðŸŒ Test Environment:
ðŸ–¥ï¸ OS: Windows 11 10.0
â˜• Java Version: 23.0.1
ðŸŒ Browser: chrome 134.0.6998.89
]]>
            </line>
            <line>
              <![CDATA[âœ… Test PASSED: verifyRemoveMultipleProducts (Duration: 40813ms)]]>
            </line>
            <line>
              <![CDATA[<br><img src='E:/Folder/Galal/Courses/Digital Egypt Pioneers Initiative (DEPI) - Software Testing/DEPI Software Tester Graduation Project/automation-framework/reports/screenshots\TC-019\TC-019_screenshot.png' height='300' width='400'/><br>]]>
            </line>
          </reporter-output>
        </test-method> <!-- verifyRemoveMultipleProducts -->
        <test-method is-config="true" signature="tearDown(org.testng.ITestResult)[pri:0, instance:tests.ui.CartTest@7205765b]" started-at="2025-03-18T13:01:58 EET" name="tearDown" finished-at="2025-03-18T13:01:58 EET" duration-ms="158" status="PASS">
          <params>
            <param index="0">
              <value>
                <![CDATA[[TestResult name=verifyRemoveMultipleProducts status=SUCCESS method=CartTest.verifyRemoveMultipleProducts()[pri:0, instance:tests.ui.CartTest@7205765b] output=ðŸŸ¢ Test Started: verifyRemoveMultipleProducts (ðŸ”¢ Test Case ID: TC-019)]]]>
              </value>
            </param>
          </params>
          <reporter-output>
          </reporter-output>
        </test-method> <!-- tearDown -->
      </class> <!-- tests.ui.CartTest -->
      <class name="tests.ui.ProductPageTest">
        <test-method is-config="true" signature="setUp(org.testng.ITestResult,org.testng.ITestContext)[pri:0, instance:tests.ui.ProductPageTest@3b6ddd1d]" started-at="2025-03-18T13:13:45 EET" name="setUp" finished-at="2025-03-18T13:14:09 EET" duration-ms="23388" status="PASS">
          <params>
            <param index="0">
              <value>
                <![CDATA[[TestResult name={null} status=CREATED method=ProductPageTest.verifyCompareListFunctionality()[pri:0, instance:tests.ui.ProductPageTest@3b6ddd1d] output={null}]]]>
              </value>
            </param>
            <param index="1">
              <value>
                <![CDATA[org.testng.TestRunner@79715834]]>
              </value>
            </param>
          </params>
          <reporter-output>
          </reporter-output>
        </test-method> <!-- setUp -->
        <test-method signature="verifyCompareListFunctionality()[pri:0, instance:tests.ui.ProductPageTest@3b6ddd1d]" started-at="2025-03-18T13:14:09 EET" name="verifyCompareListFunctionality" description="TC-199" finished-at="2025-03-18T13:15:06 EET" duration-ms="56855" status="PASS">
          <reporter-output>
            <line>
              <![CDATA[ðŸŸ¢ Test Started: verifyCompareListFunctionality (ðŸ”¢ Test Case ID: TC-199)]]>
            </line>
            <line>
              <![CDATA[
ðŸŒ Test Environment:
ðŸ–¥ï¸ OS: Windows 11 10.0
â˜• Java Version: 23.0.1
ðŸŒ Browser: chrome 134.0.6998.89
]]>
            </line>
            <line>
              <![CDATA[âœ… Test PASSED: verifyCompareListFunctionality (Duration: 56855ms)]]>
            </line>
            <line>
              <![CDATA[<br><img src='E:/Folder/Galal/Courses/Digital Egypt Pioneers Initiative (DEPI) - Software Testing/DEPI Software Tester Graduation Project/automation-framework/reports/screenshots\TC-199\TC-199_screenshot.png' height='300' width='400'/><br>]]>
            </line>
          </reporter-output>
        </test-method> <!-- verifyCompareListFunctionality -->
        <test-method is-config="true" signature="tearDown(org.testng.ITestResult)[pri:0, instance:tests.ui.ProductPageTest@3b6ddd1d]" started-at="2025-03-18T13:15:06 EET" name="tearDown" finished-at="2025-03-18T13:15:06 EET" duration-ms="181" status="PASS">
          <params>
            <param index="0">
              <value>
                <![CDATA[[TestResult name=verifyCompareListFunctionality status=SUCCESS method=ProductPageTest.verifyCompareListFunctionality()[pri:0, instance:tests.ui.ProductPageTest@3b6ddd1d] output=ðŸŸ¢ Test Started: verifyCompareListFunctionality (ðŸ”¢ Test Case ID: TC-199)]]]>
              </value>
            </param>
          </params>
          <reporter-output>
          </reporter-output>
        </test-method> <!-- tearDown -->
        <test-method is-config="true" signature="setUp(org.testng.ITestResult,org.testng.ITestContext)[pri:0, instance:tests.ui.ProductPageTest@3b6ddd1d]" started-at="2025-03-18T13:15:06 EET" name="setUp" finished-at="2025-03-18T13:15:27 EET" duration-ms="21505" status="PASS">
          <params>
            <param index="0">
              <value>
                <![CDATA[[TestResult name={null} status=CREATED method=ProductPageTest.verifyProductImageGallery()[pri:0, instance:tests.ui.ProductPageTest@3b6ddd1d] output={null}]]]>
              </value>
            </param>
            <param index="1">
              <value>
                <![CDATA[org.testng.TestRunner@79715834]]>
              </value>
            </param>
          </params>
          <reporter-output>
          </reporter-output>
        </test-method> <!-- setUp -->
        <test-method signature="verifyProductImageGallery()[pri:0, instance:tests.ui.ProductPageTest@3b6ddd1d]" started-at="2025-03-18T13:15:27 EET" name="verifyProductImageGallery" description="TC-179" finished-at="2025-03-18T13:15:41 EET" duration-ms="13745" status="PASS">
          <reporter-output>
            <line>
              <![CDATA[ðŸŸ¢ Test Started: verifyProductImageGallery (ðŸ”¢ Test Case ID: TC-179)]]>
            </line>
            <line>
              <![CDATA[
ðŸŒ Test Environment:
ðŸ–¥ï¸ OS: Windows 11 10.0
â˜• Java Version: 23.0.1
ðŸŒ Browser: chrome 134.0.6998.89
]]>
            </line>
            <line>
              <![CDATA[âœ… Test PASSED: verifyProductImageGallery (Duration: 13745ms)]]>
            </line>
            <line>
              <![CDATA[<br><img src='E:/Folder/Galal/Courses/Digital Egypt Pioneers Initiative (DEPI) - Software Testing/DEPI Software Tester Graduation Project/automation-framework/reports/screenshots\TC-179\TC-179_screenshot.png' height='300' width='400'/><br>]]>
            </line>
          </reporter-output>
        </test-method> <!-- verifyProductImageGallery -->
        <test-method is-config="true" signature="tearDown(org.testng.ITestResult)[pri:0, instance:tests.ui.ProductPageTest@3b6ddd1d]" started-at="2025-03-18T13:15:41 EET" name="tearDown" finished-at="2025-03-18T13:15:41 EET" duration-ms="177" status="PASS">
          <params>
            <param index="0">
              <value>
                <![CDATA[[TestResult name=verifyProductImageGallery status=SUCCESS method=ProductPageTest.verifyProductImageGallery()[pri:0, instance:tests.ui.ProductPageTest@3b6ddd1d] output=ðŸŸ¢ Test Started: verifyProductImageGallery (ðŸ”¢ Test Case ID: TC-179)]]]>
              </value>
            </param>
          </params>
          <reporter-output>
          </reporter-output>
        </test-method> <!-- tearDown -->
        <test-method is-config="true" signature="setUp(org.testng.ITestResult,org.testng.ITestContext)[pri:0, instance:tests.ui.ProductPageTest@3b6ddd1d]" started-at="2025-03-18T13:15:41 EET" name="setUp" finished-at="2025-03-18T13:16:04 EET" duration-ms="22776" status="PASS">
          <params>
            <param index="0">
              <value>
                <![CDATA[[TestResult name={null} status=CREATED method=ProductPageTest.verifyProductPageLoadsCorrectly()[pri:0, instance:tests.ui.ProductPageTest@3b6ddd1d] output={null}]]]>
              </value>
            </param>
            <param index="1">
              <value>
                <![CDATA[org.testng.TestRunner@79715834]]>
              </value>
            </param>
          </params>
          <reporter-output>
          </reporter-output>
        </test-method> <!-- setUp -->
        <test-method signature="verifyProductPageLoadsCorrectly()[pri:0, instance:tests.ui.ProductPageTest@3b6ddd1d]" started-at="2025-03-18T13:16:04 EET" name="verifyProductPageLoadsCorrectly" description="TC-003" finished-at="2025-03-18T13:16:10 EET" duration-ms="5954" status="PASS">
          <reporter-output>
            <line>
              <![CDATA[ðŸŸ¢ Test Started: verifyProductPageLoadsCorrectly (ðŸ”¢ Test Case ID: TC-003)]]>
            </line>
            <line>
              <![CDATA[
ðŸŒ Test Environment:
ðŸ–¥ï¸ OS: Windows 11 10.0
â˜• Java Version: 23.0.1
ðŸŒ Browser: chrome 134.0.6998.89
]]>
            </line>
            <line>
              <![CDATA[âœ… Test PASSED: verifyProductPageLoadsCorrectly (Duration: 5955ms)]]>
            </line>
            <line>
              <![CDATA[<br><img src='E:/Folder/Galal/Courses/Digital Egypt Pioneers Initiative (DEPI) - Software Testing/DEPI Software Tester Graduation Project/automation-framework/reports/screenshots\TC-003\TC-003_screenshot.png' height='300' width='400'/><br>]]>
            </line>
          </reporter-output>
        </test-method> <!-- verifyProductPageLoadsCorrectly -->
        <test-method is-config="true" signature="tearDown(org.testng.ITestResult)[pri:0, instance:tests.ui.ProductPageTest@3b6ddd1d]" started-at="2025-03-18T13:16:10 EET" name="tearDown" finished-at="2025-03-18T13:16:11 EET" duration-ms="223" status="PASS">
          <params>
            <param index="0">
              <value>
                <![CDATA[[TestResult name=verifyProductPageLoadsCorrectly status=SUCCESS method=ProductPageTest.verifyProductPageLoadsCorrectly()[pri:0, instance:tests.ui.ProductPageTest@3b6ddd1d] output=ðŸŸ¢ Test Started: verifyProductPageLoadsCorrectly (ðŸ”¢ Test Case ID: TC-003)]]]>
              </value>
            </param>
          </params>
          <reporter-output>
          </reporter-output>
        </test-method> <!-- tearDown -->
        <test-method is-config="true" signature="setUp(org.testng.ITestResult,org.testng.ITestContext)[pri:0, instance:tests.ui.ProductPageTest@3b6ddd1d]" started-at="2025-03-18T13:16:11 EET" name="setUp" finished-at="2025-03-18T13:16:33 EET" duration-ms="22080" status="PASS">
          <params>
            <param index="0">
              <value>
                <![CDATA[[TestResult name={null} status=CREATED method=ProductPageTest.verifyProductReviewsAreDisplayed()[pri:0, instance:tests.ui.ProductPageTest@3b6ddd1d] output={null}]]]>
              </value>
            </param>
            <param index="1">
              <value>
                <![CDATA[org.testng.TestRunner@79715834]]>
              </value>
            </param>
          </params>
          <reporter-output>
          </reporter-output>
        </test-method> <!-- setUp -->
        <test-method signature="verifyProductReviewsAreDisplayed()[pri:0, instance:tests.ui.ProductPageTest@3b6ddd1d]" started-at="2025-03-18T13:16:33 EET" name="verifyProductReviewsAreDisplayed" description="TC-180" finished-at="2025-03-18T13:16:45 EET" duration-ms="12629" status="PASS">
          <reporter-output>
            <line>
              <![CDATA[ðŸŸ¢ Test Started: verifyProductReviewsAreDisplayed (ðŸ”¢ Test Case ID: TC-180)]]>
            </line>
            <line>
              <![CDATA[
ðŸŒ Test Environment:
ðŸ–¥ï¸ OS: Windows 11 10.0
â˜• Java Version: 23.0.1
ðŸŒ Browser: chrome 134.0.6998.89
]]>
            </line>
            <line>
              <![CDATA[âœ… Test PASSED: verifyProductReviewsAreDisplayed (Duration: 12629ms)]]>
            </line>
            <line>
              <![CDATA[<br><img src='E:/Folder/Galal/Courses/Digital Egypt Pioneers Initiative (DEPI) - Software Testing/DEPI Software Tester Graduation Project/automation-framework/reports/screenshots\TC-180\TC-180_screenshot.png' height='300' width='400'/><br>]]>
            </line>
          </reporter-output>
        </test-method> <!-- verifyProductReviewsAreDisplayed -->
        <test-method is-config="true" signature="tearDown(org.testng.ITestResult)[pri:0, instance:tests.ui.ProductPageTest@3b6ddd1d]" started-at="2025-03-18T13:16:45 EET" name="tearDown" finished-at="2025-03-18T13:16:46 EET" duration-ms="207" status="PASS">
          <params>
            <param index="0">
              <value>
                <![CDATA[[TestResult name=verifyProductReviewsAreDisplayed status=SUCCESS method=ProductPageTest.verifyProductReviewsAreDisplayed()[pri:0, instance:tests.ui.ProductPageTest@3b6ddd1d] output=ðŸŸ¢ Test Started: verifyProductReviewsAreDisplayed (ðŸ”¢ Test Case ID: TC-180)]]]>
              </value>
            </param>
          </params>
          <reporter-output>
          </reporter-output>
        </test-method> <!-- tearDown -->
        <test-method is-config="true" signature="setUp(org.testng.ITestResult,org.testng.ITestContext)[pri:0, instance:tests.ui.ProductPageTest@3b6ddd1d]" started-at="2025-03-18T13:16:46 EET" name="setUp" finished-at="2025-03-18T13:17:07 EET" duration-ms="20895" status="PASS">
          <params>
            <param index="0">
              <value>
                <![CDATA[[TestResult name={null} status=CREATED method=ProductPageTest.verifyProductVariationSelection()[pri:0, instance:tests.ui.ProductPageTest@3b6ddd1d] output={null}]]]>
              </value>
            </param>
            <param index="1">
              <value>
                <![CDATA[org.testng.TestRunner@79715834]]>
              </value>
            </param>
          </params>
          <reporter-output>
          </reporter-output>
        </test-method> <!-- setUp -->
        <test-method signature="verifyProductVariationSelection()[pri:0, instance:tests.ui.ProductPageTest@3b6ddd1d]" started-at="2025-03-18T13:17:07 EET" name="verifyProductVariationSelection" description="TC-020" finished-at="2025-03-18T13:17:35 EET" duration-ms="28279" status="PASS">
          <reporter-output>
            <line>
              <![CDATA[ðŸŸ¢ Test Started: verifyProductVariationSelection (ðŸ”¢ Test Case ID: TC-020)]]>
            </line>
            <line>
              <![CDATA[
ðŸŒ Test Environment:
ðŸ–¥ï¸ OS: Windows 11 10.0
â˜• Java Version: 23.0.1
ðŸŒ Browser: chrome 134.0.6998.89
]]>
            </line>
            <line>
              <![CDATA[âœ… Test PASSED: verifyProductVariationSelection (Duration: 28279ms)]]>
            </line>
            <line>
              <![CDATA[<br><img src='E:/Folder/Galal/Courses/Digital Egypt Pioneers Initiative (DEPI) - Software Testing/DEPI Software Tester Graduation Project/automation-framework/reports/screenshots\TC-020\TC-020_screenshot.png' height='300' width='400'/><br>]]>
            </line>
          </reporter-output>
        </test-method> <!-- verifyProductVariationSelection -->
        <test-method is-config="true" signature="tearDown(org.testng.ITestResult)[pri:0, instance:tests.ui.ProductPageTest@3b6ddd1d]" started-at="2025-03-18T13:17:35 EET" name="tearDown" finished-at="2025-03-18T13:17:35 EET" duration-ms="208" status="PASS">
          <params>
            <param index="0">
              <value>
                <![CDATA[[TestResult name=verifyProductVariationSelection status=SUCCESS method=ProductPageTest.verifyProductVariationSelection()[pri:0, instance:tests.ui.ProductPageTest@3b6ddd1d] output=ðŸŸ¢ Test Started: verifyProductVariationSelection (ðŸ”¢ Test Case ID: TC-020)]]]>
              </value>
            </param>
          </params>
          <reporter-output>
          </reporter-output>
        </test-method> <!-- tearDown -->
        <test-method is-config="true" signature="setUp(org.testng.ITestResult,org.testng.ITestContext)[pri:0, instance:tests.ui.ProductPageTest@3b6ddd1d]" started-at="2025-03-18T13:17:35 EET" name="setUp" finished-at="2025-03-18T13:17:57 EET" duration-ms="21634" status="PASS">
          <params>
            <param index="0">
              <value>
                <![CDATA[[TestResult name={null} status=CREATED method=ProductPageTest.verifyRelatedProductsAreDisplayed()[pri:0, instance:tests.ui.ProductPageTest@3b6ddd1d] output={null}]]]>
              </value>
            </param>
            <param index="1">
              <value>
                <![CDATA[org.testng.TestRunner@79715834]]>
              </value>
            </param>
          </params>
          <reporter-output>
          </reporter-output>
        </test-method> <!-- setUp -->
        <test-method signature="verifyRelatedProductsAreDisplayed()[pri:0, instance:tests.ui.ProductPageTest@3b6ddd1d]" started-at="2025-03-18T13:17:57 EET" name="verifyRelatedProductsAreDisplayed" description="TC-063" finished-at="2025-03-18T13:18:13 EET" duration-ms="16537" status="PASS">
          <reporter-output>
            <line>
              <![CDATA[ðŸŸ¢ Test Started: verifyRelatedProductsAreDisplayed (ðŸ”¢ Test Case ID: TC-063)]]>
            </line>
            <line>
              <![CDATA[
ðŸŒ Test Environment:
ðŸ–¥ï¸ OS: Windows 11 10.0
â˜• Java Version: 23.0.1
ðŸŒ Browser: chrome 134.0.6998.89
]]>
            </line>
            <line>
              <![CDATA[âœ… Test PASSED: verifyRelatedProductsAreDisplayed (Duration: 16537ms)]]>
            </line>
            <line>
              <![CDATA[<br><img src='E:/Folder/Galal/Courses/Digital Egypt Pioneers Initiative (DEPI) - Software Testing/DEPI Software Tester Graduation Project/automation-framework/reports/screenshots\TC-063\TC-063_screenshot.png' height='300' width='400'/><br>]]>
            </line>
          </reporter-output>
        </test-method> <!-- verifyRelatedProductsAreDisplayed -->
        <test-method is-config="true" signature="tearDown(org.testng.ITestResult)[pri:0, instance:tests.ui.ProductPageTest@3b6ddd1d]" started-at="2025-03-18T13:18:13 EET" name="tearDown" finished-at="2025-03-18T13:18:14 EET" duration-ms="215" status="PASS">
          <params>
            <param index="0">
              <value>
                <![CDATA[[TestResult name=verifyRelatedProductsAreDisplayed status=SUCCESS method=ProductPageTest.verifyRelatedProductsAreDisplayed()[pri:0, instance:tests.ui.ProductPageTest@3b6ddd1d] output=ðŸŸ¢ Test Started: verifyRelatedProductsAreDisplayed (ðŸ”¢ Test Case ID: TC-063)]]]>
              </value>
            </param>
          </params>
          <reporter-output>
          </reporter-output>
        </test-method> <!-- tearDown -->
      </class> <!-- tests.ui.ProductPageTest -->
      <class name="tests.ui.HomePageTest">
        <test-method is-config="true" signature="setUp(org.testng.ITestResult,org.testng.ITestContext)[pri:0, instance:tests.ui.HomePageTest@22ef9844]" started-at="2025-03-18T13:07:54 EET" name="setUp" finished-at="2025-03-18T13:08:17 EET" duration-ms="22357" status="PASS">
          <params>
            <param index="0">
              <value>
                <![CDATA[[TestResult name={null} status=CREATED method=HomePageTest.verifyHeaderLinks()[pri:0, instance:tests.ui.HomePageTest@22ef9844] output={null}]]]>
              </value>
            </param>
            <param index="1">
              <value>
                <![CDATA[org.testng.TestRunner@79715834]]>
              </value>
            </param>
          </params>
          <reporter-output>
          </reporter-output>
        </test-method> <!-- setUp -->
        <test-method signature="verifyHeaderLinks()[pri:0, instance:tests.ui.HomePageTest@22ef9844]" started-at="2025-03-18T13:08:17 EET" name="verifyHeaderLinks" description="TC-342" finished-at="2025-03-18T13:08:38 EET" duration-ms="21077" status="PASS">
          <reporter-output>
            <line>
              <![CDATA[ðŸŸ¢ Test Started: verifyHeaderLinks (ðŸ”¢ Test Case ID: TC-342)]]>
            </line>
            <line>
              <![CDATA[
ðŸŒ Test Environment:
ðŸ–¥ï¸ OS: Windows 11 10.0
â˜• Java Version: 23.0.1
ðŸŒ Browser: chrome 134.0.6998.89
]]>
            </line>
            <line>
              <![CDATA[âœ… Test PASSED: verifyHeaderLinks (Duration: 21077ms)]]>
            </line>
            <line>
              <![CDATA[<br><img src='E:/Folder/Galal/Courses/Digital Egypt Pioneers Initiative (DEPI) - Software Testing/DEPI Software Tester Graduation Project/automation-framework/reports/screenshots\TC-342\TC-342_screenshot.png' height='300' width='400'/><br>]]>
            </line>
          </reporter-output>
        </test-method> <!-- verifyHeaderLinks -->
        <test-method is-config="true" signature="tearDown(org.testng.ITestResult)[pri:0, instance:tests.ui.HomePageTest@22ef9844]" started-at="2025-03-18T13:08:38 EET" name="tearDown" finished-at="2025-03-18T13:08:38 EET" duration-ms="151" status="PASS">
          <params>
            <param index="0">
              <value>
                <![CDATA[[TestResult name=verifyHeaderLinks status=SUCCESS method=HomePageTest.verifyHeaderLinks()[pri:0, instance:tests.ui.HomePageTest@22ef9844] output=ðŸŸ¢ Test Started: verifyHeaderLinks (ðŸ”¢ Test Case ID: TC-342)]]]>
              </value>
            </param>
          </params>
          <reporter-output>
          </reporter-output>
        </test-method> <!-- tearDown -->
        <test-method is-config="true" signature="setUp(org.testng.ITestResult,org.testng.ITestContext)[pri:0, instance:tests.ui.HomePageTest@22ef9844]" started-at="2025-03-18T13:08:38 EET" name="setUp" finished-at="2025-03-18T13:09:00 EET" duration-ms="21960" status="PASS">
          <params>
            <param index="0">
              <value>
                <![CDATA[[TestResult name={null} status=CREATED method=HomePageTest.verifyHomePageLoads()[pri:0, instance:tests.ui.HomePageTest@22ef9844] output={null}]]]>
              </value>
            </param>
            <param index="1">
              <value>
                <![CDATA[org.testng.TestRunner@79715834]]>
              </value>
            </param>
          </params>
          <reporter-output>
          </reporter-output>
        </test-method> <!-- setUp -->
        <test-method signature="verifyHomePageLoads()[pri:0, instance:tests.ui.HomePageTest@22ef9844]" started-at="2025-03-18T13:09:00 EET" name="verifyHomePageLoads" description="TC-001" finished-at="2025-03-18T13:09:01 EET" duration-ms="839" status="PASS">
          <reporter-output>
            <line>
              <![CDATA[ðŸŸ¢ Test Started: verifyHomePageLoads (ðŸ”¢ Test Case ID: TC-001)]]>
            </line>
            <line>
              <![CDATA[
ðŸŒ Test Environment:
ðŸ–¥ï¸ OS: Windows 11 10.0
â˜• Java Version: 23.0.1
ðŸŒ Browser: chrome 134.0.6998.89
]]>
            </line>
            <line>
              <![CDATA[âœ… Test PASSED: verifyHomePageLoads (Duration: 839ms)]]>
            </line>
            <line>
              <![CDATA[<br><img src='E:/Folder/Galal/Courses/Digital Egypt Pioneers Initiative (DEPI) - Software Testing/DEPI Software Tester Graduation Project/automation-framework/reports/screenshots\TC-001\TC-001_screenshot.png' height='300' width='400'/><br>]]>
            </line>
          </reporter-output>
        </test-method> <!-- verifyHomePageLoads -->
        <test-method is-config="true" signature="tearDown(org.testng.ITestResult)[pri:0, instance:tests.ui.HomePageTest@22ef9844]" started-at="2025-03-18T13:09:01 EET" name="tearDown" finished-at="2025-03-18T13:09:01 EET" duration-ms="148" status="PASS">
          <params>
            <param index="0">
              <value>
                <![CDATA[[TestResult name=verifyHomePageLoads status=SUCCESS method=HomePageTest.verifyHomePageLoads()[pri:0, instance:tests.ui.HomePageTest@22ef9844] output=ðŸŸ¢ Test Started: verifyHomePageLoads (ðŸ”¢ Test Case ID: TC-001)]]]>
              </value>
            </param>
          </params>
          <reporter-output>
          </reporter-output>
        </test-method> <!-- tearDown -->
      </class> <!-- tests.ui.HomePageTest -->
      <class name="tests.ui.PaymentsTest">
        <test-method is-config="true" signature="setUp(org.testng.ITestResult,org.testng.ITestContext)[pri:0, instance:tests.ui.PaymentsTest@6283d8b8]" started-at="2025-03-18T13:09:01 EET" name="setUp" finished-at="2025-03-18T13:09:27 EET" duration-ms="25985" status="PASS">
          <params>
            <param index="0">
              <value>
                <![CDATA[[TestResult name={null} status=CREATED method=PaymentsTest.verifyAvailablePaymentMethods()[pri:0, instance:tests.ui.PaymentsTest@6283d8b8] output={null}]]]>
              </value>
            </param>
            <param index="1">
              <value>
                <![CDATA[org.testng.TestRunner@79715834]]>
              </value>
            </param>
          </params>
          <reporter-output>
          </reporter-output>
        </test-method> <!-- setUp -->
        <test-method signature="verifyAvailablePaymentMethods()[pri:0, instance:tests.ui.PaymentsTest@6283d8b8]" started-at="2025-03-18T13:09:27 EET" name="verifyAvailablePaymentMethods" description="TC-083_TC-084" finished-at="2025-03-18T13:09:48 EET" duration-ms="20951" status="FAIL">
          <exception class="java.lang.AssertionError">
            <message>
              <![CDATA[Neither PayPal nor Cash On Delivery (COD) payment methods are available! Available methods: ]]>
            </message>
            <full-stacktrace>
              <![CDATA[java.lang.AssertionError: Neither PayPal nor Cash On Delivery (COD) payment methods are available! Available methods: 
at org.testng.Assert.fail(Assert.java:111)
at tests.ui.PaymentsTest.verifyAvailablePaymentMethods(PaymentsTest.java:316)
at java.base/jdk.internal.reflect.DirectMethodHandleAccessor.invoke(DirectMethodHandleAccessor.java:103)
at java.base/java.lang.reflect.Method.invoke(Method.java:580)
at org.testng.internal.invokers.MethodInvocationHelper.invokeMethod(MethodInvocationHelper.java:141)
at org.testng.internal.invokers.TestInvoker.invokeMethod(TestInvoker.java:687)
at org.testng.internal.invokers.TestInvoker.invokeTestMethod(TestInvoker.java:230)
at org.testng.internal.invokers.MethodRunner.runInSequence(MethodRunner.java:63)
at org.testng.internal.invokers.TestInvoker$MethodInvocationAgent.invoke(TestInvoker.java:995)
at org.testng.internal.invokers.TestInvoker.invokeTestMethods(TestInvoker.java:203)
at org.testng.internal.invokers.TestMethodWorker.invokeTestMethods(TestMethodWorker.java:154)
at org.testng.internal.invokers.TestMethodWorker.run(TestMethodWorker.java:134)
at java.base/java.util.ArrayList.forEach(ArrayList.java:1597)
at org.testng.TestRunner.privateRun(TestRunner.java:741)
at org.testng.TestRunner.run(TestRunner.java:616)
at org.testng.SuiteRunner.runTest(SuiteRunner.java:421)
at org.testng.SuiteRunner.runSequentially(SuiteRunner.java:413)
at org.testng.SuiteRunner.privateRun(SuiteRunner.java:373)
at org.testng.SuiteRunner.run(SuiteRunner.java:312)
at org.testng.SuiteRunnerWorker.runSuite(SuiteRunnerWorker.java:52)
at org.testng.SuiteRunnerWorker.run(SuiteRunnerWorker.java:95)
at org.testng.TestNG.runSuitesSequentially(TestNG.java:1274)
at org.testng.TestNG.runSuitesLocally(TestNG.java:1208)
at org.testng.TestNG.runSuites(TestNG.java:1112)
at org.testng.TestNG.run(TestNG.java:1079)
at org.apache.maven.surefire.testng.TestNGExecutor.run(TestNGExecutor.java:308)
at org.apache.maven.surefire.testng.TestNGXmlTestSuite.execute(TestNGXmlTestSuite.java:71)
at org.apache.maven.surefire.testng.TestNGProvider.invoke(TestNGProvider.java:113)
at org.apache.maven.surefire.booter.ForkedBooter.runSuitesInProcess(ForkedBooter.java:385)
at org.apache.maven.surefire.booter.ForkedBooter.execute(ForkedBooter.java:162)
at org.apache.maven.surefire.booter.ForkedBooter.run(ForkedBooter.java:507)
at org.apache.maven.surefire.booter.ForkedBooter.main(ForkedBooter.java:495)
]]>
            </full-stacktrace>
          </exception> <!-- java.lang.AssertionError -->
          <reporter-output>
            <line>
              <![CDATA[ðŸŸ¢ Test Started: verifyAvailablePaymentMethods (ðŸ”¢ Test Case ID: TC-083_TC-084)]]>
            </line>
            <line>
              <![CDATA[
ðŸŒ Test Environment:
ðŸ–¥ï¸ OS: Windows 11 10.0
â˜• Java Version: 23.0.1
ðŸŒ Browser: chrome 134.0.6998.89
]]>
            </line>
            <line>
              <![CDATA[âŒ Test FAILED: verifyAvailablePaymentMethods - Neither PayPal nor Cash On Delivery (COD) payment methods are available! Available methods: ]]>
            </line>
            <line>
              <![CDATA[<br><img src='E:/Folder/Galal/Courses/Digital Egypt Pioneers Initiative (DEPI) - Software Testing/DEPI Software Tester Graduation Project/automation-framework/reports/screenshots\TC-083_TC-084\TC-083_TC-084_screenshot.png' height='300' width='400'/><br>]]>
            </line>
          </reporter-output>
        </test-method> <!-- verifyAvailablePaymentMethods -->
        <test-method is-config="true" signature="tearDown(org.testng.ITestResult)[pri:0, instance:tests.ui.PaymentsTest@6283d8b8]" started-at="2025-03-18T13:09:48 EET" name="tearDown" finished-at="2025-03-18T13:09:49 EET" duration-ms="175" status="PASS">
          <params>
            <param index="0">
              <value>
                <![CDATA[[TestResult name=verifyAvailablePaymentMethods status=FAILURE method=PaymentsTest.verifyAvailablePaymentMethods()[pri:0, instance:tests.ui.PaymentsTest@6283d8b8] output=ðŸŸ¢ Test Started: verifyAvailablePaymentMethods (ðŸ”¢ Test Case ID: TC-083_TC-084)]]]>
              </value>
            </param>
          </params>
          <reporter-output>
          </reporter-output>
        </test-method> <!-- tearDown -->
        <test-method is-config="true" signature="setUp(org.testng.ITestResult,org.testng.ITestContext)[pri:0, instance:tests.ui.PaymentsTest@6283d8b8]" started-at="2025-03-18T13:09:49 EET" name="setUp" finished-at="2025-03-18T13:10:11 EET" duration-ms="22429" status="PASS">
          <params>
            <param index="0">
              <value>
                <![CDATA[[TestResult name={null} status=CREATED method=PaymentsTest.verifyDuplicatePaymentPrevention()[pri:0, instance:tests.ui.PaymentsTest@6283d8b8] output={null}]]]>
              </value>
            </param>
            <param index="1">
              <value>
                <![CDATA[org.testng.TestRunner@79715834]]>
              </value>
            </param>
          </params>
          <reporter-output>
          </reporter-output>
        </test-method> <!-- setUp -->
        <test-method signature="verifyDuplicatePaymentPrevention()[pri:0, instance:tests.ui.PaymentsTest@6283d8b8]" started-at="2025-03-18T13:10:11 EET" name="verifyDuplicatePaymentPrevention" description="TC-088" finished-at="2025-03-18T13:10:38 EET" duration-ms="26993" status="FAIL">
          <exception class="java.lang.AssertionError">
            <message>
              <![CDATA[Duplicate payment request should have been blocked!]]>
            </message>
            <full-stacktrace>
              <![CDATA[java.lang.AssertionError: Duplicate payment request should have been blocked!
at org.testng.Assert.fail(Assert.java:111)
at tests.ui.PaymentsTest.verifyDuplicatePaymentPrevention(PaymentsTest.java:443)
at java.base/jdk.internal.reflect.DirectMethodHandleAccessor.invoke(DirectMethodHandleAccessor.java:103)
at java.base/java.lang.reflect.Method.invoke(Method.java:580)
at org.testng.internal.invokers.MethodInvocationHelper.invokeMethod(MethodInvocationHelper.java:141)
at org.testng.internal.invokers.TestInvoker.invokeMethod(TestInvoker.java:687)
at org.testng.internal.invokers.TestInvoker.invokeTestMethod(TestInvoker.java:230)
at org.testng.internal.invokers.MethodRunner.runInSequence(MethodRunner.java:63)
at org.testng.internal.invokers.TestInvoker$MethodInvocationAgent.invoke(TestInvoker.java:995)
at org.testng.internal.invokers.TestInvoker.invokeTestMethods(TestInvoker.java:203)
at org.testng.internal.invokers.TestMethodWorker.invokeTestMethods(TestMethodWorker.java:154)
at org.testng.internal.invokers.TestMethodWorker.run(TestMethodWorker.java:134)
at java.base/java.util.ArrayList.forEach(ArrayList.java:1597)
at org.testng.TestRunner.privateRun(TestRunner.java:741)
at org.testng.TestRunner.run(TestRunner.java:616)
at org.testng.SuiteRunner.runTest(SuiteRunner.java:421)
at org.testng.SuiteRunner.runSequentially(SuiteRunner.java:413)
at org.testng.SuiteRunner.privateRun(SuiteRunner.java:373)
at org.testng.SuiteRunner.run(SuiteRunner.java:312)
at org.testng.SuiteRunnerWorker.runSuite(SuiteRunnerWorker.java:52)
at org.testng.SuiteRunnerWorker.run(SuiteRunnerWorker.java:95)
at org.testng.TestNG.runSuitesSequentially(TestNG.java:1274)
at org.testng.TestNG.runSuitesLocally(TestNG.java:1208)
at org.testng.TestNG.runSuites(TestNG.java:1112)
at org.testng.TestNG.run(TestNG.java:1079)
at org.apache.maven.surefire.testng.TestNGExecutor.run(TestNGExecutor.java:308)
at org.apache.maven.surefire.testng.TestNGXmlTestSuite.execute(TestNGXmlTestSuite.java:71)
at org.apache.maven.surefire.testng.TestNGProvider.invoke(TestNGProvider.java:113)
at org.apache.maven.surefire.booter.ForkedBooter.runSuitesInProcess(ForkedBooter.java:385)
at org.apache.maven.surefire.booter.ForkedBooter.execute(ForkedBooter.java:162)
at org.apache.maven.surefire.booter.ForkedBooter.run(ForkedBooter.java:507)
at org.apache.maven.surefire.booter.ForkedBooter.main(ForkedBooter.java:495)
]]>
            </full-stacktrace>
          </exception> <!-- java.lang.AssertionError -->
          <reporter-output>
            <line>
              <![CDATA[ðŸŸ¢ Test Started: verifyDuplicatePaymentPrevention (ðŸ”¢ Test Case ID: TC-088)]]>
            </line>
            <line>
              <![CDATA[
ðŸŒ Test Environment:
ðŸ–¥ï¸ OS: Windows 11 10.0
â˜• Java Version: 23.0.1
ðŸŒ Browser: chrome 134.0.6998.89
]]>
            </line>
            <line>
              <![CDATA[âŒ Test FAILED: verifyDuplicatePaymentPrevention - Duplicate payment request should have been blocked!]]>
            </line>
            <line>
              <![CDATA[<br><img src='E:/Folder/Galal/Courses/Digital Egypt Pioneers Initiative (DEPI) - Software Testing/DEPI Software Tester Graduation Project/automation-framework/reports/screenshots\TC-088\TC-088_screenshot.png' height='300' width='400'/><br>]]>
            </line>
          </reporter-output>
        </test-method> <!-- verifyDuplicatePaymentPrevention -->
        <test-method is-config="true" signature="tearDown(org.testng.ITestResult)[pri:0, instance:tests.ui.PaymentsTest@6283d8b8]" started-at="2025-03-18T13:10:38 EET" name="tearDown" finished-at="2025-03-18T13:10:38 EET" duration-ms="170" status="PASS">
          <params>
            <param index="0">
              <value>
                <![CDATA[[TestResult name=verifyDuplicatePaymentPrevention status=FAILURE method=PaymentsTest.verifyDuplicatePaymentPrevention()[pri:0, instance:tests.ui.PaymentsTest@6283d8b8] output=ðŸŸ¢ Test Started: verifyDuplicatePaymentPrevention (ðŸ”¢ Test Case ID: TC-088)]]]>
              </value>
            </param>
          </params>
          <reporter-output>
          </reporter-output>
        </test-method> <!-- tearDown -->
        <test-method is-config="true" signature="setUp(org.testng.ITestResult,org.testng.ITestContext)[pri:0, instance:tests.ui.PaymentsTest@6283d8b8]" started-at="2025-03-18T13:10:38 EET" name="setUp" finished-at="2025-03-18T13:11:01 EET" duration-ms="22346" status="PASS">
          <params>
            <param index="0">
              <value>
                <![CDATA[[TestResult name={null} status=CREATED method=PaymentsTest.verifyExpiredPaymentMethod()[pri:0, instance:tests.ui.PaymentsTest@6283d8b8] output={null}]]]>
              </value>
            </param>
            <param index="1">
              <value>
                <![CDATA[org.testng.TestRunner@79715834]]>
              </value>
            </param>
          </params>
          <reporter-output>
          </reporter-output>
        </test-method> <!-- setUp -->
        <test-method signature="verifyExpiredPaymentMethod()[pri:0, instance:tests.ui.PaymentsTest@6283d8b8]" started-at="2025-03-18T13:11:01 EET" name="verifyExpiredPaymentMethod" description="TC-012" finished-at="2025-03-18T13:11:28 EET" duration-ms="27167" status="PASS">
          <reporter-output>
            <line>
              <![CDATA[ðŸŸ¢ Test Started: verifyExpiredPaymentMethod (ðŸ”¢ Test Case ID: TC-012)]]>
            </line>
            <line>
              <![CDATA[
ðŸŒ Test Environment:
ðŸ–¥ï¸ OS: Windows 11 10.0
â˜• Java Version: 23.0.1
ðŸŒ Browser: chrome 134.0.6998.89
]]>
            </line>
            <line>
              <![CDATA[âœ… Test PASSED: verifyExpiredPaymentMethod (Duration: 27167ms)]]>
            </line>
            <line>
              <![CDATA[<br><img src='E:/Folder/Galal/Courses/Digital Egypt Pioneers Initiative (DEPI) - Software Testing/DEPI Software Tester Graduation Project/automation-framework/reports/screenshots\TC-012\TC-012_screenshot.png' height='300' width='400'/><br>]]>
            </line>
          </reporter-output>
        </test-method> <!-- verifyExpiredPaymentMethod -->
        <test-method is-config="true" signature="tearDown(org.testng.ITestResult)[pri:0, instance:tests.ui.PaymentsTest@6283d8b8]" started-at="2025-03-18T13:11:28 EET" name="tearDown" finished-at="2025-03-18T13:11:28 EET" duration-ms="342" status="PASS">
          <params>
            <param index="0">
              <value>
                <![CDATA[[TestResult name=verifyExpiredPaymentMethod status=SUCCESS method=PaymentsTest.verifyExpiredPaymentMethod()[pri:0, instance:tests.ui.PaymentsTest@6283d8b8] output=ðŸŸ¢ Test Started: verifyExpiredPaymentMethod (ðŸ”¢ Test Case ID: TC-012)]]]>
              </value>
            </param>
          </params>
          <reporter-output>
          </reporter-output>
        </test-method> <!-- tearDown -->
        <test-method is-config="true" signature="setUp(org.testng.ITestResult,org.testng.ITestContext)[pri:0, instance:tests.ui.PaymentsTest@6283d8b8]" started-at="2025-03-18T13:11:28 EET" name="setUp" finished-at="2025-03-18T13:11:51 EET" duration-ms="22388" status="PASS">
          <params>
            <param index="0">
              <value>
                <![CDATA[[TestResult name={null} status=CREATED method=PaymentsTest.verifyPaymentFailsWithInsufficientFunds()[pri:0, instance:tests.ui.PaymentsTest@6283d8b8] output={null}]]]>
              </value>
            </param>
            <param index="1">
              <value>
                <![CDATA[org.testng.TestRunner@79715834]]>
              </value>
            </param>
          </params>
          <reporter-output>
          </reporter-output>
        </test-method> <!-- setUp -->
        <test-method signature="verifyPaymentFailsWithInsufficientFunds()[pri:0, instance:tests.ui.PaymentsTest@6283d8b8]" started-at="2025-03-18T13:11:51 EET" name="verifyPaymentFailsWithInsufficientFunds" description="TC-095" finished-at="2025-03-18T13:12:50 EET" duration-ms="58794" status="FAIL">
          <exception class="java.lang.AssertionError">
            <message>
              <![CDATA[Transaction should have been declined due to insufficient funds, but it was processed successfully.]]>
            </message>
            <full-stacktrace>
              <![CDATA[java.lang.AssertionError: Transaction should have been declined due to insufficient funds, but it was processed successfully.
at org.testng.Assert.fail(Assert.java:111)
at tests.ui.PaymentsTest.verifyPaymentFailsWithInsufficientFunds(PaymentsTest.java:558)
at java.base/jdk.internal.reflect.DirectMethodHandleAccessor.invoke(DirectMethodHandleAccessor.java:103)
at java.base/java.lang.reflect.Method.invoke(Method.java:580)
at org.testng.internal.invokers.MethodInvocationHelper.invokeMethod(MethodInvocationHelper.java:141)
at org.testng.internal.invokers.TestInvoker.invokeMethod(TestInvoker.java:687)
at org.testng.internal.invokers.TestInvoker.invokeTestMethod(TestInvoker.java:230)
at org.testng.internal.invokers.MethodRunner.runInSequence(MethodRunner.java:63)
at org.testng.internal.invokers.TestInvoker$MethodInvocationAgent.invoke(TestInvoker.java:995)
at org.testng.internal.invokers.TestInvoker.invokeTestMethods(TestInvoker.java:203)
at org.testng.internal.invokers.TestMethodWorker.invokeTestMethods(TestMethodWorker.java:154)
at org.testng.internal.invokers.TestMethodWorker.run(TestMethodWorker.java:134)
at java.base/java.util.ArrayList.forEach(ArrayList.java:1597)
at org.testng.TestRunner.privateRun(TestRunner.java:741)
at org.testng.TestRunner.run(TestRunner.java:616)
at org.testng.SuiteRunner.runTest(SuiteRunner.java:421)
at org.testng.SuiteRunner.runSequentially(SuiteRunner.java:413)
at org.testng.SuiteRunner.privateRun(SuiteRunner.java:373)
at org.testng.SuiteRunner.run(SuiteRunner.java:312)
at org.testng.SuiteRunnerWorker.runSuite(SuiteRunnerWorker.java:52)
at org.testng.SuiteRunnerWorker.run(SuiteRunnerWorker.java:95)
at org.testng.TestNG.runSuitesSequentially(TestNG.java:1274)
at org.testng.TestNG.runSuitesLocally(TestNG.java:1208)
at org.testng.TestNG.runSuites(TestNG.java:1112)
at org.testng.TestNG.run(TestNG.java:1079)
at org.apache.maven.surefire.testng.TestNGExecutor.run(TestNGExecutor.java:308)
at org.apache.maven.surefire.testng.TestNGXmlTestSuite.execute(TestNGXmlTestSuite.java:71)
at org.apache.maven.surefire.testng.TestNGProvider.invoke(TestNGProvider.java:113)
at org.apache.maven.surefire.booter.ForkedBooter.runSuitesInProcess(ForkedBooter.java:385)
at org.apache.maven.surefire.booter.ForkedBooter.execute(ForkedBooter.java:162)
at org.apache.maven.surefire.booter.ForkedBooter.run(ForkedBooter.java:507)
at org.apache.maven.surefire.booter.ForkedBooter.main(ForkedBooter.java:495)
]]>
            </full-stacktrace>
          </exception> <!-- java.lang.AssertionError -->
          <reporter-output>
            <line>
              <![CDATA[ðŸŸ¢ Test Started: verifyPaymentFailsWithInsufficientFunds (ðŸ”¢ Test Case ID: TC-095)]]>
            </line>
            <line>
              <![CDATA[
ðŸŒ Test Environment:
ðŸ–¥ï¸ OS: Windows 11 10.0
â˜• Java Version: 23.0.1
ðŸŒ Browser: chrome 134.0.6998.89
]]>
            </line>
            <line>
              <![CDATA[âŒ Test FAILED: verifyPaymentFailsWithInsufficientFunds - Transaction should have been declined due to insufficient funds, but it was processed successfully.]]>
            </line>
            <line>
              <![CDATA[<br><img src='E:/Folder/Galal/Courses/Digital Egypt Pioneers Initiative (DEPI) - Software Testing/DEPI Software Tester Graduation Project/automation-framework/reports/screenshots\TC-095\TC-095_screenshot.png' height='300' width='400'/><br>]]>
            </line>
          </reporter-output>
        </test-method> <!-- verifyPaymentFailsWithInsufficientFunds -->
        <test-method is-config="true" signature="tearDown(org.testng.ITestResult)[pri:0, instance:tests.ui.PaymentsTest@6283d8b8]" started-at="2025-03-18T13:12:50 EET" name="tearDown" finished-at="2025-03-18T13:12:50 EET" duration-ms="219" status="PASS">
          <params>
            <param index="0">
              <value>
                <![CDATA[[TestResult name=verifyPaymentFailsWithInsufficientFunds status=FAILURE method=PaymentsTest.verifyPaymentFailsWithInsufficientFunds()[pri:0, instance:tests.ui.PaymentsTest@6283d8b8] output=ðŸŸ¢ Test Started: verifyPaymentFailsWithInsufficientFunds (ðŸ”¢ Test Case ID: TC-095)]]]>
              </value>
            </param>
          </params>
          <reporter-output>
          </reporter-output>
        </test-method> <!-- tearDown -->
        <test-method is-config="true" signature="setUp(org.testng.ITestResult,org.testng.ITestContext)[pri:0, instance:tests.ui.PaymentsTest@6283d8b8]" started-at="2025-03-18T13:12:50 EET" name="setUp" finished-at="2025-03-18T13:13:12 EET" duration-ms="22122" status="PASS">
          <params>
            <param index="0">
              <value>
                <![CDATA[[TestResult name={null} status=CREATED method=PaymentsTest.verifyPaymentViaCreditCard()[pri:0, instance:tests.ui.PaymentsTest@6283d8b8] output={null}]]]>
              </value>
            </param>
            <param index="1">
              <value>
                <![CDATA[org.testng.TestRunner@79715834]]>
              </value>
            </param>
          </params>
          <reporter-output>
          </reporter-output>
        </test-method> <!-- setUp -->
        <test-method signature="verifyPaymentViaCreditCard()[pri:0, instance:tests.ui.PaymentsTest@6283d8b8]" started-at="2025-03-18T13:13:12 EET" name="verifyPaymentViaCreditCard" description="TC-082" finished-at="2025-03-18T13:13:45 EET" duration-ms="32959" status="PASS">
          <reporter-output>
            <line>
              <![CDATA[ðŸŸ¢ Test Started: verifyPaymentViaCreditCard (ðŸ”¢ Test Case ID: TC-082)]]>
            </line>
            <line>
              <![CDATA[
ðŸŒ Test Environment:
ðŸ–¥ï¸ OS: Windows 11 10.0
â˜• Java Version: 23.0.1
ðŸŒ Browser: chrome 134.0.6998.89
]]>
            </line>
            <line>
              <![CDATA[âœ… Test PASSED: verifyPaymentViaCreditCard (Duration: 32959ms)]]>
            </line>
            <line>
              <![CDATA[<br><img src='E:/Folder/Galal/Courses/Digital Egypt Pioneers Initiative (DEPI) - Software Testing/DEPI Software Tester Graduation Project/automation-framework/reports/screenshots\TC-082\TC-082_screenshot.png' height='300' width='400'/><br>]]>
            </line>
          </reporter-output>
        </test-method> <!-- verifyPaymentViaCreditCard -->
        <test-method is-config="true" signature="tearDown(org.testng.ITestResult)[pri:0, instance:tests.ui.PaymentsTest@6283d8b8]" started-at="2025-03-18T13:13:45 EET" name="tearDown" finished-at="2025-03-18T13:13:45 EET" duration-ms="186" status="PASS">
          <params>
            <param index="0">
              <value>
                <![CDATA[[TestResult name=verifyPaymentViaCreditCard status=SUCCESS method=PaymentsTest.verifyPaymentViaCreditCard()[pri:0, instance:tests.ui.PaymentsTest@6283d8b8] output=ðŸŸ¢ Test Started: verifyPaymentViaCreditCard (ðŸ”¢ Test Case ID: TC-082)]]]>
              </value>
            </param>
          </params>
          <reporter-output>
          </reporter-output>
        </test-method> <!-- tearDown -->
      </class> <!-- tests.ui.PaymentsTest -->
    </test> <!-- EcomUIRegressionTest -->
  </suite> <!-- EcomFunctionalTestSuite -->
</testng-results>
