<?xml version="1.0" encoding="UTF-8"?>
<testsuite xmlns:xsi="http://www.w3.org/2001/XMLSchema-instance" xsi:noNamespaceSchemaLocation="https://maven.apache.org/surefire/maven-surefire-plugin/xsd/surefire-test-report.xsd" version="3.0.2" name="TestSuite" time="1376.727" tests="31" errors="0" skipped="0" failures="3">
  <properties>
    <property name="java.specification.version" value="23"/>
    <property name="webdriver.chrome.driver" value="C:\Users\Mohamed-Galal\.cache\selenium\chromedriver\win64\134.0.6998.88\chromedriver.exe"/>
    <property name="sun.cpu.isalist" value="amd64"/>
    <property name="sun.jnu.encoding" value="Cp1252"/>
    <property name="java.class.path" value="E:\Folder\Galal\Courses\Digital Egypt Pioneers Initiative (DEPI) - Software Testing\DEPI Software Tester Graduation Project\automation-framework\target\test-classes;E:\Folder\Galal\Courses\Digital Egypt Pioneers Initiative (DEPI) - Software Testing\DEPI Software Tester Graduation Project\automation-framework\target\classes;C:\Users\Mohamed-Galal\.m2\repository\org\seleniumhq\selenium\selenium-java\4.29.0\selenium-java-4.29.0.jar;C:\Users\Mohamed-Galal\.m2\repository\org\seleniumhq\selenium\selenium-api\4.29.0\selenium-api-4.29.0.jar;C:\Users\Mohamed-Galal\.m2\repository\org\seleniumhq\selenium\selenium-chrome-driver\4.29.0\selenium-chrome-driver-4.29.0.jar;C:\Users\Mohamed-Galal\.m2\repository\com\google\auto\service\auto-service-annotations\1.1.1\auto-service-annotations-1.1.1.jar;C:\Users\Mohamed-Galal\.m2\repository\org\seleniumhq\selenium\selenium-chromium-driver\4.29.0\selenium-chromium-driver-4.29.0.jar;C:\Users\Mohamed-Galal\.m2\repository\org\seleniumhq\selenium\selenium-json\4.29.0\selenium-json-4.29.0.jar;C:\Users\Mohamed-Galal\.m2\repository\org\seleniumhq\selenium\selenium-manager\4.29.0\selenium-manager-4.29.0.jar;C:\Users\Mohamed-Galal\.m2\repository\org\seleniumhq\selenium\selenium-devtools-v131\4.29.0\selenium-devtools-v131-4.29.0.jar;C:\Users\Mohamed-Galal\.m2\repository\org\seleniumhq\selenium\selenium-devtools-v132\4.29.0\selenium-devtools-v132-4.29.0.jar;C:\Users\Mohamed-Galal\.m2\repository\org\seleniumhq\selenium\selenium-devtools-v133\4.29.0\selenium-devtools-v133-4.29.0.jar;C:\Users\Mohamed-Galal\.m2\repository\org\seleniumhq\selenium\selenium-devtools-v85\4.29.0\selenium-devtools-v85-4.29.0.jar;C:\Users\Mohamed-Galal\.m2\repository\org\seleniumhq\selenium\selenium-edge-driver\4.29.0\selenium-edge-driver-4.29.0.jar;C:\Users\Mohamed-Galal\.m2\repository\org\seleniumhq\selenium\selenium-firefox-driver\4.29.0\selenium-firefox-driver-4.29.0.jar;C:\Users\Mohamed-Galal\.m2\repository\org\seleniumhq\selenium\selenium-http\4.29.0\selenium-http-4.29.0.jar;C:\Users\Mohamed-Galal\.m2\repository\org\seleniumhq\selenium\selenium-ie-driver\4.29.0\selenium-ie-driver-4.29.0.jar;C:\Users\Mohamed-Galal\.m2\repository\org\seleniumhq\selenium\selenium-remote-driver\4.29.0\selenium-remote-driver-4.29.0.jar;C:\Users\Mohamed-Galal\.m2\repository\io\opentelemetry\semconv\opentelemetry-semconv\1.28.0-alpha\opentelemetry-semconv-1.28.0-alpha.jar;C:\Users\Mohamed-Galal\.m2\repository\io\opentelemetry\opentelemetry-api\1.46.0\opentelemetry-api-1.46.0.jar;C:\Users\Mohamed-Galal\.m2\repository\io\opentelemetry\opentelemetry-context\1.46.0\opentelemetry-context-1.46.0.jar;C:\Users\Mohamed-Galal\.m2\repository\io\opentelemetry\opentelemetry-exporter-logging\1.46.0\opentelemetry-exporter-logging-1.46.0.jar;C:\Users\Mohamed-Galal\.m2\repository\io\opentelemetry\opentelemetry-sdk-common\1.46.0\opentelemetry-sdk-common-1.46.0.jar;C:\Users\Mohamed-Galal\.m2\repository\io\opentelemetry\opentelemetry-sdk-extension-autoconfigure-spi\1.46.0\opentelemetry-sdk-extension-autoconfigure-spi-1.46.0.jar;C:\Users\Mohamed-Galal\.m2\repository\io\opentelemetry\opentelemetry-sdk-extension-autoconfigure\1.46.0\opentelemetry-sdk-extension-autoconfigure-1.46.0.jar;C:\Users\Mohamed-Galal\.m2\repository\io\opentelemetry\opentelemetry-api-incubator\1.46.0-alpha\opentelemetry-api-incubator-1.46.0-alpha.jar;C:\Users\Mohamed-Galal\.m2\repository\io\opentelemetry\opentelemetry-sdk-trace\1.46.0\opentelemetry-sdk-trace-1.46.0.jar;C:\Users\Mohamed-Galal\.m2\repository\io\opentelemetry\opentelemetry-sdk\1.46.0\opentelemetry-sdk-1.46.0.jar;C:\Users\Mohamed-Galal\.m2\repository\io\opentelemetry\opentelemetry-sdk-metrics\1.46.0\opentelemetry-sdk-metrics-1.46.0.jar;C:\Users\Mohamed-Galal\.m2\repository\io\opentelemetry\opentelemetry-sdk-logs\1.46.0\opentelemetry-sdk-logs-1.46.0.jar;C:\Users\Mohamed-Galal\.m2\repository\net\bytebuddy\byte-buddy\1.15.11\byte-buddy-1.15.11.jar;C:\Users\Mohamed-Galal\.m2\repository\org\seleniumhq\selenium\selenium-os\4.29.0\selenium-os-4.29.0.jar;C:\Users\Mohamed-Galal\.m2\repository\org\apache\commons\commons-exec\1.4.0\commons-exec-1.4.0.jar;C:\Users\Mohamed-Galal\.m2\repository\org\seleniumhq\selenium\selenium-safari-driver\4.29.0\selenium-safari-driver-4.29.0.jar;C:\Users\Mohamed-Galal\.m2\repository\org\seleniumhq\selenium\selenium-support\4.29.0\selenium-support-4.29.0.jar;C:\Users\Mohamed-Galal\.m2\repository\io\github\bonigarcia\webdrivermanager\5.5.3\webdrivermanager-5.5.3.jar;C:\Users\Mohamed-Galal\.m2\repository\org\slf4j\slf4j-api\2.0.7\slf4j-api-2.0.7.jar;C:\Users\Mohamed-Galal\.m2\repository\com\google\code\gson\gson\2.10.1\gson-2.10.1.jar;C:\Users\Mohamed-Galal\.m2\repository\com\github\docker-java\docker-java\3.3.3\docker-java-3.3.3.jar;C:\Users\Mohamed-Galal\.m2\repository\com\github\docker-java\docker-java-core\3.3.3\docker-java-core-3.3.3.jar;C:\Users\Mohamed-Galal\.m2\repository\com\github\docker-java\docker-java-api\3.3.3\docker-java-api-3.3.3.jar;C:\Users\Mohamed-Galal\.m2\repository\com\fasterxml\jackson\core\jackson-annotations\2.10.3\jackson-annotations-2.10.3.jar;C:\Users\Mohamed-Galal\.m2\repository\org\apache\commons\commons-compress\1.21\commons-compress-1.21.jar;C:\Users\Mohamed-Galal\.m2\repository\com\fasterxml\jackson\core\jackson-databind\2.10.3\jackson-databind-2.10.3.jar;C:\Users\Mohamed-Galal\.m2\repository\com\fasterxml\jackson\core\jackson-core\2.10.3\jackson-core-2.10.3.jar;C:\Users\Mohamed-Galal\.m2\repository\org\bouncycastle\bcpkix-jdk18on\1.75\bcpkix-jdk18on-1.75.jar;C:\Users\Mohamed-Galal\.m2\repository\org\bouncycastle\bcprov-jdk18on\1.75\bcprov-jdk18on-1.75.jar;C:\Users\Mohamed-Galal\.m2\repository\org\bouncycastle\bcutil-jdk18on\1.75\bcutil-jdk18on-1.75.jar;C:\Users\Mohamed-Galal\.m2\repository\org\slf4j\jcl-over-slf4j\1.7.30\jcl-over-slf4j-1.7.30.jar;C:\Users\Mohamed-Galal\.m2\repository\com\github\docker-java\docker-java-transport-httpclient5\3.3.3\docker-java-transport-httpclient5-3.3.3.jar;C:\Users\Mohamed-Galal\.m2\repository\com\github\docker-java\docker-java-transport\3.3.3\docker-java-transport-3.3.3.jar;C:\Users\Mohamed-Galal\.m2\repository\net\java\dev\jna\jna\5.12.1\jna-5.12.1.jar;C:\Users\Mohamed-Galal\.m2\repository\org\brotli\dec\0.1.2\dec-0.1.2.jar;C:\Users\Mohamed-Galal\.m2\repository\org\apache\commons\commons-lang3\3.13.0\commons-lang3-3.13.0.jar;C:\Users\Mohamed-Galal\.m2\repository\org\testng\testng\7.11.0\testng-7.11.0.jar;C:\Users\Mohamed-Galal\.m2\repository\org\jcommander\jcommander\1.83\jcommander-1.83.jar;C:\Users\Mohamed-Galal\.m2\repository\org\webjars\jquery\3.7.1\jquery-3.7.1.jar;C:\Users\Mohamed-Galal\.m2\repository\io\rest-assured\rest-assured\5.4.0\rest-assured-5.4.0.jar;C:\Users\Mohamed-Galal\.m2\repository\org\apache\groovy\groovy\4.0.16\groovy-4.0.16.jar;C:\Users\Mohamed-Galal\.m2\repository\org\apache\groovy\groovy-xml\4.0.16\groovy-xml-4.0.16.jar;C:\Users\Mohamed-Galal\.m2\repository\org\apache\httpcomponents\httpclient\4.5.13\httpclient-4.5.13.jar;C:\Users\Mohamed-Galal\.m2\repository\org\apache\httpcomponents\httpcore\4.4.13\httpcore-4.4.13.jar;C:\Users\Mohamed-Galal\.m2\repository\commons-logging\commons-logging\1.2\commons-logging-1.2.jar;C:\Users\Mohamed-Galal\.m2\repository\commons-codec\commons-codec\1.11\commons-codec-1.11.jar;C:\Users\Mohamed-Galal\.m2\repository\org\apache\httpcomponents\httpmime\4.5.13\httpmime-4.5.13.jar;C:\Users\Mohamed-Galal\.m2\repository\org\hamcrest\hamcrest\2.2\hamcrest-2.2.jar;C:\Users\Mohamed-Galal\.m2\repository\org\ccil\cowan\tagsoup\tagsoup\1.2.1\tagsoup-1.2.1.jar;C:\Users\Mohamed-Galal\.m2\repository\io\rest-assured\json-path\5.4.0\json-path-5.4.0.jar;C:\Users\Mohamed-Galal\.m2\repository\org\apache\groovy\groovy-json\4.0.16\groovy-json-4.0.16.jar;C:\Users\Mohamed-Galal\.m2\repository\io\rest-assured\rest-assured-common\5.4.0\rest-assured-common-5.4.0.jar;C:\Users\Mohamed-Galal\.m2\repository\io\rest-assured\xml-path\5.4.0\xml-path-5.4.0.jar;C:\Users\Mohamed-Galal\.m2\repository\kg\apc\jmeter-plugins-cmn-jmeter\0.6\jmeter-plugins-cmn-jmeter-0.6.jar;C:\Users\Mohamed-Galal\.m2\repository\org\apache\logging\log4j\log4j-slf4j-impl\2.8.2\log4j-slf4j-impl-2.8.2.jar;C:\Users\Mohamed-Galal\.m2\repository\org\apache\jmeter\jorphan\2.13\jorphan-2.13.jar;C:\Users\Mohamed-Galal\.m2\repository\bsf\bsf\2.4.0\bsf-2.4.0.jar;C:\Users\Mohamed-Galal\.m2\repository\avalon-framework\avalon-framework\4.1.4\avalon-framework-4.1.4.jar;C:\Users\Mohamed-Galal\.m2\repository\org\beanshell\bsh\2.0b5\bsh-2.0b5.jar;C:\Users\Mohamed-Galal\.m2\repository\org\bouncycastle\bcmail-jdk15on\1.49\bcmail-jdk15on-1.49.jar;C:\Users\Mohamed-Galal\.m2\repository\org\bouncycastle\bcprov-jdk15on\1.49\bcprov-jdk15on-1.49.jar;C:\Users\Mohamed-Galal\.m2\repository\org\bouncycastle\bcpkix-jdk15on\1.49\bcpkix-jdk15on-1.49.jar;C:\Users\Mohamed-Galal\.m2\repository\commons-collections\commons-collections\3.2.1\commons-collections-3.2.1.jar;C:\Users\Mohamed-Galal\.m2\repository\commons-httpclient\commons-httpclient\3.1\commons-httpclient-3.1.jar;C:\Users\Mohamed-Galal\.m2\repository\commons-jexl\commons-jexl\1.1\commons-jexl-1.1.jar;C:\Users\Mohamed-Galal\.m2\repository\org\apache\commons\commons-jexl\2.1.1\commons-jexl-2.1.1.jar;C:\Users\Mohamed-Galal\.m2\repository\commons-net\commons-net\3.3\commons-net-3.3.jar;C:\Users\Mohamed-Galal\.m2\repository\dnsjava\dnsjava\2.1.7\dnsjava-2.1.7.jar;C:\Users\Mohamed-Galal\.m2\repository\excalibur-datasource\excalibur-datasource\2.1\excalibur-datasource-2.1.jar;C:\Users\Mohamed-Galal\.m2\repository\hsqldb\hsqldb\1.8.0.1\hsqldb-1.8.0.1.jar;C:\Users\Mohamed-Galal\.m2\repository\avalon-framework\avalon-framework-api\4.3\avalon-framework-api-4.3.jar;C:\Users\Mohamed-Galal\.m2\repository\avalon-framework\avalon-framework-impl\4.3\avalon-framework-impl-4.3.jar;C:\Users\Mohamed-Galal\.m2\repository\xml-apis\xmlParserAPIs\2.0.2\xmlParserAPIs-2.0.2.jar;C:\Users\Mohamed-Galal\.m2\repository\log4j\log4j\1.2.11\log4j-1.2.11.jar;C:\Users\Mohamed-Galal\.m2\repository\jmock\jmock\1.0.1\jmock-1.0.1.jar;C:\Users\Mohamed-Galal\.m2\repository\avalon-logkit\avalon-logkit\2.1\avalon-logkit-2.1.jar;C:\Users\Mohamed-Galal\.m2\repository\javax\servlet\servlet-api\2.3\servlet-api-2.3.jar;C:\Users\Mohamed-Galal\.m2\repository\geronimo-spec\geronimo-spec-javamail\1.3.1-rc3\geronimo-spec-javamail-1.3.1-rc3.jar;C:\Users\Mohamed-Galal\.m2\repository\geronimo-spec\geronimo-spec-jms\1.1-rc4\geronimo-spec-jms-1.1-rc4.jar;C:\Users\Mohamed-Galal\.m2\repository\excalibur-instrument\excalibur-instrument-api\2.1\excalibur-instrument-api-2.1.jar;C:\Users\Mohamed-Galal\.m2\repository\concurrent\concurrent\1.3.4\concurrent-1.3.4.jar;C:\Users\Mohamed-Galal\.m2\repository\excalibur-component\excalibur-testcase\2.1\excalibur-testcase-2.1.jar;C:\Users\Mohamed-Galal\.m2\repository\excalibur-component\excalibur-component\2.1\excalibur-component-2.1.jar;C:\Users\Mohamed-Galal\.m2\repository\excalibur-instrument\excalibur-instrument-mgr-api\2.1\excalibur-instrument-mgr-api-2.1.jar;C:\Users\Mohamed-Galal\.m2\repository\excalibur-instrument\excalibur-instrument-mgr-impl\2.1\excalibur-instrument-mgr-impl-2.1.jar;C:\Users\Mohamed-Galal\.m2\repository\qdox\qdox\1.5\qdox-1.5.jar;C:\Users\Mohamed-Galal\.m2\repository\excalibur-instrument\excalibur-instrument\1.0\excalibur-instrument-1.0.jar;C:\Users\Mohamed-Galal\.m2\repository\excalibur-logger\excalibur-logger\1.1\excalibur-logger-1.1.jar;C:\Users\Mohamed-Galal\.m2\repository\excalibur-pool\excalibur-pool-api\2.1\excalibur-pool-api-2.1.jar;C:\Users\Mohamed-Galal\.m2\repository\excalibur-pool\excalibur-pool-impl\2.1\excalibur-pool-impl-2.1.jar;C:\Users\Mohamed-Galal\.m2\repository\junitperf\junitperf\1.8\junitperf-1.8.jar;C:\Users\Mohamed-Galal\.m2\repository\excalibur-pool\excalibur-pool-instrumented\2.1\excalibur-pool-instrumented-2.1.jar;C:\Users\Mohamed-Galal\.m2\repository\org\htmlparser\htmllexer\2.1\htmllexer-2.1.jar;C:\Users\Mohamed-Galal\.m2\repository\org\htmlparser\htmlparser\2.1\htmlparser-2.1.jar;C:\Users\Mohamed-Galal\.m2\repository\oro\oro\2.0.8\oro-2.0.8.jar;C:\Users\Mohamed-Galal\.m2\repository\jcharts\jcharts\0.7.5\jcharts-0.7.5.jar;C:\Users\Mohamed-Galal\.m2\repository\org\jdom\jdom\1.1.3\jdom-1.1.3.jar;C:\Users\Mohamed-Galal\.m2\repository\org\mozilla\rhino\1.7R5\rhino-1.7R5.jar;C:\Users\Mohamed-Galal\.m2\repository\junit\junit\4.12\junit-4.12.jar;C:\Users\Mohamed-Galal\.m2\repository\org\hamcrest\hamcrest-core\1.3\hamcrest-core-1.3.jar;C:\Users\Mohamed-Galal\.m2\repository\logkit\logkit\2.0\logkit-2.0.jar;C:\Users\Mohamed-Galal\.m2\repository\soap\soap\2.3.1\soap-2.3.1.jar;C:\Users\Mohamed-Galal\.m2\repository\net\sf\jtidy\jtidy\r938\jtidy-r938.jar;C:\Users\Mohamed-Galal\.m2\repository\org\apache\tika\tika-core\1.7\tika-core-1.7.jar;C:\Users\Mohamed-Galal\.m2\repository\org\apache\tika\tika-parsers\1.7\tika-parsers-1.7.jar;C:\Users\Mohamed-Galal\.m2\repository\org\gagravarr\vorbis-java-tika\0.6\vorbis-java-tika-0.6.jar;C:\Users\Mohamed-Galal\.m2\repository\edu\ucar\netcdf\4.2.20\netcdf-4.2.20.jar;C:\Users\Mohamed-Galal\.m2\repository\edu\ucar\unidataCommon\4.2.20\unidataCommon-4.2.20.jar;C:\Users\Mohamed-Galal\.m2\repository\net\jcip\jcip-annotations\1.0\jcip-annotations-1.0.jar;C:\Users\Mohamed-Galal\.m2\repository\net\sourceforge\jmatio\jmatio\1.0\jmatio-1.0.jar;C:\Users\Mohamed-Galal\.m2\repository\org\apache\james\apache-mime4j-core\0.7.2\apache-mime4j-core-0.7.2.jar;C:\Users\Mohamed-Galal\.m2\repository\org\apache\james\apache-mime4j-dom\0.7.2\apache-mime4j-dom-0.7.2.jar;C:\Users\Mohamed-Galal\.m2\repository\org\tukaani\xz\1.5\xz-1.5.jar;C:\Users\Mohamed-Galal\.m2\repository\org\apache\pdfbox\pdfbox\1.8.8\pdfbox-1.8.8.jar;C:\Users\Mohamed-Galal\.m2\repository\org\apache\pdfbox\fontbox\1.8.8\fontbox-1.8.8.jar;C:\Users\Mohamed-Galal\.m2\repository\org\apache\pdfbox\jempbox\1.8.8\jempbox-1.8.8.jar;C:\Users\Mohamed-Galal\.m2\repository\org\bouncycastle\bcmail-jdk15\1.45\bcmail-jdk15-1.45.jar;C:\Users\Mohamed-Galal\.m2\repository\org\bouncycastle\bcprov-jdk15\1.45\bcprov-jdk15-1.45.jar;C:\Users\Mohamed-Galal\.m2\repository\org\apache\poi\poi\3.11\poi-3.11.jar;C:\Users\Mohamed-Galal\.m2\repository\org\apache\poi\poi-scratchpad\3.11\poi-scratchpad-3.11.jar;C:\Users\Mohamed-Galal\.m2\repository\org\apache\poi\poi-ooxml\3.11\poi-ooxml-3.11.jar;C:\Users\Mohamed-Galal\.m2\repository\org\apache\poi\poi-ooxml-schemas\3.11\poi-ooxml-schemas-3.11.jar;C:\Users\Mohamed-Galal\.m2\repository\org\apache\xmlbeans\xmlbeans\2.6.0\xmlbeans-2.6.0.jar;C:\Users\Mohamed-Galal\.m2\repository\org\ow2\asm\asm-debug-all\4.1\asm-debug-all-4.1.jar;C:\Users\Mohamed-Galal\.m2\repository\com\googlecode\mp4parser\isoparser\1.0.2\isoparser-1.0.2.jar;C:\Users\Mohamed-Galal\.m2\repository\org\aspectj\aspectjrt\1.8.0\aspectjrt-1.8.0.jar;C:\Users\Mohamed-Galal\.m2\repository\com\drewnoakes\metadata-extractor\2.6.2\metadata-extractor-2.6.2.jar;C:\Users\Mohamed-Galal\.m2\repository\com\adobe\xmp\xmpcore\5.1.2\xmpcore-5.1.2.jar;C:\Users\Mohamed-Galal\.m2\repository\de\l3s\boilerpipe\boilerpipe\1.1.0\boilerpipe-1.1.0.jar;C:\Users\Mohamed-Galal\.m2\repository\rome\rome\1.0\rome-1.0.jar;C:\Users\Mohamed-Galal\.m2\repository\jdom\jdom\1.0\jdom-1.0.jar;C:\Users\Mohamed-Galal\.m2\repository\org\gagravarr\vorbis-java-core\0.6\vorbis-java-core-0.6.jar;C:\Users\Mohamed-Galal\.m2\repository\com\googlecode\juniversalchardet\juniversalchardet\1.0.3\juniversalchardet-1.0.3.jar;C:\Users\Mohamed-Galal\.m2\repository\com\uwyn\jhighlight\1.0\jhighlight-1.0.jar;C:\Users\Mohamed-Galal\.m2\repository\com\pff\java-libpst\0.8.1\java-libpst-0.8.1.jar;C:\Users\Mohamed-Galal\.m2\repository\com\thoughtworks\xstream\xstream\1.4.8\xstream-1.4.8.jar;C:\Users\Mohamed-Galal\.m2\repository\xmlpull\xmlpull\1.1.3.1\xmlpull-1.1.3.1.jar;C:\Users\Mohamed-Galal\.m2\repository\xpp3\xpp3_min\1.1.4c\xpp3_min-1.1.4c.jar;C:\Users\Mohamed-Galal\.m2\repository\xalan\xalan\2.7.2\xalan-2.7.2.jar;C:\Users\Mohamed-Galal\.m2\repository\xalan\serializer\2.7.2\serializer-2.7.2.jar;C:\Users\Mohamed-Galal\.m2\repository\xerces\xercesImpl\2.11.0\xercesImpl-2.11.0.jar;C:\Users\Mohamed-Galal\.m2\repository\xml-apis\xml-apis\1.4.01\xml-apis-1.4.01.jar;C:\Users\Mohamed-Galal\.m2\repository\org\apache\xmlgraphics\xmlgraphics-commons\1.5\xmlgraphics-commons-1.5.jar;C:\Users\Mohamed-Galal\.m2\repository\javax\mail\mail\1.5.0-b01\mail-1.5.0-b01.jar;C:\Users\Mohamed-Galal\.m2\repository\javax\activation\activation\1.1\activation-1.1.jar;C:\Users\Mohamed-Galal\.m2\repository\org\apache\geronimo\specs\geronimo-jms_1.1_spec\1.1.1\geronimo-jms_1.1_spec-1.1.1.jar;C:\Users\Mohamed-Galal\.m2\repository\org\jsoup\jsoup\1.8.1\jsoup-1.8.1.jar;C:\Users\Mohamed-Galal\.m2\repository\org\jodd\jodd-core\3.6.4\jodd-core-3.6.4.jar;C:\Users\Mohamed-Galal\.m2\repository\org\jodd\jodd-lagarto\3.6.4\jodd-lagarto-3.6.4.jar;C:\Users\Mohamed-Galal\.m2\repository\org\jodd\jodd-log\3.6.4\jodd-log-3.6.4.jar;C:\Users\Mohamed-Galal\.m2\repository\org\mongodb\mongo-java-driver\2.11.3\mongo-java-driver-2.11.3.jar;C:\Users\Mohamed-Galal\.m2\repository\com\fifesoft\rsyntaxtextarea\2.5.6\rsyntaxtextarea-2.5.6.jar;C:\Users\Mohamed-Galal\.m2\repository\org\slf4j\slf4j-nop\1.7.10\slf4j-nop-1.7.10.jar;C:\Users\Mohamed-Galal\.m2\repository\org\apache\jmeter\ApacheJMeter_core\2.13\ApacheJMeter_core-2.13.jar;C:\Users\Mohamed-Galal\.m2\repository\kg\apc\jmeter-plugins-charts\0.1\jmeter-plugins-charts-0.1.jar;C:\Users\Mohamed-Galal\.m2\repository\com\aventstack\extentreports\5.1.2\extentreports-5.1.2.jar;C:\Users\Mohamed-Galal\.m2\repository\io\reactivex\rxjava3\rxjava\3.1.6\rxjava-3.1.6.jar;C:\Users\Mohamed-Galal\.m2\repository\org\reactivestreams\reactive-streams\1.0.4\reactive-streams-1.0.4.jar;C:\Users\Mohamed-Galal\.m2\repository\org\freemarker\freemarker\2.3.32\freemarker-2.3.32.jar;C:\Users\Mohamed-Galal\.m2\repository\org\projectlombok\lombok\1.18.26\lombok-1.18.26.jar;C:\Users\Mohamed-Galal\.m2\repository\org\apache\logging\log4j\log4j-api\2.20.0\log4j-api-2.20.0.jar;C:\Users\Mohamed-Galal\.m2\repository\org\apache\logging\log4j\log4j-core\2.20.0\log4j-core-2.20.0.jar;C:\Users\Mohamed-Galal\.m2\repository\com\codeborne\selenide\7.7.3\selenide-7.7.3.jar;C:\Users\Mohamed-Galal\.m2\repository\com\codeborne\selenide-core\7.7.3\selenide-core-7.7.3.jar;C:\Users\Mohamed-Galal\.m2\repository\org\opentest4j\opentest4j\1.3.0\opentest4j-1.3.0.jar;C:\Users\Mohamed-Galal\.m2\repository\com\github\valfirst\browserup-proxy\browserup-proxy-core\3.1.2\browserup-proxy-core-3.1.2.jar;C:\Users\Mohamed-Galal\.m2\repository\org\jspecify\jspecify\1.0.0\jspecify-1.0.0.jar;C:\Users\Mohamed-Galal\.m2\repository\com\google\errorprone\error_prone_annotations\2.36.0\error_prone_annotations-2.36.0.jar;C:\Users\Mohamed-Galal\.m2\repository\com\google\guava\guava\33.4.0-jre\guava-33.4.0-jre.jar;C:\Users\Mohamed-Galal\.m2\repository\com\google\guava\failureaccess\1.0.2\failureaccess-1.0.2.jar;C:\Users\Mohamed-Galal\.m2\repository\com\google\guava\listenablefuture\9999.0-empty-to-avoid-conflict-with-guava\listenablefuture-9999.0-empty-to-avoid-conflict-with-guava.jar;C:\Users\Mohamed-Galal\.m2\repository\org\checkerframework\checker-qual\3.43.0\checker-qual-3.43.0.jar;C:\Users\Mohamed-Galal\.m2\repository\com\google\j2objc\j2objc-annotations\3.0.0\j2objc-annotations-3.0.0.jar;C:\Users\Mohamed-Galal\.m2\repository\commons-io\commons-io\2.18.0\commons-io-2.18.0.jar;C:\Users\Mohamed-Galal\.m2\repository\org\apache\httpcomponents\client5\httpclient5\5.2\httpclient5-5.2.jar;C:\Users\Mohamed-Galal\.m2\repository\org\apache\httpcomponents\core5\httpcore5\5.2\httpcore5-5.2.jar;C:\Users\Mohamed-Galal\.m2\repository\org\apache\httpcomponents\core5\httpcore5-h2\5.2\httpcore5-h2-5.2.jar;C:\Users\Mohamed-Galal\.m2\repository\org\apache\httpcomponents\client5\httpclient5-fluent\5.2\httpclient5-fluent-5.2.jar;C:\Users\Mohamed-Galal\.m2\repository\org\json\json\20210307\json-20210307.jar;"/>
    <property name="java.vm.vendor" value="Oracle Corporation"/>
    <property name="sun.arch.data.model" value="64"/>
    <property name="user.variant" value=""/>
    <property name="java.vendor.url" value="https://java.oracle.com/"/>
    <property name="user.timezone" value="Africa/Cairo"/>
    <property name="os.name" value="Windows 11"/>
    <property name="java.vm.specification.version" value="23"/>
    <property name="sun.java.launcher" value="SUN_STANDARD"/>
    <property name="user.country" value="US"/>
    <property name="sun.boot.library.path" value="C:\Program Files\Java\jdk-23\bin"/>
    <property name="sun.java.command" value="C:\Users\Mohamed-Galal\AppData\Local\Temp\surefire11485633649059737599\surefirebooter-20250318125936660_3.jar C:\Users\Mohamed-Galal\AppData\Local\Temp\surefire11485633649059737599 2025-03-18T12-59-36_574-jvmRun1 surefire-20250318125936660_1tmp surefire_0-20250318125936660_2tmp"/>
    <property name="jdk.debug" value="release"/>
    <property name="surefire.test.class.path" value="E:\Folder\Galal\Courses\Digital Egypt Pioneers Initiative (DEPI) - Software Testing\DEPI Software Tester Graduation Project\automation-framework\target\test-classes;E:\Folder\Galal\Courses\Digital Egypt Pioneers Initiative (DEPI) - Software Testing\DEPI Software Tester Graduation Project\automation-framework\target\classes;C:\Users\Mohamed-Galal\.m2\repository\org\seleniumhq\selenium\selenium-java\4.29.0\selenium-java-4.29.0.jar;C:\Users\Mohamed-Galal\.m2\repository\org\seleniumhq\selenium\selenium-api\4.29.0\selenium-api-4.29.0.jar;C:\Users\Mohamed-Galal\.m2\repository\org\seleniumhq\selenium\selenium-chrome-driver\4.29.0\selenium-chrome-driver-4.29.0.jar;C:\Users\Mohamed-Galal\.m2\repository\com\google\auto\service\auto-service-annotations\1.1.1\auto-service-annotations-1.1.1.jar;C:\Users\Mohamed-Galal\.m2\repository\org\seleniumhq\selenium\selenium-chromium-driver\4.29.0\selenium-chromium-driver-4.29.0.jar;C:\Users\Mohamed-Galal\.m2\repository\org\seleniumhq\selenium\selenium-json\4.29.0\selenium-json-4.29.0.jar;C:\Users\Mohamed-Galal\.m2\repository\org\seleniumhq\selenium\selenium-manager\4.29.0\selenium-manager-4.29.0.jar;C:\Users\Mohamed-Galal\.m2\repository\org\seleniumhq\selenium\selenium-devtools-v131\4.29.0\selenium-devtools-v131-4.29.0.jar;C:\Users\Mohamed-Galal\.m2\repository\org\seleniumhq\selenium\selenium-devtools-v132\4.29.0\selenium-devtools-v132-4.29.0.jar;C:\Users\Mohamed-Galal\.m2\repository\org\seleniumhq\selenium\selenium-devtools-v133\4.29.0\selenium-devtools-v133-4.29.0.jar;C:\Users\Mohamed-Galal\.m2\repository\org\seleniumhq\selenium\selenium-devtools-v85\4.29.0\selenium-devtools-v85-4.29.0.jar;C:\Users\Mohamed-Galal\.m2\repository\org\seleniumhq\selenium\selenium-edge-driver\4.29.0\selenium-edge-driver-4.29.0.jar;C:\Users\Mohamed-Galal\.m2\repository\org\seleniumhq\selenium\selenium-firefox-driver\4.29.0\selenium-firefox-driver-4.29.0.jar;C:\Users\Mohamed-Galal\.m2\repository\org\seleniumhq\selenium\selenium-http\4.29.0\selenium-http-4.29.0.jar;C:\Users\Mohamed-Galal\.m2\repository\org\seleniumhq\selenium\selenium-ie-driver\4.29.0\selenium-ie-driver-4.29.0.jar;C:\Users\Mohamed-Galal\.m2\repository\org\seleniumhq\selenium\selenium-remote-driver\4.29.0\selenium-remote-driver-4.29.0.jar;C:\Users\Mohamed-Galal\.m2\repository\io\opentelemetry\semconv\opentelemetry-semconv\1.28.0-alpha\opentelemetry-semconv-1.28.0-alpha.jar;C:\Users\Mohamed-Galal\.m2\repository\io\opentelemetry\opentelemetry-api\1.46.0\opentelemetry-api-1.46.0.jar;C:\Users\Mohamed-Galal\.m2\repository\io\opentelemetry\opentelemetry-context\1.46.0\opentelemetry-context-1.46.0.jar;C:\Users\Mohamed-Galal\.m2\repository\io\opentelemetry\opentelemetry-exporter-logging\1.46.0\opentelemetry-exporter-logging-1.46.0.jar;C:\Users\Mohamed-Galal\.m2\repository\io\opentelemetry\opentelemetry-sdk-common\1.46.0\opentelemetry-sdk-common-1.46.0.jar;C:\Users\Mohamed-Galal\.m2\repository\io\opentelemetry\opentelemetry-sdk-extension-autoconfigure-spi\1.46.0\opentelemetry-sdk-extension-autoconfigure-spi-1.46.0.jar;C:\Users\Mohamed-Galal\.m2\repository\io\opentelemetry\opentelemetry-sdk-extension-autoconfigure\1.46.0\opentelemetry-sdk-extension-autoconfigure-1.46.0.jar;C:\Users\Mohamed-Galal\.m2\repository\io\opentelemetry\opentelemetry-api-incubator\1.46.0-alpha\opentelemetry-api-incubator-1.46.0-alpha.jar;C:\Users\Mohamed-Galal\.m2\repository\io\opentelemetry\opentelemetry-sdk-trace\1.46.0\opentelemetry-sdk-trace-1.46.0.jar;C:\Users\Mohamed-Galal\.m2\repository\io\opentelemetry\opentelemetry-sdk\1.46.0\opentelemetry-sdk-1.46.0.jar;C:\Users\Mohamed-Galal\.m2\repository\io\opentelemetry\opentelemetry-sdk-metrics\1.46.0\opentelemetry-sdk-metrics-1.46.0.jar;C:\Users\Mohamed-Galal\.m2\repository\io\opentelemetry\opentelemetry-sdk-logs\1.46.0\opentelemetry-sdk-logs-1.46.0.jar;C:\Users\Mohamed-Galal\.m2\repository\net\bytebuddy\byte-buddy\1.15.11\byte-buddy-1.15.11.jar;C:\Users\Mohamed-Galal\.m2\repository\org\seleniumhq\selenium\selenium-os\4.29.0\selenium-os-4.29.0.jar;C:\Users\Mohamed-Galal\.m2\repository\org\apache\commons\commons-exec\1.4.0\commons-exec-1.4.0.jar;C:\Users\Mohamed-Galal\.m2\repository\org\seleniumhq\selenium\selenium-safari-driver\4.29.0\selenium-safari-driver-4.29.0.jar;C:\Users\Mohamed-Galal\.m2\repository\org\seleniumhq\selenium\selenium-support\4.29.0\selenium-support-4.29.0.jar;C:\Users\Mohamed-Galal\.m2\repository\io\github\bonigarcia\webdrivermanager\5.5.3\webdrivermanager-5.5.3.jar;C:\Users\Mohamed-Galal\.m2\repository\org\slf4j\slf4j-api\2.0.7\slf4j-api-2.0.7.jar;C:\Users\Mohamed-Galal\.m2\repository\com\google\code\gson\gson\2.10.1\gson-2.10.1.jar;C:\Users\Mohamed-Galal\.m2\repository\com\github\docker-java\docker-java\3.3.3\docker-java-3.3.3.jar;C:\Users\Mohamed-Galal\.m2\repository\com\github\docker-java\docker-java-core\3.3.3\docker-java-core-3.3.3.jar;C:\Users\Mohamed-Galal\.m2\repository\com\github\docker-java\docker-java-api\3.3.3\docker-java-api-3.3.3.jar;C:\Users\Mohamed-Galal\.m2\repository\com\fasterxml\jackson\core\jackson-annotations\2.10.3\jackson-annotations-2.10.3.jar;C:\Users\Mohamed-Galal\.m2\repository\org\apache\commons\commons-compress\1.21\commons-compress-1.21.jar;C:\Users\Mohamed-Galal\.m2\repository\com\fasterxml\jackson\core\jackson-databind\2.10.3\jackson-databind-2.10.3.jar;C:\Users\Mohamed-Galal\.m2\repository\com\fasterxml\jackson\core\jackson-core\2.10.3\jackson-core-2.10.3.jar;C:\Users\Mohamed-Galal\.m2\repository\org\bouncycastle\bcpkix-jdk18on\1.75\bcpkix-jdk18on-1.75.jar;C:\Users\Mohamed-Galal\.m2\repository\org\bouncycastle\bcprov-jdk18on\1.75\bcprov-jdk18on-1.75.jar;C:\Users\Mohamed-Galal\.m2\repository\org\bouncycastle\bcutil-jdk18on\1.75\bcutil-jdk18on-1.75.jar;C:\Users\Mohamed-Galal\.m2\repository\org\slf4j\jcl-over-slf4j\1.7.30\jcl-over-slf4j-1.7.30.jar;C:\Users\Mohamed-Galal\.m2\repository\com\github\docker-java\docker-java-transport-httpclient5\3.3.3\docker-java-transport-httpclient5-3.3.3.jar;C:\Users\Mohamed-Galal\.m2\repository\com\github\docker-java\docker-java-transport\3.3.3\docker-java-transport-3.3.3.jar;C:\Users\Mohamed-Galal\.m2\repository\net\java\dev\jna\jna\5.12.1\jna-5.12.1.jar;C:\Users\Mohamed-Galal\.m2\repository\org\brotli\dec\0.1.2\dec-0.1.2.jar;C:\Users\Mohamed-Galal\.m2\repository\org\apache\commons\commons-lang3\3.13.0\commons-lang3-3.13.0.jar;C:\Users\Mohamed-Galal\.m2\repository\org\testng\testng\7.11.0\testng-7.11.0.jar;C:\Users\Mohamed-Galal\.m2\repository\org\jcommander\jcommander\1.83\jcommander-1.83.jar;C:\Users\Mohamed-Galal\.m2\repository\org\webjars\jquery\3.7.1\jquery-3.7.1.jar;C:\Users\Mohamed-Galal\.m2\repository\io\rest-assured\rest-assured\5.4.0\rest-assured-5.4.0.jar;C:\Users\Mohamed-Galal\.m2\repository\org\apache\groovy\groovy\4.0.16\groovy-4.0.16.jar;C:\Users\Mohamed-Galal\.m2\repository\org\apache\groovy\groovy-xml\4.0.16\groovy-xml-4.0.16.jar;C:\Users\Mohamed-Galal\.m2\repository\org\apache\httpcomponents\httpclient\4.5.13\httpclient-4.5.13.jar;C:\Users\Mohamed-Galal\.m2\repository\org\apache\httpcomponents\httpcore\4.4.13\httpcore-4.4.13.jar;C:\Users\Mohamed-Galal\.m2\repository\commons-logging\commons-logging\1.2\commons-logging-1.2.jar;C:\Users\Mohamed-Galal\.m2\repository\commons-codec\commons-codec\1.11\commons-codec-1.11.jar;C:\Users\Mohamed-Galal\.m2\repository\org\apache\httpcomponents\httpmime\4.5.13\httpmime-4.5.13.jar;C:\Users\Mohamed-Galal\.m2\repository\org\hamcrest\hamcrest\2.2\hamcrest-2.2.jar;C:\Users\Mohamed-Galal\.m2\repository\org\ccil\cowan\tagsoup\tagsoup\1.2.1\tagsoup-1.2.1.jar;C:\Users\Mohamed-Galal\.m2\repository\io\rest-assured\json-path\5.4.0\json-path-5.4.0.jar;C:\Users\Mohamed-Galal\.m2\repository\org\apache\groovy\groovy-json\4.0.16\groovy-json-4.0.16.jar;C:\Users\Mohamed-Galal\.m2\repository\io\rest-assured\rest-assured-common\5.4.0\rest-assured-common-5.4.0.jar;C:\Users\Mohamed-Galal\.m2\repository\io\rest-assured\xml-path\5.4.0\xml-path-5.4.0.jar;C:\Users\Mohamed-Galal\.m2\repository\kg\apc\jmeter-plugins-cmn-jmeter\0.6\jmeter-plugins-cmn-jmeter-0.6.jar;C:\Users\Mohamed-Galal\.m2\repository\org\apache\logging\log4j\log4j-slf4j-impl\2.8.2\log4j-slf4j-impl-2.8.2.jar;C:\Users\Mohamed-Galal\.m2\repository\org\apache\jmeter\jorphan\2.13\jorphan-2.13.jar;C:\Users\Mohamed-Galal\.m2\repository\bsf\bsf\2.4.0\bsf-2.4.0.jar;C:\Users\Mohamed-Galal\.m2\repository\avalon-framework\avalon-framework\4.1.4\avalon-framework-4.1.4.jar;C:\Users\Mohamed-Galal\.m2\repository\org\beanshell\bsh\2.0b5\bsh-2.0b5.jar;C:\Users\Mohamed-Galal\.m2\repository\org\bouncycastle\bcmail-jdk15on\1.49\bcmail-jdk15on-1.49.jar;C:\Users\Mohamed-Galal\.m2\repository\org\bouncycastle\bcprov-jdk15on\1.49\bcprov-jdk15on-1.49.jar;C:\Users\Mohamed-Galal\.m2\repository\org\bouncycastle\bcpkix-jdk15on\1.49\bcpkix-jdk15on-1.49.jar;C:\Users\Mohamed-Galal\.m2\repository\commons-collections\commons-collections\3.2.1\commons-collections-3.2.1.jar;C:\Users\Mohamed-Galal\.m2\repository\commons-httpclient\commons-httpclient\3.1\commons-httpclient-3.1.jar;C:\Users\Mohamed-Galal\.m2\repository\commons-jexl\commons-jexl\1.1\commons-jexl-1.1.jar;C:\Users\Mohamed-Galal\.m2\repository\org\apache\commons\commons-jexl\2.1.1\commons-jexl-2.1.1.jar;C:\Users\Mohamed-Galal\.m2\repository\commons-net\commons-net\3.3\commons-net-3.3.jar;C:\Users\Mohamed-Galal\.m2\repository\dnsjava\dnsjava\2.1.7\dnsjava-2.1.7.jar;C:\Users\Mohamed-Galal\.m2\repository\excalibur-datasource\excalibur-datasource\2.1\excalibur-datasource-2.1.jar;C:\Users\Mohamed-Galal\.m2\repository\hsqldb\hsqldb\1.8.0.1\hsqldb-1.8.0.1.jar;C:\Users\Mohamed-Galal\.m2\repository\avalon-framework\avalon-framework-api\4.3\avalon-framework-api-4.3.jar;C:\Users\Mohamed-Galal\.m2\repository\avalon-framework\avalon-framework-impl\4.3\avalon-framework-impl-4.3.jar;C:\Users\Mohamed-Galal\.m2\repository\xml-apis\xmlParserAPIs\2.0.2\xmlParserAPIs-2.0.2.jar;C:\Users\Mohamed-Galal\.m2\repository\log4j\log4j\1.2.11\log4j-1.2.11.jar;C:\Users\Mohamed-Galal\.m2\repository\jmock\jmock\1.0.1\jmock-1.0.1.jar;C:\Users\Mohamed-Galal\.m2\repository\avalon-logkit\avalon-logkit\2.1\avalon-logkit-2.1.jar;C:\Users\Mohamed-Galal\.m2\repository\javax\servlet\servlet-api\2.3\servlet-api-2.3.jar;C:\Users\Mohamed-Galal\.m2\repository\geronimo-spec\geronimo-spec-javamail\1.3.1-rc3\geronimo-spec-javamail-1.3.1-rc3.jar;C:\Users\Mohamed-Galal\.m2\repository\geronimo-spec\geronimo-spec-jms\1.1-rc4\geronimo-spec-jms-1.1-rc4.jar;C:\Users\Mohamed-Galal\.m2\repository\excalibur-instrument\excalibur-instrument-api\2.1\excalibur-instrument-api-2.1.jar;C:\Users\Mohamed-Galal\.m2\repository\concurrent\concurrent\1.3.4\concurrent-1.3.4.jar;C:\Users\Mohamed-Galal\.m2\repository\excalibur-component\excalibur-testcase\2.1\excalibur-testcase-2.1.jar;C:\Users\Mohamed-Galal\.m2\repository\excalibur-component\excalibur-component\2.1\excalibur-component-2.1.jar;C:\Users\Mohamed-Galal\.m2\repository\excalibur-instrument\excalibur-instrument-mgr-api\2.1\excalibur-instrument-mgr-api-2.1.jar;C:\Users\Mohamed-Galal\.m2\repository\excalibur-instrument\excalibur-instrument-mgr-impl\2.1\excalibur-instrument-mgr-impl-2.1.jar;C:\Users\Mohamed-Galal\.m2\repository\qdox\qdox\1.5\qdox-1.5.jar;C:\Users\Mohamed-Galal\.m2\repository\excalibur-instrument\excalibur-instrument\1.0\excalibur-instrument-1.0.jar;C:\Users\Mohamed-Galal\.m2\repository\excalibur-logger\excalibur-logger\1.1\excalibur-logger-1.1.jar;C:\Users\Mohamed-Galal\.m2\repository\excalibur-pool\excalibur-pool-api\2.1\excalibur-pool-api-2.1.jar;C:\Users\Mohamed-Galal\.m2\repository\excalibur-pool\excalibur-pool-impl\2.1\excalibur-pool-impl-2.1.jar;C:\Users\Mohamed-Galal\.m2\repository\junitperf\junitperf\1.8\junitperf-1.8.jar;C:\Users\Mohamed-Galal\.m2\repository\excalibur-pool\excalibur-pool-instrumented\2.1\excalibur-pool-instrumented-2.1.jar;C:\Users\Mohamed-Galal\.m2\repository\org\htmlparser\htmllexer\2.1\htmllexer-2.1.jar;C:\Users\Mohamed-Galal\.m2\repository\org\htmlparser\htmlparser\2.1\htmlparser-2.1.jar;C:\Users\Mohamed-Galal\.m2\repository\oro\oro\2.0.8\oro-2.0.8.jar;C:\Users\Mohamed-Galal\.m2\repository\jcharts\jcharts\0.7.5\jcharts-0.7.5.jar;C:\Users\Mohamed-Galal\.m2\repository\org\jdom\jdom\1.1.3\jdom-1.1.3.jar;C:\Users\Mohamed-Galal\.m2\repository\org\mozilla\rhino\1.7R5\rhino-1.7R5.jar;C:\Users\Mohamed-Galal\.m2\repository\junit\junit\4.12\junit-4.12.jar;C:\Users\Mohamed-Galal\.m2\repository\org\hamcrest\hamcrest-core\1.3\hamcrest-core-1.3.jar;C:\Users\Mohamed-Galal\.m2\repository\logkit\logkit\2.0\logkit-2.0.jar;C:\Users\Mohamed-Galal\.m2\repository\soap\soap\2.3.1\soap-2.3.1.jar;C:\Users\Mohamed-Galal\.m2\repository\net\sf\jtidy\jtidy\r938\jtidy-r938.jar;C:\Users\Mohamed-Galal\.m2\repository\org\apache\tika\tika-core\1.7\tika-core-1.7.jar;C:\Users\Mohamed-Galal\.m2\repository\org\apache\tika\tika-parsers\1.7\tika-parsers-1.7.jar;C:\Users\Mohamed-Galal\.m2\repository\org\gagravarr\vorbis-java-tika\0.6\vorbis-java-tika-0.6.jar;C:\Users\Mohamed-Galal\.m2\repository\edu\ucar\netcdf\4.2.20\netcdf-4.2.20.jar;C:\Users\Mohamed-Galal\.m2\repository\edu\ucar\unidataCommon\4.2.20\unidataCommon-4.2.20.jar;C:\Users\Mohamed-Galal\.m2\repository\net\jcip\jcip-annotations\1.0\jcip-annotations-1.0.jar;C:\Users\Mohamed-Galal\.m2\repository\net\sourceforge\jmatio\jmatio\1.0\jmatio-1.0.jar;C:\Users\Mohamed-Galal\.m2\repository\org\apache\james\apache-mime4j-core\0.7.2\apache-mime4j-core-0.7.2.jar;C:\Users\Mohamed-Galal\.m2\repository\org\apache\james\apache-mime4j-dom\0.7.2\apache-mime4j-dom-0.7.2.jar;C:\Users\Mohamed-Galal\.m2\repository\org\tukaani\xz\1.5\xz-1.5.jar;C:\Users\Mohamed-Galal\.m2\repository\org\apache\pdfbox\pdfbox\1.8.8\pdfbox-1.8.8.jar;C:\Users\Mohamed-Galal\.m2\repository\org\apache\pdfbox\fontbox\1.8.8\fontbox-1.8.8.jar;C:\Users\Mohamed-Galal\.m2\repository\org\apache\pdfbox\jempbox\1.8.8\jempbox-1.8.8.jar;C:\Users\Mohamed-Galal\.m2\repository\org\bouncycastle\bcmail-jdk15\1.45\bcmail-jdk15-1.45.jar;C:\Users\Mohamed-Galal\.m2\repository\org\bouncycastle\bcprov-jdk15\1.45\bcprov-jdk15-1.45.jar;C:\Users\Mohamed-Galal\.m2\repository\org\apache\poi\poi\3.11\poi-3.11.jar;C:\Users\Mohamed-Galal\.m2\repository\org\apache\poi\poi-scratchpad\3.11\poi-scratchpad-3.11.jar;C:\Users\Mohamed-Galal\.m2\repository\org\apache\poi\poi-ooxml\3.11\poi-ooxml-3.11.jar;C:\Users\Mohamed-Galal\.m2\repository\org\apache\poi\poi-ooxml-schemas\3.11\poi-ooxml-schemas-3.11.jar;C:\Users\Mohamed-Galal\.m2\repository\org\apache\xmlbeans\xmlbeans\2.6.0\xmlbeans-2.6.0.jar;C:\Users\Mohamed-Galal\.m2\repository\org\ow2\asm\asm-debug-all\4.1\asm-debug-all-4.1.jar;C:\Users\Mohamed-Galal\.m2\repository\com\googlecode\mp4parser\isoparser\1.0.2\isoparser-1.0.2.jar;C:\Users\Mohamed-Galal\.m2\repository\org\aspectj\aspectjrt\1.8.0\aspectjrt-1.8.0.jar;C:\Users\Mohamed-Galal\.m2\repository\com\drewnoakes\metadata-extractor\2.6.2\metadata-extractor-2.6.2.jar;C:\Users\Mohamed-Galal\.m2\repository\com\adobe\xmp\xmpcore\5.1.2\xmpcore-5.1.2.jar;C:\Users\Mohamed-Galal\.m2\repository\de\l3s\boilerpipe\boilerpipe\1.1.0\boilerpipe-1.1.0.jar;C:\Users\Mohamed-Galal\.m2\repository\rome\rome\1.0\rome-1.0.jar;C:\Users\Mohamed-Galal\.m2\repository\jdom\jdom\1.0\jdom-1.0.jar;C:\Users\Mohamed-Galal\.m2\repository\org\gagravarr\vorbis-java-core\0.6\vorbis-java-core-0.6.jar;C:\Users\Mohamed-Galal\.m2\repository\com\googlecode\juniversalchardet\juniversalchardet\1.0.3\juniversalchardet-1.0.3.jar;C:\Users\Mohamed-Galal\.m2\repository\com\uwyn\jhighlight\1.0\jhighlight-1.0.jar;C:\Users\Mohamed-Galal\.m2\repository\com\pff\java-libpst\0.8.1\java-libpst-0.8.1.jar;C:\Users\Mohamed-Galal\.m2\repository\com\thoughtworks\xstream\xstream\1.4.8\xstream-1.4.8.jar;C:\Users\Mohamed-Galal\.m2\repository\xmlpull\xmlpull\1.1.3.1\xmlpull-1.1.3.1.jar;C:\Users\Mohamed-Galal\.m2\repository\xpp3\xpp3_min\1.1.4c\xpp3_min-1.1.4c.jar;C:\Users\Mohamed-Galal\.m2\repository\xalan\xalan\2.7.2\xalan-2.7.2.jar;C:\Users\Mohamed-Galal\.m2\repository\xalan\serializer\2.7.2\serializer-2.7.2.jar;C:\Users\Mohamed-Galal\.m2\repository\xerces\xercesImpl\2.11.0\xercesImpl-2.11.0.jar;C:\Users\Mohamed-Galal\.m2\repository\xml-apis\xml-apis\1.4.01\xml-apis-1.4.01.jar;C:\Users\Mohamed-Galal\.m2\repository\org\apache\xmlgraphics\xmlgraphics-commons\1.5\xmlgraphics-commons-1.5.jar;C:\Users\Mohamed-Galal\.m2\repository\javax\mail\mail\1.5.0-b01\mail-1.5.0-b01.jar;C:\Users\Mohamed-Galal\.m2\repository\javax\activation\activation\1.1\activation-1.1.jar;C:\Users\Mohamed-Galal\.m2\repository\org\apache\geronimo\specs\geronimo-jms_1.1_spec\1.1.1\geronimo-jms_1.1_spec-1.1.1.jar;C:\Users\Mohamed-Galal\.m2\repository\org\jsoup\jsoup\1.8.1\jsoup-1.8.1.jar;C:\Users\Mohamed-Galal\.m2\repository\org\jodd\jodd-core\3.6.4\jodd-core-3.6.4.jar;C:\Users\Mohamed-Galal\.m2\repository\org\jodd\jodd-lagarto\3.6.4\jodd-lagarto-3.6.4.jar;C:\Users\Mohamed-Galal\.m2\repository\org\jodd\jodd-log\3.6.4\jodd-log-3.6.4.jar;C:\Users\Mohamed-Galal\.m2\repository\org\mongodb\mongo-java-driver\2.11.3\mongo-java-driver-2.11.3.jar;C:\Users\Mohamed-Galal\.m2\repository\com\fifesoft\rsyntaxtextarea\2.5.6\rsyntaxtextarea-2.5.6.jar;C:\Users\Mohamed-Galal\.m2\repository\org\slf4j\slf4j-nop\1.7.10\slf4j-nop-1.7.10.jar;C:\Users\Mohamed-Galal\.m2\repository\org\apache\jmeter\ApacheJMeter_core\2.13\ApacheJMeter_core-2.13.jar;C:\Users\Mohamed-Galal\.m2\repository\kg\apc\jmeter-plugins-charts\0.1\jmeter-plugins-charts-0.1.jar;C:\Users\Mohamed-Galal\.m2\repository\com\aventstack\extentreports\5.1.2\extentreports-5.1.2.jar;C:\Users\Mohamed-Galal\.m2\repository\io\reactivex\rxjava3\rxjava\3.1.6\rxjava-3.1.6.jar;C:\Users\Mohamed-Galal\.m2\repository\org\reactivestreams\reactive-streams\1.0.4\reactive-streams-1.0.4.jar;C:\Users\Mohamed-Galal\.m2\repository\org\freemarker\freemarker\2.3.32\freemarker-2.3.32.jar;C:\Users\Mohamed-Galal\.m2\repository\org\projectlombok\lombok\1.18.26\lombok-1.18.26.jar;C:\Users\Mohamed-Galal\.m2\repository\org\apache\logging\log4j\log4j-api\2.20.0\log4j-api-2.20.0.jar;C:\Users\Mohamed-Galal\.m2\repository\org\apache\logging\log4j\log4j-core\2.20.0\log4j-core-2.20.0.jar;C:\Users\Mohamed-Galal\.m2\repository\com\codeborne\selenide\7.7.3\selenide-7.7.3.jar;C:\Users\Mohamed-Galal\.m2\repository\com\codeborne\selenide-core\7.7.3\selenide-core-7.7.3.jar;C:\Users\Mohamed-Galal\.m2\repository\org\opentest4j\opentest4j\1.3.0\opentest4j-1.3.0.jar;C:\Users\Mohamed-Galal\.m2\repository\com\github\valfirst\browserup-proxy\browserup-proxy-core\3.1.2\browserup-proxy-core-3.1.2.jar;C:\Users\Mohamed-Galal\.m2\repository\org\jspecify\jspecify\1.0.0\jspecify-1.0.0.jar;C:\Users\Mohamed-Galal\.m2\repository\com\google\errorprone\error_prone_annotations\2.36.0\error_prone_annotations-2.36.0.jar;C:\Users\Mohamed-Galal\.m2\repository\com\google\guava\guava\33.4.0-jre\guava-33.4.0-jre.jar;C:\Users\Mohamed-Galal\.m2\repository\com\google\guava\failureaccess\1.0.2\failureaccess-1.0.2.jar;C:\Users\Mohamed-Galal\.m2\repository\com\google\guava\listenablefuture\9999.0-empty-to-avoid-conflict-with-guava\listenablefuture-9999.0-empty-to-avoid-conflict-with-guava.jar;C:\Users\Mohamed-Galal\.m2\repository\org\checkerframework\checker-qual\3.43.0\checker-qual-3.43.0.jar;C:\Users\Mohamed-Galal\.m2\repository\com\google\j2objc\j2objc-annotations\3.0.0\j2objc-annotations-3.0.0.jar;C:\Users\Mohamed-Galal\.m2\repository\commons-io\commons-io\2.18.0\commons-io-2.18.0.jar;C:\Users\Mohamed-Galal\.m2\repository\org\apache\httpcomponents\client5\httpclient5\5.2\httpclient5-5.2.jar;C:\Users\Mohamed-Galal\.m2\repository\org\apache\httpcomponents\core5\httpcore5\5.2\httpcore5-5.2.jar;C:\Users\Mohamed-Galal\.m2\repository\org\apache\httpcomponents\core5\httpcore5-h2\5.2\httpcore5-h2-5.2.jar;C:\Users\Mohamed-Galal\.m2\repository\org\apache\httpcomponents\client5\httpclient5-fluent\5.2\httpclient5-fluent-5.2.jar;C:\Users\Mohamed-Galal\.m2\repository\org\json\json\20210307\json-20210307.jar;"/>
    <property name="sun.cpu.endian" value="little"/>
    <property name="user.home" value="C:\Users\Mohamed-Galal"/>
    <property name="user.language" value="en"/>
    <property name="java.specification.vendor" value="Oracle Corporation"/>
    <property name="java.version.date" value="2024-10-15"/>
    <property name="java.home" value="C:\Program Files\Java\jdk-23"/>
    <property name="file.separator" value="\"/>
    <property name="basedir" value="E:\Folder\Galal\Courses\Digital Egypt Pioneers Initiative (DEPI) - Software Testing\DEPI Software Tester Graduation Project\automation-framework"/>
    <property name="java.vm.compressedOopsMode" value="Zero based"/>
    <property name="line.separator" value="&#10;"/>
    <property name="java.vm.specification.vendor" value="Oracle Corporation"/>
    <property name="java.specification.name" value="Java Platform API Specification"/>
    <property name="surefire.real.class.path" value="C:\Users\Mohamed-Galal\AppData\Local\Temp\surefire11485633649059737599\surefirebooter-20250318125936660_3.jar"/>
    <property name="user.script" value=""/>
    <property name="sun.management.compiler" value="HotSpot 64-Bit Tiered Compilers"/>
    <property name="java.runtime.version" value="23.0.1+11-39"/>
    <property name="user.name" value="Mohamed-Galal"/>
    <property name="stdout.encoding" value="Cp1252"/>
    <property name="path.separator" value=";"/>
    <property name="os.version" value="10.0"/>
    <property name="java.runtime.name" value="Java(TM) SE Runtime Environment"/>
    <property name="file.encoding" value="UTF-8"/>
    <property name="java.vm.name" value="Java HotSpot(TM) 64-Bit Server VM"/>
    <property name="localRepository" value="C:\Users\Mohamed-Galal\.m2\repository"/>
    <property name="java.vendor.url.bug" value="https://bugreport.java.com/bugreport/"/>
    <property name="java.io.tmpdir" value="C:\Users\MOHAME~1\AppData\Local\Temp\"/>
    <property name="java.version" value="23.0.1"/>
    <property name="user.dir" value="E:\Folder\Galal\Courses\Digital Egypt Pioneers Initiative (DEPI) - Software Testing\DEPI Software Tester Graduation Project\automation-framework"/>
    <property name="os.arch" value="amd64"/>
    <property name="java.vm.specification.name" value="Java Virtual Machine Specification"/>
    <property name="sun.os.patch.level" value=""/>
    <property name="native.encoding" value="Cp1252"/>
    <property name="java.library.path" value="C:\Program Files\Java\jdk-23\bin;C:\Windows\Sun\Java\bin;C:\Windows\system32;C:\Windows;C:\Program Files (x86)\Common Files\Intel\Shared Libraries\redist\intel64\compiler;C:\Program Files\Common Files\Oracle\Java\javapath;C:\Windows\system32;C:\Windows;C:\Windows\System32\Wbem;C:\Windows\System32\WindowsPowerShell\v1.0\;C:\Windows\System32\OpenSSH\;C:\Program Files (x86)\NVIDIA Corporation\PhysX\Common;C:\Program Files (x86)\Windows Kits\10\Windows Performance Toolkit\;C:\Program Files\dotnet\;C:\Program Files\MATLAB\R2023a\bin;C;C:\Program Files\Microchip\xc8\v2.45\bin;%AppData%\Programs\Python\Python311;%AppData%\Programs\Python\Python311\Scripts;C:\Program Files\Microchip\xc8\v2.46\bin;C:\Program Files\Git LFS;C:\Program Files\PuTTY\;C:\Program Files\NVIDIA Corporation\NVIDIA app\NvDLISR;C:\AVRDUDE;C:\msys64\mingw64\bin;C:\msys64\mingw64\lib\pkgconfig;C:\Program Files\Git\cmd;C:\Apache Maven\apache-maven-3.9.9\bin;C:\Program Files\Java\jdk-21\bin;C:\Program Files\nodejs\;C:\src\flutter\flutter\bin;C:\src\flutter\bin\cache\dart-sdk\bin;C:\Users\Mohamed-Galal\AppData\Local\Programs\Python\Launcher\;C:\Users\Mohamed-Galal\AppData\Local\Microsoft\WindowsApps;C:\MinGW\bin;C:\MinGW;C:\Users\Mohamed-Galal\AppData\Local\Programs\Microsoft VS Code\bin;C:\Users\Mohamed-Galal\AppData\Local\GitHubDesktop\bin;C:\Program Files\JetBrains\IntelliJ IDEA 2024.1.2\bin;;C:\Program Files\JetBrains\PyCharm 2024.1.2\bin;;C:\Users\Mohamed-Galal\AppData\Local\Muse Hub\lib;C:\msys64\mingw64\bin;C:\msys64\mingw64\lib\pkgconfig;C:\Users\Mohamed-Galal\AppData\Roaming\npm;E:\Folder\Galal\Courses\Digital Egypt Pioneers Initiative (DEPI) - Software Testing\DEPI Software Tester Graduation Project\automation-framework\node_modules\.bin;."/>
    <property name="java.vm.info" value="mixed mode, sharing"/>
    <property name="stderr.encoding" value="Cp1252"/>
    <property name="java.vendor" value="Oracle Corporation"/>
    <property name="java.vm.version" value="23.0.1+11-39"/>
    <property name="sun.io.unicode.encoding" value="UnicodeLittle"/>
    <property name="java.class.version" value="67.0"/>
  </properties>
  <testcase name="testAddMultipleProductsToCart" classname="tests.ui.CartTest" time="26.317">
    <system-out><![CDATA[Test Suite Started: EcomUIRegressionTest
2025-03-18 12:59:38,859 [main] INFO  TestListener - ðŸš€ Starting Test Suite: EcomUIRegressionTest

ðŸŒ Test Environment:
ðŸ–¥ï¸ OS: Windows 11 10.0
â˜• Java Version: 23.0.1
ðŸŒ Browser: chrome 134.0.6998.89

ðŸŸ¢ Test Started: testAddMultipleProductsToCart (ðŸ”¢ Test Case ID: TC-018)

ðŸŒ Test Environment:
ðŸ–¥ï¸ OS: Windows 11 10.0
â˜• Java Version: 23.0.1
ðŸŒ Browser: chrome 134.0.6998.89

]]></system-out>
    <system-err><![CDATA[SLF4J: No SLF4J providers were found.
SLF4J: Defaulting to no-operation (NOP) logger implementation
SLF4J: See https://www.slf4j.org/codes.html#noProviders for further details.
SLF4J: Class path contains SLF4J bindings targeting slf4j-api versions 1.7.x or earlier.
SLF4J: Ignoring binding found at [jar:file:/C:/Users/Mohamed-Galal/.m2/repository/org/apache/logging/log4j/log4j-slf4j-impl/2.8.2/log4j-slf4j-impl-2.8.2.jar!/org/slf4j/impl/StaticLoggerBinder.class]
SLF4J: Ignoring binding found at [jar:file:/C:/Users/Mohamed-Galal/.m2/repository/org/slf4j/slf4j-nop/1.7.10/slf4j-nop-1.7.10.jar!/org/slf4j/impl/StaticLoggerBinder.class]
SLF4J: See https://www.slf4j.org/codes.html#ignoredBindings for an explanation.
Mar 18, 2025 12:59:56 PM org.openqa.selenium.devtools.CdpVersionFinder findNearestMatch
WARNING: Unable to find an exact match for CDP version 134, returning the closest version; found: 133; Please update to a Selenium version that supports CDP version 134
]]></system-err>
  </testcase>
  <testcase name="testCartPersistence" classname="tests.ui.CartTest" time="5.751">
    <system-out><![CDATA[ðŸ“‚ Test folder created: E:\Folder\Galal\Courses\Digital Egypt Pioneers Initiative (DEPI) - Software Testing\DEPI Software Tester Graduation Project\automation-framework\reports\screenshots\TC-018
ðŸ“¸ Screenshot saved at: E:\Folder\Galal\Courses\Digital Egypt Pioneers Initiative (DEPI) - Software Testing\DEPI Software Tester Graduation Project\automation-framework\reports\screenshots\TC-018\TC-018_screenshot.png
ðŸŸ¢ Test Started: testCartPersistence (ðŸ”¢ Test Case ID: TC-015)

ðŸŒ Test Environment:
ðŸ–¥ï¸ OS: Windows 11 10.0
â˜• Java Version: 23.0.1
ðŸŒ Browser: chrome 134.0.6998.89

]]></system-out>
    <system-err><![CDATA[Mar 18, 2025 1:00:45 PM org.openqa.selenium.devtools.CdpVersionFinder findNearestMatch
WARNING: Unable to find an exact match for CDP version 134, returning the closest version; found: 133; Please update to a Selenium version that supports CDP version 134
]]></system-err>
  </testcase>
  <testcase name="verifyRemoveMultipleProducts" classname="tests.ui.CartTest" time="40.812">
    <system-out><![CDATA[ðŸ“‚ Test folder created: E:\Folder\Galal\Courses\Digital Egypt Pioneers Initiative (DEPI) - Software Testing\DEPI Software Tester Graduation Project\automation-framework\reports\screenshots\TC-015
ðŸ“¸ Screenshot saved at: E:\Folder\Galal\Courses\Digital Egypt Pioneers Initiative (DEPI) - Software Testing\DEPI Software Tester Graduation Project\automation-framework\reports\screenshots\TC-015\TC-015_screenshot.png
ðŸŸ¢ Test Started: verifyRemoveMultipleProducts (ðŸ”¢ Test Case ID: TC-019)

ðŸŒ Test Environment:
ðŸ–¥ï¸ OS: Windows 11 10.0
â˜• Java Version: 23.0.1
ðŸŒ Browser: chrome 134.0.6998.89

Clicked 'Remove' button for product ID: 3
Clicked 'Remove' button for product ID: 4
Clicked 'Remove' button for product ID: 43
Clicked 'Remove' button for product ID: 41
All products successfully removed. Cart is empty.
]]></system-out>
    <system-err><![CDATA[Mar 18, 2025 1:01:13 PM org.openqa.selenium.devtools.CdpVersionFinder findNearestMatch
WARNING: Unable to find an exact match for CDP version 134, returning the closest version; found: 133; Please update to a Selenium version that supports CDP version 134
]]></system-err>
  </testcase>
  <testcase name="testCheckoutProcessAsUser" classname="tests.ui.CheckoutTest" time="33.578">
    <system-out><![CDATA[ðŸ“‚ Test folder created: E:\Folder\Galal\Courses\Digital Egypt Pioneers Initiative (DEPI) - Software Testing\DEPI Software Tester Graduation Project\automation-framework\reports\screenshots\TC-019
ðŸ“¸ Screenshot saved at: E:\Folder\Galal\Courses\Digital Egypt Pioneers Initiative (DEPI) - Software Testing\DEPI Software Tester Graduation Project\automation-framework\reports\screenshots\TC-019\TC-019_screenshot.png
ðŸŸ¢ Test Started: testCheckoutProcessAsUser (ðŸ”¢ Test Case ID: TC-073)

ðŸŒ Test Environment:
ðŸ–¥ï¸ OS: Windows 11 10.0
â˜• Java Version: 23.0.1
ðŸŒ Browser: chrome 134.0.6998.89

]]></system-out>
    <system-err><![CDATA[Mar 18, 2025 1:02:16 PM org.openqa.selenium.devtools.CdpVersionFinder findNearestMatch
WARNING: Unable to find an exact match for CDP version 134, returning the closest version; found: 133; Please update to a Selenium version that supports CDP version 134
]]></system-err>
  </testcase>
  <testcase name="verifyCheckoutPageLoads" classname="tests.ui.CheckoutTest" time="16.606">
    <system-out><![CDATA[ðŸ“‚ Test folder created: E:\Folder\Galal\Courses\Digital Egypt Pioneers Initiative (DEPI) - Software Testing\DEPI Software Tester Graduation Project\automation-framework\reports\screenshots\TC-073
ðŸ“¸ Screenshot saved at: E:\Folder\Galal\Courses\Digital Egypt Pioneers Initiative (DEPI) - Software Testing\DEPI Software Tester Graduation Project\automation-framework\reports\screenshots\TC-073\TC-073_screenshot.png
ðŸŸ¢ Test Started: verifyCheckoutPageLoads (ðŸ”¢ Test Case ID: TC-004)

ðŸŒ Test Environment:
ðŸ–¥ï¸ OS: Windows 11 10.0
â˜• Java Version: 23.0.1
ðŸŒ Browser: chrome 134.0.6998.89

]]></system-out>
    <system-err><![CDATA[Mar 18, 2025 1:03:12 PM org.openqa.selenium.devtools.CdpVersionFinder findNearestMatch
WARNING: Unable to find an exact match for CDP version 134, returning the closest version; found: 133; Please update to a Selenium version that supports CDP version 134
]]></system-err>
  </testcase>
  <testcase name="verifyCheckoutProcessAsGuest" classname="tests.ui.CheckoutTest" time="37.168">
    <system-out><![CDATA[ðŸ“‚ Test folder created: E:\Folder\Galal\Courses\Digital Egypt Pioneers Initiative (DEPI) - Software Testing\DEPI Software Tester Graduation Project\automation-framework\reports\screenshots\TC-004
ðŸ“¸ Screenshot saved at: E:\Folder\Galal\Courses\Digital Egypt Pioneers Initiative (DEPI) - Software Testing\DEPI Software Tester Graduation Project\automation-framework\reports\screenshots\TC-004\TC-004_screenshot.png
ðŸŸ¢ Test Started: verifyCheckoutProcessAsGuest (ðŸ”¢ Test Case ID: TC-005_TC-006_TC-072)

ðŸŒ Test Environment:
ðŸ–¥ï¸ OS: Windows 11 10.0
â˜• Java Version: 23.0.1
ðŸŒ Browser: chrome 134.0.6998.89

]]></system-out>
    <system-err><![CDATA[Mar 18, 2025 1:03:50 PM org.openqa.selenium.devtools.CdpVersionFinder findNearestMatch
WARNING: Unable to find an exact match for CDP version 134, returning the closest version; found: 133; Please update to a Selenium version that supports CDP version 134
]]></system-err>
  </testcase>
  <testcase name="verifyDifferentPaymentOptionsAreAvailable" classname="tests.ui.CheckoutTest" time="24.555">
    <system-out><![CDATA[ðŸ“‚ Test folder created: E:\Folder\Galal\Courses\Digital Egypt Pioneers Initiative (DEPI) - Software Testing\DEPI Software Tester Graduation Project\automation-framework\reports\screenshots\TC-005_TC-006_TC-072
ðŸ“¸ Screenshot saved at: E:\Folder\Galal\Courses\Digital Egypt Pioneers Initiative (DEPI) - Software Testing\DEPI Software Tester Graduation Project\automation-framework\reports\screenshots\TC-005_TC-006_TC-072\TC-005_TC-006_TC-072_screenshot.png
ðŸŸ¢ Test Started: verifyDifferentPaymentOptionsAreAvailable (ðŸ”¢ Test Case ID: TC-189)

ðŸŒ Test Environment:
ðŸ–¥ï¸ OS: Windows 11 10.0
â˜• Java Version: 23.0.1
ðŸŒ Browser: chrome 134.0.6998.89

]]></system-out>
    <system-err><![CDATA[Mar 18, 2025 1:04:50 PM org.openqa.selenium.devtools.CdpVersionFinder findNearestMatch
WARNING: Unable to find an exact match for CDP version 134, returning the closest version; found: 133; Please update to a Selenium version that supports CDP version 134
]]></system-err>
  </testcase>
  <testcase name="verifyInvalidAddressPreventsCheckout" classname="tests.ui.CheckoutTest" time="29.166">
    <system-out><![CDATA[ðŸ“‚ Test folder created: E:\Folder\Galal\Courses\Digital Egypt Pioneers Initiative (DEPI) - Software Testing\DEPI Software Tester Graduation Project\automation-framework\reports\screenshots\TC-189
ðŸ“¸ Screenshot saved at: E:\Folder\Galal\Courses\Digital Egypt Pioneers Initiative (DEPI) - Software Testing\DEPI Software Tester Graduation Project\automation-framework\reports\screenshots\TC-189\TC-189_screenshot.png
ðŸŸ¢ Test Started: verifyInvalidAddressPreventsCheckout (ðŸ”¢ Test Case ID: TC-080)

ðŸŒ Test Environment:
ðŸ–¥ï¸ OS: Windows 11 10.0
â˜• Java Version: 23.0.1
ðŸŒ Browser: chrome 134.0.6998.89

]]></system-out>
    <system-err><![CDATA[Mar 18, 2025 1:05:37 PM org.openqa.selenium.devtools.CdpVersionFinder findNearestMatch
WARNING: Unable to find an exact match for CDP version 134, returning the closest version; found: 133; Please update to a Selenium version that supports CDP version 134
]]></system-err>
  </testcase>
  <testcase name="verifyOrderIsGenerated" classname="tests.ui.CheckoutTest" time="28.85">
    <system-out><![CDATA[ðŸ“‚ Test folder created: E:\Folder\Galal\Courses\Digital Egypt Pioneers Initiative (DEPI) - Software Testing\DEPI Software Tester Graduation Project\automation-framework\reports\screenshots\TC-080
ðŸ“¸ Screenshot saved at: E:\Folder\Galal\Courses\Digital Egypt Pioneers Initiative (DEPI) - Software Testing\DEPI Software Tester Graduation Project\automation-framework\reports\screenshots\TC-080\TC-080_screenshot.png
ðŸŸ¢ Test Started: verifyOrderIsGenerated (ðŸ”¢ Test Case ID: TC-081)

ðŸŒ Test Environment:
ðŸ–¥ï¸ OS: Windows 11 10.0
â˜• Java Version: 23.0.1
ðŸŒ Browser: chrome 134.0.6998.89

Order placed successfully. Order Number: 108
]]></system-out>
    <system-err><![CDATA[Mar 18, 2025 1:06:28 PM org.openqa.selenium.devtools.CdpVersionFinder findNearestMatch
WARNING: Unable to find an exact match for CDP version 134, returning the closest version; found: 133; Please update to a Selenium version that supports CDP version 134
]]></system-err>
  </testcase>
  <testcase name="verifyOrderSummaryDisplaysCorrectInfo" classname="tests.ui.CheckoutTest" time="31.814">
    <system-out><![CDATA[ðŸ“‚ Test folder created: E:\Folder\Galal\Courses\Digital Egypt Pioneers Initiative (DEPI) - Software Testing\DEPI Software Tester Graduation Project\automation-framework\reports\screenshots\TC-081
ðŸ“¸ Screenshot saved at: E:\Folder\Galal\Courses\Digital Egypt Pioneers Initiative (DEPI) - Software Testing\DEPI Software Tester Graduation Project\automation-framework\reports\screenshots\TC-081\TC-081_screenshot.png
ðŸŸ¢ Test Started: verifyOrderSummaryDisplaysCorrectInfo (ðŸ”¢ Test Case ID: TC-187)

ðŸŒ Test Environment:
ðŸ–¥ï¸ OS: Windows 11 10.0
â˜• Java Version: 23.0.1
ðŸŒ Browser: chrome 134.0.6998.89

]]></system-out>
    <system-err><![CDATA[Mar 18, 2025 1:07:18 PM org.openqa.selenium.devtools.CdpVersionFinder findNearestMatch
WARNING: Unable to find an exact match for CDP version 134, returning the closest version; found: 133; Please update to a Selenium version that supports CDP version 134
]]></system-err>
  </testcase>
  <testcase name="verifyHeaderLinks" classname="tests.ui.HomePageTest" time="21.075">
    <system-out><![CDATA[ðŸ“‚ Test folder created: E:\Folder\Galal\Courses\Digital Egypt Pioneers Initiative (DEPI) - Software Testing\DEPI Software Tester Graduation Project\automation-framework\reports\screenshots\TC-187
ðŸ“¸ Screenshot saved at: E:\Folder\Galal\Courses\Digital Egypt Pioneers Initiative (DEPI) - Software Testing\DEPI Software Tester Graduation Project\automation-framework\reports\screenshots\TC-187\TC-187_screenshot.png
ðŸŸ¢ Test Started: verifyHeaderLinks (ðŸ”¢ Test Case ID: TC-342)

ðŸŒ Test Environment:
ðŸ–¥ï¸ OS: Windows 11 10.0
â˜• Java Version: 23.0.1
ðŸŒ Browser: chrome 134.0.6998.89

]]></system-out>
    <system-err><![CDATA[Mar 18, 2025 1:08:13 PM org.openqa.selenium.devtools.CdpVersionFinder findNearestMatch
WARNING: Unable to find an exact match for CDP version 134, returning the closest version; found: 133; Please update to a Selenium version that supports CDP version 134
]]></system-err>
  </testcase>
  <testcase name="verifyHomePageLoads" classname="tests.ui.HomePageTest" time="0.838">
    <system-out><![CDATA[ðŸ“‚ Test folder created: E:\Folder\Galal\Courses\Digital Egypt Pioneers Initiative (DEPI) - Software Testing\DEPI Software Tester Graduation Project\automation-framework\reports\screenshots\TC-342
ðŸ“¸ Screenshot saved at: E:\Folder\Galal\Courses\Digital Egypt Pioneers Initiative (DEPI) - Software Testing\DEPI Software Tester Graduation Project\automation-framework\reports\screenshots\TC-342\TC-342_screenshot.png
ðŸŸ¢ Test Started: verifyHomePageLoads (ðŸ”¢ Test Case ID: TC-001)

ðŸŒ Test Environment:
ðŸ–¥ï¸ OS: Windows 11 10.0
â˜• Java Version: 23.0.1
ðŸŒ Browser: chrome 134.0.6998.89

]]></system-out>
    <system-err><![CDATA[Mar 18, 2025 1:08:56 PM org.openqa.selenium.devtools.CdpVersionFinder findNearestMatch
WARNING: Unable to find an exact match for CDP version 134, returning the closest version; found: 133; Please update to a Selenium version that supports CDP version 134
]]></system-err>
  </testcase>
  <testcase name="verifyAvailablePaymentMethods" classname="tests.ui.PaymentsTest" time="20.954">
    <failure message="Neither PayPal nor Cash On Delivery (COD) payment methods are available! Available methods: " type="java.lang.AssertionError"><![CDATA[java.lang.AssertionError: Neither PayPal nor Cash On Delivery (COD) payment methods are available! Available methods: 
	at org.testng.Assert.fail(Assert.java:111)
	at tests.ui.PaymentsTest.verifyAvailablePaymentMethods(PaymentsTest.java:316)
	at java.base/jdk.internal.reflect.DirectMethodHandleAccessor.invoke(DirectMethodHandleAccessor.java:103)
	at java.base/java.lang.reflect.Method.invoke(Method.java:580)
	at org.testng.internal.invokers.MethodInvocationHelper.invokeMethod(MethodInvocationHelper.java:141)
	at org.testng.internal.invokers.TestInvoker.invokeMethod(TestInvoker.java:687)
	at org.testng.internal.invokers.TestInvoker.invokeTestMethod(TestInvoker.java:230)
	at org.testng.internal.invokers.MethodRunner.runInSequence(MethodRunner.java:63)
	at org.testng.internal.invokers.TestInvoker$MethodInvocationAgent.invoke(TestInvoker.java:995)
	at org.testng.internal.invokers.TestInvoker.invokeTestMethods(TestInvoker.java:203)
	at org.testng.internal.invokers.TestMethodWorker.invokeTestMethods(TestMethodWorker.java:154)
	at org.testng.internal.invokers.TestMethodWorker.run(TestMethodWorker.java:134)
	at java.base/java.util.ArrayList.forEach(ArrayList.java:1597)
	at org.testng.TestRunner.privateRun(TestRunner.java:741)
	at org.testng.TestRunner.run(TestRunner.java:616)
	at org.testng.SuiteRunner.runTest(SuiteRunner.java:421)
	at org.testng.SuiteRunner.runSequentially(SuiteRunner.java:413)
	at org.testng.SuiteRunner.privateRun(SuiteRunner.java:373)
	at org.testng.SuiteRunner.run(SuiteRunner.java:312)
	at org.testng.SuiteRunnerWorker.runSuite(SuiteRunnerWorker.java:52)
	at org.testng.SuiteRunnerWorker.run(SuiteRunnerWorker.java:95)
	at org.testng.TestNG.runSuitesSequentially(TestNG.java:1274)
	at org.testng.TestNG.runSuitesLocally(TestNG.java:1208)
	at org.testng.TestNG.runSuites(TestNG.java:1112)
	at org.testng.TestNG.run(TestNG.java:1079)
	at org.apache.maven.surefire.testng.TestNGExecutor.run(TestNGExecutor.java:308)
	at org.apache.maven.surefire.testng.TestNGXmlTestSuite.execute(TestNGXmlTestSuite.java:71)
	at org.apache.maven.surefire.testng.TestNGProvider.invoke(TestNGProvider.java:113)
	at org.apache.maven.surefire.booter.ForkedBooter.runSuitesInProcess(ForkedBooter.java:385)
	at org.apache.maven.surefire.booter.ForkedBooter.execute(ForkedBooter.java:162)
	at org.apache.maven.surefire.booter.ForkedBooter.run(ForkedBooter.java:507)
	at org.apache.maven.surefire.booter.ForkedBooter.main(ForkedBooter.java:495)
]]></failure>
    <system-out><![CDATA[ðŸ“‚ Test folder created: E:\Folder\Galal\Courses\Digital Egypt Pioneers Initiative (DEPI) - Software Testing\DEPI Software Tester Graduation Project\automation-framework\reports\screenshots\TC-001
ðŸ“¸ Screenshot saved at: E:\Folder\Galal\Courses\Digital Egypt Pioneers Initiative (DEPI) - Software Testing\DEPI Software Tester Graduation Project\automation-framework\reports\screenshots\TC-001\TC-001_screenshot.png
ðŸŸ¢ Test Started: verifyAvailablePaymentMethods (ðŸ”¢ Test Case ID: TC-083_TC-084)

ðŸŒ Test Environment:
ðŸ–¥ï¸ OS: Windows 11 10.0
â˜• Java Version: 23.0.1
ðŸŒ Browser: chrome 134.0.6998.89

User logged in successfully.
Navigating to product page: https://demo.nopcommerce.com/adobe-photoshop
Clicked 'Add to Cart' button.
Cart page loaded successfully.
Accepted terms of service.
Shipping method selected.
Checking available payment methods...
]]></system-out>
    <system-err><![CDATA[Mar 18, 2025 1:09:23 PM org.openqa.selenium.devtools.CdpVersionFinder findNearestMatch
WARNING: Unable to find an exact match for CDP version 134, returning the closest version; found: 133; Please update to a Selenium version that supports CDP version 134
]]></system-err>
  </testcase>
  <testcase name="verifyDuplicatePaymentPrevention" classname="tests.ui.PaymentsTest" time="26.992">
    <failure message="Duplicate payment request should have been blocked!" type="java.lang.AssertionError"><![CDATA[java.lang.AssertionError: Duplicate payment request should have been blocked!
	at org.testng.Assert.fail(Assert.java:111)
	at tests.ui.PaymentsTest.verifyDuplicatePaymentPrevention(PaymentsTest.java:443)
	at java.base/jdk.internal.reflect.DirectMethodHandleAccessor.invoke(DirectMethodHandleAccessor.java:103)
	at java.base/java.lang.reflect.Method.invoke(Method.java:580)
	at org.testng.internal.invokers.MethodInvocationHelper.invokeMethod(MethodInvocationHelper.java:141)
	at org.testng.internal.invokers.TestInvoker.invokeMethod(TestInvoker.java:687)
	at org.testng.internal.invokers.TestInvoker.invokeTestMethod(TestInvoker.java:230)
	at org.testng.internal.invokers.MethodRunner.runInSequence(MethodRunner.java:63)
	at org.testng.internal.invokers.TestInvoker$MethodInvocationAgent.invoke(TestInvoker.java:995)
	at org.testng.internal.invokers.TestInvoker.invokeTestMethods(TestInvoker.java:203)
	at org.testng.internal.invokers.TestMethodWorker.invokeTestMethods(TestMethodWorker.java:154)
	at org.testng.internal.invokers.TestMethodWorker.run(TestMethodWorker.java:134)
	at java.base/java.util.ArrayList.forEach(ArrayList.java:1597)
	at org.testng.TestRunner.privateRun(TestRunner.java:741)
	at org.testng.TestRunner.run(TestRunner.java:616)
	at org.testng.SuiteRunner.runTest(SuiteRunner.java:421)
	at org.testng.SuiteRunner.runSequentially(SuiteRunner.java:413)
	at org.testng.SuiteRunner.privateRun(SuiteRunner.java:373)
	at org.testng.SuiteRunner.run(SuiteRunner.java:312)
	at org.testng.SuiteRunnerWorker.runSuite(SuiteRunnerWorker.java:52)
	at org.testng.SuiteRunnerWorker.run(SuiteRunnerWorker.java:95)
	at org.testng.TestNG.runSuitesSequentially(TestNG.java:1274)
	at org.testng.TestNG.runSuitesLocally(TestNG.java:1208)
	at org.testng.TestNG.runSuites(TestNG.java:1112)
	at org.testng.TestNG.run(TestNG.java:1079)
	at org.apache.maven.surefire.testng.TestNGExecutor.run(TestNGExecutor.java:308)
	at org.apache.maven.surefire.testng.TestNGXmlTestSuite.execute(TestNGXmlTestSuite.java:71)
	at org.apache.maven.surefire.testng.TestNGProvider.invoke(TestNGProvider.java:113)
	at org.apache.maven.surefire.booter.ForkedBooter.runSuitesInProcess(ForkedBooter.java:385)
	at org.apache.maven.surefire.booter.ForkedBooter.execute(ForkedBooter.java:162)
	at org.apache.maven.surefire.booter.ForkedBooter.run(ForkedBooter.java:507)
	at org.apache.maven.surefire.booter.ForkedBooter.main(ForkedBooter.java:495)
]]></failure>
    <system-out><![CDATA[ðŸ“‚ Test folder created: E:\Folder\Galal\Courses\Digital Egypt Pioneers Initiative (DEPI) - Software Testing\DEPI Software Tester Graduation Project\automation-framework\reports\screenshots\TC-083_TC-084
ðŸ“¸ Screenshot saved at: E:\Folder\Galal\Courses\Digital Egypt Pioneers Initiative (DEPI) - Software Testing\DEPI Software Tester Graduation Project\automation-framework\reports\screenshots\TC-083_TC-084\TC-083_TC-084_screenshot.png
ðŸŸ¢ Test Started: verifyDuplicatePaymentPrevention (ðŸ”¢ Test Case ID: TC-088)

ðŸŒ Test Environment:
ðŸ–¥ï¸ OS: Windows 11 10.0
â˜• Java Version: 23.0.1
ðŸŒ Browser: chrome 134.0.6998.89

User logged in successfully.
Navigating to product page: https://demo.nopcommerce.com/adobe-photoshop
Clicked 'Add to Cart' button.
Cart page loaded successfully.
Accepted terms of service.
Shipping method selected.
Payment method selected.
]]></system-out>
    <system-err><![CDATA[Mar 18, 2025 1:10:07 PM org.openqa.selenium.devtools.CdpVersionFinder findNearestMatch
WARNING: Unable to find an exact match for CDP version 134, returning the closest version; found: 133; Please update to a Selenium version that supports CDP version 134
]]></system-err>
  </testcase>
  <testcase name="verifyExpiredPaymentMethod" classname="tests.ui.PaymentsTest" time="27.166">
    <system-out><![CDATA[ðŸ“‚ Test folder created: E:\Folder\Galal\Courses\Digital Egypt Pioneers Initiative (DEPI) - Software Testing\DEPI Software Tester Graduation Project\automation-framework\reports\screenshots\TC-088
ðŸ“¸ Screenshot saved at: E:\Folder\Galal\Courses\Digital Egypt Pioneers Initiative (DEPI) - Software Testing\DEPI Software Tester Graduation Project\automation-framework\reports\screenshots\TC-088\TC-088_screenshot.png
ðŸŸ¢ Test Started: verifyExpiredPaymentMethod (ðŸ”¢ Test Case ID: TC-012)

ðŸŒ Test Environment:
ðŸ–¥ï¸ OS: Windows 11 10.0
â˜• Java Version: 23.0.1
ðŸŒ Browser: chrome 134.0.6998.89

User logged in successfully.
Navigating to product page: https://demo.nopcommerce.com/adobe-photoshop
Clicked 'Add to Cart' button.
Cart page loaded successfully.
Accepted terms of service.
Shipping method selected.
Payment method selected.
Payment details entered.
]]></system-out>
    <system-err><![CDATA[Mar 18, 2025 1:10:57 PM org.openqa.selenium.devtools.CdpVersionFinder findNearestMatch
WARNING: Unable to find an exact match for CDP version 134, returning the closest version; found: 133; Please update to a Selenium version that supports CDP version 134
]]></system-err>
  </testcase>
  <testcase name="verifyPaymentFailsWithInsufficientFunds" classname="tests.ui.PaymentsTest" time="58.794">
    <failure message="Transaction should have been declined due to insufficient funds, but it was processed successfully." type="java.lang.AssertionError"><![CDATA[java.lang.AssertionError: Transaction should have been declined due to insufficient funds, but it was processed successfully.
	at org.testng.Assert.fail(Assert.java:111)
	at tests.ui.PaymentsTest.verifyPaymentFailsWithInsufficientFunds(PaymentsTest.java:558)
	at java.base/jdk.internal.reflect.DirectMethodHandleAccessor.invoke(DirectMethodHandleAccessor.java:103)
	at java.base/java.lang.reflect.Method.invoke(Method.java:580)
	at org.testng.internal.invokers.MethodInvocationHelper.invokeMethod(MethodInvocationHelper.java:141)
	at org.testng.internal.invokers.TestInvoker.invokeMethod(TestInvoker.java:687)
	at org.testng.internal.invokers.TestInvoker.invokeTestMethod(TestInvoker.java:230)
	at org.testng.internal.invokers.MethodRunner.runInSequence(MethodRunner.java:63)
	at org.testng.internal.invokers.TestInvoker$MethodInvocationAgent.invoke(TestInvoker.java:995)
	at org.testng.internal.invokers.TestInvoker.invokeTestMethods(TestInvoker.java:203)
	at org.testng.internal.invokers.TestMethodWorker.invokeTestMethods(TestMethodWorker.java:154)
	at org.testng.internal.invokers.TestMethodWorker.run(TestMethodWorker.java:134)
	at java.base/java.util.ArrayList.forEach(ArrayList.java:1597)
	at org.testng.TestRunner.privateRun(TestRunner.java:741)
	at org.testng.TestRunner.run(TestRunner.java:616)
	at org.testng.SuiteRunner.runTest(SuiteRunner.java:421)
	at org.testng.SuiteRunner.runSequentially(SuiteRunner.java:413)
	at org.testng.SuiteRunner.privateRun(SuiteRunner.java:373)
	at org.testng.SuiteRunner.run(SuiteRunner.java:312)
	at org.testng.SuiteRunnerWorker.runSuite(SuiteRunnerWorker.java:52)
	at org.testng.SuiteRunnerWorker.run(SuiteRunnerWorker.java:95)
	at org.testng.TestNG.runSuitesSequentially(TestNG.java:1274)
	at org.testng.TestNG.runSuitesLocally(TestNG.java:1208)
	at org.testng.TestNG.runSuites(TestNG.java:1112)
	at org.testng.TestNG.run(TestNG.java:1079)
	at org.apache.maven.surefire.testng.TestNGExecutor.run(TestNGExecutor.java:308)
	at org.apache.maven.surefire.testng.TestNGXmlTestSuite.execute(TestNGXmlTestSuite.java:71)
	at org.apache.maven.surefire.testng.TestNGProvider.invoke(TestNGProvider.java:113)
	at org.apache.maven.surefire.booter.ForkedBooter.runSuitesInProcess(ForkedBooter.java:385)
	at org.apache.maven.surefire.booter.ForkedBooter.execute(ForkedBooter.java:162)
	at org.apache.maven.surefire.booter.ForkedBooter.run(ForkedBooter.java:507)
	at org.apache.maven.surefire.booter.ForkedBooter.main(ForkedBooter.java:495)
]]></failure>
    <system-out><![CDATA[ðŸ“‚ Test folder created: E:\Folder\Galal\Courses\Digital Egypt Pioneers Initiative (DEPI) - Software Testing\DEPI Software Tester Graduation Project\automation-framework\reports\screenshots\TC-012
ðŸ“¸ Screenshot saved at: E:\Folder\Galal\Courses\Digital Egypt Pioneers Initiative (DEPI) - Software Testing\DEPI Software Tester Graduation Project\automation-framework\reports\screenshots\TC-012\TC-012_screenshot.png
ðŸŸ¢ Test Started: verifyPaymentFailsWithInsufficientFunds (ðŸ”¢ Test Case ID: TC-095)

ðŸŒ Test Environment:
ðŸ–¥ï¸ OS: Windows 11 10.0
â˜• Java Version: 23.0.1
ðŸŒ Browser: chrome 134.0.6998.89

User logged in successfully.
Navigating to product page: https://demo.nopcommerce.com/adobe-photoshop
Clicked 'Add to Cart' button.
Cart page loaded successfully.
Accepted terms of service.
Shipping method selected.
Payment method selected.
]]></system-out>
    <system-err><![CDATA[Mar 18, 2025 1:11:47 PM org.openqa.selenium.devtools.CdpVersionFinder findNearestMatch
WARNING: Unable to find an exact match for CDP version 134, returning the closest version; found: 133; Please update to a Selenium version that supports CDP version 134
]]></system-err>
  </testcase>
  <testcase name="verifyPaymentViaCreditCard" classname="tests.ui.PaymentsTest" time="32.958">
    <system-out><![CDATA[ðŸ“‚ Test folder created: E:\Folder\Galal\Courses\Digital Egypt Pioneers Initiative (DEPI) - Software Testing\DEPI Software Tester Graduation Project\automation-framework\reports\screenshots\TC-095
ðŸ“¸ Screenshot saved at: E:\Folder\Galal\Courses\Digital Egypt Pioneers Initiative (DEPI) - Software Testing\DEPI Software Tester Graduation Project\automation-framework\reports\screenshots\TC-095\TC-095_screenshot.png
ðŸŸ¢ Test Started: verifyPaymentViaCreditCard (ðŸ”¢ Test Case ID: TC-082)

ðŸŒ Test Environment:
ðŸ–¥ï¸ OS: Windows 11 10.0
â˜• Java Version: 23.0.1
ðŸŒ Browser: chrome 134.0.6998.89

User logged in successfully.
Navigating to product page: https://demo.nopcommerce.com/adobe-photoshop
Clicked 'Add to Cart' button.
Cart page loaded successfully.
Accepted terms of service.
Shipping method selected.
Payment method selected.
]]></system-out>
    <system-err><![CDATA[Mar 18, 2025 1:13:08 PM org.openqa.selenium.devtools.CdpVersionFinder findNearestMatch
WARNING: Unable to find an exact match for CDP version 134, returning the closest version; found: 133; Please update to a Selenium version that supports CDP version 134
]]></system-err>
  </testcase>
  <testcase name="verifyCompareListFunctionality" classname="tests.ui.ProductPageTest" time="56.854">
    <system-out><![CDATA[ðŸ“‚ Test folder created: E:\Folder\Galal\Courses\Digital Egypt Pioneers Initiative (DEPI) - Software Testing\DEPI Software Tester Graduation Project\automation-framework\reports\screenshots\TC-082
ðŸ“¸ Screenshot saved at: E:\Folder\Galal\Courses\Digital Egypt Pioneers Initiative (DEPI) - Software Testing\DEPI Software Tester Graduation Project\automation-framework\reports\screenshots\TC-082\TC-082_screenshot.png
ðŸŸ¢ Test Started: verifyCompareListFunctionality (ðŸ”¢ Test Case ID: TC-199)

ðŸŒ Test Environment:
ðŸ–¥ï¸ OS: Windows 11 10.0
â˜• Java Version: 23.0.1
ðŸŒ Browser: chrome 134.0.6998.89

Extracted Products: [HTC One Mini Blue, Apple iPhone 16 128GB]
]]></system-out>
    <system-err><![CDATA[Mar 18, 2025 1:14:05 PM org.openqa.selenium.devtools.CdpVersionFinder findNearestMatch
WARNING: Unable to find an exact match for CDP version 134, returning the closest version; found: 133; Please update to a Selenium version that supports CDP version 134
]]></system-err>
  </testcase>
  <testcase name="verifyProductImageGallery" classname="tests.ui.ProductPageTest" time="13.743">
    <system-out><![CDATA[ðŸ“‚ Test folder created: E:\Folder\Galal\Courses\Digital Egypt Pioneers Initiative (DEPI) - Software Testing\DEPI Software Tester Graduation Project\automation-framework\reports\screenshots\TC-199
ðŸ“¸ Screenshot saved at: E:\Folder\Galal\Courses\Digital Egypt Pioneers Initiative (DEPI) - Software Testing\DEPI Software Tester Graduation Project\automation-framework\reports\screenshots\TC-199\TC-199_screenshot.png
ðŸŸ¢ Test Started: verifyProductImageGallery (ðŸ”¢ Test Case ID: TC-179)

ðŸŒ Test Environment:
ðŸ–¥ï¸ OS: Windows 11 10.0
â˜• Java Version: 23.0.1
ðŸŒ Browser: chrome 134.0.6998.89

Before click: https://demo.nopcommerce.com/images/thumbs/0000020_build-your-own-computer_550.jpeg
After click: https://demo.nopcommerce.com/images/thumbs/0000020_build-your-own-computer_550.jpeg
]]></system-out>
    <system-err><![CDATA[Mar 18, 2025 1:15:23 PM org.openqa.selenium.devtools.CdpVersionFinder findNearestMatch
WARNING: Unable to find an exact match for CDP version 134, returning the closest version; found: 133; Please update to a Selenium version that supports CDP version 134
]]></system-err>
  </testcase>
  <testcase name="verifyProductPageLoadsCorrectly" classname="tests.ui.ProductPageTest" time="5.954">
    <system-out><![CDATA[ðŸ“‚ Test folder created: E:\Folder\Galal\Courses\Digital Egypt Pioneers Initiative (DEPI) - Software Testing\DEPI Software Tester Graduation Project\automation-framework\reports\screenshots\TC-179
ðŸ“¸ Screenshot saved at: E:\Folder\Galal\Courses\Digital Egypt Pioneers Initiative (DEPI) - Software Testing\DEPI Software Tester Graduation Project\automation-framework\reports\screenshots\TC-179\TC-179_screenshot.png
ðŸŸ¢ Test Started: verifyProductPageLoadsCorrectly (ðŸ”¢ Test Case ID: TC-003)

ðŸŒ Test Environment:
ðŸ–¥ï¸ OS: Windows 11 10.0
â˜• Java Version: 23.0.1
ðŸŒ Browser: chrome 134.0.6998.89

]]></system-out>
    <system-err><![CDATA[Mar 18, 2025 1:15:59 PM org.openqa.selenium.devtools.CdpVersionFinder findNearestMatch
WARNING: Unable to find an exact match for CDP version 134, returning the closest version; found: 133; Please update to a Selenium version that supports CDP version 134
]]></system-err>
  </testcase>
  <testcase name="verifyProductReviewsAreDisplayed" classname="tests.ui.ProductPageTest" time="12.628">
    <system-out><![CDATA[ðŸ“‚ Test folder created: E:\Folder\Galal\Courses\Digital Egypt Pioneers Initiative (DEPI) - Software Testing\DEPI Software Tester Graduation Project\automation-framework\reports\screenshots\TC-003
ðŸ“¸ Screenshot saved at: E:\Folder\Galal\Courses\Digital Egypt Pioneers Initiative (DEPI) - Software Testing\DEPI Software Tester Graduation Project\automation-framework\reports\screenshots\TC-003\TC-003_screenshot.png
ðŸŸ¢ Test Started: verifyProductReviewsAreDisplayed (ðŸ”¢ Test Case ID: TC-180)

ðŸŒ Test Environment:
ðŸ–¥ï¸ OS: Windows 11 10.0
â˜• Java Version: 23.0.1
ðŸŒ Browser: chrome 134.0.6998.89

]]></system-out>
    <system-err><![CDATA[Mar 18, 2025 1:16:28 PM org.openqa.selenium.devtools.CdpVersionFinder findNearestMatch
WARNING: Unable to find an exact match for CDP version 134, returning the closest version; found: 133; Please update to a Selenium version that supports CDP version 134
]]></system-err>
  </testcase>
  <testcase name="verifyProductVariationSelection" classname="tests.ui.ProductPageTest" time="28.279">
    <system-out><![CDATA[ðŸ“‚ Test folder created: E:\Folder\Galal\Courses\Digital Egypt Pioneers Initiative (DEPI) - Software Testing\DEPI Software Tester Graduation Project\automation-framework\reports\screenshots\TC-180
ðŸ“¸ Screenshot saved at: E:\Folder\Galal\Courses\Digital Egypt Pioneers Initiative (DEPI) - Software Testing\DEPI Software Tester Graduation Project\automation-framework\reports\screenshots\TC-180\TC-180_screenshot.png
ðŸŸ¢ Test Started: verifyProductVariationSelection (ðŸ”¢ Test Case ID: TC-020)

ðŸŒ Test Environment:
ðŸ–¥ï¸ OS: Windows 11 10.0
â˜• Java Version: 23.0.1
ðŸŒ Browser: chrome 134.0.6998.89

]]></system-out>
    <system-err><![CDATA[Mar 18, 2025 1:17:03 PM org.openqa.selenium.devtools.CdpVersionFinder findNearestMatch
WARNING: Unable to find an exact match for CDP version 134, returning the closest version; found: 133; Please update to a Selenium version that supports CDP version 134
]]></system-err>
  </testcase>
  <testcase name="verifyRelatedProductsAreDisplayed" classname="tests.ui.ProductPageTest" time="16.536">
    <system-out><![CDATA[ðŸ“‚ Test folder created: E:\Folder\Galal\Courses\Digital Egypt Pioneers Initiative (DEPI) - Software Testing\DEPI Software Tester Graduation Project\automation-framework\reports\screenshots\TC-020
ðŸ“¸ Screenshot saved at: E:\Folder\Galal\Courses\Digital Egypt Pioneers Initiative (DEPI) - Software Testing\DEPI Software Tester Graduation Project\automation-framework\reports\screenshots\TC-020\TC-020_screenshot.png
ðŸŸ¢ Test Started: verifyRelatedProductsAreDisplayed (ðŸ”¢ Test Case ID: TC-063)

ðŸŒ Test Environment:
ðŸ–¥ï¸ OS: Windows 11 10.0
â˜• Java Version: 23.0.1
ðŸŒ Browser: chrome 134.0.6998.89

]]></system-out>
    <system-err><![CDATA[Mar 18, 2025 1:17:53 PM org.openqa.selenium.devtools.CdpVersionFinder findNearestMatch
WARNING: Unable to find an exact match for CDP version 134, returning the closest version; found: 133; Please update to a Selenium version that supports CDP version 134
]]></system-err>
  </testcase>
  <testcase name="verifyAutoSuggestionsInSearchBar" classname="tests.ui.SearchTest" time="4.822">
    <system-out><![CDATA[ðŸ“‚ Test folder created: E:\Folder\Galal\Courses\Digital Egypt Pioneers Initiative (DEPI) - Software Testing\DEPI Software Tester Graduation Project\automation-framework\reports\screenshots\TC-063
ðŸ“¸ Screenshot saved at: E:\Folder\Galal\Courses\Digital Egypt Pioneers Initiative (DEPI) - Software Testing\DEPI Software Tester Graduation Project\automation-framework\reports\screenshots\TC-063\TC-063_screenshot.png
ðŸŸ¢ Test Started: verifyAutoSuggestionsInSearchBar (ðŸ”¢ Test Case ID: TC-051)

ðŸŒ Test Environment:
ðŸ–¥ï¸ OS: Windows 11 10.0
â˜• Java Version: 23.0.1
ðŸŒ Browser: chrome 134.0.6998.89

]]></system-out>
    <system-err><![CDATA[Mar 18, 2025 1:18:31 PM org.openqa.selenium.devtools.CdpVersionFinder findNearestMatch
WARNING: Unable to find an exact match for CDP version 134, returning the closest version; found: 133; Please update to a Selenium version that supports CDP version 134
]]></system-err>
  </testcase>
  <testcase name="verifyClearingFilters" classname="tests.ui.SearchTest" time="17.793">
    <system-out><![CDATA[ðŸ“‚ Test folder created: E:\Folder\Galal\Courses\Digital Egypt Pioneers Initiative (DEPI) - Software Testing\DEPI Software Tester Graduation Project\automation-framework\reports\screenshots\TC-051
ðŸ“¸ Screenshot saved at: E:\Folder\Galal\Courses\Digital Egypt Pioneers Initiative (DEPI) - Software Testing\DEPI Software Tester Graduation Project\automation-framework\reports\screenshots\TC-051\TC-051_screenshot.png
ðŸŸ¢ Test Started: verifyClearingFilters (ðŸ”¢ Test Case ID: TC-050)

ðŸŒ Test Environment:
ðŸ–¥ï¸ OS: Windows 11 10.0
â˜• Java Version: 23.0.1
ðŸŒ Browser: chrome 134.0.6998.89

]]></system-out>
    <system-err><![CDATA[Mar 18, 2025 1:18:58 PM org.openqa.selenium.devtools.CdpVersionFinder findNearestMatch
WARNING: Unable to find an exact match for CDP version 134, returning the closest version; found: 133; Please update to a Selenium version that supports CDP version 134
]]></system-err>
  </testcase>
  <testcase name="verifyFilteringByManufacturer" classname="tests.ui.SearchTest" time="15.308">
    <system-out><![CDATA[ðŸ“‚ Test folder created: E:\Folder\Galal\Courses\Digital Egypt Pioneers Initiative (DEPI) - Software Testing\DEPI Software Tester Graduation Project\automation-framework\reports\screenshots\TC-050
ðŸ“¸ Screenshot saved at: E:\Folder\Galal\Courses\Digital Egypt Pioneers Initiative (DEPI) - Software Testing\DEPI Software Tester Graduation Project\automation-framework\reports\screenshots\TC-050\TC-050_screenshot.png
ðŸŸ¢ Test Started: verifyFilteringByManufacturer (ðŸ”¢ Test Case ID: TC-044)

ðŸŒ Test Environment:
ðŸ–¥ï¸ OS: Windows 11 10.0
â˜• Java Version: 23.0.1
ðŸŒ Browser: chrome 134.0.6998.89

]]></system-out>
    <system-err><![CDATA[Mar 18, 2025 1:19:38 PM org.openqa.selenium.devtools.CdpVersionFinder findNearestMatch
WARNING: Unable to find an exact match for CDP version 134, returning the closest version; found: 133; Please update to a Selenium version that supports CDP version 134
]]></system-err>
  </testcase>
  <testcase name="verifyInvalidSearchTerm" classname="tests.ui.SearchTest" time="7.267">
    <system-out><![CDATA[ðŸ“‚ Test folder created: E:\Folder\Galal\Courses\Digital Egypt Pioneers Initiative (DEPI) - Software Testing\DEPI Software Tester Graduation Project\automation-framework\reports\screenshots\TC-044
ðŸ“¸ Screenshot saved at: E:\Folder\Galal\Courses\Digital Egypt Pioneers Initiative (DEPI) - Software Testing\DEPI Software Tester Graduation Project\automation-framework\reports\screenshots\TC-044\TC-044_screenshot.png
ðŸŸ¢ Test Started: verifyInvalidSearchTerm (ðŸ”¢ Test Case ID: TC-048)

ðŸŒ Test Environment:
ðŸ–¥ï¸ OS: Windows 11 10.0
â˜• Java Version: 23.0.1
ðŸŒ Browser: chrome 134.0.6998.89

]]></system-out>
    <system-err><![CDATA[Mar 18, 2025 1:20:16 PM org.openqa.selenium.devtools.CdpVersionFinder findNearestMatch
WARNING: Unable to find an exact match for CDP version 134, returning the closest version; found: 133; Please update to a Selenium version that supports CDP version 134
]]></system-err>
  </testcase>
  <testcase name="verifyPaginationInSearchResults" classname="tests.ui.SearchTest" time="9.763">
    <system-out><![CDATA[ðŸ“‚ Test folder created: E:\Folder\Galal\Courses\Digital Egypt Pioneers Initiative (DEPI) - Software Testing\DEPI Software Tester Graduation Project\automation-framework\reports\screenshots\TC-048
ðŸ“¸ Screenshot saved at: E:\Folder\Galal\Courses\Digital Egypt Pioneers Initiative (DEPI) - Software Testing\DEPI Software Tester Graduation Project\automation-framework\reports\screenshots\TC-048\TC-048_screenshot.png
ðŸŸ¢ Test Started: verifyPaginationInSearchResults (ðŸ”¢ Test Case ID: TC-042)

ðŸŒ Test Environment:
ðŸ–¥ï¸ OS: Windows 11 10.0
â˜• Java Version: 23.0.1
ðŸŒ Browser: chrome 134.0.6998.89

]]></system-out>
    <system-err><![CDATA[Mar 18, 2025 1:20:46 PM org.openqa.selenium.devtools.CdpVersionFinder findNearestMatch
WARNING: Unable to find an exact match for CDP version 134, returning the closest version; found: 133; Please update to a Selenium version that supports CDP version 134
]]></system-err>
  </testcase>
  <testcase name="verifySearchByCategory" classname="tests.ui.SearchTest" time="6.383">
    <system-out><![CDATA[ðŸ“‚ Test folder created: E:\Folder\Galal\Courses\Digital Egypt Pioneers Initiative (DEPI) - Software Testing\DEPI Software Tester Graduation Project\automation-framework\reports\screenshots\TC-042
ðŸ“¸ Screenshot saved at: E:\Folder\Galal\Courses\Digital Egypt Pioneers Initiative (DEPI) - Software Testing\DEPI Software Tester Graduation Project\automation-framework\reports\screenshots\TC-042\TC-042_screenshot.png
ðŸŸ¢ Test Started: verifySearchByCategory (ðŸ”¢ Test Case ID: TC-038)

ðŸŒ Test Environment:
ðŸ–¥ï¸ OS: Windows 11 10.0
â˜• Java Version: 23.0.1
ðŸŒ Browser: chrome 134.0.6998.89

]]></system-out>
    <system-err><![CDATA[Mar 18, 2025 1:21:18 PM org.openqa.selenium.devtools.CdpVersionFinder findNearestMatch
WARNING: Unable to find an exact match for CDP version 134, returning the closest version; found: 133; Please update to a Selenium version that supports CDP version 134
]]></system-err>
  </testcase>
  <testcase name="verifySearchFunctionality" classname="tests.ui.SearchTest" time="5.193">
    <system-out><![CDATA[ðŸ“‚ Test folder created: E:\Folder\Galal\Courses\Digital Egypt Pioneers Initiative (DEPI) - Software Testing\DEPI Software Tester Graduation Project\automation-framework\reports\screenshots\TC-038
ðŸ“¸ Screenshot saved at: E:\Folder\Galal\Courses\Digital Egypt Pioneers Initiative (DEPI) - Software Testing\DEPI Software Tester Graduation Project\automation-framework\reports\screenshots\TC-038\TC-038_screenshot.png
ðŸŸ¢ Test Started: verifySearchFunctionality (ðŸ”¢ Test Case ID: TC-002)

ðŸŒ Test Environment:
ðŸ–¥ï¸ OS: Windows 11 10.0
â˜• Java Version: 23.0.1
ðŸŒ Browser: chrome 134.0.6998.89

]]></system-out>
    <system-err><![CDATA[Mar 18, 2025 1:21:47 PM org.openqa.selenium.devtools.CdpVersionFinder findNearestMatch
WARNING: Unable to find an exact match for CDP version 134, returning the closest version; found: 133; Please update to a Selenium version that supports CDP version 134
]]></system-err>
  </testcase>
  <testcase name="verifySortingOptions" classname="tests.ui.SearchTest" time="15.704">
    <system-out><![CDATA[ðŸ“‚ Test folder created: E:\Folder\Galal\Courses\Digital Egypt Pioneers Initiative (DEPI) - Software Testing\DEPI Software Tester Graduation Project\automation-framework\reports\screenshots\TC-002
ðŸ“¸ Screenshot saved at: E:\Folder\Galal\Courses\Digital Egypt Pioneers Initiative (DEPI) - Software Testing\DEPI Software Tester Graduation Project\automation-framework\reports\screenshots\TC-002\TC-002_screenshot.png
ðŸŸ¢ Test Started: verifySortingOptions (ðŸ”¢ Test Case ID: TC-043)

ðŸŒ Test Environment:
ðŸ–¥ï¸ OS: Windows 11 10.0
â˜• Java Version: 23.0.1
ðŸŒ Browser: chrome 134.0.6998.89

]]></system-out>
    <system-err><![CDATA[Mar 18, 2025 1:22:14 PM org.openqa.selenium.devtools.CdpVersionFinder findNearestMatch
WARNING: Unable to find an exact match for CDP version 134, returning the closest version; found: 133; Please update to a Selenium version that supports CDP version 134
]]></system-err>
  </testcase>
</testsuite>