<?xml version="1.0" encoding="UTF-8"?>
<!-- Generated by org.testng.reporters.JUnitXMLReporter -->
<testsuite ignored="0" hostname="Galal" failures="0" tests="6" name="Surefire test" time="225.223" errors="0" timestamp="2025-03-22T22:18:49 EET">
  <testcase classname="tests.ui.AuthenticationTest" name="verifyErrorMessageForExistingEmail" time="17.226"/>
  <testcase classname="tests.ui.AuthenticationTest" name="verifyErrorMessageForRegistrationWithMissingFields" time="16.785"/>
  <testcase classname="tests.ui.AuthenticationTest" name="verifyUserLoginWithInvalidCredentials" time="7.286"/>
  <testcase classname="tests.ui.AuthenticationTest" name="verifyUserLoginWithValidCredentials" time="9.308"/>
  <testcase classname="tests.ui.AuthenticationTest" name="verifyUserLogout" time="19.907"/>
  <testcase classname="tests.ui.AuthenticationTest" name="verifyUserRegistrationWithValidDetails" time="8.346"/>
</testsuite> <!-- Surefire test -->
