<?xml version="1.0" encoding="UTF-8"?>
<!-- Generated by org.testng.reporters.JUnitXMLReporter -->
<testsuite ignored="0" hostname="Galal" failures="0" tests="7" name="Surefire test" time="317.739" errors="0" timestamp="2025-03-23T03:48:30 EET">
  <testcase classname="tests.ui.CheckoutTest" name="testCheckoutProcessAsUser" time="37.653"/>
  <testcase classname="tests.ui.CheckoutTest" name="verifyCheckoutPageLoads" time="9.338"/>
  <testcase classname="tests.ui.CheckoutTest" name="verifyCheckoutProcessAsGuest" time="33.355"/>
  <testcase classname="tests.ui.CheckoutTest" name="verifyDifferentPaymentOptionsAreAvailable" time="28.319"/>
  <testcase classname="tests.ui.CheckoutTest" name="verifyInvalidAddressPreventsCheckout" time="24.804"/>
  <testcase classname="tests.ui.CheckoutTest" name="verifyOrderIsGenerated" time="31.37"/>
  <testcase classname="tests.ui.CheckoutTest" name="verifyOrderSummaryDisplaysCorrectInfo" time="27.695"/>
</testsuite> <!-- Surefire test -->
