<?xml version="1.0" encoding="UTF-8"?>
<!-- Generated by org.testng.reporters.JUnitXMLReporter -->
<testsuite ignored="0" hostname="Galal" failures="0" tests="5" name="Surefire test" time="174.196" errors="0" timestamp="2025-03-23T05:22:03 EET">
  <testcase classname="tests.ui.HomePageTest" name="validateHomepageRedirection" time="4.585"/>
  <testcase classname="tests.ui.HomePageTest" name="verifyBreadcrumbNavigation" time="11.127"/>
  <testcase classname="tests.ui.HomePageTest" name="verifyCategoryNavigation" time="13.983"/>
  <testcase classname="tests.ui.HomePageTest" name="verifyHeaderLinks" time="20.723"/>
  <testcase classname="tests.ui.HomePageTest" name="verifyHomePageLoads" time="0.838"/>
</testsuite> <!-- Surefire test -->
