<?xml version="1.0" encoding="UTF-8"?>
<testng-results ignored="0" total="7" passed="7" failed="0" skipped="0">
  <reporter-output>
    <line>
      <![CDATA[🚀 Starting Test Suite: Surefire test]]>
    </line>
    <line>
      <![CDATA[
🌍 Test Environment:
🖥️ OS: Windows 11 10.0
☕ Java Version: 23.0.1
🌐 Browser: chrome 134.0.6998.89
]]>
    </line>
    <line>
      <![CDATA[🟢 Test Started: verifyCompareListFunctionality (🔢 Test Case ID: TC-199)]]>
    </line>
    <line>
      <![CDATA[
🌍 Test Environment:
🖥️ OS: Windows 11 10.0
☕ Java Version: 23.0.1
🌐 Browser: chrome 134.0.6998.118
]]>
    </line>
    <line>
      <![CDATA[✅ Test PASSED: verifyCompareListFunctionality (Duration: 18189ms)]]>
    </line>
    <line>
      <![CDATA[<br><img src='E:/Folder/Galal/Courses/Digital Egypt Pioneers Initiative (DEPI) - Software Testing/DEPI Software Tester Graduation Project/automation-framework/reports/screenshots\TC-199\TC-199_screenshot.png' height='300' width='400'/><br>]]>
    </line>
    <line>
      <![CDATA[🟢 Test Started: verifyProductImageGallery (🔢 Test Case ID: TC-179)]]>
    </line>
    <line>
      <![CDATA[
🌍 Test Environment:
🖥️ OS: Windows 11 10.0
☕ Java Version: 23.0.1
🌐 Browser: chrome 134.0.6998.118
]]>
    </line>
    <line>
      <![CDATA[✅ Test PASSED: verifyProductImageGallery (Duration: 5037ms)]]>
    </line>
    <line>
      <![CDATA[<br><img src='E:/Folder/Galal/Courses/Digital Egypt Pioneers Initiative (DEPI) - Software Testing/DEPI Software Tester Graduation Project/automation-framework/reports/screenshots\TC-179\TC-179_screenshot.png' height='300' width='400'/><br>]]>
    </line>
    <line>
      <![CDATA[🟢 Test Started: verifyProductPageLoadsCorrectly (🔢 Test Case ID: TC-003)]]>
    </line>
    <line>
      <![CDATA[
🌍 Test Environment:
🖥️ OS: Windows 11 10.0
☕ Java Version: 23.0.1
🌐 Browser: chrome 134.0.6998.118
]]>
    </line>
    <line>
      <![CDATA[✅ Test PASSED: verifyProductPageLoadsCorrectly (Duration: 7753ms)]]>
    </line>
    <line>
      <![CDATA[<br><img src='E:/Folder/Galal/Courses/Digital Egypt Pioneers Initiative (DEPI) - Software Testing/DEPI Software Tester Graduation Project/automation-framework/reports/screenshots\TC-003\TC-003_screenshot.png' height='300' width='400'/><br>]]>
    </line>
    <line>
      <![CDATA[🟢 Test Started: verifyProductReviewsAreDisplayed (🔢 Test Case ID: TC-180)]]>
    </line>
    <line>
      <![CDATA[
🌍 Test Environment:
🖥️ OS: Windows 11 10.0
☕ Java Version: 23.0.1
🌐 Browser: chrome 134.0.6998.118
]]>
    </line>
    <line>
      <![CDATA[✅ Test PASSED: verifyProductReviewsAreDisplayed (Duration: 4714ms)]]>
    </line>
    <line>
      <![CDATA[<br><img src='E:/Folder/Galal/Courses/Digital Egypt Pioneers Initiative (DEPI) - Software Testing/DEPI Software Tester Graduation Project/automation-framework/reports/screenshots\TC-180\TC-180_screenshot.png' height='300' width='400'/><br>]]>
    </line>
    <line>
      <![CDATA[🟢 Test Started: verifyProductVariationSelection (🔢 Test Case ID: TC-020)]]>
    </line>
    <line>
      <![CDATA[
🌍 Test Environment:
🖥️ OS: Windows 11 10.0
☕ Java Version: 23.0.1
🌐 Browser: chrome 134.0.6998.118
]]>
    </line>
    <line>
      <![CDATA[✅ Test PASSED: verifyProductVariationSelection (Duration: 43462ms)]]>
    </line>
    <line>
      <![CDATA[<br><img src='E:/Folder/Galal/Courses/Digital Egypt Pioneers Initiative (DEPI) - Software Testing/DEPI Software Tester Graduation Project/automation-framework/reports/screenshots\TC-020\TC-020_screenshot.png' height='300' width='400'/><br>]]>
    </line>
    <line>
      <![CDATA[🟢 Test Started: verifyRelatedProductsAreDisplayed (🔢 Test Case ID: TC-063)]]>
    </line>
    <line>
      <![CDATA[
🌍 Test Environment:
🖥️ OS: Windows 11 10.0
☕ Java Version: 23.0.1
🌐 Browser: chrome 134.0.6998.118
]]>
    </line>
    <line>
      <![CDATA[✅ Test PASSED: verifyRelatedProductsAreDisplayed (Duration: 16500ms)]]>
    </line>
    <line>
      <![CDATA[<br><img src='E:/Folder/Galal/Courses/Digital Egypt Pioneers Initiative (DEPI) - Software Testing/DEPI Software Tester Graduation Project/automation-framework/reports/screenshots\TC-063\TC-063_screenshot.png' height='300' width='400'/><br>]]>
    </line>
    <line>
      <![CDATA[🟢 Test Started: verifySocialMediaSharingTest (🔢 Test Case ID: TC-282)]]>
    </line>
    <line>
      <![CDATA[
🌍 Test Environment:
🖥️ OS: Windows 11 10.0
☕ Java Version: 23.0.1
🌐 Browser: chrome 134.0.6998.118
]]>
    </line>
    <line>
      <![CDATA[✅ Test PASSED: verifySocialMediaSharingTest (Duration: 84506ms)]]>
    </line>
    <line>
      <![CDATA[<br><img src='E:/Folder/Galal/Courses/Digital Egypt Pioneers Initiative (DEPI) - Software Testing/DEPI Software Tester Graduation Project/automation-framework/reports/screenshots\TC-282\TC-282_screenshot.png' height='300' width='400'/><br>]]>
    </line>
  </reporter-output>
  <suite started-at="2025-03-24T21:56:21 EET" name="Surefire suite" finished-at="2025-03-24T22:02:13 EET" duration-ms="352079">
    <groups>
      <group name="functional">
        <method signature="ProductPageTest.verifySocialMediaSharingTest()[pri:0, instance:tests.ui.ProductPageTest@305f7627]" name="verifySocialMediaSharingTest" class="tests.ui.ProductPageTest"/>
      </group> <!-- functional -->
      <group name="ui">
        <method signature="ProductPageTest.verifyCompareListFunctionality()[pri:0, instance:tests.ui.ProductPageTest@305f7627]" name="verifyCompareListFunctionality" class="tests.ui.ProductPageTest"/>
        <method signature="ProductPageTest.verifyProductImageGallery()[pri:0, instance:tests.ui.ProductPageTest@305f7627]" name="verifyProductImageGallery" class="tests.ui.ProductPageTest"/>
        <method signature="ProductPageTest.verifyProductReviewsAreDisplayed()[pri:0, instance:tests.ui.ProductPageTest@305f7627]" name="verifyProductReviewsAreDisplayed" class="tests.ui.ProductPageTest"/>
        <method signature="ProductPageTest.verifyRelatedProductsAreDisplayed()[pri:0, instance:tests.ui.ProductPageTest@305f7627]" name="verifyRelatedProductsAreDisplayed" class="tests.ui.ProductPageTest"/>
      </group> <!-- ui -->
      <group name="smoke">
        <method signature="ProductPageTest.verifyProductPageLoadsCorrectly()[pri:0, instance:tests.ui.ProductPageTest@305f7627]" name="verifyProductPageLoadsCorrectly" class="tests.ui.ProductPageTest"/>
        <method signature="ProductPageTest.verifyProductVariationSelection()[pri:0, instance:tests.ui.ProductPageTest@305f7627]" name="verifyProductVariationSelection" class="tests.ui.ProductPageTest"/>
      </group> <!-- smoke -->
    </groups>
    <test started-at="2025-03-24T21:56:21 EET" name="Surefire test" finished-at="2025-03-24T22:02:13 EET" duration-ms="352079">
      <class name="tests.ui.ProductPageTest">
        <test-method is-config="true" signature="setUp(org.testng.ITestResult,org.testng.ITestContext)[pri:0, instance:tests.ui.ProductPageTest@305f7627]" started-at="2025-03-24T21:56:21 EET" name="setUp" finished-at="2025-03-24T21:56:45 EET" duration-ms="24399" status="PASS">
          <params>
            <param index="0">
              <value>
                <![CDATA[[TestResult name={null} status=CREATED method=ProductPageTest.verifyCompareListFunctionality()[pri:0, instance:tests.ui.ProductPageTest@305f7627] output={null}]]]>
              </value>
            </param>
            <param index="1">
              <value>
                <![CDATA[org.testng.TestRunner@1eb906f3]]>
              </value>
            </param>
          </params>
          <reporter-output>
          </reporter-output>
        </test-method> <!-- setUp -->
        <test-method signature="verifyCompareListFunctionality()[pri:0, instance:tests.ui.ProductPageTest@305f7627]" started-at="2025-03-24T21:56:45 EET" name="verifyCompareListFunctionality" description="TC-199" finished-at="2025-03-24T21:57:03 EET" duration-ms="18188" status="PASS">
          <reporter-output>
            <line>
              <![CDATA[🟢 Test Started: verifyCompareListFunctionality (🔢 Test Case ID: TC-199)]]>
            </line>
            <line>
              <![CDATA[
🌍 Test Environment:
🖥️ OS: Windows 11 10.0
☕ Java Version: 23.0.1
🌐 Browser: chrome 134.0.6998.118
]]>
            </line>
            <line>
              <![CDATA[✅ Test PASSED: verifyCompareListFunctionality (Duration: 18189ms)]]>
            </line>
            <line>
              <![CDATA[<br><img src='E:/Folder/Galal/Courses/Digital Egypt Pioneers Initiative (DEPI) - Software Testing/DEPI Software Tester Graduation Project/automation-framework/reports/screenshots\TC-199\TC-199_screenshot.png' height='300' width='400'/><br>]]>
            </line>
          </reporter-output>
        </test-method> <!-- verifyCompareListFunctionality -->
        <test-method is-config="true" signature="tearDown(org.testng.ITestResult)[pri:0, instance:tests.ui.ProductPageTest@305f7627]" started-at="2025-03-24T21:57:04 EET" name="tearDown" finished-at="2025-03-24T21:57:04 EET" duration-ms="223" status="PASS">
          <params>
            <param index="0">
              <value>
                <![CDATA[[TestResult name=verifyCompareListFunctionality status=SUCCESS method=ProductPageTest.verifyCompareListFunctionality()[pri:0, instance:tests.ui.ProductPageTest@305f7627] output=🟢 Test Started: verifyCompareListFunctionality (🔢 Test Case ID: TC-199)]]]>
              </value>
            </param>
          </params>
          <reporter-output>
          </reporter-output>
        </test-method> <!-- tearDown -->
        <test-method is-config="true" signature="setUp(org.testng.ITestResult,org.testng.ITestContext)[pri:0, instance:tests.ui.ProductPageTest@305f7627]" started-at="2025-03-24T21:57:04 EET" name="setUp" finished-at="2025-03-24T21:57:27 EET" duration-ms="23588" status="PASS">
          <params>
            <param index="0">
              <value>
                <![CDATA[[TestResult name={null} status=CREATED method=ProductPageTest.verifyProductImageGallery()[pri:0, instance:tests.ui.ProductPageTest@305f7627] output={null}]]]>
              </value>
            </param>
            <param index="1">
              <value>
                <![CDATA[org.testng.TestRunner@1eb906f3]]>
              </value>
            </param>
          </params>
          <reporter-output>
          </reporter-output>
        </test-method> <!-- setUp -->
        <test-method signature="verifyProductImageGallery()[pri:0, instance:tests.ui.ProductPageTest@305f7627]" started-at="2025-03-24T21:57:27 EET" name="verifyProductImageGallery" description="TC-179" finished-at="2025-03-24T21:57:32 EET" duration-ms="5037" status="PASS">
          <reporter-output>
            <line>
              <![CDATA[🟢 Test Started: verifyProductImageGallery (🔢 Test Case ID: TC-179)]]>
            </line>
            <line>
              <![CDATA[
🌍 Test Environment:
🖥️ OS: Windows 11 10.0
☕ Java Version: 23.0.1
🌐 Browser: chrome 134.0.6998.118
]]>
            </line>
            <line>
              <![CDATA[✅ Test PASSED: verifyProductImageGallery (Duration: 5037ms)]]>
            </line>
            <line>
              <![CDATA[<br><img src='E:/Folder/Galal/Courses/Digital Egypt Pioneers Initiative (DEPI) - Software Testing/DEPI Software Tester Graduation Project/automation-framework/reports/screenshots\TC-179\TC-179_screenshot.png' height='300' width='400'/><br>]]>
            </line>
          </reporter-output>
        </test-method> <!-- verifyProductImageGallery -->
        <test-method is-config="true" signature="tearDown(org.testng.ITestResult)[pri:0, instance:tests.ui.ProductPageTest@305f7627]" started-at="2025-03-24T21:57:33 EET" name="tearDown" finished-at="2025-03-24T21:57:33 EET" duration-ms="259" status="PASS">
          <params>
            <param index="0">
              <value>
                <![CDATA[[TestResult name=verifyProductImageGallery status=SUCCESS method=ProductPageTest.verifyProductImageGallery()[pri:0, instance:tests.ui.ProductPageTest@305f7627] output=🟢 Test Started: verifyProductImageGallery (🔢 Test Case ID: TC-179)]]]>
              </value>
            </param>
          </params>
          <reporter-output>
          </reporter-output>
        </test-method> <!-- tearDown -->
        <test-method is-config="true" signature="setUp(org.testng.ITestResult,org.testng.ITestContext)[pri:0, instance:tests.ui.ProductPageTest@305f7627]" started-at="2025-03-24T21:57:33 EET" name="setUp" finished-at="2025-03-24T21:57:57 EET" duration-ms="24188" status="PASS">
          <params>
            <param index="0">
              <value>
                <![CDATA[[TestResult name={null} status=CREATED method=ProductPageTest.verifyProductPageLoadsCorrectly()[pri:0, instance:tests.ui.ProductPageTest@305f7627] output={null}]]]>
              </value>
            </param>
            <param index="1">
              <value>
                <![CDATA[org.testng.TestRunner@1eb906f3]]>
              </value>
            </param>
          </params>
          <reporter-output>
          </reporter-output>
        </test-method> <!-- setUp -->
        <test-method signature="verifyProductPageLoadsCorrectly()[pri:0, instance:tests.ui.ProductPageTest@305f7627]" started-at="2025-03-24T21:57:57 EET" name="verifyProductPageLoadsCorrectly" description="TC-003" finished-at="2025-03-24T21:58:05 EET" duration-ms="7753" status="PASS">
          <reporter-output>
            <line>
              <![CDATA[🟢 Test Started: verifyProductPageLoadsCorrectly (🔢 Test Case ID: TC-003)]]>
            </line>
            <line>
              <![CDATA[
🌍 Test Environment:
🖥️ OS: Windows 11 10.0
☕ Java Version: 23.0.1
🌐 Browser: chrome 134.0.6998.118
]]>
            </line>
            <line>
              <![CDATA[✅ Test PASSED: verifyProductPageLoadsCorrectly (Duration: 7753ms)]]>
            </line>
            <line>
              <![CDATA[<br><img src='E:/Folder/Galal/Courses/Digital Egypt Pioneers Initiative (DEPI) - Software Testing/DEPI Software Tester Graduation Project/automation-framework/reports/screenshots\TC-003\TC-003_screenshot.png' height='300' width='400'/><br>]]>
            </line>
          </reporter-output>
        </test-method> <!-- verifyProductPageLoadsCorrectly -->
        <test-method is-config="true" signature="tearDown(org.testng.ITestResult)[pri:0, instance:tests.ui.ProductPageTest@305f7627]" started-at="2025-03-24T21:58:05 EET" name="tearDown" finished-at="2025-03-24T21:58:06 EET" duration-ms="843" status="PASS">
          <params>
            <param index="0">
              <value>
                <![CDATA[[TestResult name=verifyProductPageLoadsCorrectly status=SUCCESS method=ProductPageTest.verifyProductPageLoadsCorrectly()[pri:0, instance:tests.ui.ProductPageTest@305f7627] output=🟢 Test Started: verifyProductPageLoadsCorrectly (🔢 Test Case ID: TC-003)]]]>
              </value>
            </param>
          </params>
          <reporter-output>
          </reporter-output>
        </test-method> <!-- tearDown -->
        <test-method is-config="true" signature="setUp(org.testng.ITestResult,org.testng.ITestContext)[pri:0, instance:tests.ui.ProductPageTest@305f7627]" started-at="2025-03-24T21:58:06 EET" name="setUp" finished-at="2025-03-24T21:58:30 EET" duration-ms="23933" status="PASS">
          <params>
            <param index="0">
              <value>
                <![CDATA[[TestResult name={null} status=CREATED method=ProductPageTest.verifyProductReviewsAreDisplayed()[pri:0, instance:tests.ui.ProductPageTest@305f7627] output={null}]]]>
              </value>
            </param>
            <param index="1">
              <value>
                <![CDATA[org.testng.TestRunner@1eb906f3]]>
              </value>
            </param>
          </params>
          <reporter-output>
          </reporter-output>
        </test-method> <!-- setUp -->
        <test-method signature="verifyProductReviewsAreDisplayed()[pri:0, instance:tests.ui.ProductPageTest@305f7627]" started-at="2025-03-24T21:58:30 EET" name="verifyProductReviewsAreDisplayed" description="TC-180" finished-at="2025-03-24T21:58:35 EET" duration-ms="4714" status="PASS">
          <reporter-output>
            <line>
              <![CDATA[🟢 Test Started: verifyProductReviewsAreDisplayed (🔢 Test Case ID: TC-180)]]>
            </line>
            <line>
              <![CDATA[
🌍 Test Environment:
🖥️ OS: Windows 11 10.0
☕ Java Version: 23.0.1
🌐 Browser: chrome 134.0.6998.118
]]>
            </line>
            <line>
              <![CDATA[✅ Test PASSED: verifyProductReviewsAreDisplayed (Duration: 4714ms)]]>
            </line>
            <line>
              <![CDATA[<br><img src='E:/Folder/Galal/Courses/Digital Egypt Pioneers Initiative (DEPI) - Software Testing/DEPI Software Tester Graduation Project/automation-framework/reports/screenshots\TC-180\TC-180_screenshot.png' height='300' width='400'/><br>]]>
            </line>
          </reporter-output>
        </test-method> <!-- verifyProductReviewsAreDisplayed -->
        <test-method is-config="true" signature="tearDown(org.testng.ITestResult)[pri:0, instance:tests.ui.ProductPageTest@305f7627]" started-at="2025-03-24T21:58:35 EET" name="tearDown" finished-at="2025-03-24T21:58:35 EET" duration-ms="198" status="PASS">
          <params>
            <param index="0">
              <value>
                <![CDATA[[TestResult name=verifyProductReviewsAreDisplayed status=SUCCESS method=ProductPageTest.verifyProductReviewsAreDisplayed()[pri:0, instance:tests.ui.ProductPageTest@305f7627] output=🟢 Test Started: verifyProductReviewsAreDisplayed (🔢 Test Case ID: TC-180)]]]>
              </value>
            </param>
          </params>
          <reporter-output>
          </reporter-output>
        </test-method> <!-- tearDown -->
        <test-method is-config="true" signature="setUp(org.testng.ITestResult,org.testng.ITestContext)[pri:0, instance:tests.ui.ProductPageTest@305f7627]" started-at="2025-03-24T21:58:35 EET" name="setUp" finished-at="2025-03-24T21:58:59 EET" duration-ms="23740" status="PASS">
          <params>
            <param index="0">
              <value>
                <![CDATA[[TestResult name={null} status=CREATED method=ProductPageTest.verifyProductVariationSelection()[pri:0, instance:tests.ui.ProductPageTest@305f7627] output={null}]]]>
              </value>
            </param>
            <param index="1">
              <value>
                <![CDATA[org.testng.TestRunner@1eb906f3]]>
              </value>
            </param>
          </params>
          <reporter-output>
          </reporter-output>
        </test-method> <!-- setUp -->
        <test-method signature="verifyProductVariationSelection()[pri:0, instance:tests.ui.ProductPageTest@305f7627]" started-at="2025-03-24T21:58:59 EET" name="verifyProductVariationSelection" description="TC-020" finished-at="2025-03-24T21:59:42 EET" duration-ms="43462" status="PASS">
          <reporter-output>
            <line>
              <![CDATA[🟢 Test Started: verifyProductVariationSelection (🔢 Test Case ID: TC-020)]]>
            </line>
            <line>
              <![CDATA[
🌍 Test Environment:
🖥️ OS: Windows 11 10.0
☕ Java Version: 23.0.1
🌐 Browser: chrome 134.0.6998.118
]]>
            </line>
            <line>
              <![CDATA[✅ Test PASSED: verifyProductVariationSelection (Duration: 43462ms)]]>
            </line>
            <line>
              <![CDATA[<br><img src='E:/Folder/Galal/Courses/Digital Egypt Pioneers Initiative (DEPI) - Software Testing/DEPI Software Tester Graduation Project/automation-framework/reports/screenshots\TC-020\TC-020_screenshot.png' height='300' width='400'/><br>]]>
            </line>
          </reporter-output>
        </test-method> <!-- verifyProductVariationSelection -->
        <test-method is-config="true" signature="tearDown(org.testng.ITestResult)[pri:0, instance:tests.ui.ProductPageTest@305f7627]" started-at="2025-03-24T21:59:42 EET" name="tearDown" finished-at="2025-03-24T21:59:43 EET" duration-ms="508" status="PASS">
          <params>
            <param index="0">
              <value>
                <![CDATA[[TestResult name=verifyProductVariationSelection status=SUCCESS method=ProductPageTest.verifyProductVariationSelection()[pri:0, instance:tests.ui.ProductPageTest@305f7627] output=🟢 Test Started: verifyProductVariationSelection (🔢 Test Case ID: TC-020)]]]>
              </value>
            </param>
          </params>
          <reporter-output>
          </reporter-output>
        </test-method> <!-- tearDown -->
        <test-method is-config="true" signature="setUp(org.testng.ITestResult,org.testng.ITestContext)[pri:0, instance:tests.ui.ProductPageTest@305f7627]" started-at="2025-03-24T21:59:43 EET" name="setUp" finished-at="2025-03-24T22:00:07 EET" duration-ms="24386" status="PASS">
          <params>
            <param index="0">
              <value>
                <![CDATA[[TestResult name={null} status=CREATED method=ProductPageTest.verifyRelatedProductsAreDisplayed()[pri:0, instance:tests.ui.ProductPageTest@305f7627] output={null}]]]>
              </value>
            </param>
            <param index="1">
              <value>
                <![CDATA[org.testng.TestRunner@1eb906f3]]>
              </value>
            </param>
          </params>
          <reporter-output>
          </reporter-output>
        </test-method> <!-- setUp -->
        <test-method signature="verifyRelatedProductsAreDisplayed()[pri:0, instance:tests.ui.ProductPageTest@305f7627]" started-at="2025-03-24T22:00:07 EET" name="verifyRelatedProductsAreDisplayed" description="TC-063" finished-at="2025-03-24T22:00:24 EET" duration-ms="16499" status="PASS">
          <reporter-output>
            <line>
              <![CDATA[🟢 Test Started: verifyRelatedProductsAreDisplayed (🔢 Test Case ID: TC-063)]]>
            </line>
            <line>
              <![CDATA[
🌍 Test Environment:
🖥️ OS: Windows 11 10.0
☕ Java Version: 23.0.1
🌐 Browser: chrome 134.0.6998.118
]]>
            </line>
            <line>
              <![CDATA[✅ Test PASSED: verifyRelatedProductsAreDisplayed (Duration: 16500ms)]]>
            </line>
            <line>
              <![CDATA[<br><img src='E:/Folder/Galal/Courses/Digital Egypt Pioneers Initiative (DEPI) - Software Testing/DEPI Software Tester Graduation Project/automation-framework/reports/screenshots\TC-063\TC-063_screenshot.png' height='300' width='400'/><br>]]>
            </line>
          </reporter-output>
        </test-method> <!-- verifyRelatedProductsAreDisplayed -->
        <test-method is-config="true" signature="tearDown(org.testng.ITestResult)[pri:0, instance:tests.ui.ProductPageTest@305f7627]" started-at="2025-03-24T22:00:24 EET" name="tearDown" finished-at="2025-03-24T22:00:24 EET" duration-ms="287" status="PASS">
          <params>
            <param index="0">
              <value>
                <![CDATA[[TestResult name=verifyRelatedProductsAreDisplayed status=SUCCESS method=ProductPageTest.verifyRelatedProductsAreDisplayed()[pri:0, instance:tests.ui.ProductPageTest@305f7627] output=🟢 Test Started: verifyRelatedProductsAreDisplayed (🔢 Test Case ID: TC-063)]]]>
              </value>
            </param>
          </params>
          <reporter-output>
          </reporter-output>
        </test-method> <!-- tearDown -->
        <test-method is-config="true" signature="setUp(org.testng.ITestResult,org.testng.ITestContext)[pri:0, instance:tests.ui.ProductPageTest@305f7627]" started-at="2025-03-24T22:00:24 EET" name="setUp" finished-at="2025-03-24T22:00:48 EET" duration-ms="23427" status="PASS">
          <params>
            <param index="0">
              <value>
                <![CDATA[[TestResult name={null} status=CREATED method=ProductPageTest.verifySocialMediaSharingTest()[pri:0, instance:tests.ui.ProductPageTest@305f7627] output={null}]]]>
              </value>
            </param>
            <param index="1">
              <value>
                <![CDATA[org.testng.TestRunner@1eb906f3]]>
              </value>
            </param>
          </params>
          <reporter-output>
          </reporter-output>
        </test-method> <!-- setUp -->
        <test-method signature="verifySocialMediaSharingTest()[pri:0, instance:tests.ui.ProductPageTest@305f7627]" started-at="2025-03-24T22:00:48 EET" name="verifySocialMediaSharingTest" description="TC-282" finished-at="2025-03-24T22:02:12 EET" duration-ms="84506" status="PASS">
          <reporter-output>
            <line>
              <![CDATA[🟢 Test Started: verifySocialMediaSharingTest (🔢 Test Case ID: TC-282)]]>
            </line>
            <line>
              <![CDATA[
🌍 Test Environment:
🖥️ OS: Windows 11 10.0
☕ Java Version: 23.0.1
🌐 Browser: chrome 134.0.6998.118
]]>
            </line>
            <line>
              <![CDATA[✅ Test PASSED: verifySocialMediaSharingTest (Duration: 84506ms)]]>
            </line>
            <line>
              <![CDATA[<br><img src='E:/Folder/Galal/Courses/Digital Egypt Pioneers Initiative (DEPI) - Software Testing/DEPI Software Tester Graduation Project/automation-framework/reports/screenshots\TC-282\TC-282_screenshot.png' height='300' width='400'/><br>]]>
            </line>
          </reporter-output>
        </test-method> <!-- verifySocialMediaSharingTest -->
        <test-method is-config="true" signature="tearDown(org.testng.ITestResult)[pri:0, instance:tests.ui.ProductPageTest@305f7627]" started-at="2025-03-24T22:02:12 EET" name="tearDown" finished-at="2025-03-24T22:02:13 EET" duration-ms="584" status="PASS">
          <params>
            <param index="0">
              <value>
                <![CDATA[[TestResult name=verifySocialMediaSharingTest status=SUCCESS method=ProductPageTest.verifySocialMediaSharingTest()[pri:0, instance:tests.ui.ProductPageTest@305f7627] output=🟢 Test Started: verifySocialMediaSharingTest (🔢 Test Case ID: TC-282)]]]>
              </value>
            </param>
          </params>
          <reporter-output>
          </reporter-output>
        </test-method> <!-- tearDown -->
      </class> <!-- tests.ui.ProductPageTest -->
    </test> <!-- Surefire test -->
  </suite> <!-- Surefire suite -->
</testng-results>
