<?xml version="1.0" encoding="UTF-8"?>
<!-- Generated by org.testng.reporters.JUnitXMLReporter -->
<testsuite ignored="0" hostname="Galal" failures="4" tests="7" name="Surefire test" time="328.129" errors="0" timestamp="2025-03-25T01:20:51 EET">
  <testcase classname="tests.ui.SecurityTest" name="verifyAccountLockoutAfterMultipleFailedLoginAttempts" time="92.522">
    <failure type="java.lang.AssertionError" message="Account was not locked after multiple failed login attempts. expected [true] but found [false]">
      <![CDATA[java.lang.AssertionError: Account was not locked after multiple failed login attempts. expected [true] but found [false]
at tests.ui.SecurityTest.verifyAccountLockoutAfterMultipleFailedLoginAttempts(SecurityTest.java:102)
at java.base/java.util.ArrayList.forEach(ArrayList.java:1597)
... Removed 33 stack frames]]>
    </failure>
  </testcase> <!-- verifyAccountLockoutAfterMultipleFailedLoginAttempts -->
  <testcase classname="tests.ui.SecurityTest" name="verifyChangePasswordFromDashboard" time="35.755"/>
  <testcase classname="tests.ui.SecurityTest" name="verifyHTTPSProtocol" time="19.358"/>
  <testcase classname="tests.ui.SecurityTest" name="verifyPasswordStrengthRequirements" time="8.09">
    <failure type="java.lang.AssertionError" message="Error message did not include &amp;apos;at least 8 characters&amp;apos; requirement. expected [true] but found [false]">
      <![CDATA[java.lang.AssertionError: Error message did not include 'at least 8 characters' requirement. expected [true] but found [false]
at tests.ui.SecurityTest.verifyPasswordStrengthRequirements(SecurityTest.java:149)
at java.base/java.util.ArrayList.forEach(ArrayList.java:1597)
... Removed 33 stack frames]]>
    </failure>
  </testcase> <!-- verifyPasswordStrengthRequirements -->
  <testcase classname="tests.ui.SecurityTest" name="verifyPaymentGatewaySecurity" time="32.492">
    <failure type="java.lang.AssertionError" message="Card number is stored in plaintext. It should be encrypted or masked. expected [false] but found [true]">
      <![CDATA[java.lang.AssertionError: Card number is stored in plaintext. It should be encrypted or masked. expected [false] but found [true]
at tests.ui.SecurityTest.verifyPaymentGatewaySecurity(SecurityTest.java:186)
at java.base/java.util.ArrayList.forEach(ArrayList.java:1597)
... Removed 33 stack frames]]>
    </failure>
  </testcase> <!-- verifyPaymentGatewaySecurity -->
  <testcase classname="tests.ui.SecurityTest" name="verifyProtectionAgainstXSS" time="1.028">
    <failure type="java.lang.AssertionError" message="XSS attack successful: payload is reflected in the Email field. expected [false] but found [true]">
      <![CDATA[java.lang.AssertionError: XSS attack successful: payload is reflected in the Email field. expected [false] but found [true]
at tests.ui.SecurityTest.verifyProtectionAgainstXSS(SecurityTest.java:277)
at java.base/java.util.ArrayList.forEach(ArrayList.java:1597)
... Removed 33 stack frames]]>
    </failure>
  </testcase> <!-- verifyProtectionAgainstXSS -->
  <testcase classname="tests.ui.SecurityTest" name="verifySessionHandling" time="17.272"/>
</testsuite> <!-- Surefire test -->
