<html>
<head>
<title>TestNG:  EcomUIRegressionTest</title>
<link href="../testng.css" rel="stylesheet" type="text/css" />
<link href="../my-testng.css" rel="stylesheet" type="text/css" />

<style type="text/css">
.log { display: none;} 
.stack-trace { display: none;} 
</style>
<script type="text/javascript">
<!--
function flip(e) {
  current = e.style.display;
  if (current == 'block') {
    e.style.display = 'none';
    return 0;
  }
  else {
    e.style.display = 'block';
    return 1;
  }
}

function toggleBox(szDivId, elem, msg1, msg2)
{
  var res = -1;  if (document.getElementById) {
    res = flip(document.getElementById(szDivId));
  }
  else if (document.all) {
    // this is the way old msie versions work
    res = flip(document.all[szDivId]);
  }
  if(elem) {
    if(res == 0) elem.innerHTML = msg1; else elem.innerHTML = msg2;
  }

}

function toggleAllBoxes() {
  if (document.getElementsByTagName) {
    d = document.getElementsByTagName('div');
    for (i = 0; i < d.length; i++) {
      if (d[i].className == 'log') {
        flip(d[i]);
      }
    }
  }
}

// -->
</script>

</head>
<body>
<h2 align='center'>EcomUIRegressionTest</h2><table border='1' align="center">
<tr>
<td>Tests passed/Failed/Skipped:</td><td>28/3/0</td>
</tr><tr>
<td>Started on:</td><td>Tue Mar 18 12:59:38 EET 2025</td>
</tr>
<tr><td>Total time:</td><td>1376 seconds (1376005 ms)</td>
</tr><tr>
<td>Included groups:</td><td></td>
</tr><tr>
<td>Excluded groups:</td><td></td>
</tr>
</table><p/>
<small><i>(Hover the method name to see the test class name)</i></small><p/>
<table width='100%' border='1' class='invocation-failed'>
<tr><td colspan='4' align='center'><b>FAILED TESTS</b></td></tr>
<tr><td><b>Test method</b></td>
<td><b>Attribute(s)</b></td>
<td width="30%"><b>Exception</b></td>
<td width="10%"><b>Time (seconds)</b></td>
<td><b>Instance</b></td>
</tr>
<tr>
<td title='tests.ui.PaymentsTest.verifyDuplicatePaymentPrevention()'><b>verifyDuplicatePaymentPrevention</b><br>Test class: tests.ui.PaymentsTest<br>Test method: TC-088<br/>
<a href="#Output-859984241" onClick='toggleBox("Output-859984241", this, "Show output", "Hide output");'>Show output</a>

<a href="#Output-859984241" onClick="toggleAllBoxes();">Show all outputs</a>
<div class='log' id="Output-859984241">
ğŸŸ¢ Test Started: verifyDuplicatePaymentPrevention (ğŸ”¢ Test Case ID: TC-088)<br/>

ğŸŒ Test Environment:
ğŸ–¥ï¸ OS: Windows 11 10.0
â˜• Java Version: 23.0.1
ğŸŒ Browser: chrome 134.0.6998.89
<br/>
âŒ Test FAILED: verifyDuplicatePaymentPrevention - Duplicate payment request should have been blocked!<br/>
<br><img src='E:/Folder/Galal/Courses/Digital Egypt Pioneers Initiative (DEPI) - Software Testing/DEPI Software Tester Graduation Project/automation-framework/reports/screenshots\TC-088\TC-088_screenshot.png' height='300' width='400'/><br><br/>
</div>
</td>
<td><div><pre>java.lang.AssertionError: Duplicate payment request should have been blocked!
	at tests.ui.PaymentsTest.verifyDuplicatePaymentPrevention(PaymentsTest.java:443)
	at java.base/java.util.ArrayList.forEach(ArrayList.java:1597)
... Removed 30 stack frames</pre></div><a href='#' onClick='toggleBox("stack-trace859984241", this, "Click to show all stack frames", "Click to hide stack frames")'>Click to show all stack frames</a>
<div class='stack-trace' id='stack-trace859984241'><pre>java.lang.AssertionError: Duplicate payment request should have been blocked!
	at org.testng.Assert.fail(Assert.java:111)
	at tests.ui.PaymentsTest.verifyDuplicatePaymentPrevention(PaymentsTest.java:443)
	at java.base/jdk.internal.reflect.DirectMethodHandleAccessor.invoke(DirectMethodHandleAccessor.java:103)
	at java.base/java.lang.reflect.Method.invoke(Method.java:580)
	at org.testng.internal.invokers.MethodInvocationHelper.invokeMethod(MethodInvocationHelper.java:141)
	at org.testng.internal.invokers.TestInvoker.invokeMethod(TestInvoker.java:687)
	at org.testng.internal.invokers.TestInvoker.invokeTestMethod(TestInvoker.java:230)
	at org.testng.internal.invokers.MethodRunner.runInSequence(MethodRunner.java:63)
	at org.testng.internal.invokers.TestInvoker$MethodInvocationAgent.invoke(TestInvoker.java:995)
	at org.testng.internal.invokers.TestInvoker.invokeTestMethods(TestInvoker.java:203)
	at org.testng.internal.invokers.TestMethodWorker.invokeTestMethods(TestMethodWorker.java:154)
	at org.testng.internal.invokers.TestMethodWorker.run(TestMethodWorker.java:134)
	at java.base/java.util.ArrayList.forEach(ArrayList.java:1597)
	at org.testng.TestRunner.privateRun(TestRunner.java:741)
	at org.testng.TestRunner.run(TestRunner.java:616)
	at org.testng.SuiteRunner.runTest(SuiteRunner.java:421)
	at org.testng.SuiteRunner.runSequentially(SuiteRunner.java:413)
	at org.testng.SuiteRunner.privateRun(SuiteRunner.java:373)
	at org.testng.SuiteRunner.run(SuiteRunner.java:312)
	at org.testng.SuiteRunnerWorker.runSuite(SuiteRunnerWorker.java:52)
	at org.testng.SuiteRunnerWorker.run(SuiteRunnerWorker.java:95)
	at org.testng.TestNG.runSuitesSequentially(TestNG.java:1274)
	at org.testng.TestNG.runSuitesLocally(TestNG.java:1208)
	at org.testng.TestNG.runSuites(TestNG.java:1112)
	at org.testng.TestNG.run(TestNG.java:1079)
	at org.apache.maven.surefire.testng.TestNGExecutor.run(TestNGExecutor.java:308)
	at org.apache.maven.surefire.testng.TestNGXmlTestSuite.execute(TestNGXmlTestSuite.java:71)
	at org.apache.maven.surefire.testng.TestNGProvider.invoke(TestNGProvider.java:113)
	at org.apache.maven.surefire.booter.ForkedBooter.runSuitesInProcess(ForkedBooter.java:385)
	at org.apache.maven.surefire.booter.ForkedBooter.execute(ForkedBooter.java:162)
	at org.apache.maven.surefire.booter.ForkedBooter.run(ForkedBooter.java:507)
	at org.apache.maven.surefire.booter.ForkedBooter.main(ForkedBooter.java:495)
</pre></div></td>
<td>26</td>
<td>tests.ui.PaymentsTest@6283d8b8</td></tr>
<tr>
<td title='tests.ui.PaymentsTest.verifyPaymentFailsWithInsufficientFunds()'><b>verifyPaymentFailsWithInsufficientFunds</b><br>Test class: tests.ui.PaymentsTest<br>Test method: TC-095<br/>
<a href="#Output-498427378" onClick='toggleBox("Output-498427378", this, "Show output", "Hide output");'>Show output</a>

<a href="#Output-498427378" onClick="toggleAllBoxes();">Show all outputs</a>
<div class='log' id="Output-498427378">
ğŸŸ¢ Test Started: verifyPaymentFailsWithInsufficientFunds (ğŸ”¢ Test Case ID: TC-095)<br/>

ğŸŒ Test Environment:
ğŸ–¥ï¸ OS: Windows 11 10.0
â˜• Java Version: 23.0.1
ğŸŒ Browser: chrome 134.0.6998.89
<br/>
âŒ Test FAILED: verifyPaymentFailsWithInsufficientFunds - Transaction should have been declined due to insufficient funds, but it was processed successfully.<br/>
<br><img src='E:/Folder/Galal/Courses/Digital Egypt Pioneers Initiative (DEPI) - Software Testing/DEPI Software Tester Graduation Project/automation-framework/reports/screenshots\TC-095\TC-095_screenshot.png' height='300' width='400'/><br><br/>
</div>
</td>
<td><div><pre>java.lang.AssertionError: Transaction should have been declined due to insufficient funds, but it was processed successfully.
	at tests.ui.PaymentsTest.verifyPaymentFailsWithInsufficientFunds(PaymentsTest.java:558)
	at java.base/java.util.ArrayList.forEach(ArrayList.java:1597)
... Removed 30 stack frames</pre></div><a href='#' onClick='toggleBox("stack-trace498427378", this, "Click to show all stack frames", "Click to hide stack frames")'>Click to show all stack frames</a>
<div class='stack-trace' id='stack-trace498427378'><pre>java.lang.AssertionError: Transaction should have been declined due to insufficient funds, but it was processed successfully.
	at org.testng.Assert.fail(Assert.java:111)
	at tests.ui.PaymentsTest.verifyPaymentFailsWithInsufficientFunds(PaymentsTest.java:558)
	at java.base/jdk.internal.reflect.DirectMethodHandleAccessor.invoke(DirectMethodHandleAccessor.java:103)
	at java.base/java.lang.reflect.Method.invoke(Method.java:580)
	at org.testng.internal.invokers.MethodInvocationHelper.invokeMethod(MethodInvocationHelper.java:141)
	at org.testng.internal.invokers.TestInvoker.invokeMethod(TestInvoker.java:687)
	at org.testng.internal.invokers.TestInvoker.invokeTestMethod(TestInvoker.java:230)
	at org.testng.internal.invokers.MethodRunner.runInSequence(MethodRunner.java:63)
	at org.testng.internal.invokers.TestInvoker$MethodInvocationAgent.invoke(TestInvoker.java:995)
	at org.testng.internal.invokers.TestInvoker.invokeTestMethods(TestInvoker.java:203)
	at org.testng.internal.invokers.TestMethodWorker.invokeTestMethods(TestMethodWorker.java:154)
	at org.testng.internal.invokers.TestMethodWorker.run(TestMethodWorker.java:134)
	at java.base/java.util.ArrayList.forEach(ArrayList.java:1597)
	at org.testng.TestRunner.privateRun(TestRunner.java:741)
	at org.testng.TestRunner.run(TestRunner.java:616)
	at org.testng.SuiteRunner.runTest(SuiteRunner.java:421)
	at org.testng.SuiteRunner.runSequentially(SuiteRunner.java:413)
	at org.testng.SuiteRunner.privateRun(SuiteRunner.java:373)
	at org.testng.SuiteRunner.run(SuiteRunner.java:312)
	at org.testng.SuiteRunnerWorker.runSuite(SuiteRunnerWorker.java:52)
	at org.testng.SuiteRunnerWorker.run(SuiteRunnerWorker.java:95)
	at org.testng.TestNG.runSuitesSequentially(TestNG.java:1274)
	at org.testng.TestNG.runSuitesLocally(TestNG.java:1208)
	at org.testng.TestNG.runSuites(TestNG.java:1112)
	at org.testng.TestNG.run(TestNG.java:1079)
	at org.apache.maven.surefire.testng.TestNGExecutor.run(TestNGExecutor.java:308)
	at org.apache.maven.surefire.testng.TestNGXmlTestSuite.execute(TestNGXmlTestSuite.java:71)
	at org.apache.maven.surefire.testng.TestNGProvider.invoke(TestNGProvider.java:113)
	at org.apache.maven.surefire.booter.ForkedBooter.runSuitesInProcess(ForkedBooter.java:385)
	at org.apache.maven.surefire.booter.ForkedBooter.execute(ForkedBooter.java:162)
	at org.apache.maven.surefire.booter.ForkedBooter.run(ForkedBooter.java:507)
	at org.apache.maven.surefire.booter.ForkedBooter.main(ForkedBooter.java:495)
</pre></div></td>
<td>58</td>
<td>tests.ui.PaymentsTest@6283d8b8</td></tr>
<tr>
<td title='tests.ui.PaymentsTest.verifyAvailablePaymentMethods()'><b>verifyAvailablePaymentMethods</b><br>Test class: tests.ui.PaymentsTest<br>Test method: TC-083_TC-084<br/>
<a href="#Output-1371838766" onClick='toggleBox("Output-1371838766", this, "Show output", "Hide output");'>Show output</a>

<a href="#Output-1371838766" onClick="toggleAllBoxes();">Show all outputs</a>
<div class='log' id="Output-1371838766">
ğŸŸ¢ Test Started: verifyAvailablePaymentMethods (ğŸ”¢ Test Case ID: TC-083_TC-084)<br/>

ğŸŒ Test Environment:
ğŸ–¥ï¸ OS: Windows 11 10.0
â˜• Java Version: 23.0.1
ğŸŒ Browser: chrome 134.0.6998.89
<br/>
âŒ Test FAILED: verifyAvailablePaymentMethods - Neither PayPal nor Cash On Delivery (COD) payment methods are available! Available methods: <br/>
<br><img src='E:/Folder/Galal/Courses/Digital Egypt Pioneers Initiative (DEPI) - Software Testing/DEPI Software Tester Graduation Project/automation-framework/reports/screenshots\TC-083_TC-084\TC-083_TC-084_screenshot.png' height='300' width='400'/><br><br/>
</div>
</td>
<td><div><pre>java.lang.AssertionError: Neither PayPal nor Cash On Delivery (COD) payment methods are available! Available methods: 
	at tests.ui.PaymentsTest.verifyAvailablePaymentMethods(PaymentsTest.java:316)
	at java.base/java.util.ArrayList.forEach(ArrayList.java:1597)
... Removed 30 stack frames</pre></div><a href='#' onClick='toggleBox("stack-trace1371838766", this, "Click to show all stack frames", "Click to hide stack frames")'>Click to show all stack frames</a>
<div class='stack-trace' id='stack-trace1371838766'><pre>java.lang.AssertionError: Neither PayPal nor Cash On Delivery (COD) payment methods are available! Available methods: 
	at org.testng.Assert.fail(Assert.java:111)
	at tests.ui.PaymentsTest.verifyAvailablePaymentMethods(PaymentsTest.java:316)
	at java.base/jdk.internal.reflect.DirectMethodHandleAccessor.invoke(DirectMethodHandleAccessor.java:103)
	at java.base/java.lang.reflect.Method.invoke(Method.java:580)
	at org.testng.internal.invokers.MethodInvocationHelper.invokeMethod(MethodInvocationHelper.java:141)
	at org.testng.internal.invokers.TestInvoker.invokeMethod(TestInvoker.java:687)
	at org.testng.internal.invokers.TestInvoker.invokeTestMethod(TestInvoker.java:230)
	at org.testng.internal.invokers.MethodRunner.runInSequence(MethodRunner.java:63)
	at org.testng.internal.invokers.TestInvoker$MethodInvocationAgent.invoke(TestInvoker.java:995)
	at org.testng.internal.invokers.TestInvoker.invokeTestMethods(TestInvoker.java:203)
	at org.testng.internal.invokers.TestMethodWorker.invokeTestMethods(TestMethodWorker.java:154)
	at org.testng.internal.invokers.TestMethodWorker.run(TestMethodWorker.java:134)
	at java.base/java.util.ArrayList.forEach(ArrayList.java:1597)
	at org.testng.TestRunner.privateRun(TestRunner.java:741)
	at org.testng.TestRunner.run(TestRunner.java:616)
	at org.testng.SuiteRunner.runTest(SuiteRunner.java:421)
	at org.testng.SuiteRunner.runSequentially(SuiteRunner.java:413)
	at org.testng.SuiteRunner.privateRun(SuiteRunner.java:373)
	at org.testng.SuiteRunner.run(SuiteRunner.java:312)
	at org.testng.SuiteRunnerWorker.runSuite(SuiteRunnerWorker.java:52)
	at org.testng.SuiteRunnerWorker.run(SuiteRunnerWorker.java:95)
	at org.testng.TestNG.runSuitesSequentially(TestNG.java:1274)
	at org.testng.TestNG.runSuitesLocally(TestNG.java:1208)
	at org.testng.TestNG.runSuites(TestNG.java:1112)
	at org.testng.TestNG.run(TestNG.java:1079)
	at org.apache.maven.surefire.testng.TestNGExecutor.run(TestNGExecutor.java:308)
	at org.apache.maven.surefire.testng.TestNGXmlTestSuite.execute(TestNGXmlTestSuite.java:71)
	at org.apache.maven.surefire.testng.TestNGProvider.invoke(TestNGProvider.java:113)
	at org.apache.maven.surefire.booter.ForkedBooter.runSuitesInProcess(ForkedBooter.java:385)
	at org.apache.maven.surefire.booter.ForkedBooter.execute(ForkedBooter.java:162)
	at org.apache.maven.surefire.booter.ForkedBooter.run(ForkedBooter.java:507)
	at org.apache.maven.surefire.booter.ForkedBooter.main(ForkedBooter.java:495)
</pre></div></td>
<td>20</td>
<td>tests.ui.PaymentsTest@6283d8b8</td></tr>
</table><p>
<table width='100%' border='1' class='invocation-passed'>
<tr><td colspan='4' align='center'><b>PASSED TESTS</b></td></tr>
<tr><td><b>Test method</b></td>
<td><b>Attribute(s)</b></td>
<td width="30%"><b>Exception</b></td>
<td width="10%"><b>Time (seconds)</b></td>
<td><b>Instance</b></td>
</tr>
<tr>
<td title='tests.ui.CartTest.testCartPersistence()'><b>testCartPersistence</b><br>Test class: tests.ui.CartTest<br>Test method: TC-015<br/>
<a href="#Output-184017782" onClick='toggleBox("Output-184017782", this, "Show output", "Hide output");'>Show output</a>

<a href="#Output-184017782" onClick="toggleAllBoxes();">Show all outputs</a>
<div class='log' id="Output-184017782">
ğŸŸ¢ Test Started: testCartPersistence (ğŸ”¢ Test Case ID: TC-015)<br/>

ğŸŒ Test Environment:
ğŸ–¥ï¸ OS: Windows 11 10.0
â˜• Java Version: 23.0.1
ğŸŒ Browser: chrome 134.0.6998.89
<br/>
âœ… Test PASSED: testCartPersistence (Duration: 5751ms)<br/>
<br><img src='E:/Folder/Galal/Courses/Digital Egypt Pioneers Initiative (DEPI) - Software Testing/DEPI Software Tester Graduation Project/automation-framework/reports/screenshots\TC-015\TC-015_screenshot.png' height='300' width='400'/><br><br/>
</div>
</td>
<td></td>
<td>5</td>
<td>tests.ui.CartTest@7205765b</td></tr>
<tr>
<td title='tests.ui.ProductPageTest.verifyCompareListFunctionality()'><b>verifyCompareListFunctionality</b><br>Test class: tests.ui.ProductPageTest<br>Test method: TC-199<br/>
<a href="#Output-1412114351" onClick='toggleBox("Output-1412114351", this, "Show output", "Hide output");'>Show output</a>

<a href="#Output-1412114351" onClick="toggleAllBoxes();">Show all outputs</a>
<div class='log' id="Output-1412114351">
ğŸŸ¢ Test Started: verifyCompareListFunctionality (ğŸ”¢ Test Case ID: TC-199)<br/>

ğŸŒ Test Environment:
ğŸ–¥ï¸ OS: Windows 11 10.0
â˜• Java Version: 23.0.1
ğŸŒ Browser: chrome 134.0.6998.89
<br/>
âœ… Test PASSED: verifyCompareListFunctionality (Duration: 56855ms)<br/>
<br><img src='E:/Folder/Galal/Courses/Digital Egypt Pioneers Initiative (DEPI) - Software Testing/DEPI Software Tester Graduation Project/automation-framework/reports/screenshots\TC-199\TC-199_screenshot.png' height='300' width='400'/><br><br/>
</div>
</td>
<td></td>
<td>56</td>
<td>tests.ui.ProductPageTest@3b6ddd1d</td></tr>
<tr>
<td title='tests.ui.HomePageTest.verifyHomePageLoads()'><b>verifyHomePageLoads</b><br>Test class: tests.ui.HomePageTest<br>Test method: TC-001<br/>
<a href="#Output-2023591894" onClick='toggleBox("Output-2023591894", this, "Show output", "Hide output");'>Show output</a>

<a href="#Output-2023591894" onClick="toggleAllBoxes();">Show all outputs</a>
<div class='log' id="Output-2023591894">
ğŸŸ¢ Test Started: verifyHomePageLoads (ğŸ”¢ Test Case ID: TC-001)<br/>

ğŸŒ Test Environment:
ğŸ–¥ï¸ OS: Windows 11 10.0
â˜• Java Version: 23.0.1
ğŸŒ Browser: chrome 134.0.6998.89
<br/>
âœ… Test PASSED: verifyHomePageLoads (Duration: 839ms)<br/>
<br><img src='E:/Folder/Galal/Courses/Digital Egypt Pioneers Initiative (DEPI) - Software Testing/DEPI Software Tester Graduation Project/automation-framework/reports/screenshots\TC-001\TC-001_screenshot.png' height='300' width='400'/><br><br/>
</div>
</td>
<td></td>
<td>0</td>
<td>tests.ui.HomePageTest@22ef9844</td></tr>
<tr>
<td title='tests.ui.PaymentsTest.verifyExpiredPaymentMethod()'><b>verifyExpiredPaymentMethod</b><br>Test class: tests.ui.PaymentsTest<br>Test method: TC-012<br/>
<a href="#Output-60182939" onClick='toggleBox("Output-60182939", this, "Show output", "Hide output");'>Show output</a>

<a href="#Output-60182939" onClick="toggleAllBoxes();">Show all outputs</a>
<div class='log' id="Output-60182939">
ğŸŸ¢ Test Started: verifyExpiredPaymentMethod (ğŸ”¢ Test Case ID: TC-012)<br/>

ğŸŒ Test Environment:
ğŸ–¥ï¸ OS: Windows 11 10.0
â˜• Java Version: 23.0.1
ğŸŒ Browser: chrome 134.0.6998.89
<br/>
âœ… Test PASSED: verifyExpiredPaymentMethod (Duration: 27167ms)<br/>
<br><img src='E:/Folder/Galal/Courses/Digital Egypt Pioneers Initiative (DEPI) - Software Testing/DEPI Software Tester Graduation Project/automation-framework/reports/screenshots\TC-012\TC-012_screenshot.png' height='300' width='400'/><br><br/>
</div>
</td>
<td></td>
<td>27</td>
<td>tests.ui.PaymentsTest@6283d8b8</td></tr>
<tr>
<td title='tests.ui.CheckoutTest.verifyCheckoutPageLoads()'><b>verifyCheckoutPageLoads</b><br>Test class: tests.ui.CheckoutTest<br>Test method: TC-004<br/>
<a href="#Output-424832797" onClick='toggleBox("Output-424832797", this, "Show output", "Hide output");'>Show output</a>

<a href="#Output-424832797" onClick="toggleAllBoxes();">Show all outputs</a>
<div class='log' id="Output-424832797">
ğŸŸ¢ Test Started: verifyCheckoutPageLoads (ğŸ”¢ Test Case ID: TC-004)<br/>

ğŸŒ Test Environment:
ğŸ–¥ï¸ OS: Windows 11 10.0
â˜• Java Version: 23.0.1
ğŸŒ Browser: chrome 134.0.6998.89
<br/>
âœ… Test PASSED: verifyCheckoutPageLoads (Duration: 16607ms)<br/>
<br><img src='E:/Folder/Galal/Courses/Digital Egypt Pioneers Initiative (DEPI) - Software Testing/DEPI Software Tester Graduation Project/automation-framework/reports/screenshots\TC-004\TC-004_screenshot.png' height='300' width='400'/><br><br/>
</div>
</td>
<td></td>
<td>16</td>
<td>tests.ui.CheckoutTest@47987356</td></tr>
<tr>
<td title='tests.ui.CheckoutTest.verifyDifferentPaymentOptionsAreAvailable()'><b>verifyDifferentPaymentOptionsAreAvailable</b><br>Test class: tests.ui.CheckoutTest<br>Test method: TC-189<br/>
<a href="#Output-1495453683" onClick='toggleBox("Output-1495453683", this, "Show output", "Hide output");'>Show output</a>

<a href="#Output-1495453683" onClick="toggleAllBoxes();">Show all outputs</a>
<div class='log' id="Output-1495453683">
ğŸŸ¢ Test Started: verifyDifferentPaymentOptionsAreAvailable (ğŸ”¢ Test Case ID: TC-189)<br/>

ğŸŒ Test Environment:
ğŸ–¥ï¸ OS: Windows 11 10.0
â˜• Java Version: 23.0.1
ğŸŒ Browser: chrome 134.0.6998.89
<br/>
âœ… Test PASSED: verifyDifferentPaymentOptionsAreAvailable (Duration: 24557ms)<br/>
<br><img src='E:/Folder/Galal/Courses/Digital Egypt Pioneers Initiative (DEPI) - Software Testing/DEPI Software Tester Graduation Project/automation-framework/reports/screenshots\TC-189\TC-189_screenshot.png' height='300' width='400'/><br><br/>
</div>
</td>
<td></td>
<td>24</td>
<td>tests.ui.CheckoutTest@47987356</td></tr>
<tr>
<td title='tests.ui.SearchTest.verifyClearingFilters()'><b>verifyClearingFilters</b><br>Test class: tests.ui.SearchTest<br>Test method: TC-050<br/>
<a href="#Output-1473019294" onClick='toggleBox("Output-1473019294", this, "Show output", "Hide output");'>Show output</a>

<a href="#Output-1473019294" onClick="toggleAllBoxes();">Show all outputs</a>
<div class='log' id="Output-1473019294">
ğŸŸ¢ Test Started: verifyClearingFilters (ğŸ”¢ Test Case ID: TC-050)<br/>

ğŸŒ Test Environment:
ğŸ–¥ï¸ OS: Windows 11 10.0
â˜• Java Version: 23.0.1
ğŸŒ Browser: chrome 134.0.6998.89
<br/>
âœ… Test PASSED: verifyClearingFilters (Duration: 17793ms)<br/>
<br><img src='E:/Folder/Galal/Courses/Digital Egypt Pioneers Initiative (DEPI) - Software Testing/DEPI Software Tester Graduation Project/automation-framework/reports/screenshots\TC-050\TC-050_screenshot.png' height='300' width='400'/><br><br/>
</div>
</td>
<td></td>
<td>17</td>
<td>tests.ui.SearchTest@3f6b0be5</td></tr>
<tr>
<td title='tests.ui.ProductPageTest.verifyProductImageGallery()'><b>verifyProductImageGallery</b><br>Test class: tests.ui.ProductPageTest<br>Test method: TC-179<br/>
<a href="#Output-1212704797" onClick='toggleBox("Output-1212704797", this, "Show output", "Hide output");'>Show output</a>

<a href="#Output-1212704797" onClick="toggleAllBoxes();">Show all outputs</a>
<div class='log' id="Output-1212704797">
ğŸŸ¢ Test Started: verifyProductImageGallery (ğŸ”¢ Test Case ID: TC-179)<br/>

ğŸŒ Test Environment:
ğŸ–¥ï¸ OS: Windows 11 10.0
â˜• Java Version: 23.0.1
ğŸŒ Browser: chrome 134.0.6998.89
<br/>
âœ… Test PASSED: verifyProductImageGallery (Duration: 13745ms)<br/>
<br><img src='E:/Folder/Galal/Courses/Digital Egypt Pioneers Initiative (DEPI) - Software Testing/DEPI Software Tester Graduation Project/automation-framework/reports/screenshots\TC-179\TC-179_screenshot.png' height='300' width='400'/><br><br/>
</div>
</td>
<td></td>
<td>13</td>
<td>tests.ui.ProductPageTest@3b6ddd1d</td></tr>
<tr>
<td title='tests.ui.PaymentsTest.verifyPaymentViaCreditCard()'><b>verifyPaymentViaCreditCard</b><br>Test class: tests.ui.PaymentsTest<br>Test method: TC-082<br/>
<a href="#Output-617400603" onClick='toggleBox("Output-617400603", this, "Show output", "Hide output");'>Show output</a>

<a href="#Output-617400603" onClick="toggleAllBoxes();">Show all outputs</a>
<div class='log' id="Output-617400603">
ğŸŸ¢ Test Started: verifyPaymentViaCreditCard (ğŸ”¢ Test Case ID: TC-082)<br/>

ğŸŒ Test Environment:
ğŸ–¥ï¸ OS: Windows 11 10.0
â˜• Java Version: 23.0.1
ğŸŒ Browser: chrome 134.0.6998.89
<br/>
âœ… Test PASSED: verifyPaymentViaCreditCard (Duration: 32959ms)<br/>
<br><img src='E:/Folder/Galal/Courses/Digital Egypt Pioneers Initiative (DEPI) - Software Testing/DEPI Software Tester Graduation Project/automation-framework/reports/screenshots\TC-082\TC-082_screenshot.png' height='300' width='400'/><br><br/>
</div>
</td>
<td></td>
<td>32</td>
<td>tests.ui.PaymentsTest@6283d8b8</td></tr>
<tr>
<td title='tests.ui.ProductPageTest.verifyRelatedProductsAreDisplayed()'><b>verifyRelatedProductsAreDisplayed</b><br>Test class: tests.ui.ProductPageTest<br>Test method: TC-063<br/>
<a href="#Output-1266332258" onClick='toggleBox("Output-1266332258", this, "Show output", "Hide output");'>Show output</a>

<a href="#Output-1266332258" onClick="toggleAllBoxes();">Show all outputs</a>
<div class='log' id="Output-1266332258">
ğŸŸ¢ Test Started: verifyRelatedProductsAreDisplayed (ğŸ”¢ Test Case ID: TC-063)<br/>

ğŸŒ Test Environment:
ğŸ–¥ï¸ OS: Windows 11 10.0
â˜• Java Version: 23.0.1
ğŸŒ Browser: chrome 134.0.6998.89
<br/>
âœ… Test PASSED: verifyRelatedProductsAreDisplayed (Duration: 16537ms)<br/>
<br><img src='E:/Folder/Galal/Courses/Digital Egypt Pioneers Initiative (DEPI) - Software Testing/DEPI Software Tester Graduation Project/automation-framework/reports/screenshots\TC-063\TC-063_screenshot.png' height='300' width='400'/><br><br/>
</div>
</td>
<td></td>
<td>16</td>
<td>tests.ui.ProductPageTest@3b6ddd1d</td></tr>
<tr>
<td title='tests.ui.ProductPageTest.verifyProductVariationSelection()'><b>verifyProductVariationSelection</b><br>Test class: tests.ui.ProductPageTest<br>Test method: TC-020<br/>
<a href="#Output-1588196083" onClick='toggleBox("Output-1588196083", this, "Show output", "Hide output");'>Show output</a>

<a href="#Output-1588196083" onClick="toggleAllBoxes();">Show all outputs</a>
<div class='log' id="Output-1588196083">
ğŸŸ¢ Test Started: verifyProductVariationSelection (ğŸ”¢ Test Case ID: TC-020)<br/>

ğŸŒ Test Environment:
ğŸ–¥ï¸ OS: Windows 11 10.0
â˜• Java Version: 23.0.1
ğŸŒ Browser: chrome 134.0.6998.89
<br/>
âœ… Test PASSED: verifyProductVariationSelection (Duration: 28279ms)<br/>
<br><img src='E:/Folder/Galal/Courses/Digital Egypt Pioneers Initiative (DEPI) - Software Testing/DEPI Software Tester Graduation Project/automation-framework/reports/screenshots\TC-020\TC-020_screenshot.png' height='300' width='400'/><br><br/>
</div>
</td>
<td></td>
<td>28</td>
<td>tests.ui.ProductPageTest@3b6ddd1d</td></tr>
<tr>
<td title='tests.ui.SearchTest.verifyPaginationInSearchResults()'><b>verifyPaginationInSearchResults</b><br>Test class: tests.ui.SearchTest<br>Test method: TC-042<br/>
<a href="#Output-709360477" onClick='toggleBox("Output-709360477", this, "Show output", "Hide output");'>Show output</a>

<a href="#Output-709360477" onClick="toggleAllBoxes();">Show all outputs</a>
<div class='log' id="Output-709360477">
ğŸŸ¢ Test Started: verifyPaginationInSearchResults (ğŸ”¢ Test Case ID: TC-042)<br/>

ğŸŒ Test Environment:
ğŸ–¥ï¸ OS: Windows 11 10.0
â˜• Java Version: 23.0.1
ğŸŒ Browser: chrome 134.0.6998.89
<br/>
âœ… Test PASSED: verifyPaginationInSearchResults (Duration: 9763ms)<br/>
<br><img src='E:/Folder/Galal/Courses/Digital Egypt Pioneers Initiative (DEPI) - Software Testing/DEPI Software Tester Graduation Project/automation-framework/reports/screenshots\TC-042\TC-042_screenshot.png' height='300' width='400'/><br><br/>
</div>
</td>
<td></td>
<td>9</td>
<td>tests.ui.SearchTest@3f6b0be5</td></tr>
<tr>
<td title='tests.ui.CartTest.verifyRemoveMultipleProducts()'><b>verifyRemoveMultipleProducts</b><br>Test class: tests.ui.CartTest<br>Test method: TC-019<br/>
<a href="#Output-874634941" onClick='toggleBox("Output-874634941", this, "Show output", "Hide output");'>Show output</a>

<a href="#Output-874634941" onClick="toggleAllBoxes();">Show all outputs</a>
<div class='log' id="Output-874634941">
ğŸŸ¢ Test Started: verifyRemoveMultipleProducts (ğŸ”¢ Test Case ID: TC-019)<br/>

ğŸŒ Test Environment:
ğŸ–¥ï¸ OS: Windows 11 10.0
â˜• Java Version: 23.0.1
ğŸŒ Browser: chrome 134.0.6998.89
<br/>
âœ… Test PASSED: verifyRemoveMultipleProducts (Duration: 40813ms)<br/>
<br><img src='E:/Folder/Galal/Courses/Digital Egypt Pioneers Initiative (DEPI) - Software Testing/DEPI Software Tester Graduation Project/automation-framework/reports/screenshots\TC-019\TC-019_screenshot.png' height='300' width='400'/><br><br/>
</div>
</td>
<td></td>
<td>40</td>
<td>tests.ui.CartTest@7205765b</td></tr>
<tr>
<td title='tests.ui.CheckoutTest.verifyOrderIsGenerated()'><b>verifyOrderIsGenerated</b><br>Test class: tests.ui.CheckoutTest<br>Test method: TC-081<br/>
<a href="#Output-72847563" onClick='toggleBox("Output-72847563", this, "Show output", "Hide output");'>Show output</a>

<a href="#Output-72847563" onClick="toggleAllBoxes();">Show all outputs</a>
<div class='log' id="Output-72847563">
ğŸŸ¢ Test Started: verifyOrderIsGenerated (ğŸ”¢ Test Case ID: TC-081)<br/>

ğŸŒ Test Environment:
ğŸ–¥ï¸ OS: Windows 11 10.0
â˜• Java Version: 23.0.1
ğŸŒ Browser: chrome 134.0.6998.89
<br/>
âœ… Test PASSED: verifyOrderIsGenerated (Duration: 28851ms)<br/>
<br><img src='E:/Folder/Galal/Courses/Digital Egypt Pioneers Initiative (DEPI) - Software Testing/DEPI Software Tester Graduation Project/automation-framework/reports/screenshots\TC-081\TC-081_screenshot.png' height='300' width='400'/><br><br/>
</div>
</td>
<td></td>
<td>28</td>
<td>tests.ui.CheckoutTest@47987356</td></tr>
<tr>
<td title='tests.ui.CheckoutTest.verifyOrderSummaryDisplaysCorrectInfo()'><b>verifyOrderSummaryDisplaysCorrectInfo</b><br>Test class: tests.ui.CheckoutTest<br>Test method: TC-187<br/>
<a href="#Output-792363366" onClick='toggleBox("Output-792363366", this, "Show output", "Hide output");'>Show output</a>

<a href="#Output-792363366" onClick="toggleAllBoxes();">Show all outputs</a>
<div class='log' id="Output-792363366">
ğŸŸ¢ Test Started: verifyOrderSummaryDisplaysCorrectInfo (ğŸ”¢ Test Case ID: TC-187)<br/>

ğŸŒ Test Environment:
ğŸ–¥ï¸ OS: Windows 11 10.0
â˜• Java Version: 23.0.1
ğŸŒ Browser: chrome 134.0.6998.89
<br/>
âœ… Test PASSED: verifyOrderSummaryDisplaysCorrectInfo (Duration: 31815ms)<br/>
<br><img src='E:/Folder/Galal/Courses/Digital Egypt Pioneers Initiative (DEPI) - Software Testing/DEPI Software Tester Graduation Project/automation-framework/reports/screenshots\TC-187\TC-187_screenshot.png' height='300' width='400'/><br><br/>
</div>
</td>
<td></td>
<td>31</td>
<td>tests.ui.CheckoutTest@47987356</td></tr>
<tr>
<td title='tests.ui.CheckoutTest.testCheckoutProcessAsUser()'><b>testCheckoutProcessAsUser</b><br>Test class: tests.ui.CheckoutTest<br>Test method: TC-073<br/>
<a href="#Output-1468685544" onClick='toggleBox("Output-1468685544", this, "Show output", "Hide output");'>Show output</a>

<a href="#Output-1468685544" onClick="toggleAllBoxes();">Show all outputs</a>
<div class='log' id="Output-1468685544">
ğŸŸ¢ Test Started: testCheckoutProcessAsUser (ğŸ”¢ Test Case ID: TC-073)<br/>

ğŸŒ Test Environment:
ğŸ–¥ï¸ OS: Windows 11 10.0
â˜• Java Version: 23.0.1
ğŸŒ Browser: chrome 134.0.6998.89
<br/>
âœ… Test PASSED: testCheckoutProcessAsUser (Duration: 33579ms)<br/>
<br><img src='E:/Folder/Galal/Courses/Digital Egypt Pioneers Initiative (DEPI) - Software Testing/DEPI Software Tester Graduation Project/automation-framework/reports/screenshots\TC-073\TC-073_screenshot.png' height='300' width='400'/><br><br/>
</div>
</td>
<td></td>
<td>33</td>
<td>tests.ui.CheckoutTest@47987356</td></tr>
<tr>
<td title='tests.ui.CheckoutTest.verifyInvalidAddressPreventsCheckout()'><b>verifyInvalidAddressPreventsCheckout</b><br>Test class: tests.ui.CheckoutTest<br>Test method: TC-080<br/>
<a href="#Output-1710201354" onClick='toggleBox("Output-1710201354", this, "Show output", "Hide output");'>Show output</a>

<a href="#Output-1710201354" onClick="toggleAllBoxes();">Show all outputs</a>
<div class='log' id="Output-1710201354">
ğŸŸ¢ Test Started: verifyInvalidAddressPreventsCheckout (ğŸ”¢ Test Case ID: TC-080)<br/>

ğŸŒ Test Environment:
ğŸ–¥ï¸ OS: Windows 11 10.0
â˜• Java Version: 23.0.1
ğŸŒ Browser: chrome 134.0.6998.89
<br/>
âœ… Test PASSED: verifyInvalidAddressPreventsCheckout (Duration: 29168ms)<br/>
<br><img src='E:/Folder/Galal/Courses/Digital Egypt Pioneers Initiative (DEPI) - Software Testing/DEPI Software Tester Graduation Project/automation-framework/reports/screenshots\TC-080\TC-080_screenshot.png' height='300' width='400'/><br><br/>
</div>
</td>
<td></td>
<td>29</td>
<td>tests.ui.CheckoutTest@47987356</td></tr>
<tr>
<td title='tests.ui.ProductPageTest.verifyProductReviewsAreDisplayed()'><b>verifyProductReviewsAreDisplayed</b><br>Test class: tests.ui.ProductPageTest<br>Test method: TC-180<br/>
<a href="#Output-313740245" onClick='toggleBox("Output-313740245", this, "Show output", "Hide output");'>Show output</a>

<a href="#Output-313740245" onClick="toggleAllBoxes();">Show all outputs</a>
<div class='log' id="Output-313740245">
ğŸŸ¢ Test Started: verifyProductReviewsAreDisplayed (ğŸ”¢ Test Case ID: TC-180)<br/>

ğŸŒ Test Environment:
ğŸ–¥ï¸ OS: Windows 11 10.0
â˜• Java Version: 23.0.1
ğŸŒ Browser: chrome 134.0.6998.89
<br/>
âœ… Test PASSED: verifyProductReviewsAreDisplayed (Duration: 12629ms)<br/>
<br><img src='E:/Folder/Galal/Courses/Digital Egypt Pioneers Initiative (DEPI) - Software Testing/DEPI Software Tester Graduation Project/automation-framework/reports/screenshots\TC-180\TC-180_screenshot.png' height='300' width='400'/><br><br/>
</div>
</td>
<td></td>
<td>12</td>
<td>tests.ui.ProductPageTest@3b6ddd1d</td></tr>
<tr>
<td title='tests.ui.SearchTest.verifySortingOptions()'><b>verifySortingOptions</b><br>Test class: tests.ui.SearchTest<br>Test method: TC-043<br/>
<a href="#Output-1009024141" onClick='toggleBox("Output-1009024141", this, "Show output", "Hide output");'>Show output</a>

<a href="#Output-1009024141" onClick="toggleAllBoxes();">Show all outputs</a>
<div class='log' id="Output-1009024141">
ğŸŸ¢ Test Started: verifySortingOptions (ğŸ”¢ Test Case ID: TC-043)<br/>

ğŸŒ Test Environment:
ğŸ–¥ï¸ OS: Windows 11 10.0
â˜• Java Version: 23.0.1
ğŸŒ Browser: chrome 134.0.6998.89
<br/>
âœ… Test PASSED: verifySortingOptions (Duration: 15706ms)<br/>
<br><img src='E:/Folder/Galal/Courses/Digital Egypt Pioneers Initiative (DEPI) - Software Testing/DEPI Software Tester Graduation Project/automation-framework/reports/screenshots\TC-043\TC-043_screenshot.png' height='300' width='400'/><br><br/>
</div>
</td>
<td></td>
<td>15</td>
<td>tests.ui.SearchTest@3f6b0be5</td></tr>
<tr>
<td title='tests.ui.SearchTest.verifySearchByCategory()'><b>verifySearchByCategory</b><br>Test class: tests.ui.SearchTest<br>Test method: TC-038<br/>
<a href="#Output-1691841404" onClick='toggleBox("Output-1691841404", this, "Show output", "Hide output");'>Show output</a>

<a href="#Output-1691841404" onClick="toggleAllBoxes();">Show all outputs</a>
<div class='log' id="Output-1691841404">
ğŸŸ¢ Test Started: verifySearchByCategory (ğŸ”¢ Test Case ID: TC-038)<br/>

ğŸŒ Test Environment:
ğŸ–¥ï¸ OS: Windows 11 10.0
â˜• Java Version: 23.0.1
ğŸŒ Browser: chrome 134.0.6998.89
<br/>
âœ… Test PASSED: verifySearchByCategory (Duration: 6384ms)<br/>
<br><img src='E:/Folder/Galal/Courses/Digital Egypt Pioneers Initiative (DEPI) - Software Testing/DEPI Software Tester Graduation Project/automation-framework/reports/screenshots\TC-038\TC-038_screenshot.png' height='300' width='400'/><br><br/>
</div>
</td>
<td></td>
<td>6</td>
<td>tests.ui.SearchTest@3f6b0be5</td></tr>
<tr>
<td title='tests.ui.HomePageTest.verifyHeaderLinks()'><b>verifyHeaderLinks</b><br>Test class: tests.ui.HomePageTest<br>Test method: TC-342<br/>
<a href="#Output-335915626" onClick='toggleBox("Output-335915626", this, "Show output", "Hide output");'>Show output</a>

<a href="#Output-335915626" onClick="toggleAllBoxes();">Show all outputs</a>
<div class='log' id="Output-335915626">
ğŸŸ¢ Test Started: verifyHeaderLinks (ğŸ”¢ Test Case ID: TC-342)<br/>

ğŸŒ Test Environment:
ğŸ–¥ï¸ OS: Windows 11 10.0
â˜• Java Version: 23.0.1
ğŸŒ Browser: chrome 134.0.6998.89
<br/>
âœ… Test PASSED: verifyHeaderLinks (Duration: 21077ms)<br/>
<br><img src='E:/Folder/Galal/Courses/Digital Egypt Pioneers Initiative (DEPI) - Software Testing/DEPI Software Tester Graduation Project/automation-framework/reports/screenshots\TC-342\TC-342_screenshot.png' height='300' width='400'/><br><br/>
</div>
</td>
<td></td>
<td>21</td>
<td>tests.ui.HomePageTest@22ef9844</td></tr>
<tr>
<td title='tests.ui.SearchTest.verifyFilteringByManufacturer()'><b>verifyFilteringByManufacturer</b><br>Test class: tests.ui.SearchTest<br>Test method: TC-044<br/>
<a href="#Output-1394210102" onClick='toggleBox("Output-1394210102", this, "Show output", "Hide output");'>Show output</a>

<a href="#Output-1394210102" onClick="toggleAllBoxes();">Show all outputs</a>
<div class='log' id="Output-1394210102">
ğŸŸ¢ Test Started: verifyFilteringByManufacturer (ğŸ”¢ Test Case ID: TC-044)<br/>

ğŸŒ Test Environment:
ğŸ–¥ï¸ OS: Windows 11 10.0
â˜• Java Version: 23.0.1
ğŸŒ Browser: chrome 134.0.6998.89
<br/>
âœ… Test PASSED: verifyFilteringByManufacturer (Duration: 15310ms)<br/>
<br><img src='E:/Folder/Galal/Courses/Digital Egypt Pioneers Initiative (DEPI) - Software Testing/DEPI Software Tester Graduation Project/automation-framework/reports/screenshots\TC-044\TC-044_screenshot.png' height='300' width='400'/><br><br/>
</div>
</td>
<td></td>
<td>15</td>
<td>tests.ui.SearchTest@3f6b0be5</td></tr>
<tr>
<td title='tests.ui.SearchTest.verifySearchFunctionality()'><b>verifySearchFunctionality</b><br>Test class: tests.ui.SearchTest<br>Test method: TC-002<br/>
<a href="#Output-695746775" onClick='toggleBox("Output-695746775", this, "Show output", "Hide output");'>Show output</a>

<a href="#Output-695746775" onClick="toggleAllBoxes();">Show all outputs</a>
<div class='log' id="Output-695746775">
ğŸŸ¢ Test Started: verifySearchFunctionality (ğŸ”¢ Test Case ID: TC-002)<br/>

ğŸŒ Test Environment:
ğŸ–¥ï¸ OS: Windows 11 10.0
â˜• Java Version: 23.0.1
ğŸŒ Browser: chrome 134.0.6998.89
<br/>
âœ… Test PASSED: verifySearchFunctionality (Duration: 5194ms)<br/>
<br><img src='E:/Folder/Galal/Courses/Digital Egypt Pioneers Initiative (DEPI) - Software Testing/DEPI Software Tester Graduation Project/automation-framework/reports/screenshots\TC-002\TC-002_screenshot.png' height='300' width='400'/><br><br/>
</div>
</td>
<td></td>
<td>5</td>
<td>tests.ui.SearchTest@3f6b0be5</td></tr>
<tr>
<td title='tests.ui.SearchTest.verifyAutoSuggestionsInSearchBar()'><b>verifyAutoSuggestionsInSearchBar</b><br>Test class: tests.ui.SearchTest<br>Test method: TC-051<br/>
<a href="#Output-352244878" onClick='toggleBox("Output-352244878", this, "Show output", "Hide output");'>Show output</a>

<a href="#Output-352244878" onClick="toggleAllBoxes();">Show all outputs</a>
<div class='log' id="Output-352244878">
ğŸŸ¢ Test Started: verifyAutoSuggestionsInSearchBar (ğŸ”¢ Test Case ID: TC-051)<br/>

ğŸŒ Test Environment:
ğŸ–¥ï¸ OS: Windows 11 10.0
â˜• Java Version: 23.0.1
ğŸŒ Browser: chrome 134.0.6998.89
<br/>
âœ… Test PASSED: verifyAutoSuggestionsInSearchBar (Duration: 4823ms)<br/>
<br><img src='E:/Folder/Galal/Courses/Digital Egypt Pioneers Initiative (DEPI) - Software Testing/DEPI Software Tester Graduation Project/automation-framework/reports/screenshots\TC-051\TC-051_screenshot.png' height='300' width='400'/><br><br/>
</div>
</td>
<td></td>
<td>4</td>
<td>tests.ui.SearchTest@3f6b0be5</td></tr>
<tr>
<td title='tests.ui.CartTest.testAddMultipleProductsToCart()'><b>testAddMultipleProductsToCart</b><br>Test class: tests.ui.CartTest<br>Test method: TC-018<br/>
<a href="#Output-1110618954" onClick='toggleBox("Output-1110618954", this, "Show output", "Hide output");'>Show output</a>

<a href="#Output-1110618954" onClick="toggleAllBoxes();">Show all outputs</a>
<div class='log' id="Output-1110618954">
ğŸŸ¢ Test Started: testAddMultipleProductsToCart (ğŸ”¢ Test Case ID: TC-018)<br/>

ğŸŒ Test Environment:
ğŸ–¥ï¸ OS: Windows 11 10.0
â˜• Java Version: 23.0.1
ğŸŒ Browser: chrome 134.0.6998.89
<br/>
âœ… Test PASSED: testAddMultipleProductsToCart (Duration: 26325ms)<br/>
<br><img src='E:/Folder/Galal/Courses/Digital Egypt Pioneers Initiative (DEPI) - Software Testing/DEPI Software Tester Graduation Project/automation-framework/reports/screenshots\TC-018\TC-018_screenshot.png' height='300' width='400'/><br><br/>
</div>
</td>
<td></td>
<td>26</td>
<td>tests.ui.CartTest@7205765b</td></tr>
<tr>
<td title='tests.ui.SearchTest.verifyInvalidSearchTerm()'><b>verifyInvalidSearchTerm</b><br>Test class: tests.ui.SearchTest<br>Test method: TC-048<br/>
<a href="#Output-1669512255" onClick='toggleBox("Output-1669512255", this, "Show output", "Hide output");'>Show output</a>

<a href="#Output-1669512255" onClick="toggleAllBoxes();">Show all outputs</a>
<div class='log' id="Output-1669512255">
ğŸŸ¢ Test Started: verifyInvalidSearchTerm (ğŸ”¢ Test Case ID: TC-048)<br/>

ğŸŒ Test Environment:
ğŸ–¥ï¸ OS: Windows 11 10.0
â˜• Java Version: 23.0.1
ğŸŒ Browser: chrome 134.0.6998.89
<br/>
âœ… Test PASSED: verifyInvalidSearchTerm (Duration: 7268ms)<br/>
<br><img src='E:/Folder/Galal/Courses/Digital Egypt Pioneers Initiative (DEPI) - Software Testing/DEPI Software Tester Graduation Project/automation-framework/reports/screenshots\TC-048\TC-048_screenshot.png' height='300' width='400'/><br><br/>
</div>
</td>
<td></td>
<td>7</td>
<td>tests.ui.SearchTest@3f6b0be5</td></tr>
<tr>
<td title='tests.ui.CheckoutTest.verifyCheckoutProcessAsGuest()'><b>verifyCheckoutProcessAsGuest</b><br>Test class: tests.ui.CheckoutTest<br>Test method: TC-005_TC-006_TC-072<br/>
<a href="#Output-2139900147" onClick='toggleBox("Output-2139900147", this, "Show output", "Hide output");'>Show output</a>

<a href="#Output-2139900147" onClick="toggleAllBoxes();">Show all outputs</a>
<div class='log' id="Output-2139900147">
ğŸŸ¢ Test Started: verifyCheckoutProcessAsGuest (ğŸ”¢ Test Case ID: TC-005_TC-006_TC-072)<br/>

ğŸŒ Test Environment:
ğŸ–¥ï¸ OS: Windows 11 10.0
â˜• Java Version: 23.0.1
ğŸŒ Browser: chrome 134.0.6998.89
<br/>
âœ… Test PASSED: verifyCheckoutProcessAsGuest (Duration: 37169ms)<br/>
<br><img src='E:/Folder/Galal/Courses/Digital Egypt Pioneers Initiative (DEPI) - Software Testing/DEPI Software Tester Graduation Project/automation-framework/reports/screenshots\TC-005_TC-006_TC-072\TC-005_TC-006_TC-072_screenshot.png' height='300' width='400'/><br><br/>
</div>
</td>
<td></td>
<td>37</td>
<td>tests.ui.CheckoutTest@47987356</td></tr>
<tr>
<td title='tests.ui.ProductPageTest.verifyProductPageLoadsCorrectly()'><b>verifyProductPageLoadsCorrectly</b><br>Test class: tests.ui.ProductPageTest<br>Test method: TC-003<br/>
<a href="#Output-40187418" onClick='toggleBox("Output-40187418", this, "Show output", "Hide output");'>Show output</a>

<a href="#Output-40187418" onClick="toggleAllBoxes();">Show all outputs</a>
<div class='log' id="Output-40187418">
ğŸŸ¢ Test Started: verifyProductPageLoadsCorrectly (ğŸ”¢ Test Case ID: TC-003)<br/>

ğŸŒ Test Environment:
ğŸ–¥ï¸ OS: Windows 11 10.0
â˜• Java Version: 23.0.1
ğŸŒ Browser: chrome 134.0.6998.89
<br/>
âœ… Test PASSED: verifyProductPageLoadsCorrectly (Duration: 5955ms)<br/>
<br><img src='E:/Folder/Galal/Courses/Digital Egypt Pioneers Initiative (DEPI) - Software Testing/DEPI Software Tester Graduation Project/automation-framework/reports/screenshots\TC-003\TC-003_screenshot.png' height='300' width='400'/><br><br/>
</div>
</td>
<td></td>
<td>5</td>
<td>tests.ui.ProductPageTest@3b6ddd1d</td></tr>
</table><p>
</body>
</html>