<!DOCTYPE html PUBLIC "-//W3C//DTD XHTML 1.1//EN" "https://www.w3.org/TR/xhtml11/DTD/xhtml11.dtd">
<html xmlns="https://www.w3.org/1999/xhtml">
<head>
<meta http-equiv="content-type" content="text/html; charset=UTF-8"/>
<title>TestNG Report</title>
<style type="text/css">table {margin-bottom:10px;border-collapse:collapse;empty-cells:show}th,td {border:1px solid #009;padding:.25em .5em}th {vertical-align:bottom}td {vertical-align:top}table a {font-weight:bold}.stripe td {background-color: #E6EBF9}.num {text-align:right}.passedodd td {background-color: #3F3}.passedeven td {background-color: #0A0}.skippedodd td {background-color: #DDD}.skippedeven td {background-color: #CCC}.failedodd td,.attn {background-color: #F33}.failedeven td,.stripe .attn {background-color: #D00}.stacktrace {white-space:pre;font-family:monospace}.totop {font-size:85%;text-align:center;border-bottom:2px solid #000}.invisible {display:none}</style>
</head>
<body>
<table>
<tr><th>Test</th><th># Passed</th><th># Skipped</th><th># Retried</th><th># Failed</th><th>Time (ms)</th><th>Included Groups</th><th>Excluded Groups</th></tr>
<tr><th colspan="8">Surefire suite</th></tr>
<tr><td><a href="#t0">Surefire test</a></td><td class="num">3</td><td class="num">0</td><td class="num">0</td><td class="num attn">4</td><td class="num">328,129</td><td></td><td></td></tr>
</table>
<table id='summary'><thead><tr><th>Class</th><th>Method</th><th>Start</th><th>Time (ms)</th></tr></thead><tbody><tr><th colspan="4">Surefire suite</th></tr></tbody><tbody id="t0"><tr><th colspan="4">Surefire test &#8212; failed</th></tr><tr class="failedeven"><td rowspan="4">tests.ui.SecurityTest</td><td><a href="#m0">verifyAccountLockoutAfterMultipleFailedLoginAttempts</a></td><td rowspan="1">1742858142133</td><td rowspan="1">92522</td></tr><tr class="failedeven"><td><a href="#m1">verifyPasswordStrengthRequirements</a></td><td rowspan="1">1742858341954</td><td rowspan="1">8090</td></tr><tr class="failedeven"><td><a href="#m2">verifyPaymentGatewaySecurity</a></td><td rowspan="1">1742858366462</td><td rowspan="1">32492</td></tr><tr class="failedeven"><td><a href="#m3">verifyProtectionAgainstXSS</a></td><td rowspan="1">1742858415564</td><td rowspan="1">1028</td></tr><tr><th colspan="4">Surefire test &#8212; passed</th></tr><tr class="passedeven"><td rowspan="3">tests.ui.SecurityTest</td><td><a href="#m4">verifyChangePasswordFromDashboard</a></td><td rowspan="1">1742858251955</td><td rowspan="1">35755</td></tr><tr class="passedeven"><td><a href="#m5">verifyHTTPSProtocol</a></td><td rowspan="1">1742858304770</td><td rowspan="1">19358</td></tr><tr class="passedeven"><td><a href="#m6">verifySessionHandling</a></td><td rowspan="1">1742858433888</td><td rowspan="1">17272</td></tr></tbody>
</table>
<h2>Surefire test</h2><h3 id="m0">tests.ui.SecurityTest#verifyAccountLockoutAfterMultipleFailedLoginAttempts</h3><table class="result"><tr><th>Messages</th></tr><tr><td><div class="messages">ğŸŸ¢ Test Started: verifyAccountLockoutAfterMultipleFailedLoginAttempts (ğŸ”¢ Test Case ID: TC-027)<br/>
ğŸŒ Test Environment:
ğŸ–¥ï¸ OS: Windows 11 10.0
â˜• Java Version: 23.0.1
ğŸŒ Browser: chrome 134.0.6998.118
<br/>âŒ Test FAILED: verifyAccountLockoutAfterMultipleFailedLoginAttempts - Account was not locked after multiple failed login attempts. expected [true] but found [false]<br/><br><img src='E:/Folder/Galal/Courses/Digital Egypt Pioneers Initiative (DEPI) - Software Testing/DEPI Software Tester Graduation Project/automation-framework/reports/screenshots\TC-027\TC-027_screenshot.png' height='300' width='400'/><br></div></td></tr><tr><th>Exception</th></tr><tr><td><div class="stacktrace">java.lang.AssertionError: Account was not locked after multiple failed login attempts. expected [true] but found [false]
	at tests.ui.SecurityTest.verifyAccountLockoutAfterMultipleFailedLoginAttempts(SecurityTest.java:102)
	at java.base/java.util.ArrayList.forEach(ArrayList.java:1597)
... Removed 33 stack frames</div></td></tr></table><p class="totop"><a href="#summary">back to summary</a></p>
<h3 id="m1">tests.ui.SecurityTest#verifyPasswordStrengthRequirements</h3><table class="result"><tr><th>Messages</th></tr><tr><td><div class="messages">ğŸŸ¢ Test Started: verifyPasswordStrengthRequirements (ğŸ”¢ Test Case ID: TC-034)<br/>
ğŸŒ Test Environment:
ğŸ–¥ï¸ OS: Windows 11 10.0
â˜• Java Version: 23.0.1
ğŸŒ Browser: chrome 134.0.6998.118
<br/>âŒ Test FAILED: verifyPasswordStrengthRequirements - Error message did not include 'at least 8 characters' requirement. expected [true] but found [false]<br/><br><img src='E:/Folder/Galal/Courses/Digital Egypt Pioneers Initiative (DEPI) - Software Testing/DEPI Software Tester Graduation Project/automation-framework/reports/screenshots\TC-034\TC-034_screenshot.png' height='300' width='400'/><br></div></td></tr><tr><th>Exception</th></tr><tr><td><div class="stacktrace">java.lang.AssertionError: Error message did not include &apos;at least 8 characters&apos; requirement. expected [true] but found [false]
	at tests.ui.SecurityTest.verifyPasswordStrengthRequirements(SecurityTest.java:149)
	at java.base/java.util.ArrayList.forEach(ArrayList.java:1597)
... Removed 33 stack frames</div></td></tr></table><p class="totop"><a href="#summary">back to summary</a></p>
<h3 id="m2">tests.ui.SecurityTest#verifyPaymentGatewaySecurity</h3><table class="result"><tr><th>Messages</th></tr><tr><td><div class="messages">ğŸŸ¢ Test Started: verifyPaymentGatewaySecurity (ğŸ”¢ Test Case ID: TC-091)<br/>
ğŸŒ Test Environment:
ğŸ–¥ï¸ OS: Windows 11 10.0
â˜• Java Version: 23.0.1
ğŸŒ Browser: chrome 134.0.6998.118
<br/>âŒ Test FAILED: verifyPaymentGatewaySecurity - Card number is stored in plaintext. It should be encrypted or masked. expected [false] but found [true]<br/><br><img src='E:/Folder/Galal/Courses/Digital Egypt Pioneers Initiative (DEPI) - Software Testing/DEPI Software Tester Graduation Project/automation-framework/reports/screenshots\TC-091\TC-091_screenshot.png' height='300' width='400'/><br></div></td></tr><tr><th>Exception</th></tr><tr><td><div class="stacktrace">java.lang.AssertionError: Card number is stored in plaintext. It should be encrypted or masked. expected [false] but found [true]
	at tests.ui.SecurityTest.verifyPaymentGatewaySecurity(SecurityTest.java:186)
	at java.base/java.util.ArrayList.forEach(ArrayList.java:1597)
... Removed 33 stack frames</div></td></tr></table><p class="totop"><a href="#summary">back to summary</a></p>
<h3 id="m3">tests.ui.SecurityTest#verifyProtectionAgainstXSS</h3><table class="result"><tr><th>Messages</th></tr><tr><td><div class="messages">ğŸŸ¢ Test Started: verifyProtectionAgainstXSS (ğŸ”¢ Test Case ID: TC-126)<br/>
ğŸŒ Test Environment:
ğŸ–¥ï¸ OS: Windows 11 10.0
â˜• Java Version: 23.0.1
ğŸŒ Browser: chrome 134.0.6998.118
<br/>âŒ Test FAILED: verifyProtectionAgainstXSS - XSS attack successful: payload is reflected in the Email field. expected [false] but found [true]<br/><br><img src='E:/Folder/Galal/Courses/Digital Egypt Pioneers Initiative (DEPI) - Software Testing/DEPI Software Tester Graduation Project/automation-framework/reports/screenshots\TC-126\TC-126_screenshot.png' height='300' width='400'/><br></div></td></tr><tr><th>Exception</th></tr><tr><td><div class="stacktrace">java.lang.AssertionError: XSS attack successful: payload is reflected in the Email field. expected [false] but found [true]
	at tests.ui.SecurityTest.verifyProtectionAgainstXSS(SecurityTest.java:277)
	at java.base/java.util.ArrayList.forEach(ArrayList.java:1597)
... Removed 33 stack frames</div></td></tr></table><p class="totop"><a href="#summary">back to summary</a></p>
<h3 id="m4">tests.ui.SecurityTest#verifyChangePasswordFromDashboard</h3><table class="result"><tr><th>Messages</th></tr><tr><td><div class="messages">ğŸŸ¢ Test Started: verifyChangePasswordFromDashboard (ğŸ”¢ Test Case ID: TC-118)<br/>
ğŸŒ Test Environment:
ğŸ–¥ï¸ OS: Windows 11 10.0
â˜• Java Version: 23.0.1
ğŸŒ Browser: chrome 134.0.6998.118
<br/>âœ… Test PASSED: verifyChangePasswordFromDashboard (Duration: 35755ms)<br/><br><img src='E:/Folder/Galal/Courses/Digital Egypt Pioneers Initiative (DEPI) - Software Testing/DEPI Software Tester Graduation Project/automation-framework/reports/screenshots\TC-118\TC-118_screenshot.png' height='300' width='400'/><br></div></td></tr></table><p class="totop"><a href="#summary">back to summary</a></p>
<h3 id="m5">tests.ui.SecurityTest#verifyHTTPSProtocol</h3><table class="result"><tr><th>Messages</th></tr><tr><td><div class="messages">ğŸŸ¢ Test Started: verifyHTTPSProtocol (ğŸ”¢ Test Case ID: TC-292)<br/>
ğŸŒ Test Environment:
ğŸ–¥ï¸ OS: Windows 11 10.0
â˜• Java Version: 23.0.1
ğŸŒ Browser: chrome 134.0.6998.118
<br/>âœ… Test PASSED: verifyHTTPSProtocol (Duration: 19358ms)<br/><br><img src='E:/Folder/Galal/Courses/Digital Egypt Pioneers Initiative (DEPI) - Software Testing/DEPI Software Tester Graduation Project/automation-framework/reports/screenshots\TC-292\TC-292_screenshot.png' height='300' width='400'/><br></div></td></tr></table><p class="totop"><a href="#summary">back to summary</a></p>
<h3 id="m6">tests.ui.SecurityTest#verifySessionHandling</h3><table class="result"><tr><th>Messages</th></tr><tr><td><div class="messages">ğŸŸ¢ Test Started: verifySessionHandling (ğŸ”¢ Test Case ID: TC-021)<br/>
ğŸŒ Test Environment:
ğŸ–¥ï¸ OS: Windows 11 10.0
â˜• Java Version: 23.0.1
ğŸŒ Browser: chrome 134.0.6998.118
<br/>âœ… Test PASSED: verifySessionHandling (Duration: 17272ms)<br/><br><img src='E:/Folder/Galal/Courses/Digital Egypt Pioneers Initiative (DEPI) - Software Testing/DEPI Software Tester Graduation Project/automation-framework/reports/screenshots\TC-021\TC-021_screenshot.png' height='300' width='400'/><br></div></td></tr></table><p class="totop"><a href="#summary">back to summary</a></p>
</body>
</html>
