<!DOCTYPE html>

<html>
  <head>
  <meta charset='utf-8'>
  <title>TestNG reports</title>

    <link type="text/css" href="testng-reports1.css" rel="stylesheet" id="ultra" />
    <link type="text/css" href="testng-reports.css" rel="stylesheet" id="retro" disabled="false"/>
    <script type="text/javascript" src="jquery-3.6.0.min.js"></script>
    <script type="text/javascript" src="testng-reports.js"></script>
    <script type="text/javascript" src="https://www.google.com/jsapi"></script>
    <script type='text/javascript'>
      google.load('visualization', '1', {packages:['table']});
      google.setOnLoadCallback(drawTable);
      var suiteTableInitFunctions = new Array();
      var suiteTableData = new Array();
    </script>
    <!--
      <script type="text/javascript" src="jquery-ui/js/jquery-ui-1.8.16.custom.min.js"></script>
     -->
  </head>

  <body>    <div class="top-banner-root">
      <span class="top-banner-title-font">Test results</span>
      <button id="button" class="button">Switch Retro Theme</button> <!-- button -->
      <br/>
      <span class="top-banner-font-1">1 suite, 4 failed tests</span>
    </div> <!-- top-banner-root -->
    <div class="navigator-root">
      <div class="navigator-suite-header">
        <span>All suites</span>
        <a href="#" title="Collapse/expand all the suites" class="collapse-all-link">
          <img src="collapseall.gif" class="collapse-all-icon">
          </img> <!-- collapse-all-icon -->
        </a> <!-- collapse-all-link -->
      </div> <!-- navigator-suite-header -->
      <div class="suite">
        <div class="rounded-window">
          <div class="suite-header light-rounded-window-top">
            <a href="#" panel-name="suite-Surefire_suite" class="navigator-link">
              <span class="suite-name border-failed">Surefire suite</span>
            </a> <!-- navigator-link -->
          </div> <!-- suite-header light-rounded-window-top -->
          <div class="navigator-suite-content">
            <div class="suite-section-title">
              <span>Info</span>
            </div> <!-- suite-section-title -->
            <div class="suite-section-content">
              <ul>
                <li>
                  <a href="#" panel-name="test-xml-Surefire_suite" class="navigator-link ">
                    <span>[unset file name]</span>
                  </a> <!-- navigator-link  -->
                </li>
                <li>
                  <a href="#" panel-name="testlist-Surefire_suite" class="navigator-link ">
                    <span class="test-stats">1 test</span>
                  </a> <!-- navigator-link  -->
                </li>
                <li>
                  <a href="#" panel-name="group-Surefire_suite" class="navigator-link ">
                    <span>3 groups</span>
                  </a> <!-- navigator-link  -->
                </li>
                <li>
                  <a href="#" panel-name="times-Surefire_suite" class="navigator-link ">
                    <span>Times</span>
                  </a> <!-- navigator-link  -->
                </li>
                <li>
                  <a href="#" panel-name="reporter-Surefire_suite" class="navigator-link ">
                    <span>Reporter output</span>
                  </a> <!-- navigator-link  -->
                </li>
                <li>
                  <a href="#" panel-name="ignored-methods-Surefire_suite" class="navigator-link ">
                    <span>Ignored methods</span>
                  </a> <!-- navigator-link  -->
                </li>
                <li>
                  <a href="#" panel-name="chronological-Surefire_suite" class="navigator-link ">
                    <span>Chronological view</span>
                  </a> <!-- navigator-link  -->
                </li>
              </ul>
            </div> <!-- suite-section-content -->
            <div class="result-section">
              <div class="suite-section-title">
                <span>Results</span>
              </div> <!-- suite-section-title -->
              <div class="suite-section-content">
                <ul>
                  <li>
                    <span class="method-stats">7 methods, 4 failed,   3 passed</span>
                  </li>
                  <li>
                    <span class="method-list-title failed">Failed methods</span>
                    <span class="show-or-hide-methods failed">
                      <a href="#" panel-name="suite-Surefire_suite" class="hide-methods failed suite-Surefire_suite"> (hide)</a> <!-- hide-methods failed suite-Surefire_suite -->
                      <a href="#" panel-name="suite-Surefire_suite" class="show-methods failed suite-Surefire_suite"> (show)</a> <!-- show-methods failed suite-Surefire_suite -->
                    </span>
                    <div class="method-list-content failed suite-Surefire_suite">
                      <span>
                        <img src="failed.png" width="3%"/>
                        <a href="#" panel-name="suite-Surefire_suite" title="tests.ui.SecurityTest" class="method navigator-link" hash-for-method="verifyAccountLockoutAfterMultipleFailedLoginAttempts">verifyAccountLockoutAfterMultipleFailedLoginAttempts</a> <!-- method navigator-link -->
                      </span>
                      <br/>
                      <span>
                        <img src="failed.png" width="3%"/>
                        <a href="#" panel-name="suite-Surefire_suite" title="tests.ui.SecurityTest" class="method navigator-link" hash-for-method="verifyPasswordStrengthRequirements">verifyPasswordStrengthRequirements</a> <!-- method navigator-link -->
                      </span>
                      <br/>
                      <span>
                        <img src="failed.png" width="3%"/>
                        <a href="#" panel-name="suite-Surefire_suite" title="tests.ui.SecurityTest" class="method navigator-link" hash-for-method="verifyPaymentGatewaySecurity">verifyPaymentGatewaySecurity</a> <!-- method navigator-link -->
                      </span>
                      <br/>
                      <span>
                        <img src="failed.png" width="3%"/>
                        <a href="#" panel-name="suite-Surefire_suite" title="tests.ui.SecurityTest" class="method navigator-link" hash-for-method="verifyProtectionAgainstXSS">verifyProtectionAgainstXSS</a> <!-- method navigator-link -->
                      </span>
                      <br/>
                    </div> <!-- method-list-content failed suite-Surefire_suite -->
                  </li>
                  <li>
                    <span class="method-list-title passed">Passed methods</span>
                    <span class="show-or-hide-methods passed">
                      <a href="#" panel-name="suite-Surefire_suite" class="hide-methods passed suite-Surefire_suite"> (hide)</a> <!-- hide-methods passed suite-Surefire_suite -->
                      <a href="#" panel-name="suite-Surefire_suite" class="show-methods passed suite-Surefire_suite"> (show)</a> <!-- show-methods passed suite-Surefire_suite -->
                    </span>
                    <div class="method-list-content passed suite-Surefire_suite">
                      <span>
                        <img src="passed.png" width="3%"/>
                        <a href="#" panel-name="suite-Surefire_suite" title="tests.ui.SecurityTest" class="method navigator-link" hash-for-method="verifyChangePasswordFromDashboard">verifyChangePasswordFromDashboard</a> <!-- method navigator-link -->
                      </span>
                      <br/>
                      <span>
                        <img src="passed.png" width="3%"/>
                        <a href="#" panel-name="suite-Surefire_suite" title="tests.ui.SecurityTest" class="method navigator-link" hash-for-method="verifyHTTPSProtocol">verifyHTTPSProtocol</a> <!-- method navigator-link -->
                      </span>
                      <br/>
                      <span>
                        <img src="passed.png" width="3%"/>
                        <a href="#" panel-name="suite-Surefire_suite" title="tests.ui.SecurityTest" class="method navigator-link" hash-for-method="verifySessionHandling">verifySessionHandling</a> <!-- method navigator-link -->
                      </span>
                      <br/>
                    </div> <!-- method-list-content passed suite-Surefire_suite -->
                  </li>
                </ul>
              </div> <!-- suite-section-content -->
            </div> <!-- result-section -->
          </div> <!-- navigator-suite-content -->
        </div> <!-- rounded-window -->
      </div> <!-- suite -->
    </div> <!-- navigator-root -->
    <div class="wrapper">
      <div class="main-panel-root">
        <div panel-name="suite-Surefire_suite" class="panel Surefire_suite">
          <div class="suite-Surefire_suite-class-failed">
            <div class="main-panel-header rounded-window-top">
              <img src="failed.png"/>
              <span class="class-name">tests.ui.SecurityTest</span>
            </div> <!-- main-panel-header rounded-window-top -->
            <div class="main-panel-content rounded-window-bottom">
              <div class="method">
                <div class="method-content">
                  <a name="verifyAccountLockoutAfterMultipleFailedLoginAttempts">
                  </a> <!-- verifyAccountLockoutAfterMultipleFailedLoginAttempts -->
                  <span class="method-name">verifyAccountLockoutAfterMultipleFailedLoginAttempts</span>
                  <div class="stack-trace">java.lang.AssertionError: Account was not locked after multiple failed login attempts. expected [true] but found [false]
	at tests.ui.SecurityTest.verifyAccountLockoutAfterMultipleFailedLoginAttempts(SecurityTest.java:102)
	at java.base/java.util.ArrayList.forEach(ArrayList.java:1597)
... Removed 33 stack frames
</div> <!-- stack-trace -->
                  <em>
(TC-027)                  </em>
                </div> <!-- method-content -->
              </div> <!-- method -->
              <div class="method">
                <div class="method-content">
                  <a name="verifyPasswordStrengthRequirements">
                  </a> <!-- verifyPasswordStrengthRequirements -->
                  <span class="method-name">verifyPasswordStrengthRequirements</span>
                  <div class="stack-trace">java.lang.AssertionError: Error message did not include &apos;at least 8 characters&apos; requirement. expected [true] but found [false]
	at tests.ui.SecurityTest.verifyPasswordStrengthRequirements(SecurityTest.java:149)
	at java.base/java.util.ArrayList.forEach(ArrayList.java:1597)
... Removed 33 stack frames
</div> <!-- stack-trace -->
                  <em>
(TC-034)                  </em>
                </div> <!-- method-content -->
              </div> <!-- method -->
              <div class="method">
                <div class="method-content">
                  <a name="verifyPaymentGatewaySecurity">
                  </a> <!-- verifyPaymentGatewaySecurity -->
                  <span class="method-name">verifyPaymentGatewaySecurity</span>
                  <div class="stack-trace">java.lang.AssertionError: Card number is stored in plaintext. It should be encrypted or masked. expected [false] but found [true]
	at tests.ui.SecurityTest.verifyPaymentGatewaySecurity(SecurityTest.java:186)
	at java.base/java.util.ArrayList.forEach(ArrayList.java:1597)
... Removed 33 stack frames
</div> <!-- stack-trace -->
                  <em>
(TC-091)                  </em>
                </div> <!-- method-content -->
              </div> <!-- method -->
              <div class="method">
                <div class="method-content">
                  <a name="verifyProtectionAgainstXSS">
                  </a> <!-- verifyProtectionAgainstXSS -->
                  <span class="method-name">verifyProtectionAgainstXSS</span>
                  <div class="stack-trace">java.lang.AssertionError: XSS attack successful: payload is reflected in the Email field. expected [false] but found [true]
	at tests.ui.SecurityTest.verifyProtectionAgainstXSS(SecurityTest.java:277)
	at java.base/java.util.ArrayList.forEach(ArrayList.java:1597)
... Removed 33 stack frames
</div> <!-- stack-trace -->
                  <em>
(TC-126)                  </em>
                </div> <!-- method-content -->
              </div> <!-- method -->
            </div> <!-- main-panel-content rounded-window-bottom -->
          </div> <!-- suite-Surefire_suite-class-failed -->
          <div class="suite-Surefire_suite-class-passed">
            <div class="main-panel-header rounded-window-top">
              <img src="passed.png"/>
              <span class="class-name">tests.ui.SecurityTest</span>
            </div> <!-- main-panel-header rounded-window-top -->
            <div class="main-panel-content rounded-window-bottom">
              <div class="method">
                <div class="method-content">
                  <a name="verifyChangePasswordFromDashboard">
                  </a> <!-- verifyChangePasswordFromDashboard -->
                  <span class="method-name">verifyChangePasswordFromDashboard</span>
                  <em>
(TC-118)                  </em>
                </div> <!-- method-content -->
              </div> <!-- method -->
              <div class="method">
                <div class="method-content">
                  <a name="verifyHTTPSProtocol">
                  </a> <!-- verifyHTTPSProtocol -->
                  <span class="method-name">verifyHTTPSProtocol</span>
                  <em>
(TC-292)                  </em>
                </div> <!-- method-content -->
              </div> <!-- method -->
              <div class="method">
                <div class="method-content">
                  <a name="verifySessionHandling">
                  </a> <!-- verifySessionHandling -->
                  <span class="method-name">verifySessionHandling</span>
                  <em>
(TC-021)                  </em>
                </div> <!-- method-content -->
              </div> <!-- method -->
            </div> <!-- main-panel-content rounded-window-bottom -->
          </div> <!-- suite-Surefire_suite-class-passed -->
        </div> <!-- panel Surefire_suite -->
        <div panel-name="test-xml-Surefire_suite" class="panel">
          <div class="main-panel-header rounded-window-top">
          </div> <!-- main-panel-header rounded-window-top -->
          <div class="main-panel-content rounded-window-bottom">
            <pre>
&lt;?xml version=&quot;1.0&quot; encoding=&quot;UTF-8&quot;?&gt;
&lt;!DOCTYPE suite SYSTEM &quot;https://testng.org/testng-1.0.dtd&quot;&gt;
&lt;suite name=&quot;Surefire suite&quot; verbose=&quot;0&quot;&gt;
  &lt;test thread-count=&quot;5&quot; name=&quot;Surefire test&quot; verbose=&quot;0&quot;&gt;
    &lt;classes&gt;
      &lt;class name=&quot;tests.ui.SecurityTest&quot;/&gt;
    &lt;/classes&gt;
  &lt;/test&gt; &lt;!-- Surefire test --&gt;
&lt;/suite&gt; &lt;!-- Surefire suite --&gt;
            </pre>
          </div> <!-- main-panel-content rounded-window-bottom -->
        </div> <!-- panel -->
        <div panel-name="testlist-Surefire_suite" class="panel">
          <div class="main-panel-header rounded-window-top">
            <span class="header-content">Tests for Surefire suite</span>
          </div> <!-- main-panel-header rounded-window-top -->
          <div class="main-panel-content rounded-window-bottom">
            <ul>
              <li>
                <span class="test-name">Surefire test (1 class)</span>
              </li>
            </ul>
          </div> <!-- main-panel-content rounded-window-bottom -->
        </div> <!-- panel -->
        <div panel-name="group-Surefire_suite" class="panel">
          <div class="main-panel-header rounded-window-top">
            <span class="header-content">Groups for Surefire suite</span>
          </div> <!-- main-panel-header rounded-window-top -->
          <div class="main-panel-content rounded-window-bottom">
            <div class="test-group">
              <span class="test-group-name">compliance</span>
              <br/>
              <div class="method-in-group">
                <span class="method-in-group-name">verifyHTTPSProtocol</span>
                <br/>
              </div> <!-- method-in-group -->
            </div> <!-- test-group -->
            <div class="test-group">
              <span class="test-group-name">security</span>
              <br/>
              <div class="method-in-group">
                <span class="method-in-group-name">verifyAccountLockoutAfterMultipleFailedLoginAttempts</span>
                <br/>
              </div> <!-- method-in-group -->
              <div class="method-in-group">
                <span class="method-in-group-name">verifyChangePasswordFromDashboard</span>
                <br/>
              </div> <!-- method-in-group -->
              <div class="method-in-group">
                <span class="method-in-group-name">verifyPasswordStrengthRequirements</span>
                <br/>
              </div> <!-- method-in-group -->
              <div class="method-in-group">
                <span class="method-in-group-name">verifyPaymentGatewaySecurity</span>
                <br/>
              </div> <!-- method-in-group -->
              <div class="method-in-group">
                <span class="method-in-group-name">verifyProtectionAgainstXSS</span>
                <br/>
              </div> <!-- method-in-group -->
              <div class="method-in-group">
                <span class="method-in-group-name">verifySessionHandling</span>
                <br/>
              </div> <!-- method-in-group -->
            </div> <!-- test-group -->
            <div class="test-group">
              <span class="test-group-name">smoke</span>
              <br/>
              <div class="method-in-group">
                <span class="method-in-group-name">verifySessionHandling</span>
                <br/>
              </div> <!-- method-in-group -->
            </div> <!-- test-group -->
          </div> <!-- main-panel-content rounded-window-bottom -->
        </div> <!-- panel -->
        <div panel-name="times-Surefire_suite" class="panel">
          <div class="main-panel-header rounded-window-top">
            <span class="header-content">Times for Surefire suite</span>
          </div> <!-- main-panel-header rounded-window-top -->
          <div class="main-panel-content rounded-window-bottom">
            <div class="times-div">
              <script type="text/javascript">
suiteTableInitFunctions.push('tableData_Surefire_suite');
function tableData_Surefire_suite() {
var data = new google.visualization.DataTable();
data.addColumn('number', 'Number');
data.addColumn('string', 'Method');
data.addColumn('string', 'Class');
data.addColumn('number', 'Time (ms)');
data.addRows(7);
data.setCell(0, 0, 0)
data.setCell(0, 1, 'verifyAccountLockoutAfterMultipleFailedLoginAttempts')
data.setCell(0, 2, 'tests.ui.SecurityTest')
data.setCell(0, 3, 92522);
data.setCell(1, 0, 1)
data.setCell(1, 1, 'verifyChangePasswordFromDashboard')
data.setCell(1, 2, 'tests.ui.SecurityTest')
data.setCell(1, 3, 35755);
data.setCell(2, 0, 2)
data.setCell(2, 1, 'verifyPaymentGatewaySecurity')
data.setCell(2, 2, 'tests.ui.SecurityTest')
data.setCell(2, 3, 32492);
data.setCell(3, 0, 3)
data.setCell(3, 1, 'verifyHTTPSProtocol')
data.setCell(3, 2, 'tests.ui.SecurityTest')
data.setCell(3, 3, 19358);
data.setCell(4, 0, 4)
data.setCell(4, 1, 'verifySessionHandling')
data.setCell(4, 2, 'tests.ui.SecurityTest')
data.setCell(4, 3, 17272);
data.setCell(5, 0, 5)
data.setCell(5, 1, 'verifyPasswordStrengthRequirements')
data.setCell(5, 2, 'tests.ui.SecurityTest')
data.setCell(5, 3, 8090);
data.setCell(6, 0, 6)
data.setCell(6, 1, 'verifyProtectionAgainstXSS')
data.setCell(6, 2, 'tests.ui.SecurityTest')
data.setCell(6, 3, 1028);
window.suiteTableData['Surefire_suite']= { tableData: data, tableDiv: 'times-div-Surefire_suite'}
return data;
}
              </script>
              <span class="suite-total-time">Total running time: 3 minutes</span>
              <div id="times-div-Surefire_suite">
              </div> <!-- times-div-Surefire_suite -->
            </div> <!-- times-div -->
          </div> <!-- main-panel-content rounded-window-bottom -->
        </div> <!-- panel -->
        <div panel-name="reporter-Surefire_suite" class="panel">
          <div class="main-panel-header rounded-window-top">
            <span class="header-content">Reporter output for Surefire suite</span>
          </div> <!-- main-panel-header rounded-window-top -->
          <div class="main-panel-content rounded-window-bottom">
            <div class="reporter-method-div">
              <span class="reporter-method-name">verifySessionHandling</span>
              <div class="reporter-method-output-div">
                <span class="reporter-method-output">üü¢ Test Started: verifySessionHandling (üî¢ Test Case ID: TC-021)</span>
                <span class="reporter-method-output">
üåç Test Environment:
üñ•Ô∏è OS: Windows 11 10.0
‚òï Java Version: 23.0.1
üåê Browser: chrome 134.0.6998.118
</span>
                <span class="reporter-method-output">‚úÖ Test PASSED: verifySessionHandling (Duration: 17272ms)</span>
                <span class="reporter-method-output"><br><img src='E:/Folder/Galal/Courses/Digital Egypt Pioneers Initiative (DEPI) - Software Testing/DEPI Software Tester Graduation Project/automation-framework/reports/screenshots\TC-021\TC-021_screenshot.png' height='300' width='400'/><br></span>
              </div> <!-- reporter-method-output-div -->
            </div> <!-- reporter-method-div -->
            <div class="reporter-method-div">
              <span class="reporter-method-name">verifyHTTPSProtocol</span>
              <div class="reporter-method-output-div">
                <span class="reporter-method-output">üü¢ Test Started: verifyHTTPSProtocol (üî¢ Test Case ID: TC-292)</span>
                <span class="reporter-method-output">
üåç Test Environment:
üñ•Ô∏è OS: Windows 11 10.0
‚òï Java Version: 23.0.1
üåê Browser: chrome 134.0.6998.118
</span>
                <span class="reporter-method-output">‚úÖ Test PASSED: verifyHTTPSProtocol (Duration: 19358ms)</span>
                <span class="reporter-method-output"><br><img src='E:/Folder/Galal/Courses/Digital Egypt Pioneers Initiative (DEPI) - Software Testing/DEPI Software Tester Graduation Project/automation-framework/reports/screenshots\TC-292\TC-292_screenshot.png' height='300' width='400'/><br></span>
              </div> <!-- reporter-method-output-div -->
            </div> <!-- reporter-method-div -->
            <div class="reporter-method-div">
              <span class="reporter-method-name">verifyChangePasswordFromDashboard</span>
              <div class="reporter-method-output-div">
                <span class="reporter-method-output">üü¢ Test Started: verifyChangePasswordFromDashboard (üî¢ Test Case ID: TC-118)</span>
                <span class="reporter-method-output">
üåç Test Environment:
üñ•Ô∏è OS: Windows 11 10.0
‚òï Java Version: 23.0.1
üåê Browser: chrome 134.0.6998.118
</span>
                <span class="reporter-method-output">‚úÖ Test PASSED: verifyChangePasswordFromDashboard (Duration: 35755ms)</span>
                <span class="reporter-method-output"><br><img src='E:/Folder/Galal/Courses/Digital Egypt Pioneers Initiative (DEPI) - Software Testing/DEPI Software Tester Graduation Project/automation-framework/reports/screenshots\TC-118\TC-118_screenshot.png' height='300' width='400'/><br></span>
              </div> <!-- reporter-method-output-div -->
            </div> <!-- reporter-method-div -->
            <div class="reporter-method-div">
              <span class="reporter-method-name">verifyProtectionAgainstXSS</span>
              <div class="reporter-method-output-div">
                <span class="reporter-method-output">üü¢ Test Started: verifyProtectionAgainstXSS (üî¢ Test Case ID: TC-126)</span>
                <span class="reporter-method-output">
üåç Test Environment:
üñ•Ô∏è OS: Windows 11 10.0
‚òï Java Version: 23.0.1
üåê Browser: chrome 134.0.6998.118
</span>
                <span class="reporter-method-output">‚ùå Test FAILED: verifyProtectionAgainstXSS - XSS attack successful: payload is reflected in the Email field. expected [false] but found [true]</span>
                <span class="reporter-method-output"><br><img src='E:/Folder/Galal/Courses/Digital Egypt Pioneers Initiative (DEPI) - Software Testing/DEPI Software Tester Graduation Project/automation-framework/reports/screenshots\TC-126\TC-126_screenshot.png' height='300' width='400'/><br></span>
              </div> <!-- reporter-method-output-div -->
            </div> <!-- reporter-method-div -->
            <div class="reporter-method-div">
              <span class="reporter-method-name">verifyPaymentGatewaySecurity</span>
              <div class="reporter-method-output-div">
                <span class="reporter-method-output">üü¢ Test Started: verifyPaymentGatewaySecurity (üî¢ Test Case ID: TC-091)</span>
                <span class="reporter-method-output">
üåç Test Environment:
üñ•Ô∏è OS: Windows 11 10.0
‚òï Java Version: 23.0.1
üåê Browser: chrome 134.0.6998.118
</span>
                <span class="reporter-method-output">‚ùå Test FAILED: verifyPaymentGatewaySecurity - Card number is stored in plaintext. It should be encrypted or masked. expected [false] but found [true]</span>
                <span class="reporter-method-output"><br><img src='E:/Folder/Galal/Courses/Digital Egypt Pioneers Initiative (DEPI) - Software Testing/DEPI Software Tester Graduation Project/automation-framework/reports/screenshots\TC-091\TC-091_screenshot.png' height='300' width='400'/><br></span>
              </div> <!-- reporter-method-output-div -->
            </div> <!-- reporter-method-div -->
            <div class="reporter-method-div">
              <span class="reporter-method-name">verifyPasswordStrengthRequirements</span>
              <div class="reporter-method-output-div">
                <span class="reporter-method-output">üü¢ Test Started: verifyPasswordStrengthRequirements (üî¢ Test Case ID: TC-034)</span>
                <span class="reporter-method-output">
üåç Test Environment:
üñ•Ô∏è OS: Windows 11 10.0
‚òï Java Version: 23.0.1
üåê Browser: chrome 134.0.6998.118
</span>
                <span class="reporter-method-output">‚ùå Test FAILED: verifyPasswordStrengthRequirements - Error message did not include 'at least 8 characters' requirement. expected [true] but found [false]</span>
                <span class="reporter-method-output"><br><img src='E:/Folder/Galal/Courses/Digital Egypt Pioneers Initiative (DEPI) - Software Testing/DEPI Software Tester Graduation Project/automation-framework/reports/screenshots\TC-034\TC-034_screenshot.png' height='300' width='400'/><br></span>
              </div> <!-- reporter-method-output-div -->
            </div> <!-- reporter-method-div -->
            <div class="reporter-method-div">
              <span class="reporter-method-name">verifyAccountLockoutAfterMultipleFailedLoginAttempts</span>
              <div class="reporter-method-output-div">
                <span class="reporter-method-output">üü¢ Test Started: verifyAccountLockoutAfterMultipleFailedLoginAttempts (üî¢ Test Case ID: TC-027)</span>
                <span class="reporter-method-output">
üåç Test Environment:
üñ•Ô∏è OS: Windows 11 10.0
‚òï Java Version: 23.0.1
üåê Browser: chrome 134.0.6998.118
</span>
                <span class="reporter-method-output">‚ùå Test FAILED: verifyAccountLockoutAfterMultipleFailedLoginAttempts - Account was not locked after multiple failed login attempts. expected [true] but found [false]</span>
                <span class="reporter-method-output"><br><img src='E:/Folder/Galal/Courses/Digital Egypt Pioneers Initiative (DEPI) - Software Testing/DEPI Software Tester Graduation Project/automation-framework/reports/screenshots\TC-027\TC-027_screenshot.png' height='300' width='400'/><br></span>
              </div> <!-- reporter-method-output-div -->
            </div> <!-- reporter-method-div -->
          </div> <!-- main-panel-content rounded-window-bottom -->
        </div> <!-- panel -->
        <div panel-name="ignored-methods-Surefire_suite" class="panel">
          <div class="main-panel-header rounded-window-top">
            <span class="header-content">0 ignored methods</span>
          </div> <!-- main-panel-header rounded-window-top -->
          <div class="main-panel-content rounded-window-bottom">
          </div> <!-- main-panel-content rounded-window-bottom -->
        </div> <!-- panel -->
        <div panel-name="chronological-Surefire_suite" class="panel">
          <div class="main-panel-header rounded-window-top">
            <span class="header-content">Methods in chronological order</span>
          </div> <!-- main-panel-header rounded-window-top -->
          <div class="main-panel-content rounded-window-bottom">
            <div class="chronological-class">
              <div class="chronological-class-name">tests.ui.SecurityTest</div> <!-- chronological-class-name -->
              <div class="configuration-method before">
                <span class="method-name">setUp([TestResult name={null} status=CREATED method=SecurityTest.verifyAccountLockoutAfterMultipleFailedLo...)</span>
                <span class="method-start">0 ms</span>
              </div> <!-- configuration-method before -->
              <div class="test-method">
                <img src="failed.png">
                </img>
                <span class="method-name">verifyAccountLockoutAfterMultipleFailedLoginAttempts</span>
                <span class="method-start">18456 ms</span>
              </div> <!-- test-method -->
              <div class="configuration-method after">
                <span class="method-name">tearDown([TestResult name=verifyAccountLockoutAfterMultipleFailedLoginAttempts status=FAILURE method=Security...)</span>
                <span class="method-start">111129 ms</span>
              </div> <!-- configuration-method after -->
              <div class="configuration-method before">
                <span class="method-name">setUp([TestResult name={null} status=CREATED method=SecurityTest.verifyChangePasswordFromDashboard()[pri:0...)</span>
                <span class="method-start">111374 ms</span>
              </div> <!-- configuration-method before -->
              <div class="test-method">
                <span class="method-name">verifyChangePasswordFromDashboard</span>
                <span class="method-start">128278 ms</span>
              </div> <!-- test-method -->
              <div class="configuration-method after">
                <span class="method-name">tearDown([TestResult name=verifyChangePasswordFromDashboard status=SUCCESS method=SecurityTest.verifyChangePa...)</span>
                <span class="method-start">164299 ms</span>
              </div> <!-- configuration-method after -->
              <div class="configuration-method before">
                <span class="method-name">setUp([TestResult name={null} status=CREATED method=SecurityTest.verifyHTTPSProtocol()[pri:0, instance:tes...)</span>
                <span class="method-start">164575 ms</span>
              </div> <!-- configuration-method before -->
              <div class="test-method">
                <span class="method-name">verifyHTTPSProtocol</span>
                <span class="method-start">181093 ms</span>
              </div> <!-- test-method -->
              <div class="configuration-method after">
                <span class="method-name">tearDown([TestResult name=verifyHTTPSProtocol status=SUCCESS method=SecurityTest.verifyHTTPSProtocol()[pri:0,...)</span>
                <span class="method-start">200624 ms</span>
              </div> <!-- configuration-method after -->
              <div class="configuration-method before">
                <span class="method-name">setUp([TestResult name={null} status=CREATED method=SecurityTest.verifyPasswordStrengthRequirements()[pri:...)</span>
                <span class="method-start">200986 ms</span>
              </div> <!-- configuration-method before -->
              <div class="test-method">
                <img src="failed.png">
                </img>
                <span class="method-name">verifyPasswordStrengthRequirements</span>
                <span class="method-start">218277 ms</span>
              </div> <!-- test-method -->
              <div class="configuration-method after">
                <span class="method-name">tearDown([TestResult name=verifyPasswordStrengthRequirements status=FAILURE method=SecurityTest.verifyPasswor...)</span>
                <span class="method-start">226501 ms</span>
              </div> <!-- configuration-method after -->
              <div class="configuration-method before">
                <span class="method-name">setUp([TestResult name={null} status=CREATED method=SecurityTest.verifyPaymentGatewaySecurity()[pri:0, ins...)</span>
                <span class="method-start">226894 ms</span>
              </div> <!-- configuration-method before -->
              <div class="test-method">
                <img src="failed.png">
                </img>
                <span class="method-name">verifyPaymentGatewaySecurity</span>
                <span class="method-start">242785 ms</span>
              </div> <!-- test-method -->
              <div class="configuration-method after">
                <span class="method-name">tearDown([TestResult name=verifyPaymentGatewaySecurity status=FAILURE method=SecurityTest.verifyPaymentGatewa...)</span>
                <span class="method-start">275401 ms</span>
              </div> <!-- configuration-method after -->
              <div class="configuration-method before">
                <span class="method-name">setUp([TestResult name={null} status=CREATED method=SecurityTest.verifyProtectionAgainstXSS()[pri:0, insta...)</span>
                <span class="method-start">275860 ms</span>
              </div> <!-- configuration-method before -->
              <div class="test-method">
                <img src="failed.png">
                </img>
                <span class="method-name">verifyProtectionAgainstXSS</span>
                <span class="method-start">291887 ms</span>
              </div> <!-- test-method -->
              <div class="configuration-method after">
                <span class="method-name">tearDown([TestResult name=verifyProtectionAgainstXSS status=FAILURE method=SecurityTest.verifyProtectionAgain...)</span>
                <span class="method-start">293045 ms</span>
              </div> <!-- configuration-method after -->
              <div class="configuration-method before">
                <span class="method-name">setUp([TestResult name={null} status=CREATED method=SecurityTest.verifySessionHandling()[pri:0, instance:t...)</span>
                <span class="method-start">293257 ms</span>
              </div> <!-- configuration-method before -->
              <div class="test-method">
                <span class="method-name">verifySessionHandling</span>
                <span class="method-start">310211 ms</span>
              </div> <!-- test-method -->
              <div class="configuration-method after">
                <span class="method-name">tearDown([TestResult name=verifySessionHandling status=SUCCESS method=SecurityTest.verifySessionHandling()[pr...)</span>
                <span class="method-start">327731 ms</span>
              </div> <!-- configuration-method after -->
          </div> <!-- main-panel-content rounded-window-bottom -->
        </div> <!-- panel -->
      </div> <!-- main-panel-root -->
    </div> <!-- wrapper -->
  </body>
<script type="text/javascript" src="testng-reports2.js"></script>
</html>
