<?xml version="1.0" encoding="UTF-8"?>
<testng-results ignored="0" total="2" passed="2" failed="0" skipped="0">
  <reporter-output>
    <line>
      <![CDATA[🚀 Starting Test Suite: Surefire test]]>
    </line>
    <line>
      <![CDATA[
🌍 Test Environment:
🖥️ OS: Windows 11 10.0
☕ Java Version: 23.0.1
🌐 Browser: chrome 134.0.6998.89
]]>
    </line>
    <line>
      <![CDATA[🟢 Test Started: verifyCustomerReviewsDisplayed (🔢 Test Case ID: TC-060)]]>
    </line>
    <line>
      <![CDATA[
🌍 Test Environment:
🖥️ OS: Windows 11 10.0
☕ Java Version: 23.0.1
🌐 Browser: chrome 134.0.6998.118
]]>
    </line>
    <line>
      <![CDATA[✅ Test PASSED: verifyCustomerReviewsDisplayed (Duration: 4225ms)]]>
    </line>
    <line>
      <![CDATA[<br><img src='E:/Folder/Galal/Courses/Digital Egypt Pioneers Initiative (DEPI) - Software Testing/DEPI Software Tester Graduation Project/automation-framework/reports/screenshots\TC-060\TC-060_screenshot.png' height='300' width='400'/><br>]]>
    </line>
    <line>
      <![CDATA[🟢 Test Started: verifyReviewSubmission (🔢 Test Case ID: TC-061)]]>
    </line>
    <line>
      <![CDATA[
🌍 Test Environment:
🖥️ OS: Windows 11 10.0
☕ Java Version: 23.0.1
🌐 Browser: chrome 134.0.6998.118
]]>
    </line>
    <line>
      <![CDATA[✅ Test PASSED: verifyReviewSubmission (Duration: 17314ms)]]>
    </line>
    <line>
      <![CDATA[<br><img src='E:/Folder/Galal/Courses/Digital Egypt Pioneers Initiative (DEPI) - Software Testing/DEPI Software Tester Graduation Project/automation-framework/reports/screenshots\TC-061\TC-061_screenshot.png' height='300' width='400'/><br>]]>
    </line>
  </reporter-output>
  <suite started-at="2025-03-24T22:28:48 EET" name="Surefire suite" finished-at="2025-03-24T22:29:48 EET" duration-ms="59999">
    <groups>
      <group name="functional">
        <method signature="ReviewsTest.verifyReviewSubmission()[pri:0, instance:tests.ui.ReviewsTest@56ace400]" name="verifyReviewSubmission" class="tests.ui.ReviewsTest"/>
      </group> <!-- functional -->
      <group name="ui">
        <method signature="ReviewsTest.verifyCustomerReviewsDisplayed()[pri:0, instance:tests.ui.ReviewsTest@56ace400]" name="verifyCustomerReviewsDisplayed" class="tests.ui.ReviewsTest"/>
      </group> <!-- ui -->
    </groups>
    <test started-at="2025-03-24T22:28:48 EET" name="Surefire test" finished-at="2025-03-24T22:29:48 EET" duration-ms="59999">
      <class name="tests.ui.ReviewsTest">
        <test-method is-config="true" signature="setUp(org.testng.ITestResult,org.testng.ITestContext)[pri:0, instance:tests.ui.ReviewsTest@56ace400]" started-at="2025-03-24T22:28:48 EET" name="setUp" finished-at="2025-03-24T22:29:06 EET" duration-ms="18388" status="PASS">
          <params>
            <param index="0">
              <value>
                <![CDATA[[TestResult name={null} status=CREATED method=ReviewsTest.verifyCustomerReviewsDisplayed()[pri:0, instance:tests.ui.ReviewsTest@56ace400] output={null}]]]>
              </value>
            </param>
            <param index="1">
              <value>
                <![CDATA[org.testng.TestRunner@764a3e5d]]>
              </value>
            </param>
          </params>
          <reporter-output>
          </reporter-output>
        </test-method> <!-- setUp -->
        <test-method signature="verifyCustomerReviewsDisplayed()[pri:0, instance:tests.ui.ReviewsTest@56ace400]" started-at="2025-03-24T22:29:06 EET" name="verifyCustomerReviewsDisplayed" description="TC-060" finished-at="2025-03-24T22:29:11 EET" duration-ms="4224" status="PASS">
          <reporter-output>
            <line>
              <![CDATA[🟢 Test Started: verifyCustomerReviewsDisplayed (🔢 Test Case ID: TC-060)]]>
            </line>
            <line>
              <![CDATA[
🌍 Test Environment:
🖥️ OS: Windows 11 10.0
☕ Java Version: 23.0.1
🌐 Browser: chrome 134.0.6998.118
]]>
            </line>
            <line>
              <![CDATA[✅ Test PASSED: verifyCustomerReviewsDisplayed (Duration: 4225ms)]]>
            </line>
            <line>
              <![CDATA[<br><img src='E:/Folder/Galal/Courses/Digital Egypt Pioneers Initiative (DEPI) - Software Testing/DEPI Software Tester Graduation Project/automation-framework/reports/screenshots\TC-060\TC-060_screenshot.png' height='300' width='400'/><br>]]>
            </line>
          </reporter-output>
        </test-method> <!-- verifyCustomerReviewsDisplayed -->
        <test-method is-config="true" signature="tearDown(org.testng.ITestResult)[pri:0, instance:tests.ui.ReviewsTest@56ace400]" started-at="2025-03-24T22:29:11 EET" name="tearDown" finished-at="2025-03-24T22:29:13 EET" duration-ms="1735" status="PASS">
          <params>
            <param index="0">
              <value>
                <![CDATA[[TestResult name=verifyCustomerReviewsDisplayed status=SUCCESS method=ReviewsTest.verifyCustomerReviewsDisplayed()[pri:0, instance:tests.ui.ReviewsTest@56ace400] output=🟢 Test Started: verifyCustomerReviewsDisplayed (🔢 Test Case ID: TC-060)]]]>
              </value>
            </param>
          </params>
          <reporter-output>
          </reporter-output>
        </test-method> <!-- tearDown -->
        <test-method is-config="true" signature="setUp(org.testng.ITestResult,org.testng.ITestContext)[pri:0, instance:tests.ui.ReviewsTest@56ace400]" started-at="2025-03-24T22:29:13 EET" name="setUp" finished-at="2025-03-24T22:29:30 EET" duration-ms="17604" status="PASS">
          <params>
            <param index="0">
              <value>
                <![CDATA[[TestResult name={null} status=CREATED method=ReviewsTest.verifyReviewSubmission()[pri:0, instance:tests.ui.ReviewsTest@56ace400] output={null}]]]>
              </value>
            </param>
            <param index="1">
              <value>
                <![CDATA[org.testng.TestRunner@764a3e5d]]>
              </value>
            </param>
          </params>
          <reporter-output>
          </reporter-output>
        </test-method> <!-- setUp -->
        <test-method signature="verifyReviewSubmission()[pri:0, instance:tests.ui.ReviewsTest@56ace400]" started-at="2025-03-24T22:29:30 EET" name="verifyReviewSubmission" description="TC-061" finished-at="2025-03-24T22:29:47 EET" duration-ms="17315" status="PASS">
          <reporter-output>
            <line>
              <![CDATA[🟢 Test Started: verifyReviewSubmission (🔢 Test Case ID: TC-061)]]>
            </line>
            <line>
              <![CDATA[
🌍 Test Environment:
🖥️ OS: Windows 11 10.0
☕ Java Version: 23.0.1
🌐 Browser: chrome 134.0.6998.118
]]>
            </line>
            <line>
              <![CDATA[✅ Test PASSED: verifyReviewSubmission (Duration: 17314ms)]]>
            </line>
            <line>
              <![CDATA[<br><img src='E:/Folder/Galal/Courses/Digital Egypt Pioneers Initiative (DEPI) - Software Testing/DEPI Software Tester Graduation Project/automation-framework/reports/screenshots\TC-061\TC-061_screenshot.png' height='300' width='400'/><br>]]>
            </line>
          </reporter-output>
        </test-method> <!-- verifyReviewSubmission -->
        <test-method is-config="true" signature="tearDown(org.testng.ITestResult)[pri:0, instance:tests.ui.ReviewsTest@56ace400]" started-at="2025-03-24T22:29:48 EET" name="tearDown" finished-at="2025-03-24T22:29:48 EET" duration-ms="260" status="PASS">
          <params>
            <param index="0">
              <value>
                <![CDATA[[TestResult name=verifyReviewSubmission status=SUCCESS method=ReviewsTest.verifyReviewSubmission()[pri:0, instance:tests.ui.ReviewsTest@56ace400] output=🟢 Test Started: verifyReviewSubmission (🔢 Test Case ID: TC-061)]]]>
              </value>
            </param>
          </params>
          <reporter-output>
          </reporter-output>
        </test-method> <!-- tearDown -->
      </class> <!-- tests.ui.ReviewsTest -->
    </test> <!-- Surefire test -->
  </suite> <!-- Surefire suite -->
</testng-results>
