<!DOCTYPE html>

<html>
  <head>
  <meta charset='utf-8'>
  <title>TestNG reports</title>

    <link type="text/css" href="testng-reports1.css" rel="stylesheet" id="ultra" />
    <link type="text/css" href="testng-reports.css" rel="stylesheet" id="retro" disabled="false"/>
    <script type="text/javascript" src="jquery-3.6.0.min.js"></script>
    <script type="text/javascript" src="testng-reports.js"></script>
    <script type="text/javascript" src="https://www.google.com/jsapi"></script>
    <script type='text/javascript'>
      google.load('visualization', '1', {packages:['table']});
      google.setOnLoadCallback(drawTable);
      var suiteTableInitFunctions = new Array();
      var suiteTableData = new Array();
    </script>
    <!--
      <script type="text/javascript" src="jquery-ui/js/jquery-ui-1.8.16.custom.min.js"></script>
     -->
  </head>

  <body>    <div class="top-banner-root">
      <span class="top-banner-title-font">Test results</span>
      <button id="button" class="button">Switch Retro Theme</button> <!-- button -->
      <br/>
      <span class="top-banner-font-1">1 suite, 3 failed tests</span>
    </div> <!-- top-banner-root -->
    <div class="navigator-root">
      <div class="navigator-suite-header">
        <span>All suites</span>
        <a href="#" title="Collapse/expand all the suites" class="collapse-all-link">
          <img src="collapseall.gif" class="collapse-all-icon">
          </img> <!-- collapse-all-icon -->
        </a> <!-- collapse-all-link -->
      </div> <!-- navigator-suite-header -->
      <div class="suite">
        <div class="rounded-window">
          <div class="suite-header light-rounded-window-top">
            <a href="#" panel-name="suite-Surefire_suite" class="navigator-link">
              <span class="suite-name border-failed">Surefire suite</span>
            </a> <!-- navigator-link -->
          </div> <!-- suite-header light-rounded-window-top -->
          <div class="navigator-suite-content">
            <div class="suite-section-title">
              <span>Info</span>
            </div> <!-- suite-section-title -->
            <div class="suite-section-content">
              <ul>
                <li>
                  <a href="#" panel-name="test-xml-Surefire_suite" class="navigator-link ">
                    <span>[unset file name]</span>
                  </a> <!-- navigator-link  -->
                </li>
                <li>
                  <a href="#" panel-name="testlist-Surefire_suite" class="navigator-link ">
                    <span class="test-stats">1 test</span>
                  </a> <!-- navigator-link  -->
                </li>
                <li>
                  <a href="#" panel-name="group-Surefire_suite" class="navigator-link ">
                    <span>3 groups</span>
                  </a> <!-- navigator-link  -->
                </li>
                <li>
                  <a href="#" panel-name="times-Surefire_suite" class="navigator-link ">
                    <span>Times</span>
                  </a> <!-- navigator-link  -->
                </li>
                <li>
                  <a href="#" panel-name="reporter-Surefire_suite" class="navigator-link ">
                    <span>Reporter output</span>
                  </a> <!-- navigator-link  -->
                </li>
                <li>
                  <a href="#" panel-name="ignored-methods-Surefire_suite" class="navigator-link ">
                    <span>Ignored methods</span>
                  </a> <!-- navigator-link  -->
                </li>
                <li>
                  <a href="#" panel-name="chronological-Surefire_suite" class="navigator-link ">
                    <span>Chronological view</span>
                  </a> <!-- navigator-link  -->
                </li>
              </ul>
            </div> <!-- suite-section-content -->
            <div class="result-section">
              <div class="suite-section-title">
                <span>Results</span>
              </div> <!-- suite-section-title -->
              <div class="suite-section-content">
                <ul>
                  <li>
                    <span class="method-stats">5 methods, 3 failed,   2 passed</span>
                  </li>
                  <li>
                    <span class="method-list-title failed">Failed methods</span>
                    <span class="show-or-hide-methods failed">
                      <a href="#" panel-name="suite-Surefire_suite" class="hide-methods failed suite-Surefire_suite"> (hide)</a> <!-- hide-methods failed suite-Surefire_suite -->
                      <a href="#" panel-name="suite-Surefire_suite" class="show-methods failed suite-Surefire_suite"> (show)</a> <!-- show-methods failed suite-Surefire_suite -->
                    </span>
                    <div class="method-list-content failed suite-Surefire_suite">
                      <span>
                        <img src="failed.png" width="3%"/>
                        <a href="#" panel-name="suite-Surefire_suite" title="tests.ui.PaymentsTest" class="method navigator-link" hash-for-method="verifyAvailablePaymentMethods">verifyAvailablePaymentMethods</a> <!-- method navigator-link -->
                      </span>
                      <br/>
                      <span>
                        <img src="failed.png" width="3%"/>
                        <a href="#" panel-name="suite-Surefire_suite" title="tests.ui.PaymentsTest" class="method navigator-link" hash-for-method="verifyDuplicatePaymentPrevention">verifyDuplicatePaymentPrevention</a> <!-- method navigator-link -->
                      </span>
                      <br/>
                      <span>
                        <img src="failed.png" width="3%"/>
                        <a href="#" panel-name="suite-Surefire_suite" title="tests.ui.PaymentsTest" class="method navigator-link" hash-for-method="verifyPaymentFailsWithInsufficientFunds">verifyPaymentFailsWithInsufficientFunds</a> <!-- method navigator-link -->
                      </span>
                      <br/>
                    </div> <!-- method-list-content failed suite-Surefire_suite -->
                  </li>
                  <li>
                    <span class="method-list-title passed">Passed methods</span>
                    <span class="show-or-hide-methods passed">
                      <a href="#" panel-name="suite-Surefire_suite" class="hide-methods passed suite-Surefire_suite"> (hide)</a> <!-- hide-methods passed suite-Surefire_suite -->
                      <a href="#" panel-name="suite-Surefire_suite" class="show-methods passed suite-Surefire_suite"> (show)</a> <!-- show-methods passed suite-Surefire_suite -->
                    </span>
                    <div class="method-list-content passed suite-Surefire_suite">
                      <span>
                        <img src="passed.png" width="3%"/>
                        <a href="#" panel-name="suite-Surefire_suite" title="tests.ui.PaymentsTest" class="method navigator-link" hash-for-method="verifyExpiredPaymentMethod">verifyExpiredPaymentMethod</a> <!-- method navigator-link -->
                      </span>
                      <br/>
                      <span>
                        <img src="passed.png" width="3%"/>
                        <a href="#" panel-name="suite-Surefire_suite" title="tests.ui.PaymentsTest" class="method navigator-link" hash-for-method="verifyPaymentViaCreditCard">verifyPaymentViaCreditCard</a> <!-- method navigator-link -->
                      </span>
                      <br/>
                    </div> <!-- method-list-content passed suite-Surefire_suite -->
                  </li>
                </ul>
              </div> <!-- suite-section-content -->
            </div> <!-- result-section -->
          </div> <!-- navigator-suite-content -->
        </div> <!-- rounded-window -->
      </div> <!-- suite -->
    </div> <!-- navigator-root -->
    <div class="wrapper">
      <div class="main-panel-root">
        <div panel-name="suite-Surefire_suite" class="panel Surefire_suite">
          <div class="suite-Surefire_suite-class-failed">
            <div class="main-panel-header rounded-window-top">
              <img src="failed.png"/>
              <span class="class-name">tests.ui.PaymentsTest</span>
            </div> <!-- main-panel-header rounded-window-top -->
            <div class="main-panel-content rounded-window-bottom">
              <div class="method">
                <div class="method-content">
                  <a name="verifyAvailablePaymentMethods">
                  </a> <!-- verifyAvailablePaymentMethods -->
                  <span class="method-name">verifyAvailablePaymentMethods</span>
                  <div class="stack-trace">java.lang.AssertionError: Neither PayPal nor Cash On Delivery is available! expected [true] but found [false]
	at tests.ui.PaymentsTest.verifyAvailablePaymentMethods(PaymentsTest.java:147)
	at java.base/java.util.ArrayList.forEach(ArrayList.java:1597)
... Removed 33 stack frames
</div> <!-- stack-trace -->
                  <em>
(TC-083_TC-084)                  </em>
                </div> <!-- method-content -->
              </div> <!-- method -->
              <div class="method">
                <div class="method-content">
                  <a name="verifyDuplicatePaymentPrevention">
                  </a> <!-- verifyDuplicatePaymentPrevention -->
                  <span class="method-name">verifyDuplicatePaymentPrevention</span>
                  <div class="stack-trace">java.lang.AssertionError: Duplicate payment request should have been blocked!
	at tests.ui.PaymentsTest.verifyDuplicatePaymentPrevention(PaymentsTest.java:183)
	at java.base/java.util.ArrayList.forEach(ArrayList.java:1597)
... Removed 31 stack frames
</div> <!-- stack-trace -->
                  <em>
(TC-088)                  </em>
                </div> <!-- method-content -->
              </div> <!-- method -->
              <div class="method">
                <div class="method-content">
                  <a name="verifyPaymentFailsWithInsufficientFunds">
                  </a> <!-- verifyPaymentFailsWithInsufficientFunds -->
                  <span class="method-name">verifyPaymentFailsWithInsufficientFunds</span>
                  <div class="stack-trace">java.lang.AssertionError: Transaction should have been declined due to insufficient funds, but it was processed successfully.
	at tests.ui.PaymentsTest.verifyPaymentFailsWithInsufficientFunds(PaymentsTest.java:222)
	at java.base/java.util.ArrayList.forEach(ArrayList.java:1597)
... Removed 31 stack frames
</div> <!-- stack-trace -->
                  <em>
(TC-095)                  </em>
                </div> <!-- method-content -->
              </div> <!-- method -->
            </div> <!-- main-panel-content rounded-window-bottom -->
          </div> <!-- suite-Surefire_suite-class-failed -->
          <div class="suite-Surefire_suite-class-passed">
            <div class="main-panel-header rounded-window-top">
              <img src="passed.png"/>
              <span class="class-name">tests.ui.PaymentsTest</span>
            </div> <!-- main-panel-header rounded-window-top -->
            <div class="main-panel-content rounded-window-bottom">
              <div class="method">
                <div class="method-content">
                  <a name="verifyExpiredPaymentMethod">
                  </a> <!-- verifyExpiredPaymentMethod -->
                  <span class="method-name">verifyExpiredPaymentMethod</span>
                  <em>
(TC-012)                  </em>
                </div> <!-- method-content -->
              </div> <!-- method -->
              <div class="method">
                <div class="method-content">
                  <a name="verifyPaymentViaCreditCard">
                  </a> <!-- verifyPaymentViaCreditCard -->
                  <span class="method-name">verifyPaymentViaCreditCard</span>
                  <em>
(TC-082)                  </em>
                </div> <!-- method-content -->
              </div> <!-- method -->
            </div> <!-- main-panel-content rounded-window-bottom -->
          </div> <!-- suite-Surefire_suite-class-passed -->
        </div> <!-- panel Surefire_suite -->
        <div panel-name="test-xml-Surefire_suite" class="panel">
          <div class="main-panel-header rounded-window-top">
          </div> <!-- main-panel-header rounded-window-top -->
          <div class="main-panel-content rounded-window-bottom">
            <pre>
&lt;?xml version=&quot;1.0&quot; encoding=&quot;UTF-8&quot;?&gt;
&lt;!DOCTYPE suite SYSTEM &quot;https://testng.org/testng-1.0.dtd&quot;&gt;
&lt;suite name=&quot;Surefire suite&quot; verbose=&quot;0&quot;&gt;
  &lt;test thread-count=&quot;5&quot; name=&quot;Surefire test&quot; verbose=&quot;0&quot;&gt;
    &lt;classes&gt;
      &lt;class name=&quot;tests.ui.PaymentsTest&quot;/&gt;
    &lt;/classes&gt;
  &lt;/test&gt; &lt;!-- Surefire test --&gt;
&lt;/suite&gt; &lt;!-- Surefire suite --&gt;
            </pre>
          </div> <!-- main-panel-content rounded-window-bottom -->
        </div> <!-- panel -->
        <div panel-name="testlist-Surefire_suite" class="panel">
          <div class="main-panel-header rounded-window-top">
            <span class="header-content">Tests for Surefire suite</span>
          </div> <!-- main-panel-header rounded-window-top -->
          <div class="main-panel-content rounded-window-bottom">
            <ul>
              <li>
                <span class="test-name">Surefire test (1 class)</span>
              </li>
            </ul>
          </div> <!-- main-panel-content rounded-window-bottom -->
        </div> <!-- panel -->
        <div panel-name="group-Surefire_suite" class="panel">
          <div class="main-panel-header rounded-window-top">
            <span class="header-content">Groups for Surefire suite</span>
          </div> <!-- main-panel-header rounded-window-top -->
          <div class="main-panel-content rounded-window-bottom">
            <div class="test-group">
              <span class="test-group-name">functional</span>
              <br/>
              <div class="method-in-group">
                <span class="method-in-group-name">verifyAvailablePaymentMethods</span>
                <br/>
              </div> <!-- method-in-group -->
              <div class="method-in-group">
                <span class="method-in-group-name">verifyPaymentFailsWithInsufficientFunds</span>
                <br/>
              </div> <!-- method-in-group -->
              <div class="method-in-group">
                <span class="method-in-group-name">verifyPaymentViaCreditCard</span>
                <br/>
              </div> <!-- method-in-group -->
            </div> <!-- test-group -->
            <div class="test-group">
              <span class="test-group-name">security</span>
              <br/>
              <div class="method-in-group">
                <span class="method-in-group-name">verifyDuplicatePaymentPrevention</span>
                <br/>
              </div> <!-- method-in-group -->
            </div> <!-- test-group -->
            <div class="test-group">
              <span class="test-group-name">smoke</span>
              <br/>
              <div class="method-in-group">
                <span class="method-in-group-name">verifyExpiredPaymentMethod</span>
                <br/>
              </div> <!-- method-in-group -->
            </div> <!-- test-group -->
          </div> <!-- main-panel-content rounded-window-bottom -->
        </div> <!-- panel -->
        <div panel-name="times-Surefire_suite" class="panel">
          <div class="main-panel-header rounded-window-top">
            <span class="header-content">Times for Surefire suite</span>
          </div> <!-- main-panel-header rounded-window-top -->
          <div class="main-panel-content rounded-window-bottom">
            <div class="times-div">
              <script type="text/javascript">
suiteTableInitFunctions.push('tableData_Surefire_suite');
function tableData_Surefire_suite() {
var data = new google.visualization.DataTable();
data.addColumn('number', 'Number');
data.addColumn('string', 'Method');
data.addColumn('string', 'Class');
data.addColumn('number', 'Time (ms)');
data.addRows(5);
data.setCell(0, 0, 0)
data.setCell(0, 1, 'verifyPaymentFailsWithInsufficientFunds')
data.setCell(0, 2, 'tests.ui.PaymentsTest')
data.setCell(0, 3, 43028);
data.setCell(1, 0, 1)
data.setCell(1, 1, 'verifyExpiredPaymentMethod')
data.setCell(1, 2, 'tests.ui.PaymentsTest')
data.setCell(1, 3, 37965);
data.setCell(2, 0, 2)
data.setCell(2, 1, 'verifyPaymentViaCreditCard')
data.setCell(2, 2, 'tests.ui.PaymentsTest')
data.setCell(2, 3, 36160);
data.setCell(3, 0, 3)
data.setCell(3, 1, 'verifyDuplicatePaymentPrevention')
data.setCell(3, 2, 'tests.ui.PaymentsTest')
data.setCell(3, 3, 36101);
data.setCell(4, 0, 4)
data.setCell(4, 1, 'verifyAvailablePaymentMethods')
data.setCell(4, 2, 'tests.ui.PaymentsTest')
data.setCell(4, 3, 33303);
window.suiteTableData['Surefire_suite']= { tableData: data, tableDiv: 'times-div-Surefire_suite'}
return data;
}
              </script>
              <span class="suite-total-time">Total running time: 3 minutes</span>
              <div id="times-div-Surefire_suite">
              </div> <!-- times-div-Surefire_suite -->
            </div> <!-- times-div -->
          </div> <!-- main-panel-content rounded-window-bottom -->
        </div> <!-- panel -->
        <div panel-name="reporter-Surefire_suite" class="panel">
          <div class="main-panel-header rounded-window-top">
            <span class="header-content">Reporter output for Surefire suite</span>
          </div> <!-- main-panel-header rounded-window-top -->
          <div class="main-panel-content rounded-window-bottom">
            <div class="reporter-method-div">
              <span class="reporter-method-name">verifyPaymentViaCreditCard</span>
              <div class="reporter-method-output-div">
                <span class="reporter-method-output">üü¢ Test Started: verifyPaymentViaCreditCard (üî¢ Test Case ID: TC-082)</span>
                <span class="reporter-method-output">
üåç Test Environment:
üñ•Ô∏è OS: Windows 11 10.0
‚òï Java Version: 23.0.1
üåê Browser: chrome 134.0.6998.118
</span>
                <span class="reporter-method-output">‚úÖ Test PASSED: verifyPaymentViaCreditCard (Duration: 36160ms)</span>
                <span class="reporter-method-output"><br><img src='E:/Folder/Galal/Courses/Digital Egypt Pioneers Initiative (DEPI) - Software Testing/DEPI Software Tester Graduation Project/automation-framework/reports/screenshots\TC-082\TC-082_screenshot.png' height='300' width='400'/><br></span>
              </div> <!-- reporter-method-output-div -->
            </div> <!-- reporter-method-div -->
            <div class="reporter-method-div">
              <span class="reporter-method-name">verifyExpiredPaymentMethod</span>
              <div class="reporter-method-output-div">
                <span class="reporter-method-output">üü¢ Test Started: verifyExpiredPaymentMethod (üî¢ Test Case ID: TC-012)</span>
                <span class="reporter-method-output">
üåç Test Environment:
üñ•Ô∏è OS: Windows 11 10.0
‚òï Java Version: 23.0.1
üåê Browser: chrome 134.0.6998.118
</span>
                <span class="reporter-method-output">‚úÖ Test PASSED: verifyExpiredPaymentMethod (Duration: 37965ms)</span>
                <span class="reporter-method-output"><br><img src='E:/Folder/Galal/Courses/Digital Egypt Pioneers Initiative (DEPI) - Software Testing/DEPI Software Tester Graduation Project/automation-framework/reports/screenshots\TC-012\TC-012_screenshot.png' height='300' width='400'/><br></span>
              </div> <!-- reporter-method-output-div -->
            </div> <!-- reporter-method-div -->
            <div class="reporter-method-div">
              <span class="reporter-method-name">verifyAvailablePaymentMethods</span>
              <div class="reporter-method-output-div">
                <span class="reporter-method-output">üü¢ Test Started: verifyAvailablePaymentMethods (üî¢ Test Case ID: TC-083_TC-084)</span>
                <span class="reporter-method-output">
üåç Test Environment:
üñ•Ô∏è OS: Windows 11 10.0
‚òï Java Version: 23.0.1
üåê Browser: chrome 134.0.6998.118
</span>
                <span class="reporter-method-output">‚ùå Test FAILED: verifyAvailablePaymentMethods - Neither PayPal nor Cash On Delivery is available! expected [true] but found [false]</span>
                <span class="reporter-method-output"><br><img src='E:/Folder/Galal/Courses/Digital Egypt Pioneers Initiative (DEPI) - Software Testing/DEPI Software Tester Graduation Project/automation-framework/reports/screenshots\TC-083_TC-084\TC-083_TC-084_screenshot.png' height='300' width='400'/><br></span>
              </div> <!-- reporter-method-output-div -->
            </div> <!-- reporter-method-div -->
            <div class="reporter-method-div">
              <span class="reporter-method-name">verifyDuplicatePaymentPrevention</span>
              <div class="reporter-method-output-div">
                <span class="reporter-method-output">üü¢ Test Started: verifyDuplicatePaymentPrevention (üî¢ Test Case ID: TC-088)</span>
                <span class="reporter-method-output">
üåç Test Environment:
üñ•Ô∏è OS: Windows 11 10.0
‚òï Java Version: 23.0.1
üåê Browser: chrome 134.0.6998.118
</span>
                <span class="reporter-method-output">‚ùå Test FAILED: verifyDuplicatePaymentPrevention - Duplicate payment request should have been blocked!</span>
                <span class="reporter-method-output"><br><img src='E:/Folder/Galal/Courses/Digital Egypt Pioneers Initiative (DEPI) - Software Testing/DEPI Software Tester Graduation Project/automation-framework/reports/screenshots\TC-088\TC-088_screenshot.png' height='300' width='400'/><br></span>
              </div> <!-- reporter-method-output-div -->
            </div> <!-- reporter-method-div -->
            <div class="reporter-method-div">
              <span class="reporter-method-name">verifyPaymentFailsWithInsufficientFunds</span>
              <div class="reporter-method-output-div">
                <span class="reporter-method-output">üü¢ Test Started: verifyPaymentFailsWithInsufficientFunds (üî¢ Test Case ID: TC-095)</span>
                <span class="reporter-method-output">
üåç Test Environment:
üñ•Ô∏è OS: Windows 11 10.0
‚òï Java Version: 23.0.1
üåê Browser: chrome 134.0.6998.118
</span>
                <span class="reporter-method-output">‚ùå Test FAILED: verifyPaymentFailsWithInsufficientFunds - Transaction should have been declined due to insufficient funds, but it was processed successfully.</span>
                <span class="reporter-method-output"><br><img src='E:/Folder/Galal/Courses/Digital Egypt Pioneers Initiative (DEPI) - Software Testing/DEPI Software Tester Graduation Project/automation-framework/reports/screenshots\TC-095\TC-095_screenshot.png' height='300' width='400'/><br></span>
              </div> <!-- reporter-method-output-div -->
            </div> <!-- reporter-method-div -->
          </div> <!-- main-panel-content rounded-window-bottom -->
        </div> <!-- panel -->
        <div panel-name="ignored-methods-Surefire_suite" class="panel">
          <div class="main-panel-header rounded-window-top">
            <span class="header-content">0 ignored methods</span>
          </div> <!-- main-panel-header rounded-window-top -->
          <div class="main-panel-content rounded-window-bottom">
          </div> <!-- main-panel-content rounded-window-bottom -->
        </div> <!-- panel -->
        <div panel-name="chronological-Surefire_suite" class="panel">
          <div class="main-panel-header rounded-window-top">
            <span class="header-content">Methods in chronological order</span>
          </div> <!-- main-panel-header rounded-window-top -->
          <div class="main-panel-content rounded-window-bottom">
            <div class="chronological-class">
              <div class="chronological-class-name">tests.ui.PaymentsTest</div> <!-- chronological-class-name -->
              <div class="configuration-method before">
                <span class="method-name">setUp([TestResult name={null} status=CREATED method=PaymentsTest.verifyAvailablePaymentMethods()[pri:0, in...)</span>
                <span class="method-start">0 ms</span>
              </div> <!-- configuration-method before -->
              <div class="test-method">
                <img src="failed.png">
                </img>
                <span class="method-name">verifyAvailablePaymentMethods</span>
                <span class="method-start">17270 ms</span>
              </div> <!-- test-method -->
              <div class="configuration-method after">
                <span class="method-name">tearDown([TestResult name=verifyAvailablePaymentMethods status=FAILURE method=PaymentsTest.verifyAvailablePay...)</span>
                <span class="method-start">50758 ms</span>
              </div> <!-- configuration-method after -->
              <div class="configuration-method before">
                <span class="method-name">setUp([TestResult name={null} status=CREATED method=PaymentsTest.verifyDuplicatePaymentPrevention()[pri:0,...)</span>
                <span class="method-start">50933 ms</span>
              </div> <!-- configuration-method before -->
              <div class="test-method">
                <img src="failed.png">
                </img>
                <span class="method-name">verifyDuplicatePaymentPrevention</span>
                <span class="method-start">67831 ms</span>
              </div> <!-- test-method -->
              <div class="configuration-method after">
                <span class="method-name">tearDown([TestResult name=verifyDuplicatePaymentPrevention status=FAILURE method=PaymentsTest.verifyDuplicate...)</span>
                <span class="method-start">104076 ms</span>
              </div> <!-- configuration-method after -->
              <div class="configuration-method before">
                <span class="method-name">setUp([TestResult name={null} status=CREATED method=PaymentsTest.verifyExpiredPaymentMethod()[pri:0, insta...)</span>
                <span class="method-start">104253 ms</span>
              </div> <!-- configuration-method before -->
              <div class="test-method">
                <span class="method-name">verifyExpiredPaymentMethod</span>
                <span class="method-start">120795 ms</span>
              </div> <!-- test-method -->
              <div class="configuration-method after">
                <span class="method-name">tearDown([TestResult name=verifyExpiredPaymentMethod status=SUCCESS method=PaymentsTest.verifyExpiredPaymentM...)</span>
                <span class="method-start">158905 ms</span>
              </div> <!-- configuration-method after -->
              <div class="configuration-method before">
                <span class="method-name">setUp([TestResult name={null} status=CREATED method=PaymentsTest.verifyPaymentFailsWithInsufficientFunds()...)</span>
                <span class="method-start">159055 ms</span>
              </div> <!-- configuration-method before -->
              <div class="test-method">
                <img src="failed.png">
                </img>
                <span class="method-name">verifyPaymentFailsWithInsufficientFunds</span>
                <span class="method-start">176299 ms</span>
              </div> <!-- test-method -->
              <div class="configuration-method after">
                <span class="method-name">tearDown([TestResult name=verifyPaymentFailsWithInsufficientFunds status=FAILURE method=PaymentsTest.verifyPa...)</span>
                <span class="method-start">219476 ms</span>
              </div> <!-- configuration-method after -->
              <div class="configuration-method before">
                <span class="method-name">setUp([TestResult name={null} status=CREATED method=PaymentsTest.verifyPaymentViaCreditCard()[pri:0, insta...)</span>
                <span class="method-start">219789 ms</span>
              </div> <!-- configuration-method before -->
              <div class="test-method">
                <span class="method-name">verifyPaymentViaCreditCard</span>
                <span class="method-start">236840 ms</span>
              </div> <!-- test-method -->
              <div class="configuration-method after">
                <span class="method-name">tearDown([TestResult name=verifyPaymentViaCreditCard status=SUCCESS method=PaymentsTest.verifyPaymentViaCredi...)</span>
                <span class="method-start">273177 ms</span>
              </div> <!-- configuration-method after -->
          </div> <!-- main-panel-content rounded-window-bottom -->
        </div> <!-- panel -->
      </div> <!-- main-panel-root -->
    </div> <!-- wrapper -->
  </body>
<script type="text/javascript" src="testng-reports2.js"></script>
</html>
