<?xml version="1.0" encoding="UTF-8"?>
<testsuite xmlns:xsi="http://www.w3.org/2001/XMLSchema-instance" xsi:noNamespaceSchemaLocation="https://maven.apache.org/surefire/maven-surefire-plugin/xsd/surefire-test-report.xsd" version="3.0.2" name="tests.ui.AuthenticationTest" time="226.122" tests="6" errors="0" skipped="0" failures="0">
  <properties>
[...]
</properties>
  <testcase name="verifyErrorMessageForExistingEmail" classname="tests.ui.AuthenticationTest" time="17.224">
    <system-out><![CDATA[Test Suite Started: Surefire test
2025-03-22 22:15:04,677 [main] INFO  TestListener - 🚀 Starting Test Suite: Surefire test

🌍 Test Environment:
🖥️ OS: Windows 11 10.0
☕ Java Version: 23.0.1
🌐 Browser: chrome 134.0.6998.89

🟢 Test Started: verifyErrorMessageForExistingEmail (🔢 Test Case ID: TC-036)

🌍 Test Environment:
🖥️ OS: Windows 11 10.0
☕ Java Version: 23.0.1
🌐 Browser: chrome 134.0.6998.118

]]></system-out>
    <system-err><![CDATA[SLF4J: No SLF4J providers were found.
SLF4J: Defaulting to no-operation (NOP) logger implementation
SLF4J: See https://www.slf4j.org/codes.html#noProviders for further details.
SLF4J: Class path contains SLF4J bindings targeting slf4j-api versions 1.7.x or earlier.
SLF4J: Ignoring binding found at [jar:file:/C:/Users/Mohamed-Galal/.m2/repository/org/apache/logging/log4j/log4j-slf4j-impl/2.8.2/log4j-slf4j-impl-2.8.2.jar!/org/slf4j/impl/StaticLoggerBinder.class]
SLF4J: Ignoring binding found at [jar:file:/C:/Users/Mohamed-Galal/.m2/repository/org/slf4j/slf4j-nop/1.7.10/slf4j-nop-1.7.10.jar!/org/slf4j/impl/StaticLoggerBinder.class]
SLF4J: See https://www.slf4j.org/codes.html#ignoredBindings for an explanation.
Mar 22, 2025 10:15:24 PM org.openqa.selenium.devtools.CdpVersionFinder findNearestMatch
WARNING: Unable to find an exact match for CDP version 134, returning the closest version; found: 133; Please update to a Selenium version that supports CDP version 134
]]></system-err>
  </testcase>
  <testcase name="verifyErrorMessageForRegistrationWithMissingFields" classname="tests.ui.AuthenticationTest" time="16.785">
    <system-out><![CDATA[📂 Test folder created: E:\Folder\Galal\Courses\Digital Egypt Pioneers Initiative (DEPI) - Software Testing\DEPI Software Tester Graduation Project\automation-framework\reports\screenshots\TC-036
📸 Screenshot saved at: E:\Folder\Galal\Courses\Digital Egypt Pioneers Initiative (DEPI) - Software Testing\DEPI Software Tester Graduation Project\automation-framework\reports\screenshots\TC-036\TC-036_screenshot.png
🟢 Test Started: verifyErrorMessageForRegistrationWithMissingFields (🔢 Test Case ID: TC-024)

🌍 Test Environment:
🖥️ OS: Windows 11 10.0
☕ Java Version: 23.0.1
🌐 Browser: chrome 134.0.6998.118

]]></system-out>
    <system-err><![CDATA[Mar 22, 2025 10:16:06 PM org.openqa.selenium.devtools.CdpVersionFinder findNearestMatch
WARNING: Unable to find an exact match for CDP version 134, returning the closest version; found: 133; Please update to a Selenium version that supports CDP version 134
]]></system-err>
  </testcase>
  <testcase name="verifyUserLoginWithInvalidCredentials" classname="tests.ui.AuthenticationTest" time="7.286">
    <system-out><![CDATA[📂 Test folder created: E:\Folder\Galal\Courses\Digital Egypt Pioneers Initiative (DEPI) - Software Testing\DEPI Software Tester Graduation Project\automation-framework\reports\screenshots\TC-024
📸 Screenshot saved at: E:\Folder\Galal\Courses\Digital Egypt Pioneers Initiative (DEPI) - Software Testing\DEPI Software Tester Graduation Project\automation-framework\reports\screenshots\TC-024\TC-024_screenshot.png
🟢 Test Started: verifyUserLoginWithInvalidCredentials (🔢 Test Case ID: TC-026)

🌍 Test Environment:
🖥️ OS: Windows 11 10.0
☕ Java Version: 23.0.1
🌐 Browser: chrome 134.0.6998.118

]]></system-out>
    <system-err><![CDATA[Mar 22, 2025 10:16:47 PM org.openqa.selenium.devtools.CdpVersionFinder findNearestMatch
WARNING: Unable to find an exact match for CDP version 134, returning the closest version; found: 133; Please update to a Selenium version that supports CDP version 134
]]></system-err>
  </testcase>
  <testcase name="verifyUserLoginWithValidCredentials" classname="tests.ui.AuthenticationTest" time="9.307">
    <system-out><![CDATA[📂 Test folder created: E:\Folder\Galal\Courses\Digital Egypt Pioneers Initiative (DEPI) - Software Testing\DEPI Software Tester Graduation Project\automation-framework\reports\screenshots\TC-026
📸 Screenshot saved at: E:\Folder\Galal\Courses\Digital Egypt Pioneers Initiative (DEPI) - Software Testing\DEPI Software Tester Graduation Project\automation-framework\reports\screenshots\TC-026\TC-026_screenshot.png
🟢 Test Started: verifyUserLoginWithValidCredentials (🔢 Test Case ID: TC-025)

🌍 Test Environment:
🖥️ OS: Windows 11 10.0
☕ Java Version: 23.0.1
🌐 Browser: chrome 134.0.6998.118

]]></system-out>
    <system-err><![CDATA[Mar 22, 2025 10:17:19 PM org.openqa.selenium.devtools.CdpVersionFinder findNearestMatch
WARNING: Unable to find an exact match for CDP version 134, returning the closest version; found: 133; Please update to a Selenium version that supports CDP version 134
]]></system-err>
  </testcase>
  <testcase name="verifyUserLogout" classname="tests.ui.AuthenticationTest" time="19.907">
    <system-out><![CDATA[📂 Test folder created: E:\Folder\Galal\Courses\Digital Egypt Pioneers Initiative (DEPI) - Software Testing\DEPI Software Tester Graduation Project\automation-framework\reports\screenshots\TC-025
📸 Screenshot saved at: E:\Folder\Galal\Courses\Digital Egypt Pioneers Initiative (DEPI) - Software Testing\DEPI Software Tester Graduation Project\automation-framework\reports\screenshots\TC-025\TC-025_screenshot.png
🟢 Test Started: verifyUserLogout (🔢 Test Case ID: TC-028)

🌍 Test Environment:
🖥️ OS: Windows 11 10.0
☕ Java Version: 23.0.1
🌐 Browser: chrome 134.0.6998.118

]]></system-out>
    <system-err><![CDATA[Mar 22, 2025 10:17:52 PM org.openqa.selenium.devtools.CdpVersionFinder findNearestMatch
WARNING: Unable to find an exact match for CDP version 134, returning the closest version; found: 133; Please update to a Selenium version that supports CDP version 134
]]></system-err>
  </testcase>
  <testcase name="verifyUserRegistrationWithValidDetails" classname="tests.ui.AuthenticationTest" time="8.344">
    <system-out><![CDATA[📂 Test folder created: E:\Folder\Galal\Courses\Digital Egypt Pioneers Initiative (DEPI) - Software Testing\DEPI Software Tester Graduation Project\automation-framework\reports\screenshots\TC-028
📸 Screenshot saved at: E:\Folder\Galal\Courses\Digital Egypt Pioneers Initiative (DEPI) - Software Testing\DEPI Software Tester Graduation Project\automation-framework\reports\screenshots\TC-028\TC-028_screenshot.png
🟢 Test Started: verifyUserRegistrationWithValidDetails (🔢 Test Case ID: TC-023)

🌍 Test Environment:
🖥️ OS: Windows 11 10.0
☕ Java Version: 23.0.1
🌐 Browser: chrome 134.0.6998.118

]]></system-out>
    <system-err><![CDATA[Mar 22, 2025 10:18:36 PM org.openqa.selenium.devtools.CdpVersionFinder findNearestMatch
WARNING: Unable to find an exact match for CDP version 134, returning the closest version; found: 133; Please update to a Selenium version that supports CDP version 134
]]></system-err>
  </testcase>
</testsuite>